{
    "meta": {
        "format": 3,
        "version": "7.10.6",
        "timestamp": "2026-02-15T19:51:11.302255",
        "branch_coverage": true,
        "show_contexts": false
    },
    "files": {
        "core/atom_agent_endpoints.py": {
            "executed_lines": [
                1,
                2,
                3,
                4,
                5,
                6,
                7,
                8,
                9,
                12,
                13,
                14,
                15,
                17,
                18,
                21,
                22,
                25,
                28,
                29,
                32,
                35,
                36,
                39,
                40,
                43,
                52,
                54,
                56,
                57,
                58,
                60,
                61,
                62,
                63,
                64,
                65,
                66,
                67,
                69,
                70,
                71,
                73,
                86,
                88,
                91,
                92,
                94,
                103,
                104,
                105,
                107,
                110,
                112,
                116,
                125,
                129,
                130,
                132,
                133,
                134,
                135,
                151,
                152,
                154,
                155,
                156,
                157,
                162,
                163,
                168,
                169,
                170,
                173,
                174,
                175,
                224,
                225,
                230,
                232,
                233,
                234,
                237,
                239,
                241,
                243,
                244,
                246,
                249,
                250,
                256,
                259,
                260,
                265,
                266,
                267,
                268,
                273,
                280,
                281,
                285,
                286,
                288,
                290,
                292,
                293,
                295,
                297,
                298,
                299,
                300,
                312,
                321,
                325,
                326,
                327,
                328,
                329,
                330,
                331,
                332,
                333,
                335,
                339,
                340,
                341,
                342,
                345,
                346,
                347,
                348,
                351,
                352,
                355,
                356,
                360,
                361,
                363,
                367,
                368,
                371,
                372,
                374,
                377,
                378,
                380,
                381,
                383,
                384,
                386,
                389,
                390,
                392,
                393,
                395,
                396,
                398,
                403,
                412,
                413,
                414,
                427,
                428,
                429,
                438,
                439,
                440,
                441,
                442,
                460,
                461,
                463,
                465,
                466,
                467,
                469,
                478,
                479,
                480,
                481,
                483,
                484,
                489,
                492,
                493,
                495,
                498,
                547,
                549,
                550,
                552,
                554,
                557,
                559,
                563,
                565,
                567,
                569,
                571,
                575,
                591,
                594,
                595,
                596,
                599,
                601,
                604,
                606,
                607,
                608,
                610,
                611,
                613,
                615,
                616,
                618,
                619,
                620,
                623,
                624,
                629,
                630,
                631,
                632,
                633,
                634,
                635,
                636,
                637,
                640,
                641,
                642,
                643,
                644,
                645,
                648,
                649,
                650,
                651,
                652,
                653,
                656,
                657,
                658,
                662,
                663,
                664,
                665,
                666,
                667,
                670,
                671,
                674,
                675,
                676,
                677,
                680,
                682,
                683,
                686,
                688,
                689,
                692,
                693,
                696,
                701,
                703,
                705,
                707,
                741,
                742,
                743,
                751,
                753,
                754,
                757,
                758,
                766,
                768,
                769,
                772,
                773,
                792,
                794,
                795,
                797,
                807,
                808,
                878,
                879,
                880,
                881,
                884,
                903,
                908,
                910,
                911,
                913,
                915,
                917,
                918,
                919,
                921,
                940,
                942,
                943,
                948,
                958,
                960,
                961,
                962,
                964,
                965,
                981,
                983,
                984,
                986,
                996,
                998,
                999,
                1001,
                1003,
                1004,
                1005,
                1006,
                1007,
                1008,
                1040,
                1042,
                1043,
                1044,
                1045,
                1046,
                1048,
                1049,
                1058,
                1059,
                1078,
                1080,
                1081,
                1094,
                1095,
                1103,
                1104,
                1105,
                1106,
                1115,
                1135,
                1136,
                1138,
                1139,
                1140,
                1155,
                1156,
                1157,
                1159,
                1161,
                1162,
                1188,
                1189,
                1190,
                1192,
                1194,
                1195,
                1208,
                1209,
                1210,
                1212,
                1266,
                1268,
                1269,
                1282,
                1317,
                1360,
                1362,
                1363,
                1366,
                1381,
                1383,
                1385,
                1386,
                1387,
                1388,
                1391,
                1392,
                1394,
                1395,
                1396,
                1397,
                1398,
                1400,
                1422,
                1424,
                1425,
                1428,
                1436,
                1468,
                1469,
                1470,
                1481,
                1482,
                1494,
                1495,
                1496,
                1498,
                1499,
                1500,
                1501,
                1503,
                1505,
                1506,
                1507,
                1508,
                1509,
                1510,
                1513,
                1758,
                1759,
                1760
            ],
            "summary": {
                "covered_lines": 418,
                "num_statements": 736,
                "percent_covered": 55.321285140562246,
                "percent_covered_display": "55.32",
                "missing_lines": 318,
                "excluded_lines": 19,
                "num_branches": 260,
                "num_partial_branches": 39,
                "covered_branches": 133,
                "missing_branches": 127
            },
            "missing_lines": [
                87,
                89,
                108,
                109,
                111,
                113,
                126,
                127,
                147,
                148,
                149,
                158,
                159,
                160,
                181,
                184,
                185,
                186,
                195,
                196,
                197,
                198,
                200,
                201,
                202,
                203,
                204,
                205,
                206,
                208,
                210,
                217,
                218,
                219,
                269,
                270,
                301,
                303,
                304,
                306,
                307,
                309,
                313,
                314,
                316,
                317,
                318,
                319,
                334,
                336,
                364,
                375,
                387,
                399,
                434,
                435,
                443,
                444,
                447,
                448,
                454,
                455,
                456,
                457,
                485,
                486,
                487,
                496,
                560,
                564,
                566,
                568,
                570,
                572,
                578,
                579,
                581,
                582,
                583,
                584,
                585,
                586,
                587,
                589,
                592,
                625,
                626,
                627,
                659,
                681,
                709,
                710,
                719,
                720,
                721,
                723,
                724,
                725,
                727,
                755,
                770,
                775,
                776,
                778,
                779,
                780,
                781,
                782,
                789,
                790,
                798,
                810,
                811,
                820,
                821,
                823,
                824,
                833,
                835,
                836,
                837,
                842,
                843,
                848,
                849,
                855,
                868,
                869,
                870,
                882,
                886,
                887,
                889,
                890,
                891,
                892,
                894,
                896,
                899,
                901,
                904,
                931,
                932,
                933,
                967,
                969,
                976,
                977,
                1017,
                1018,
                1019,
                1047,
                1050,
                1061,
                1062,
                1063,
                1064,
                1065,
                1073,
                1074,
                1076,
                1110,
                1111,
                1113,
                1117,
                1141,
                1142,
                1144,
                1145,
                1146,
                1148,
                1165,
                1166,
                1167,
                1178,
                1196,
                1198,
                1214,
                1215,
                1216,
                1218,
                1219,
                1222,
                1223,
                1226,
                1229,
                1231,
                1232,
                1234,
                1236,
                1237,
                1238,
                1239,
                1241,
                1244,
                1248,
                1249,
                1255,
                1262,
                1263,
                1264,
                1278,
                1279,
                1280,
                1284,
                1285,
                1288,
                1290,
                1291,
                1292,
                1293,
                1295,
                1313,
                1314,
                1315,
                1319,
                1320,
                1321,
                1323,
                1325,
                1326,
                1334,
                1335,
                1337,
                1338,
                1339,
                1347,
                1349,
                1356,
                1357,
                1358,
                1375,
                1376,
                1377,
                1412,
                1413,
                1414,
                1438,
                1439,
                1440,
                1441,
                1442,
                1443,
                1445,
                1446,
                1448,
                1460,
                1565,
                1568,
                1571,
                1572,
                1574,
                1575,
                1576,
                1577,
                1578,
                1587,
                1588,
                1589,
                1595,
                1596,
                1597,
                1603,
                1609,
                1611,
                1612,
                1621,
                1625,
                1628,
                1629,
                1639,
                1640,
                1641,
                1643,
                1645,
                1654,
                1655,
                1657,
                1658,
                1659,
                1662,
                1674,
                1682,
                1683,
                1685,
                1686,
                1688,
                1691,
                1694,
                1699,
                1700,
                1701,
                1703,
                1704,
                1708,
                1709,
                1710,
                1711,
                1712,
                1713,
                1716,
                1717,
                1719,
                1721,
                1730,
                1731,
                1734,
                1735,
                1736,
                1740,
                1741,
                1742,
                1743,
                1744,
                1747,
                1748,
                1751,
                1756
            ],
            "excluded_lines": [
                248,
                1496,
                1518,
                1519,
                1520,
                1521,
                1524,
                1532,
                1533,
                1536,
                1537,
                1542,
                1543,
                1544,
                1551,
                1558,
                1559,
                1560,
                1562
            ],
            "executed_branches": [
                [
                    86,
                    88
                ],
                [
                    88,
                    91
                ],
                [
                    104,
                    105
                ],
                [
                    107,
                    110
                ],
                [
                    110,
                    112
                ],
                [
                    112,
                    116
                ],
                [
                    174,
                    175
                ],
                [
                    237,
                    239
                ],
                [
                    237,
                    241
                ],
                [
                    244,
                    246
                ],
                [
                    288,
                    290
                ],
                [
                    288,
                    321
                ],
                [
                    290,
                    292
                ],
                [
                    290,
                    312
                ],
                [
                    297,
                    298
                ],
                [
                    300,
                    321
                ],
                [
                    312,
                    321
                ],
                [
                    325,
                    326
                ],
                [
                    325,
                    327
                ],
                [
                    327,
                    328
                ],
                [
                    327,
                    329
                ],
                [
                    329,
                    330
                ],
                [
                    329,
                    331
                ],
                [
                    331,
                    332
                ],
                [
                    331,
                    333
                ],
                [
                    333,
                    335
                ],
                [
                    335,
                    339
                ],
                [
                    339,
                    340
                ],
                [
                    339,
                    341
                ],
                [
                    341,
                    342
                ],
                [
                    341,
                    345
                ],
                [
                    345,
                    346
                ],
                [
                    345,
                    347
                ],
                [
                    347,
                    348
                ],
                [
                    347,
                    351
                ],
                [
                    351,
                    352
                ],
                [
                    351,
                    355
                ],
                [
                    355,
                    356
                ],
                [
                    355,
                    360
                ],
                [
                    360,
                    361
                ],
                [
                    360,
                    363
                ],
                [
                    363,
                    367
                ],
                [
                    367,
                    368
                ],
                [
                    367,
                    371
                ],
                [
                    371,
                    372
                ],
                [
                    371,
                    374
                ],
                [
                    374,
                    377
                ],
                [
                    377,
                    378
                ],
                [
                    377,
                    380
                ],
                [
                    380,
                    381
                ],
                [
                    380,
                    383
                ],
                [
                    383,
                    384
                ],
                [
                    383,
                    386
                ],
                [
                    386,
                    389
                ],
                [
                    389,
                    390
                ],
                [
                    389,
                    392
                ],
                [
                    392,
                    393
                ],
                [
                    392,
                    395
                ],
                [
                    395,
                    396
                ],
                [
                    395,
                    398
                ],
                [
                    398,
                    403
                ],
                [
                    412,
                    413
                ],
                [
                    412,
                    438
                ],
                [
                    427,
                    428
                ],
                [
                    427,
                    438
                ],
                [
                    442,
                    460
                ],
                [
                    460,
                    461
                ],
                [
                    484,
                    489
                ],
                [
                    492,
                    493
                ],
                [
                    495,
                    498
                ],
                [
                    559,
                    563
                ],
                [
                    563,
                    565
                ],
                [
                    565,
                    567
                ],
                [
                    567,
                    569
                ],
                [
                    569,
                    571
                ],
                [
                    571,
                    575
                ],
                [
                    604,
                    606
                ],
                [
                    604,
                    630
                ],
                [
                    613,
                    615
                ],
                [
                    630,
                    631
                ],
                [
                    630,
                    632
                ],
                [
                    632,
                    633
                ],
                [
                    632,
                    634
                ],
                [
                    634,
                    635
                ],
                [
                    634,
                    636
                ],
                [
                    636,
                    637
                ],
                [
                    636,
                    640
                ],
                [
                    640,
                    641
                ],
                [
                    640,
                    642
                ],
                [
                    642,
                    643
                ],
                [
                    642,
                    644
                ],
                [
                    644,
                    645
                ],
                [
                    644,
                    648
                ],
                [
                    648,
                    649
                ],
                [
                    648,
                    650
                ],
                [
                    650,
                    651
                ],
                [
                    650,
                    652
                ],
                [
                    652,
                    653
                ],
                [
                    652,
                    656
                ],
                [
                    656,
                    657
                ],
                [
                    656,
                    658
                ],
                [
                    658,
                    662
                ],
                [
                    662,
                    663
                ],
                [
                    662,
                    664
                ],
                [
                    664,
                    665
                ],
                [
                    664,
                    666
                ],
                [
                    666,
                    667
                ],
                [
                    666,
                    670
                ],
                [
                    670,
                    671
                ],
                [
                    670,
                    674
                ],
                [
                    674,
                    675
                ],
                [
                    674,
                    676
                ],
                [
                    676,
                    677
                ],
                [
                    676,
                    680
                ],
                [
                    680,
                    682
                ],
                [
                    682,
                    683
                ],
                [
                    682,
                    686
                ],
                [
                    686,
                    688
                ],
                [
                    686,
                    692
                ],
                [
                    692,
                    693
                ],
                [
                    692,
                    696
                ],
                [
                    754,
                    757
                ],
                [
                    769,
                    772
                ],
                [
                    797,
                    807
                ],
                [
                    880,
                    881
                ],
                [
                    964,
                    965
                ],
                [
                    1042,
                    1043
                ],
                [
                    1046,
                    1048
                ],
                [
                    1080,
                    1081
                ],
                [
                    1080,
                    1094
                ],
                [
                    1094,
                    1095
                ],
                [
                    1094,
                    1103
                ],
                [
                    1103,
                    1104
                ]
            ],
            "missing_branches": [
                [
                    86,
                    87
                ],
                [
                    88,
                    89
                ],
                [
                    104,
                    116
                ],
                [
                    107,
                    108
                ],
                [
                    110,
                    111
                ],
                [
                    112,
                    113
                ],
                [
                    174,
                    181
                ],
                [
                    185,
                    186
                ],
                [
                    185,
                    210
                ],
                [
                    195,
                    196
                ],
                [
                    195,
                    208
                ],
                [
                    197,
                    198
                ],
                [
                    197,
                    200
                ],
                [
                    244,
                    249
                ],
                [
                    297,
                    321
                ],
                [
                    300,
                    301
                ],
                [
                    303,
                    304
                ],
                [
                    303,
                    321
                ],
                [
                    306,
                    307
                ],
                [
                    306,
                    321
                ],
                [
                    312,
                    313
                ],
                [
                    316,
                    317
                ],
                [
                    316,
                    321
                ],
                [
                    318,
                    319
                ],
                [
                    318,
                    321
                ],
                [
                    333,
                    334
                ],
                [
                    335,
                    336
                ],
                [
                    363,
                    364
                ],
                [
                    374,
                    375
                ],
                [
                    386,
                    387
                ],
                [
                    398,
                    399
                ],
                [
                    442,
                    443
                ],
                [
                    443,
                    444
                ],
                [
                    443,
                    447
                ],
                [
                    447,
                    448
                ],
                [
                    447,
                    460
                ],
                [
                    454,
                    447
                ],
                [
                    454,
                    455
                ],
                [
                    460,
                    463
                ],
                [
                    484,
                    485
                ],
                [
                    492,
                    495
                ],
                [
                    495,
                    496
                ],
                [
                    559,
                    560
                ],
                [
                    563,
                    564
                ],
                [
                    565,
                    566
                ],
                [
                    567,
                    568
                ],
                [
                    569,
                    570
                ],
                [
                    571,
                    572
                ],
                [
                    578,
                    579
                ],
                [
                    578,
                    581
                ],
                [
                    581,
                    582
                ],
                [
                    581,
                    589
                ],
                [
                    613,
                    629
                ],
                [
                    658,
                    659
                ],
                [
                    680,
                    681
                ],
                [
                    709,
                    710
                ],
                [
                    709,
                    719
                ],
                [
                    754,
                    755
                ],
                [
                    769,
                    770
                ],
                [
                    775,
                    776
                ],
                [
                    775,
                    778
                ],
                [
                    797,
                    798
                ],
                [
                    810,
                    811
                ],
                [
                    810,
                    820
                ],
                [
                    823,
                    824
                ],
                [
                    823,
                    833
                ],
                [
                    836,
                    837
                ],
                [
                    836,
                    842
                ],
                [
                    842,
                    843
                ],
                [
                    842,
                    848
                ],
                [
                    848,
                    849
                ],
                [
                    848,
                    855
                ],
                [
                    880,
                    882
                ],
                [
                    889,
                    890
                ],
                [
                    889,
                    896
                ],
                [
                    891,
                    892
                ],
                [
                    891,
                    894
                ],
                [
                    896,
                    899
                ],
                [
                    896,
                    901
                ],
                [
                    964,
                    967
                ],
                [
                    1042,
                    1061
                ],
                [
                    1046,
                    1047
                ],
                [
                    1061,
                    1062
                ],
                [
                    1061,
                    1076
                ],
                [
                    1103,
                    1113
                ],
                [
                    1141,
                    1142
                ],
                [
                    1141,
                    1144
                ],
                [
                    1166,
                    1167
                ],
                [
                    1166,
                    1178
                ],
                [
                    1231,
                    1232
                ],
                [
                    1231,
                    1234
                ],
                [
                    1236,
                    1237
                ],
                [
                    1236,
                    1241
                ],
                [
                    1238,
                    1239
                ],
                [
                    1238,
                    1244
                ],
                [
                    1248,
                    1249
                ],
                [
                    1248,
                    1255
                ],
                [
                    1325,
                    1326
                ],
                [
                    1325,
                    1334
                ],
                [
                    1337,
                    1338
                ],
                [
                    1337,
                    1347
                ],
                [
                    1438,
                    1439
                ],
                [
                    1438,
                    1460
                ],
                [
                    1440,
                    1441
                ],
                [
                    1440,
                    1445
                ],
                [
                    1445,
                    1446
                ],
                [
                    1445,
                    1448
                ],
                [
                    1577,
                    1578
                ],
                [
                    1577,
                    1595
                ],
                [
                    1595,
                    1596
                ],
                [
                    1595,
                    1603
                ],
                [
                    1596,
                    1597
                ],
                [
                    1596,
                    1603
                ],
                [
                    1654,
                    1655
                ],
                [
                    1654,
                    1657
                ],
                [
                    1657,
                    1658
                ],
                [
                    1657,
                    1674
                ],
                [
                    1685,
                    1686
                ],
                [
                    1685,
                    1688
                ],
                [
                    1699,
                    1700
                ],
                [
                    1699,
                    1721
                ],
                [
                    1708,
                    1709
                ],
                [
                    1708,
                    1721
                ],
                [
                    1734,
                    1735
                ],
                [
                    1734,
                    1751
                ],
                [
                    1740,
                    1741
                ],
                [
                    1740,
                    1751
                ]
            ],
            "functions": {
                "save_chat_interaction": {
                    "executed_lines": [
                        86,
                        88,
                        91,
                        92,
                        94,
                        103,
                        104,
                        105,
                        107,
                        110,
                        112,
                        116,
                        125
                    ],
                    "summary": {
                        "covered_lines": 13,
                        "num_statements": 21,
                        "percent_covered": 57.57575757575758,
                        "percent_covered_display": "57.58",
                        "missing_lines": 8,
                        "excluded_lines": 0,
                        "num_branches": 12,
                        "num_partial_branches": 6,
                        "covered_branches": 6,
                        "missing_branches": 6
                    },
                    "missing_lines": [
                        87,
                        89,
                        108,
                        109,
                        111,
                        113,
                        126,
                        127
                    ],
                    "excluded_lines": [],
                    "executed_branches": [
                        [
                            86,
                            88
                        ],
                        [
                            88,
                            91
                        ],
                        [
                            104,
                            105
                        ],
                        [
                            107,
                            110
                        ],
                        [
                            110,
                            112
                        ],
                        [
                            112,
                            116
                        ]
                    ],
                    "missing_branches": [
                        [
                            86,
                            87
                        ],
                        [
                            88,
                            89
                        ],
                        [
                            104,
                            116
                        ],
                        [
                            107,
                            108
                        ],
                        [
                            110,
                            111
                        ],
                        [
                            112,
                            113
                        ]
                    ]
                },
                "list_sessions": {
                    "executed_lines": [
                        132,
                        133,
                        134,
                        135
                    ],
                    "summary": {
                        "covered_lines": 4,
                        "num_statements": 7,
                        "percent_covered": 57.142857142857146,
                        "percent_covered_display": "57.14",
                        "missing_lines": 3,
                        "excluded_lines": 0,
                        "num_branches": 0,
                        "num_partial_branches": 0,
                        "covered_branches": 0,
                        "missing_branches": 0
                    },
                    "missing_lines": [
                        147,
                        148,
                        149
                    ],
                    "excluded_lines": [],
                    "executed_branches": [],
                    "missing_branches": []
                },
                "create_new_session": {
                    "executed_lines": [
                        154,
                        155,
                        156,
                        157
                    ],
                    "summary": {
                        "covered_lines": 4,
                        "num_statements": 7,
                        "percent_covered": 57.142857142857146,
                        "percent_covered_display": "57.14",
                        "missing_lines": 3,
                        "excluded_lines": 0,
                        "num_branches": 0,
                        "num_partial_branches": 0,
                        "covered_branches": 0,
                        "missing_branches": 0
                    },
                    "missing_lines": [
                        158,
                        159,
                        160
                    ],
                    "excluded_lines": [],
                    "executed_branches": [],
                    "missing_branches": []
                },
                "get_session_history": {
                    "executed_lines": [
                        168,
                        169,
                        170,
                        173,
                        174,
                        175
                    ],
                    "summary": {
                        "covered_lines": 6,
                        "num_statements": 26,
                        "percent_covered": 20.58823529411765,
                        "percent_covered_display": "20.59",
                        "missing_lines": 20,
                        "excluded_lines": 0,
                        "num_branches": 8,
                        "num_partial_branches": 1,
                        "covered_branches": 1,
                        "missing_branches": 7
                    },
                    "missing_lines": [
                        181,
                        184,
                        185,
                        186,
                        195,
                        196,
                        197,
                        198,
                        200,
                        201,
                        202,
                        203,
                        204,
                        205,
                        206,
                        208,
                        210,
                        217,
                        218,
                        219
                    ],
                    "excluded_lines": [],
                    "executed_branches": [
                        [
                            174,
                            175
                        ]
                    ],
                    "missing_branches": [
                        [
                            174,
                            181
                        ],
                        [
                            185,
                            186
                        ],
                        [
                            185,
                            210
                        ],
                        [
                            195,
                            196
                        ],
                        [
                            195,
                            208
                        ],
                        [
                            197,
                            198
                        ],
                        [
                            197,
                            200
                        ]
                    ]
                },
                "chat_with_agent": {
                    "executed_lines": [
                        230,
                        232,
                        233,
                        234,
                        237,
                        239,
                        241,
                        243,
                        244,
                        246,
                        249,
                        250,
                        256,
                        259,
                        260,
                        265,
                        266,
                        267,
                        268,
                        273,
                        280,
                        281,
                        285,
                        286,
                        288,
                        290,
                        292,
                        293,
                        295,
                        297,
                        298,
                        299,
                        300,
                        312,
                        321,
                        325,
                        326,
                        327,
                        328,
                        329,
                        330,
                        331,
                        332,
                        333,
                        335,
                        339,
                        340,
                        341,
                        342,
                        345,
                        346,
                        347,
                        348,
                        351,
                        352,
                        355,
                        356,
                        360,
                        361,
                        363,
                        367,
                        368,
                        371,
                        372,
                        374,
                        377,
                        378,
                        380,
                        381,
                        383,
                        384,
                        386,
                        389,
                        390,
                        392,
                        393,
                        395,
                        396,
                        398,
                        403,
                        412,
                        413,
                        414,
                        427,
                        428,
                        429,
                        438,
                        439,
                        440,
                        441,
                        442,
                        460,
                        461,
                        463,
                        465,
                        466,
                        467
                    ],
                    "summary": {
                        "covered_lines": 97,
                        "num_statements": 127,
                        "percent_covered": 73.70892018779342,
                        "percent_covered_display": "73.71",
                        "missing_lines": 30,
                        "excluded_lines": 1,
                        "num_branches": 86,
                        "num_partial_branches": 12,
                        "covered_branches": 60,
                        "missing_branches": 26
                    },
                    "missing_lines": [
                        269,
                        270,
                        301,
                        303,
                        304,
                        306,
                        307,
                        309,
                        313,
                        314,
                        316,
                        317,
                        318,
                        319,
                        334,
                        336,
                        364,
                        375,
                        387,
                        399,
                        434,
                        435,
                        443,
                        444,
                        447,
                        448,
                        454,
                        455,
                        456,
                        457
                    ],
                    "excluded_lines": [
                        248
                    ],
                    "executed_branches": [
                        [
                            237,
                            239
                        ],
                        [
                            237,
                            241
                        ],
                        [
                            244,
                            246
                        ],
                        [
                            288,
                            290
                        ],
                        [
                            288,
                            321
                        ],
                        [
                            290,
                            292
                        ],
                        [
                            290,
                            312
                        ],
                        [
                            297,
                            298
                        ],
                        [
                            300,
                            321
                        ],
                        [
                            312,
                            321
                        ],
                        [
                            325,
                            326
                        ],
                        [
                            325,
                            327
                        ],
                        [
                            327,
                            328
                        ],
                        [
                            327,
                            329
                        ],
                        [
                            329,
                            330
                        ],
                        [
                            329,
                            331
                        ],
                        [
                            331,
                            332
                        ],
                        [
                            331,
                            333
                        ],
                        [
                            333,
                            335
                        ],
                        [
                            335,
                            339
                        ],
                        [
                            339,
                            340
                        ],
                        [
                            339,
                            341
                        ],
                        [
                            341,
                            342
                        ],
                        [
                            341,
                            345
                        ],
                        [
                            345,
                            346
                        ],
                        [
                            345,
                            347
                        ],
                        [
                            347,
                            348
                        ],
                        [
                            347,
                            351
                        ],
                        [
                            351,
                            352
                        ],
                        [
                            351,
                            355
                        ],
                        [
                            355,
                            356
                        ],
                        [
                            355,
                            360
                        ],
                        [
                            360,
                            361
                        ],
                        [
                            360,
                            363
                        ],
                        [
                            363,
                            367
                        ],
                        [
                            367,
                            368
                        ],
                        [
                            367,
                            371
                        ],
                        [
                            371,
                            372
                        ],
                        [
                            371,
                            374
                        ],
                        [
                            374,
                            377
                        ],
                        [
                            377,
                            378
                        ],
                        [
                            377,
                            380
                        ],
                        [
                            380,
                            381
                        ],
                        [
                            380,
                            383
                        ],
                        [
                            383,
                            384
                        ],
                        [
                            383,
                            386
                        ],
                        [
                            386,
                            389
                        ],
                        [
                            389,
                            390
                        ],
                        [
                            389,
                            392
                        ],
                        [
                            392,
                            393
                        ],
                        [
                            392,
                            395
                        ],
                        [
                            395,
                            396
                        ],
                        [
                            395,
                            398
                        ],
                        [
                            398,
                            403
                        ],
                        [
                            412,
                            413
                        ],
                        [
                            412,
                            438
                        ],
                        [
                            427,
                            428
                        ],
                        [
                            427,
                            438
                        ],
                        [
                            442,
                            460
                        ],
                        [
                            460,
                            461
                        ]
                    ],
                    "missing_branches": [
                        [
                            244,
                            249
                        ],
                        [
                            297,
                            321
                        ],
                        [
                            300,
                            301
                        ],
                        [
                            303,
                            304
                        ],
                        [
                            303,
                            321
                        ],
                        [
                            306,
                            307
                        ],
                        [
                            306,
                            321
                        ],
                        [
                            312,
                            313
                        ],
                        [
                            316,
                            317
                        ],
                        [
                            316,
                            321
                        ],
                        [
                            318,
                            319
                        ],
                        [
                            318,
                            321
                        ],
                        [
                            333,
                            334
                        ],
                        [
                            335,
                            336
                        ],
                        [
                            363,
                            364
                        ],
                        [
                            374,
                            375
                        ],
                        [
                            386,
                            387
                        ],
                        [
                            398,
                            399
                        ],
                        [
                            442,
                            443
                        ],
                        [
                            443,
                            444
                        ],
                        [
                            443,
                            447
                        ],
                        [
                            447,
                            448
                        ],
                        [
                            447,
                            460
                        ],
                        [
                            454,
                            447
                        ],
                        [
                            454,
                            455
                        ],
                        [
                            460,
                            463
                        ]
                    ]
                },
                "classify_intent_with_llm": {
                    "executed_lines": [
                        478,
                        479,
                        480,
                        481,
                        483,
                        484,
                        489,
                        492,
                        493,
                        495,
                        498,
                        547,
                        549,
                        550,
                        552,
                        554,
                        557,
                        559,
                        563,
                        565,
                        567,
                        569,
                        571,
                        575,
                        591,
                        594,
                        595,
                        596
                    ],
                    "summary": {
                        "covered_lines": 28,
                        "num_statements": 49,
                        "percent_covered": 52.11267605633803,
                        "percent_covered_display": "52.11",
                        "missing_lines": 21,
                        "excluded_lines": 0,
                        "num_branches": 22,
                        "num_partial_branches": 9,
                        "covered_branches": 9,
                        "missing_branches": 13
                    },
                    "missing_lines": [
                        485,
                        486,
                        487,
                        496,
                        560,
                        564,
                        566,
                        568,
                        570,
                        572,
                        578,
                        579,
                        581,
                        582,
                        583,
                        584,
                        585,
                        586,
                        587,
                        589,
                        592
                    ],
                    "excluded_lines": [],
                    "executed_branches": [
                        [
                            484,
                            489
                        ],
                        [
                            492,
                            493
                        ],
                        [
                            495,
                            498
                        ],
                        [
                            559,
                            563
                        ],
                        [
                            563,
                            565
                        ],
                        [
                            565,
                            567
                        ],
                        [
                            567,
                            569
                        ],
                        [
                            569,
                            571
                        ],
                        [
                            571,
                            575
                        ]
                    ],
                    "missing_branches": [
                        [
                            484,
                            485
                        ],
                        [
                            492,
                            495
                        ],
                        [
                            495,
                            496
                        ],
                        [
                            559,
                            560
                        ],
                        [
                            563,
                            564
                        ],
                        [
                            565,
                            566
                        ],
                        [
                            567,
                            568
                        ],
                        [
                            569,
                            570
                        ],
                        [
                            571,
                            572
                        ],
                        [
                            578,
                            579
                        ],
                        [
                            578,
                            581
                        ],
                        [
                            581,
                            582
                        ],
                        [
                            581,
                            589
                        ]
                    ]
                },
                "fallback_intent_classification": {
                    "executed_lines": [
                        601,
                        604,
                        606,
                        607,
                        608,
                        610,
                        611,
                        613,
                        615,
                        616,
                        618,
                        619,
                        620,
                        623,
                        624,
                        629,
                        630,
                        631,
                        632,
                        633,
                        634,
                        635,
                        636,
                        637,
                        640,
                        641,
                        642,
                        643,
                        644,
                        645,
                        648,
                        649,
                        650,
                        651,
                        652,
                        653,
                        656,
                        657,
                        658,
                        662,
                        663,
                        664,
                        665,
                        666,
                        667,
                        670,
                        671,
                        674,
                        675,
                        676,
                        677,
                        680,
                        682,
                        683,
                        686,
                        688,
                        689,
                        692,
                        693,
                        696
                    ],
                    "summary": {
                        "covered_lines": 60,
                        "num_statements": 65,
                        "percent_covered": 92.92035398230088,
                        "percent_covered_display": "92.92",
                        "missing_lines": 5,
                        "excluded_lines": 0,
                        "num_branches": 48,
                        "num_partial_branches": 3,
                        "covered_branches": 45,
                        "missing_branches": 3
                    },
                    "missing_lines": [
                        625,
                        626,
                        627,
                        659,
                        681
                    ],
                    "excluded_lines": [],
                    "executed_branches": [
                        [
                            604,
                            606
                        ],
                        [
                            604,
                            630
                        ],
                        [
                            613,
                            615
                        ],
                        [
                            630,
                            631
                        ],
                        [
                            630,
                            632
                        ],
                        [
                            632,
                            633
                        ],
                        [
                            632,
                            634
                        ],
                        [
                            634,
                            635
                        ],
                        [
                            634,
                            636
                        ],
                        [
                            636,
                            637
                        ],
                        [
                            636,
                            640
                        ],
                        [
                            640,
                            641
                        ],
                        [
                            640,
                            642
                        ],
                        [
                            642,
                            643
                        ],
                        [
                            642,
                            644
                        ],
                        [
                            644,
                            645
                        ],
                        [
                            644,
                            648
                        ],
                        [
                            648,
                            649
                        ],
                        [
                            648,
                            650
                        ],
                        [
                            650,
                            651
                        ],
                        [
                            650,
                            652
                        ],
                        [
                            652,
                            653
                        ],
                        [
                            652,
                            656
                        ],
                        [
                            656,
                            657
                        ],
                        [
                            656,
                            658
                        ],
                        [
                            658,
                            662
                        ],
                        [
                            662,
                            663
                        ],
                        [
                            662,
                            664
                        ],
                        [
                            664,
                            665
                        ],
                        [
                            664,
                            666
                        ],
                        [
                            666,
                            667
                        ],
                        [
                            666,
                            670
                        ],
                        [
                            670,
                            671
                        ],
                        [
                            670,
                            674
                        ],
                        [
                            674,
                            675
                        ],
                        [
                            674,
                            676
                        ],
                        [
                            676,
                            677
                        ],
                        [
                            676,
                            680
                        ],
                        [
                            680,
                            682
                        ],
                        [
                            682,
                            683
                        ],
                        [
                            682,
                            686
                        ],
                        [
                            686,
                            688
                        ],
                        [
                            686,
                            692
                        ],
                        [
                            692,
                            693
                        ],
                        [
                            692,
                            696
                        ]
                    ],
                    "missing_branches": [
                        [
                            613,
                            629
                        ],
                        [
                            658,
                            659
                        ],
                        [
                            680,
                            681
                        ]
                    ]
                },
                "handle_create_workflow": {
                    "executed_lines": [
                        703,
                        705,
                        707,
                        741,
                        742,
                        743
                    ],
                    "summary": {
                        "covered_lines": 6,
                        "num_statements": 15,
                        "percent_covered": 35.294117647058826,
                        "percent_covered_display": "35.29",
                        "missing_lines": 9,
                        "excluded_lines": 0,
                        "num_branches": 2,
                        "num_partial_branches": 0,
                        "covered_branches": 0,
                        "missing_branches": 2
                    },
                    "missing_lines": [
                        709,
                        710,
                        719,
                        720,
                        721,
                        723,
                        724,
                        725,
                        727
                    ],
                    "excluded_lines": [],
                    "executed_branches": [],
                    "missing_branches": [
                        [
                            709,
                            710
                        ],
                        [
                            709,
                            719
                        ]
                    ]
                },
                "handle_list_workflows": {
                    "executed_lines": [
                        753,
                        754,
                        757,
                        758
                    ],
                    "summary": {
                        "covered_lines": 4,
                        "num_statements": 5,
                        "percent_covered": 71.42857142857143,
                        "percent_covered_display": "71.43",
                        "missing_lines": 1,
                        "excluded_lines": 0,
                        "num_branches": 2,
                        "num_partial_branches": 1,
                        "covered_branches": 1,
                        "missing_branches": 1
                    },
                    "missing_lines": [
                        755
                    ],
                    "excluded_lines": [],
                    "executed_branches": [
                        [
                            754,
                            757
                        ]
                    ],
                    "missing_branches": [
                        [
                            754,
                            755
                        ]
                    ]
                },
                "handle_run_workflow": {
                    "executed_lines": [
                        768,
                        769,
                        772,
                        773
                    ],
                    "summary": {
                        "covered_lines": 4,
                        "num_statements": 14,
                        "percent_covered": 27.77777777777778,
                        "percent_covered_display": "27.78",
                        "missing_lines": 10,
                        "excluded_lines": 0,
                        "num_branches": 4,
                        "num_partial_branches": 1,
                        "covered_branches": 1,
                        "missing_branches": 3
                    },
                    "missing_lines": [
                        770,
                        775,
                        776,
                        778,
                        779,
                        780,
                        781,
                        782,
                        789,
                        790
                    ],
                    "excluded_lines": [],
                    "executed_branches": [
                        [
                            769,
                            772
                        ]
                    ],
                    "missing_branches": [
                        [
                            769,
                            770
                        ],
                        [
                            775,
                            776
                        ],
                        [
                            775,
                            778
                        ]
                    ]
                },
                "handle_schedule_workflow": {
[...]
                        ],
                        [
                            650,
                            652
                        ],
                        [
                            652,
                            653
                        ],
                        [
                            652,
                            656
                        ],
                        [
                            656,
                            657
                        ],
                        [
                            656,
                            658
                        ],
                        [
                            658,
                            662
                        ],
                        [
                            662,
                            663
                        ],
                        [
                            662,
                            664
                        ],
                        [
                            664,
                            665
                        ],
                        [
                            664,
                            666
                        ],
                        [
                            666,
                            667
                        ],
                        [
                            666,
                            670
                        ],
                        [
                            670,
                            671
                        ],
                        [
                            670,
                            674
                        ],
                        [
                            674,
                            675
                        ],
                        [
                            674,
                            676
                        ],
                        [
                            676,
                            677
                        ],
                        [
                            676,
                            680
                        ],
                        [
                            680,
                            682
                        ],
                        [
                            682,
                            683
                        ],
                        [
                            682,
                            686
                        ],
                        [
                            686,
                            688
                        ],
                        [
                            686,
                            692
                        ],
                        [
                            692,
                            693
                        ],
                        [
                            692,
                            696
                        ],
                        [
                            754,
                            757
                        ],
                        [
                            769,
                            772
                        ],
                        [
                            797,
                            807
                        ],
                        [
                            880,
                            881
                        ],
                        [
                            964,
                            965
                        ],
                        [
                            1042,
                            1043
                        ],
                        [
                            1046,
                            1048
                        ],
                        [
                            1080,
                            1081
                        ],
                        [
                            1080,
                            1094
                        ],
                        [
                            1094,
                            1095
                        ],
                        [
                            1094,
                            1103
                        ],
                        [
                            1103,
                            1104
                        ]
                    ],
                    "missing_branches": [
                        [
                            86,
                            87
                        ],
                        [
                            88,
                            89
                        ],
                        [
                            104,
                            116
                        ],
                        [
                            107,
                            108
                        ],
                        [
                            110,
                            111
                        ],
                        [
                            112,
                            113
                        ],
                        [
                            174,
                            181
                        ],
                        [
                            185,
                            186
                        ],
                        [
                            185,
                            210
                        ],
                        [
                            195,
                            196
                        ],
                        [
                            195,
                            208
                        ],
                        [
                            197,
                            198
                        ],
                        [
                            197,
                            200
                        ],
                        [
                            244,
                            249
                        ],
                        [
                            297,
                            321
                        ],
                        [
                            300,
                            301
                        ],
                        [
                            303,
                            304
                        ],
                        [
                            303,
                            321
                        ],
                        [
                            306,
                            307
                        ],
                        [
                            306,
                            321
                        ],
                        [
                            312,
                            313
                        ],
                        [
                            316,
                            317
                        ],
                        [
                            316,
                            321
                        ],
                        [
                            318,
                            319
                        ],
                        [
                            318,
                            321
                        ],
                        [
                            333,
                            334
                        ],
                        [
                            335,
                            336
                        ],
                        [
                            363,
                            364
                        ],
                        [
                            374,
                            375
                        ],
                        [
                            386,
                            387
                        ],
                        [
                            398,
                            399
                        ],
                        [
                            442,
                            443
                        ],
                        [
                            443,
                            444
                        ],
                        [
                            443,
                            447
                        ],
                        [
                            447,
                            448
                        ],
                        [
                            447,
                            460
                        ],
                        [
                            454,
                            447
                        ],
                        [
                            454,
                            455
                        ],
                        [
                            460,
                            463
                        ],
                        [
                            484,
                            485
                        ],
                        [
                            492,
                            495
                        ],
                        [
                            495,
                            496
                        ],
                        [
                            559,
                            560
                        ],
                        [
                            563,
                            564
                        ],
                        [
                            565,
                            566
                        ],
                        [
                            567,
                            568
                        ],
                        [
                            569,
                            570
                        ],
                        [
                            571,
                            572
                        ],
                        [
                            578,
                            579
                        ],
                        [
                            578,
                            581
                        ],
                        [
                            581,
                            582
                        ],
                        [
                            581,
                            589
                        ],
                        [
                            613,
                            629
                        ],
                        [
                            658,
                            659
                        ],
                        [
                            680,
                            681
                        ],
                        [
                            709,
                            710
                        ],
                        [
                            709,
                            719
                        ],
                        [
                            754,
                            755
                        ],
                        [
                            769,
                            770
                        ],
                        [
                            775,
                            776
                        ],
                        [
                            775,
                            778
                        ],
                        [
                            797,
                            798
                        ],
                        [
                            810,
                            811
                        ],
                        [
                            810,
                            820
                        ],
                        [
                            823,
                            824
                        ],
                        [
                            823,
                            833
                        ],
                        [
                            836,
                            837
                        ],
                        [
                            836,
                            842
                        ],
                        [
                            842,
                            843
                        ],
                        [
                            842,
                            848
                        ],
                        [
                            848,
                            849
                        ],
                        [
                            848,
                            855
                        ],
                        [
                            880,
                            882
                        ],
                        [
                            889,
                            890
                        ],
                        [
                            889,
                            896
                        ],
                        [
                            891,
                            892
                        ],
                        [
                            891,
                            894
                        ],
                        [
                            896,
                            899
                        ],
                        [
                            896,
                            901
                        ],
                        [
                            964,
                            967
                        ],
                        [
                            1042,
                            1061
                        ],
                        [
                            1046,
                            1047
                        ],
                        [
                            1061,
                            1062
                        ],
                        [
                            1061,
                            1076
                        ],
                        [
                            1103,
                            1113
                        ],
                        [
                            1141,
                            1142
                        ],
                        [
                            1141,
                            1144
                        ],
                        [
                            1166,
                            1167
                        ],
                        [
                            1166,
                            1178
                        ],
                        [
                            1231,
                            1232
                        ],
                        [
                            1231,
                            1234
                        ],
                        [
                            1236,
                            1237
                        ],
                        [
                            1236,
                            1241
                        ],
                        [
                            1238,
                            1239
                        ],
                        [
                            1238,
                            1244
                        ],
                        [
                            1248,
                            1249
                        ],
                        [
                            1248,
                            1255
                        ],
                        [
                            1325,
                            1326
                        ],
                        [
                            1325,
                            1334
                        ],
                        [
                            1337,
                            1338
                        ],
                        [
                            1337,
                            1347
                        ],
                        [
                            1438,
                            1439
                        ],
                        [
                            1438,
                            1460
                        ],
                        [
                            1440,
                            1441
                        ],
                        [
                            1440,
                            1445
                        ],
                        [
                            1445,
                            1446
                        ],
                        [
                            1445,
                            1448
                        ],
                        [
                            1577,
                            1578
                        ],
                        [
                            1577,
                            1595
                        ],
                        [
                            1595,
                            1596
                        ],
                        [
                            1595,
                            1603
                        ],
                        [
                            1596,
                            1597
                        ],
                        [
                            1596,
                            1603
                        ],
                        [
                            1654,
                            1655
                        ],
                        [
                            1654,
                            1657
                        ],
                        [
                            1657,
                            1658
                        ],
                        [
                            1657,
                            1674
                        ],
                        [
                            1685,
                            1686
                        ],
                        [
                            1685,
                            1688
                        ],
                        [
                            1699,
                            1700
                        ],
                        [
                            1699,
                            1721
                        ],
                        [
                            1708,
                            1709
                        ],
                        [
                            1708,
                            1721
                        ],
                        [
                            1734,
                            1735
                        ],
                        [
                            1734,
                            1751
                        ],
                        [
                            1740,
                            1741
                        ],
                        [
                            1740,
                            1751
                        ]
                    ]
                }
            }
        }
    },
    "totals": {
        "covered_lines": 418,
        "num_statements": 736,
        "percent_covered": 55.321285140562246,
        "percent_covered_display": "55.32",
        "missing_lines": 318,
        "excluded_lines": 19,
        "num_branches": 260,
        "num_partial_branches": 39,
        "covered_branches": 133,
        "missing_branches": 127
    }
}