{"meta": {"format": 3, "version": "7.13.4", "timestamp": "2026-04-12T19:32:34.792672", "branch_coverage": false, "show_contexts": false}, "files": {"backend/core/auto_dev/__init__.py": {"executed_lines": [24, 25, 26, 27, 28, 29, 31], "summary": {"covered_lines": 7, "num_statements": 7, "percent_covered": 100.0, "percent_covered_display": "100", "missing_lines": 0, "excluded_lines": 0, "percent_statements_covered": 100.0, "percent_statements_covered_display": "100"}, "missing_lines": [], "excluded_lines": [], "functions": {"": {"executed_lines": [24, 25, 26, 27, 28, 29, 31], "summary": {"covered_lines": 7, "num_statements": 7, "percent_covered": 100.0, "percent_covered_display": "100", "missing_lines": 0, "excluded_lines": 0, "percent_statements_covered": 100.0, "percent_statements_covered_display": "100"}, "missing_lines": [], "excluded_lines": [], "start_line": 1}}, "classes": {"": {"executed_lines": [24, 25, 26, 27, 28, 29, 31], "summary": {"covered_lines": 7, "num_statements": 7, "percent_covered": 100.0, "percent_covered_display": "100", "missing_lines": 0, "excluded_lines": 0, "percent_statements_covered": 100.0, "percent_statements_covered_display": "100"}, "missing_lines": [], "excluded_lines": [], "start_line": 1}}}, "backend/core/auto_dev/advisor_service.py": {"executed_lines": [11, 12, 13, 15, 17, 19, 22, 32, 33, 34, 36, 58, 61, 70, 78, 79, 89, 108, 109, 113, 120, 124, 134, 140, 141, 146, 154, 182, 184, 185, 187], "summary": {"covered_lines": 31, "num_statements": 49, "percent_covered": 63.265306122448976, "percent_covered_display": "63", "missing_lines": 18, "excluded_lines": 0, "percent_statements_covered": 63.265306122448976, "percent_statements_covered_display": "63"}, "missing_lines": [111, 150, 151, 152, 156, 157, 158, 159, 161, 162, 164, 166, 167, 171, 172, 177, 188, 189], "excluded_lines": [], "functions": {"AdvisorService.__init__": {"executed_lines": [33, 34], "summary": {"covered_lines": 2, "num_statements": 2, "percent_covered": 100.0, "percent_covered_display": "100", "missing_lines": 0, "excluded_lines": 0, "percent_statements_covered": 100.0, "percent_statements_covered_display": "100"}, "missing_lines": [], "excluded_lines": [], "start_line": 32}, "AdvisorService.generate_guidance": {"executed_lines": [58, 61, 70, 78, 79, 89, 108, 109, 113], "summary": {"covered_lines": 9, "num_statements": 10, "percent_covered": 90.0, "percent_covered_display": "90", "missing_lines": 1, "excluded_lines": 0, "percent_statements_covered": 90.0, "percent_statements_covered_display": "90"}, "missing_lines": [111], "excluded_lines": [], "start_line": 36}, "AdvisorService._generate_ai_guidance": {"executed_lines": [124, 134, 140, 141, 146], "summary": {"covered_lines": 5, "num_statements": 8, "percent_covered": 62.5, "percent_covered_display": "62", "missing_lines": 3, "excluded_lines": 0, "percent_statements_covered": 62.5, "percent_statements_covered_display": "62"}, "missing_lines": [150, 151, 152], "excluded_lines": [], "start_line": 120}, "AdvisorService._generate_heuristic_guidance": {"executed_lines": [], "summary": {"covered_lines": 0, "num_statements": 12, "percent_covered": 0.0, "percent_covered_display": "0", "missing_lines": 12, "excluded_lines": 0, "percent_statements_covered": 0.0, "percent_statements_covered_display": "0"}, "missing_lines": [156, 157, 158, 159, 161, 162, 164, 166, 167, 171, 172, 177], "excluded_lines": [], "start_line": 154}, "AdvisorService._get_llm_service": {"executed_lines": [184, 185, 187], "summary": {"covered_lines": 3, "num_statements": 5, "percent_covered": 60.0, "percent_covered_display": "60", "missing_lines": 2, "excluded_lines": 0, "percent_statements_covered": 60.0, "percent_statements_covered_display": "60"}, "missing_lines": [188, 189], "excluded_lines": [], "start_line": 182}, "": {"executed_lines": [11, 12, 13, 15, 17, 19, 22, 32, 36, 120, 154, 182], "summary": {"covered_lines": 12, "num_statements": 12, "percent_covered": 100.0, "percent_covered_display": "100", "missing_lines": 0, "excluded_lines": 0, "percent_statements_covered": 100.0, "percent_statements_covered_display": "100"}, "missing_lines": [], "excluded_lines": [], "start_line": 1}}, "classes": {"AdvisorService": {"executed_lines": [33, 34, 58, 61, 70, 78, 79, 89, 108, 109, 113, 124, 134, 140, 141, 146, 184, 185, 187], "summary": {"covered_lines": 19, "num_statements": 37, "percent_covered": 51.351351351351354, "percent_covered_display": "51", "missing_lines": 18, "excluded_lines": 0, "percent_statements_covered": 51.351351351351354, "percent_statements_covered_display": "51"}, "missing_lines": [111, 150, 151, 152, 156, 157, 158, 159, 161, 162, 164, 166, 167, 171, 172, 177, 188, 189], "excluded_lines": [], "start_line": 22}, "": {"executed_lines": [11, 12, 13, 15, 17, 19, 22, 32, 36, 120, 154, 182], "summary": {"covered_lines": 12, "num_statements": 12, "percent_covered": 100.0, "percent_covered_display": "100", "missing_lines": 0, "excluded_lines": 0, "percent_statements_covered": 100.0, "percent_statements_covered_display": "100"}, "missing_lines": [], "excluded_lines": [], "start_line": 1}}}, "backend/core/auto_dev/alpha_evolver_engine.py": {"executed_lines": [12, 13, 14, 16, 18, 19, 21, 24, 36, 42, 44, 53, 54, 56, 59, 62, 68, 80, 84, 85, 87, 88, 91, 97, 103, 104, 112, 117, 158, 172, 179, 186, 187, 188, 190, 192, 200, 209, 214, 215, 218, 224, 227, 228, 231, 234, 244, 250, 258, 265, 266, 267, 268, 270, 285, 296, 297, 299, 300, 304, 312, 318, 329, 330, 332, 336, 338, 339, 357, 359, 360], "summary": {"covered_lines": 71, "num_statements": 107, "percent_covered": 66.35514018691589, "percent_covered_display": "66", "missing_lines": 36, "excluded_lines": 0, "percent_statements_covered": 66.35514018691589, "percent_statements_covered_display": "66"}, "missing_lines": [60, 76, 77, 78, 89, 113, 114, 115, 125, 126, 127, 129, 130, 132, 133, 138, 139, 140, 141, 150, 210, 211, 212, 216, 229, 274, 283, 340, 341, 342, 349, 350, 362, 363, 364, 370], "excluded_lines": [], "functions": {"AlphaEvolverEngine.__init__": {"executed_lines": [42], "summary": {"covered_lines": 1, "num_statements": 1, "percent_covered": 100.0, "percent_covered_display": "100", "missing_lines": 0, "excluded_lines": 0, "percent_statements_covered": 100.0, "percent_statements_covered_display": "100"}, "missing_lines": [], "excluded_lines": [], "start_line": 36}, "AlphaEvolverEngine.analyze_episode": {"executed_lines": [53, 54, 56, 59, 62, 68], "summary": {"covered_lines": 6, "num_statements": 10, "percent_covered": 60.0, "percent_covered_display": "60", "missing_lines": 4, "excluded_lines": 0, "percent_statements_covered": 60.0, "percent_statements_covered_display": "60"}, "missing_lines": [60, 76, 77, 78], "excluded_lines": [], "start_line": 44}, "AlphaEvolverEngine.propose_code_change": {"executed_lines": [84, 85, 87, 88, 91, 97, 103, 104, 112], "summary": {"covered_lines": 9, "num_statements": 13, "percent_covered": 69.23076923076923, "percent_covered_display": "69", "missing_lines": 4, "excluded_lines": 0, "percent_statements_covered": 69.23076923076923, "percent_statements_covered_display": "69"}, "missing_lines": [89, 113, 114, 115], "excluded_lines": [], "start_line": 80}, "AlphaEvolverEngine.validate_change": {"executed_lines": [], "summary": {"covered_lines": 0, "num_statements": 12, "percent_covered": 0.0, "percent_covered_display": "0", "missing_lines": 12, "excluded_lines": 0, "percent_statements_covered": 0.0, "percent_statements_covered_display": "0"}, "missing_lines": [125, 126, 127, 129, 130, 132, 133, 138, 139, 140, 141, 150], "excluded_lines": [], "start_line": 117}, "AlphaEvolverEngine.generate_tool_mutation": {"executed_lines": [172, 179, 186, 187, 188, 190], "summary": {"covered_lines": 6, "num_statements": 6, "percent_covered": 100.0, "percent_covered_display": "100", "missing_lines": 0, "excluded_lines": 0, "percent_statements_covered": 100.0, "percent_statements_covered_display": "100"}, "missing_lines": [], "excluded_lines": [], "start_line": 158}, "AlphaEvolverEngine.sandbox_execute_mutation": {"executed_lines": [200, 209, 214, 215, 218, 224, 227, 228, 231, 234, 244], "summary": {"covered_lines": 11, "num_statements": 16, "percent_covered": 68.75, "percent_covered_display": "69", "missing_lines": 5, "excluded_lines": 0, "percent_statements_covered": 68.75, "percent_statements_covered_display": "69"}, "missing_lines": [210, 211, 212, 216, 229], "excluded_lines": [], "start_line": 192}, "AlphaEvolverEngine.spawn_workflow_variant": {"executed_lines": [258, 265, 266, 267, 268], "summary": {"covered_lines": 5, "num_statements": 5, "percent_covered": 100.0, "percent_covered_display": "100", "missing_lines": 0, "excluded_lines": 0, "percent_statements_covered": 100.0, "percent_statements_covered_display": "100"}, "missing_lines": [], "excluded_lines": [], "start_line": 250}, "AlphaEvolverEngine.check_auto_synthesis_readiness": {"executed_lines": [], "summary": {"covered_lines": 0, "num_statements": 2, "percent_covered": 0.0, "percent_covered_display": "0", "missing_lines": 2, "excluded_lines": 0, "percent_statements_covered": 0.0, "percent_statements_covered_display": "0"}, "missing_lines": [274, 283], "excluded_lines": [], "start_line": 270}, "AlphaEvolverEngine.run_research_experiment": {"executed_lines": [296, 297, 299, 300, 304, 312, 318, 329, 330, 332], "summary": {"covered_lines": 10, "num_statements": 10, "percent_covered": 100.0, "percent_covered_display": "100", "missing_lines": 0, "excluded_lines": 0, "percent_statements_covered": 100.0, "percent_statements_covered_display": "100"}, "missing_lines": [], "excluded_lines": [], "start_line": 285}, "AlphaEvolverEngine._identify_optimization_targets": {"executed_lines": [338, 339, 357], "summary": {"covered_lines": 3, "num_statements": 8, "percent_covered": 37.5, "percent_covered_display": "38", "missing_lines": 5, "excluded_lines": 0, "percent_statements_covered": 37.5, "percent_statements_covered_display": "38"}, "missing_lines": [340, 341, 342, 349, 350], "excluded_lines": [], "start_line": 336}, "AlphaEvolverEngine._compute_proxy_signals": {"executed_lines": [], "summary": {"covered_lines": 0, "num_statements": 4, "percent_covered": 0.0, "percent_covered_display": "0", "missing_lines": 4, "excluded_lines": 0, "percent_statements_covered": 0.0, "percent_statements_covered_display": "0"}, "missing_lines": [362, 363, 364, 370], "excluded_lines": [], "start_line": 360}, "": {"executed_lines": [12, 13, 14, 16, 18, 19, 21, 24, 36, 44, 80, 117, 158, 192, 250, 270, 285, 336, 359, 360], "summary": {"covered_lines": 20, "num_statements": 20, "percent_covered": 100.0, "percent_covered_display": "100", "missing_lines": 0, "excluded_lines": 0, "percent_statements_covered": 100.0, "percent_statements_covered_display": "100"}, "missing_lines": [], "excluded_lines": [], "start_line": 1}}, "classes": {"AlphaEvolverEngine": {"executed_lines": [42, 53, 54, 56, 59, 62, 68, 84, 85, 87, 88, 91, 97, 103, 104, 112, 172, 179, 186, 187, 188, 190, 200, 209, 214, 215, 218, 224, 227, 228, 231, 234, 244, 258, 265, 266, 267, 268, 296, 297, 299, 300, 304, 312, 318, 329, 330, 332, 338, 339, 357], "summary": {"covered_lines": 51, "num_statements": 87, "percent_covered": 58.62068965517241, "percent_covered_display": "59", "missing_lines": 36, "excluded_lines": 0, "percent_statements_covered": 58.62068965517241, "percent_statements_covered_display": "59"}, "missing_lines": [60, 76, 77, 78, 89, 113, 114, 115, 125, 126, 127, 129, 130, 132, 133, 138, 139, 140, 141, 150, 210, 211, 212, 216, 229, 274, 283, 340, 341, 342, 349, 350, 362, 363, 364, 370], "excluded_lines": [], "start_line": 24}, "": {"executed_lines": [12, 13, 14, 16, 18, 19, 21, 24, 36, 44, 80, 117, 158, 192, 250, 270, 285, 336, 359, 360], "summary": {"covered_lines": 20, "num_statements": 20, "percent_covered": 100.0, "percent_covered_display": "100", "missing_lines": 0, "excluded_lines": 0, "percent_statements_covered": 100.0, "percent_statements_covered_display": "100"}, "missing_lines": [], "excluded_lines": [], "start_line": 1}}}, "backend/core/auto_dev/base_engine.py": {"executed_lines": [11, 12, 13, 15, 17, 20, 21, 29, 52, 62, 68, 69, 70, 72, 73, 82, 83, 96, 97, 111, 113, 114, 116, 117, 119, 120, 121, 122, 125, 127, 129, 130, 132, 133, 135, 136, 137, 138, 139, 141, 143, 144, 145, 146, 147, 148, 149, 150], "summary": {"covered_lines": 48, "num_statements": 48, "percent_covered": 100.0, "percent_covered_display": "100", "missing_lines": 0, "excluded_lines": 3, "percent_statements_covered": 100.0, "percent_statements_covered_display": "100"}, "missing_lines": [], "excluded_lines": [49, 50, 51], "functions": {"SandboxProtocol.execute_raw_python": {"executed_lines": [], "summary": {"covered_lines": 0, "num_statements": 0, "percent_covered": 100.0, "percent_covered_display": "100", "missing_lines": 0, "excluded_lines": 1, "percent_statements_covered": 100.0, "percent_statements_covered_display": "100"}, "missing_lines": [], "excluded_lines": [49], "start_line": 29}, "BaseLearningEngine.__init__": {"executed_lines": [68, 69, 70], "summary": {"covered_lines": 3, "num_statements": 3, "percent_covered": 100.0, "percent_covered_display": "100", "missing_lines": 0, "excluded_lines": 0, "percent_statements_covered": 100.0, "percent_statements_covered_display": "100"}, "missing_lines": [], "excluded_lines": [], "start_line": 62}, "BaseLearningEngine.analyze_episode": {"executed_lines": [], "summary": {"covered_lines": 0, "num_statements": 0, "percent_covered": 100.0, "percent_covered_display": "100", "missing_lines": 0, "excluded_lines": 0, "percent_statements_covered": 100.0, "percent_statements_covered_display": "100"}, "missing_lines": [], "excluded_lines": [], "start_line": 73}, "BaseLearningEngine.propose_code_change": {"executed_lines": [], "summary": {"covered_lines": 0, "num_statements": 0, "percent_covered": 100.0, "percent_covered_display": "100", "missing_lines": 0, "excluded_lines": 0, "percent_statements_covered": 100.0, "percent_statements_covered_display": "100"}, "missing_lines": [], "excluded_lines": [], "start_line": 83}, "BaseLearningEngine.validate_change": {"executed_lines": [], "summary": {"covered_lines": 0, "num_statements": 0, "percent_covered": 100.0, "percent_covered_display": "100", "missing_lines": 0, "excluded_lines": 0, "percent_statements_covered": 100.0, "percent_statements_covered_display": "100"}, "missing_lines": [], "excluded_lines": [], "start_line": 97}, "BaseLearningEngine._get_llm_service": {"executed_lines": [113, 114, 116, 117, 119, 120, 121, 122, 125], "summary": {"covered_lines": 9, "num_statements": 9, "percent_covered": 100.0, "percent_covered_display": "100", "missing_lines": 0, "excluded_lines": 0, "percent_statements_covered": 100.0, "percent_statements_covered_display": "100"}, "missing_lines": [], "excluded_lines": [], "start_line": 111}, "BaseLearningEngine._get_sandbox": {"executed_lines": [129, 130, 132, 133, 135, 136, 137, 138, 139], "summary": {"covered_lines": 9, "num_statements": 9, "percent_covered": 100.0, "percent_covered_display": "100", "missing_lines": 0, "excluded_lines": 0, "percent_statements_covered": 100.0, "percent_statements_covered_display": "100"}, "missing_lines": [], "excluded_lines": [], "start_line": 127}, "BaseLearningEngine._strip_markdown_fences": {"executed_lines": [143, 144, 145, 146, 147, 148, 149, 150], "summary": {"covered_lines": 8, "num_statements": 8, "percent_covered": 100.0, "percent_covered_display": "100", "missing_lines": 0, "excluded_lines": 0, "percent_statements_covered": 100.0, "percent_statements_covered_display": "100"}, "missing_lines": [], "excluded_lines": [], "start_line": 141}, "": {"executed_lines": [11, 12, 13, 15, 17, 20, 21, 29, 52, 62, 72, 73, 82, 83, 96, 97, 111, 127, 141], "summary": {"covered_lines": 19, "num_statements": 19, "percent_covered": 100.0, "percent_covered_display": "100", "missing_lines": 0, "excluded_lines": 2, "percent_statements_covered": 100.0, "percent_statements_covered_display": "100"}, "missing_lines": [], "excluded_lines": [50, 51], "start_line": 1}}, "classes": {"SandboxProtocol": {"executed_lines": [], "summary": {"covered_lines": 0, "num_statements": 0, "percent_covered": 100.0, "percent_covered_display": "100", "missing_lines": 0, "excluded_lines": 1, "percent_statements_covered": 100.0, "percent_statements_covered_display": "100"}, "missing_lines": [], "excluded_lines": [49], "start_line": 21}, "BaseLearningEngine": {"executed_lines": [68, 69, 70, 113, 114, 116, 117, 119, 120, 121, 122, 125, 129, 130, 132, 133, 135, 136, 137, 138, 139, 143, 144, 145, 146, 147, 148, 149, 150], "summary": {"covered_lines": 29, "num_statements": 29, "percent_covered": 100.0, "percent_covered_display": "100", "missing_lines": 0, "excluded_lines": 0, "percent_statements_covered": 100.0, "percent_statements_covered_display": "100"}, "missing_lines": [], "excluded_lines": [], "start_line": 52}, "": {"executed_lines": [11, 12, 13, 15, 17, 20, 21, 29, 52, 62, 72, 73, 82, 83, 96, 97, 111, 127, 141], "summary": {"covered_lines": 19, "num_statements": 19, "percent_covered": 100.0, "percent_covered_display": "100", "missing_lines": 0, "excluded_lines": 2, "percent_statements_covered": 100.0, "percent_statements_covered_display": "100"}, "missing_lines": [], "excluded_lines": [50, 51], "start_line": 1}}}, "backend/core/auto_dev/capability_gate.py": {"executed_lines": [17, 18, 20, 22, 26, 27, 28, 29, 31, 34, 36, 38, 41, 45, 51, 52, 53, 55, 56, 58, 70, 72, 93, 96, 97, 98, 101, 102, 106, 107, 111, 112, 114, 127, 140, 142, 143, 144, 145, 150, 152, 156, 157, 158, 160, 168, 169, 171, 182, 187, 208, 210, 211, 212, 213, 214, 215, 217, 219, 220, 222, 227], "summary": {"covered_lines": 62, "num_statements": 85, "percent_covered": 72.94117647058823, "percent_covered_display": "73", "missing_lines": 23, "excluded_lines": 0, "percent_statements_covered": 72.94117647058823, "percent_statements_covered_display": "73"}, "missing_lines": [37, 59, 60, 64, 65, 66, 103, 108, 109, 121, 122, 123, 124, 125, 147, 180, 183, 184, 185, 196, 197, 228, 229], "excluded_lines": [], "functions": {"is_at_least": {"executed_lines": [36, 38], "summary": {"covered_lines": 2, "num_statements": 3, "percent_covered": 66.66666666666667, "percent_covered_display": "67", "missing_lines": 1, "excluded_lines": 0, "percent_statements_covered": 66.66666666666667, "percent_statements_covered_display": "67"}, "missing_lines": [37], "excluded_lines": [], "start_line": 34}, "AutoDevCapabilityService.__init__": {"executed_lines": [52, 53], "summary": {"covered_lines": 2, "num_statements": 2, "percent_covered": 100.0, "percent_covered_display": "100", "missing_lines": 0, "excluded_lines": 0, "percent_statements_covered": 100.0, "percent_statements_covered_display": "100"}, "missing_lines": [], "excluded_lines": [], "start_line": 51}, "AutoDevCapabilityService.graduation": {"executed_lines": [58, 70], "summary": {"covered_lines": 2, "num_statements": 7, "percent_covered": 28.571428571428573, "percent_covered_display": "29", "missing_lines": 5, "excluded_lines": 0, "percent_statements_covered": 28.571428571428573, "percent_statements_covered_display": "29"}, "missing_lines": [59, 60, 64, 65, 66], "excluded_lines": [], "start_line": 56}, "AutoDevCapabilityService.can_use": {"executed_lines": [93, 96, 97, 98, 101, 102, 106, 107, 111, 112], "summary": {"covered_lines": 10, "num_statements": 13, "percent_covered": 76.92307692307692, "percent_covered_display": "77", "missing_lines": 3, "excluded_lines": 0, "percent_statements_covered": 76.92307692307692, "percent_statements_covered_display": "77"}, "missing_lines": [103, 108, 109], "excluded_lines": [], "start_line": 72}, "AutoDevCapabilityService.record_usage": {"executed_lines": [], "summary": {"covered_lines": 0, "num_statements": 5, "percent_covered": 0.0, "percent_covered_display": "0", "missing_lines": 5, "excluded_lines": 0, "percent_statements_covered": 0.0, "percent_statements_covered_display": "0"}, "missing_lines": [121, 122, 123, 124, 125], "excluded_lines": [], "start_line": 114}, "AutoDevCapabilityService.check_daily_limits": {"executed_lines": [140, 142, 143, 144, 145, 150, 152, 156, 157, 158, 160, 168, 169, 171, 182], "summary": {"covered_lines": 15, "num_statements": 20, "percent_covered": 75.0, "percent_covered_display": "75", "missing_lines": 5, "excluded_lines": 0, "percent_statements_covered": 75.0, "percent_statements_covered_display": "75"}, "missing_lines": [147, 180, 183, 184, 185], "excluded_lines": [], "start_line": 127}, "AutoDevCapabilityService.notify_capability_unlocked": {"executed_lines": [], "summary": {"covered_lines": 0, "num_statements": 2, "percent_covered": 0.0, "percent_covered_display": "0", "missing_lines": 2, "excluded_lines": 0, "percent_statements_covered": 0.0, "percent_statements_covered_display": "0"}, "missing_lines": [196, 197], "excluded_lines": [], "start_line": 187}, "AutoDevCapabilityService._get_agent_maturity": {"executed_lines": [210, 211, 212, 213, 214, 215], "summary": {"covered_lines": 6, "num_statements": 6, "percent_covered": 100.0, "percent_covered_display": "100", "missing_lines": 0, "excluded_lines": 0, "percent_statements_covered": 100.0, "percent_statements_covered_display": "100"}, "missing_lines": [], "excluded_lines": [], "start_line": 208}, "AutoDevCapabilityService._get_agent_tenant": {"executed_lines": [219, 220, 222, 227], "summary": {"covered_lines": 4, "num_statements": 6, "percent_covered": 66.66666666666667, "percent_covered_display": "67", "missing_lines": 2, "excluded_lines": 0, "percent_statements_covered": 66.66666666666667, "percent_statements_covered_display": "67"}, "missing_lines": [228, 229], "excluded_lines": [], "start_line": 217}, "": {"executed_lines": [17, 18, 20, 22, 26, 27, 28, 29, 31, 34, 41, 45, 51, 55, 56, 72, 114, 127, 187, 208, 217], "summary": {"covered_lines": 21, "num_statements": 21, "percent_covered": 100.0, "percent_covered_display": "100", "missing_lines": 0, "excluded_lines": 0, "percent_statements_covered": 100.0, "percent_statements_covered_display": "100"}, "missing_lines": [], "excluded_lines": [], "start_line": 1}}, "classes": {"AutoDevCapabilityService": {"executed_lines": [52, 53, 58, 70, 93, 96, 97, 98, 101, 102, 106, 107, 111, 112, 140, 142, 143, 144, 145, 150, 152, 156, 157, 158, 160, 168, 169, 171, 182, 210, 211, 212, 213, 214, 215, 219, 220, 222, 227], "summary": {"covered_lines": 39, "num_statements": 61, "percent_covered": 63.9344262295082, "percent_covered_display": "64", "missing_lines": 22, "excluded_lines": 0, "percent_statements_covered": 63.9344262295082, "percent_statements_covered_display": "64"}, "missing_lines": [59, 60, 64, 65, 66, 103, 108, 109, 121, 122, 123, 124, 125, 147, 180, 183, 184, 185, 196, 197, 228, 229], "excluded_lines": [], "start_line": 41}, "": {"executed_lines": [17, 18, 20, 22, 26, 27, 28, 29, 31, 34, 36, 38, 41, 45, 51, 55, 56, 72, 114, 127, 187, 208, 217], "summary": {"covered_lines": 23, "num_statements": 24, "percent_covered": 95.83333333333333, "percent_covered_display": "96", "missing_lines": 1, "excluded_lines": 0, "percent_statements_covered": 95.83333333333333, "percent_statements_covered_display": "96"}, "missing_lines": [37], "excluded_lines": [], "start_line": 1}}}, "backend/core/auto_dev/container_sandbox.py": {"executed_lines": [18, 19, 20, 21, 22, 23, 24, 25, 27, 29, 30, 31, 34, 41, 48, 49, 50, 51, 52, 54, 55, 57, 58, 59, 64, 70, 72, 99, 100, 102, 106, 110, 189, 202, 203, 205, 208, 209, 211, 212, 219, 220, 233, 234, 235, 237, 238, 245, 252, 254, 255, 257, 258], "summary": {"covered_lines": 53, "num_statements": 85, "percent_covered": 62.35294117647059, "percent_covered_display": "62", "missing_lines": 32, "excluded_lines": 0, "percent_statements_covered": 62.35294117647059, "percent_statements_covered_display": "62"}, "missing_lines": [65, 66, 67, 103, 118, 121, 125, 126, 127, 129, 130, 143, 144, 146, 148, 154, 155, 158, 159, 160, 161, 168, 169, 170, 172, 173, 180, 187, 223, 224, 225, 226], "excluded_lines": [], "functions": {"ContainerSandbox.__init__": {"executed_lines": [48, 49, 50, 51, 52], "summary": {"covered_lines": 5, "num_statements": 5, "percent_covered": 100.0, "percent_covered_display": "100", "missing_lines": 0, "excluded_lines": 0, "percent_statements_covered": 100.0, "percent_statements_covered_display": "100"}, "missing_lines": [], "excluded_lines": [], "start_line": 41}, "ContainerSandbox.docker_available": {"executed_lines": [57, 58, 59, 64, 70], "summary": {"covered_lines": 5, "num_statements": 8, "percent_covered": 62.5, "percent_covered_display": "62", "missing_lines": 3, "excluded_lines": 0, "percent_statements_covered": 62.5, "percent_statements_covered_display": "62"}, "missing_lines": [65, 66, 67], "excluded_lines": [], "start_line": 55}, "ContainerSandbox.execute_raw_python": {"executed_lines": [99, 100, 102, 106], "summary": {"covered_lines": 4, "num_statements": 5, "percent_covered": 80.0, "percent_covered_display": "80", "missing_lines": 1, "excluded_lines": 0, "percent_statements_covered": 80.0, "percent_statements_covered_display": "80"}, "missing_lines": [103], "excluded_lines": [], "start_line": 72}, "ContainerSandbox._execute_docker": {"executed_lines": [], "summary": {"covered_lines": 0, "num_statements": 24, "percent_covered": 0.0, "percent_covered_display": "0", "missing_lines": 24, "excluded_lines": 0, "percent_statements_covered": 0.0, "percent_statements_covered_display": "0"}, "missing_lines": [118, 121, 125, 126, 127, 129, 130, 143, 144, 146, 148, 154, 155, 158, 159, 160, 161, 168, 169, 170, 172, 173, 180, 187], "excluded_lines": [], "start_line": 110}, "ContainerSandbox._execute_subprocess": {"executed_lines": [202, 203, 205, 208, 209, 211, 212, 219, 220, 233, 234, 235, 237, 238, 245, 252], "summary": {"covered_lines": 16, "num_statements": 20, "percent_covered": 80.0, "percent_covered_display": "80", "missing_lines": 4, "excluded_lines": 0, "percent_statements_covered": 80.0, "percent_statements_covered_display": "80"}, "missing_lines": [223, 224, 225, 226], "excluded_lines": [], "start_line": 189}, "ContainerSandbox._build_execution_wrapper": {"executed_lines": [257, 258], "summary": {"covered_lines": 2, "num_statements": 2, "percent_covered": 100.0, "percent_covered_display": "100", "missing_lines": 0, "excluded_lines": 0, "percent_statements_covered": 100.0, "percent_statements_covered_display": "100"}, "missing_lines": [], "excluded_lines": [], "start_line": 255}, "": {"executed_lines": [18, 19, 20, 21, 22, 23, 24, 25, 27, 29, 30, 31, 34, 41, 54, 55, 72, 110, 189, 254, 255], "summary": {"covered_lines": 21, "num_statements": 21, "percent_covered": 100.0, "percent_covered_display": "100", "missing_lines": 0, "excluded_lines": 0, "percent_statements_covered": 100.0, "percent_statements_covered_display": "100"}, "missing_lines": [], "excluded_lines": [], "start_line": 1}}, "classes": {"ContainerSandbox": {"executed_lines": [48, 49, 50, 51, 52, 57, 58, 59, 64, 70, 99, 100, 102, 106, 202, 203, 205, 208, 209, 211, 212, 219, 220, 233, 234, 235, 237, 238, 245, 252, 257, 258], "summary": {"covered_lines": 32, "num_statements": 64, "percent_covered": 50.0, "percent_covered_display": "50", "missing_lines": 32, "excluded_lines": 0, "percent_statements_covered": 50.0, "percent_statements_covered_display": "50"}, "missing_lines": [65, 66, 67, 103, 118, 121, 125, 126, 127, 129, 130, 143, 144, 146, 148, 154, 155, 158, 159, 160, 161, 168, 169, 170, 172, 173, 180, 187, 223, 224, 225, 226], "excluded_lines": [], "start_line": 34}, "": {"executed_lines": [18, 19, 20, 21, 22, 23, 24, 25, 27, 29, 30, 31, 34, 41, 54, 55, 72, 110, 189, 254, 255], "summary": {"covered_lines": 21, "num_statements": 21, "percent_covered": 100.0, "percent_covered_display": "100", "missing_lines": 0, "excluded_lines": 0, "percent_statements_covered": 100.0, "percent_statements_covered_display": "100"}, "missing_lines": [], "excluded_lines": [], "start_line": 1}}}, "backend/core/auto_dev/event_hooks.py": {"executed_lines": [20, 21, 22, 23, 25, 28, 29, 35, 36, 37, 38, 41, 42, 49, 50, 51, 52, 53, 54, 58, 61, 71, 72, 73, 74, 78, 80, 81, 83, 85, 86, 88, 90, 91, 95, 97, 99, 101, 103, 105, 109, 113, 114, 116, 117, 118, 119, 120, 126, 128, 129, 130, 134], "summary": {"covered_lines": 53, "num_statements": 53, "percent_covered": 100.0, "percent_covered_display": "100", "missing_lines": 0, "excluded_lines": 1, "percent_statements_covered": 100.0, "percent_statements_covered_display": "100"}, "missing_lines": [], "excluded_lines": [1], "functions": {"EventBus.__init__": {"executed_lines": [72, 73, 74], "summary": {"covered_lines": 3, "num_statements": 3, "percent_covered": 100.0, "percent_covered_display": "100", "missing_lines": 0, "excluded_lines": 0, "percent_statements_covered": 100.0, "percent_statements_covered_display": "100"}, "missing_lines": [], "excluded_lines": [], "start_line": 71}, "EventBus.on_task_fail": {"executed_lines": [80, 81], "summary": {"covered_lines": 2, "num_statements": 2, "percent_covered": 100.0, "percent_covered_display": "100", "missing_lines": 0, "excluded_lines": 0, "percent_statements_covered": 100.0, "percent_statements_covered_display": "100"}, "missing_lines": [], "excluded_lines": [], "start_line": 78}, "EventBus.on_task_success": {"executed_lines": [85, 86], "summary": {"covered_lines": 2, "num_statements": 2, "percent_covered": 100.0, "percent_covered_display": "100", "missing_lines": 0, "excluded_lines": 0, "percent_statements_covered": 100.0, "percent_statements_covered_display": "100"}, "missing_lines": [], "excluded_lines": [], "start_line": 83}, "EventBus.on_skill_execution": {"executed_lines": [90, 91], "summary": {"covered_lines": 2, "num_statements": 2, "percent_covered": 100.0, "percent_covered_display": "100", "missing_lines": 0, "excluded_lines": 0, "percent_statements_covered": 100.0, "percent_statements_covered_display": "100"}, "missing_lines": [], "excluded_lines": [], "start_line": 88}, "EventBus.emit_task_fail": {"executed_lines": [97], "summary": {"covered_lines": 1, "num_statements": 1, "percent_covered": 100.0, "percent_covered_display": "100", "missing_lines": 0, "excluded_lines": 0, "percent_statements_covered": 100.0, "percent_statements_covered_display": "100"}, "missing_lines": [], "excluded_lines": [], "start_line": 95}, "EventBus.emit_task_success": {"executed_lines": [101], "summary": {"covered_lines": 1, "num_statements": 1, "percent_covered": 100.0, "percent_covered_display": "100", "missing_lines": 0, "excluded_lines": 0, "percent_statements_covered": 100.0, "percent_statements_covered_display": "100"}, "missing_lines": [], "excluded_lines": [], "start_line": 99}, "EventBus.emit_skill_execution": {"executed_lines": [105], "summary": {"covered_lines": 1, "num_statements": 1, "percent_covered": 100.0, "percent_covered_display": "100", "missing_lines": 0, "excluded_lines": 0, "percent_statements_covered": 100.0, "percent_statements_covered_display": "100"}, "missing_lines": [], "excluded_lines": [], "start_line": 103}, "EventBus._dispatch": {"executed_lines": [113, 114, 116, 117, 118, 119, 120], "summary": {"covered_lines": 7, "num_statements": 7, "percent_covered": 100.0, "percent_covered_display": "100", "missing_lines": 0, "excluded_lines": 0, "percent_statements_covered": 100.0, "percent_statements_covered_display": "100"}, "missing_lines": [], "excluded_lines": [], "start_line": 109}, "EventBus.clear": {"executed_lines": [128, 129, 130], "summary": {"covered_lines": 3, "num_statements": 3, "percent_covered": 100.0, "percent_covered_display": "100", "missing_lines": 0, "excluded_lines": 0, "percent_statements_covered": 100.0, "percent_statements_covered_display": "100"}, "missing_lines": [], "excluded_lines": [], "start_line": 126}, "": {"executed_lines": [20, 21, 22, 23, 25, 28, 29, 35, 36, 37, 38, 41, 42, 49, 50, 51, 52, 53, 54, 58, 61, 71, 78, 83, 88, 95, 99, 103, 109, 126, 134], "summary": {"covered_lines": 31, "num_statements": 31, "percent_covered": 100.0, "percent_covered_display": "100", "missing_lines": 0, "excluded_lines": 1, "percent_statements_covered": 100.0, "percent_statements_covered_display": "100"}, "missing_lines": [], "excluded_lines": [1], "start_line": 1}}, "classes": {"TaskEvent": {"executed_lines": [], "summary": {"covered_lines": 0, "num_statements": 0, "percent_covered": 100.0, "percent_covered_display": "100", "missing_lines": 0, "excluded_lines": 0, "percent_statements_covered": 100.0, "percent_statements_covered_display": "100"}, "missing_lines": [], "excluded_lines": [], "start_line": 29}, "SkillExecutionEvent": {"executed_lines": [], "summary": {"covered_lines": 0, "num_statements": 0, "percent_covered": 100.0, "percent_covered_display": "100", "missing_lines": 0, "excluded_lines": 0, "percent_statements_covered": 100.0, "percent_statements_covered_display": "100"}, "missing_lines": [], "excluded_lines": [], "start_line": 42}, "EventBus": {"executed_lines": [72, 73, 74, 80, 81, 85, 86, 90, 91, 97, 101, 105, 113, 114, 116, 117, 118, 119, 120, 128, 129, 130], "summary": {"covered_lines": 22, "num_statements": 22, "percent_covered": 100.0, "percent_covered_display": "100", "missing_lines": 0, "excluded_lines": 0, "percent_statements_covered": 100.0, "percent_statements_covered_display": "100"}, "missing_lines": [], "excluded_lines": [], "start_line": 61}, "": {"executed_lines": [20, 21, 22, 23, 25, 28, 29, 35, 36, 37, 38, 41, 42, 49, 50, 51, 52, 53, 54, 58, 61, 71, 78, 83, 88, 95, 99, 103, 109, 126, 134], "summary": {"covered_lines": 31, "num_statements": 31, "percent_covered": 100.0, "percent_covered_display": "100", "missing_lines": 0, "excluded_lines": 1, "percent_statements_covered": 100.0, "percent_statements_covered_display": "100"}, "missing_lines": [], "excluded_lines": [1], "start_line": 1}}}, "backend/core/auto_dev/evolution_engine.py": {"executed_lines": [17, 18, 20, 22, 24, 27, 28, 31, 40, 41, 43, 45, 46, 48, 55, 59, 60, 63, 68, 70, 74, 75, 77, 81, 82, 88, 101, 107, 108, 121, 137, 141, 143, 144, 146, 147, 149, 150, 152, 154, 174], "summary": {"covered_lines": 41, "num_statements": 76, "percent_covered": 53.94736842105263, "percent_covered_display": "54", "missing_lines": 35, "excluded_lines": 0, "percent_statements_covered": 53.94736842105263, "percent_statements_covered_display": "54"}, "missing_lines": [56, 61, 83, 86, 113, 118, 119, 123, 124, 126, 127, 129, 134, 135, 156, 157, 158, 160, 161, 164, 165, 166, 167, 168, 170, 171, 172, 176, 177, 179, 184, 185, 186, 187, 188], "excluded_lines": [], "functions": {"EvolutionEngine.__init__": {"executed_lines": [41], "summary": {"covered_lines": 1, "num_statements": 1, "percent_covered": 100.0, "percent_covered_display": "100", "missing_lines": 0, "excluded_lines": 0, "percent_statements_covered": 100.0, "percent_statements_covered_display": "100"}, "missing_lines": [], "excluded_lines": [], "start_line": 40}, "EvolutionEngine.register": {"executed_lines": [45, 46], "summary": {"covered_lines": 2, "num_statements": 2, "percent_covered": 100.0, "percent_covered_display": "100", "missing_lines": 0, "excluded_lines": 0, "percent_statements_covered": 100.0, "percent_statements_covered_display": "100"}, "missing_lines": [], "excluded_lines": [], "start_line": 43}, "EvolutionEngine.process_execution": {"executed_lines": [55, 59, 60, 63, 68], "summary": {"covered_lines": 5, "num_statements": 7, "percent_covered": 71.42857142857143, "percent_covered_display": "71", "missing_lines": 2, "excluded_lines": 0, "percent_statements_covered": 71.42857142857143, "percent_statements_covered_display": "71"}, "missing_lines": [56, 61], "excluded_lines": [], "start_line": 48}, "EvolutionEngine._trigger_alpha_evolver": {"executed_lines": [74, 75, 77, 81, 82, 88, 101, 107, 108], "summary": {"covered_lines": 9, "num_statements": 14, "percent_covered": 64.28571428571429, "percent_covered_display": "64", "missing_lines": 5, "excluded_lines": 0, "percent_statements_covered": 64.28571428571429, "percent_statements_covered_display": "64"}, "missing_lines": [83, 86, 113, 118, 119], "excluded_lines": [], "start_line": 70}, "EvolutionEngine._should_optimize": {"executed_lines": [], "summary": {"covered_lines": 0, "num_statements": 7, "percent_covered": 0.0, "percent_covered_display": "0", "missing_lines": 7, "excluded_lines": 0, "percent_statements_covered": 0.0, "percent_statements_covered_display": "0"}, "missing_lines": [123, 124, 126, 127, 129, 134, 135], "excluded_lines": [], "start_line": 121}, "EvolutionEngine._check_optimization_triggers": {"executed_lines": [141, 143, 144, 146, 147, 149, 150, 152], "summary": {"covered_lines": 8, "num_statements": 8, "percent_covered": 100.0, "percent_covered_display": "100", "missing_lines": 0, "excluded_lines": 0, "percent_statements_covered": 100.0, "percent_statements_covered_display": "100"}, "missing_lines": [], "excluded_lines": [], "start_line": 137}, "EvolutionEngine._get_skill_code": {"executed_lines": [], "summary": {"covered_lines": 0, "num_statements": 13, "percent_covered": 0.0, "percent_covered_display": "0", "missing_lines": 13, "excluded_lines": 0, "percent_statements_covered": 0.0, "percent_statements_covered_display": "0"}, "missing_lines": [156, 157, 158, 160, 161, 164, 165, 166, 167, 168, 170, 171, 172], "excluded_lines": [], "start_line": 154}, "EvolutionEngine._get_workspace_settings": {"executed_lines": [], "summary": {"covered_lines": 0, "num_statements": 8, "percent_covered": 0.0, "percent_covered_display": "0", "missing_lines": 8, "excluded_lines": 0, "percent_statements_covered": 0.0, "percent_statements_covered_display": "0"}, "missing_lines": [176, 177, 179, 184, 185, 186, 187, 188], "excluded_lines": [], "start_line": 174}, "": {"executed_lines": [17, 18, 20, 22, 24, 27, 28, 31, 40, 43, 48, 70, 121, 137, 154, 174], "summary": {"covered_lines": 16, "num_statements": 16, "percent_covered": 100.0, "percent_covered_display": "100", "missing_lines": 0, "excluded_lines": 0, "percent_statements_covered": 100.0, "percent_statements_covered_display": "100"}, "missing_lines": [], "excluded_lines": [], "start_line": 1}}, "classes": {"EvolutionEngine": {"executed_lines": [41, 45, 46, 55, 59, 60, 63, 68, 74, 75, 77, 81, 82, 88, 101, 107, 108, 141, 143, 144, 146, 147, 149, 150, 152], "summary": {"covered_lines": 25, "num_statements": 60, "percent_covered": 41.666666666666664, "percent_covered_display": "42", "missing_lines": 35, "excluded_lines": 0, "percent_statements_covered": 41.666666666666664, "percent_statements_covered_display": "42"}, "missing_lines": [56, 61, 83, 86, 113, 118, 119, 123, 124, 126, 127, 129, 134, 135, 156, 157, 158, 160, 161, 164, 165, 166, 167, 168, 170, 171, 172, 176, 177, 179, 184, 185, 186, 187, 188], "excluded_lines": [], "start_line": 31}, "": {"executed_lines": [17, 18, 20, 22, 24, 27, 28, 31, 40, 43, 48, 70, 121, 137, 154, 174], "summary": {"covered_lines": 16, "num_statements": 16, "percent_covered": 100.0, "percent_covered_display": "100", "missing_lines": 0, "excluded_lines": 0, "percent_statements_covered": 100.0, "percent_statements_covered_display": "100"}, "missing_lines": [], "excluded_lines": [], "start_line": 1}}}, "backend/core/auto_dev/fitness_service.py": {"executed_lines": [14, 15, 16, 18, 20, 22, 25, 33, 34, 36, 48, 57, 63, 66, 67, 69, 72, 73, 76, 77, 78, 79, 82, 85, 86, 87, 88, 90, 91, 95, 96, 98, 99, 101, 112, 121, 127, 128, 129, 131, 134, 135, 136, 138, 139, 142, 144, 148, 149, 150, 152, 154, 155, 156, 157, 158, 160, 161, 163, 167], "summary": {"covered_lines": 60, "num_statements": 68, "percent_covered": 88.23529411764706, "percent_covered_display": "88", "missing_lines": 8, "excluded_lines": 0, "percent_statements_covered": 88.23529411764706, "percent_statements_covered_display": "88"}, "missing_lines": [58, 61, 93, 122, 125, 137, 143, 145], "excluded_lines": [], "functions": {"FitnessService.__init__": {"executed_lines": [34], "summary": {"covered_lines": 1, "num_statements": 1, "percent_covered": 100.0, "percent_covered_display": "100", "missing_lines": 0, "excluded_lines": 0, "percent_statements_covered": 100.0, "percent_statements_covered_display": "100"}, "missing_lines": [], "excluded_lines": [], "start_line": 33}, "FitnessService.evaluate_initial_proxy": {"executed_lines": [48, 57, 63, 66, 67, 69, 72, 73, 76, 77, 78, 79, 82, 85, 86, 87, 88, 90, 91, 95, 96, 98, 99], "summary": {"covered_lines": 23, "num_statements": 26, "percent_covered": 88.46153846153847, "percent_covered_display": "88", "missing_lines": 3, "excluded_lines": 0, "percent_statements_covered": 88.46153846153847, "percent_statements_covered_display": "88"}, "missing_lines": [58, 61, 93], "excluded_lines": [], "start_line": 36}, "FitnessService.evaluate_delayed_webhook": {"executed_lines": [112, 121, 127, 128, 129, 131, 134, 135, 136, 138, 139, 142, 144, 148, 149, 150, 152, 154, 155, 156, 157, 158, 160, 161], "summary": {"covered_lines": 24, "num_statements": 29, "percent_covered": 82.75862068965517, "percent_covered_display": "83", "missing_lines": 5, "excluded_lines": 0, "percent_statements_covered": 82.75862068965517, "percent_statements_covered_display": "83"}, "missing_lines": [122, 125, 137, 143, 145], "excluded_lines": [], "start_line": 101}, "FitnessService.get_top_variants": {"executed_lines": [167], "summary": {"covered_lines": 1, "num_statements": 1, "percent_covered": 100.0, "percent_covered_display": "100", "missing_lines": 0, "excluded_lines": 0, "percent_statements_covered": 100.0, "percent_statements_covered_display": "100"}, "missing_lines": [], "excluded_lines": [], "start_line": 163}, "": {"executed_lines": [14, 15, 16, 18, 20, 22, 25, 33, 36, 101, 163], "summary": {"covered_lines": 11, "num_statements": 11, "percent_covered": 100.0, "percent_covered_display": "100", "missing_lines": 0, "excluded_lines": 0, "percent_statements_covered": 100.0, "percent_statements_covered_display": "100"}, "missing_lines": [], "excluded_lines": [], "start_line": 1}}, "classes": {"FitnessService": {"executed_lines": [34, 48, 57, 63, 66, 67, 69, 72, 73, 76, 77, 78, 79, 82, 85, 86, 87, 88, 90, 91, 95, 96, 98, 99, 112, 121, 127, 128, 129, 131, 134, 135, 136, 138, 139, 142, 144, 148, 149, 150, 152, 154, 155, 156, 157, 158, 160, 161, 167], "summary": {"covered_lines": 49, "num_statements": 57, "percent_covered": 85.96491228070175, "percent_covered_display": "86", "missing_lines": 8, "excluded_lines": 0, "percent_statements_covered": 85.96491228070175, "percent_statements_covered_display": "86"}, "missing_lines": [58, 61, 93, 122, 125, 137, 143, 145], "excluded_lines": [], "start_line": 25}, "": {"executed_lines": [14, 15, 16, 18, 20, 22, 25, 33, 36, 101, 163], "summary": {"covered_lines": 11, "num_statements": 11, "percent_covered": 100.0, "percent_covered_display": "100", "missing_lines": 0, "excluded_lines": 0, "percent_statements_covered": 100.0, "percent_statements_covered_display": "100"}, "missing_lines": [], "excluded_lines": [], "start_line": 1}}}, "backend/core/auto_dev/memento_engine.py": {"executed_lines": [16, 17, 18, 19, 21, 23, 24, 26, 29, 40, 46, 48, 62, 63, 65, 68, 69, 71, 78, 84, 85, 86, 88, 89, 91, 99, 102, 104, 119, 131, 132, 135, 136, 137, 139, 148, 149, 150, 151, 153, 166, 167, 175, 176, 177, 178, 180, 188, 189, 192, 193, 195, 196, 201, 202, 204, 213, 220, 233, 234, 236, 237, 240, 243, 247, 257, 258, 259, 261, 264, 266, 277, 286, 289, 295, 296, 297, 299, 300, 302, 304, 310, 318, 328, 329, 331, 332, 358, 359, 360, 364, 365, 368, 369, 374, 375, 377, 378], "summary": {"covered_lines": 98, "num_statements": 116, "percent_covered": 84.48275862068965, "percent_covered_display": "84", "missing_lines": 18, "excluded_lines": 0, "percent_statements_covered": 84.48275862068965, "percent_statements_covered_display": "84"}, "missing_lines": [90, 92, 115, 116, 117, 133, 190, 203, 287, 334, 335, 346, 352, 353, 354, 355, 357, 379], "excluded_lines": [], "functions": {"MementoEngine.__init__": {"executed_lines": [46], "summary": {"covered_lines": 1, "num_statements": 1, "percent_covered": 100.0, "percent_covered_display": "100", "missing_lines": 0, "excluded_lines": 0, "percent_statements_covered": 100.0, "percent_statements_covered_display": "100"}, "missing_lines": [], "excluded_lines": [], "start_line": 40}, "MementoEngine.analyze_episode": {"executed_lines": [62, 63, 65, 68, 69, 71, 78, 84, 85, 86, 88, 89, 91, 99, 102, 104], "summary": {"covered_lines": 16, "num_statements": 21, "percent_covered": 76.19047619047619, "percent_covered_display": "76", "missing_lines": 5, "excluded_lines": 0, "percent_statements_covered": 76.19047619047619, "percent_statements_covered_display": "76"}, "missing_lines": [90, 92, 115, 116, 117], "excluded_lines": [], "start_line": 48}, "MementoEngine.propose_code_change": {"executed_lines": [131, 132, 135, 136, 137, 139, 148, 149, 150, 151, 153, 166, 167, 175, 176, 177, 178], "summary": {"covered_lines": 17, "num_statements": 18, "percent_covered": 94.44444444444444, "percent_covered_display": "94", "missing_lines": 1, "excluded_lines": 0, "percent_statements_covered": 94.44444444444444, "percent_statements_covered_display": "94"}, "missing_lines": [133], "excluded_lines": [], "start_line": 119}, "MementoEngine.validate_change": {"executed_lines": [188, 189, 192, 193, 195, 196, 201, 202, 204, 213], "summary": {"covered_lines": 10, "num_statements": 12, "percent_covered": 83.33333333333333, "percent_covered_display": "83", "missing_lines": 2, "excluded_lines": 0, "percent_statements_covered": 83.33333333333333, "percent_statements_covered_display": "83"}, "missing_lines": [190, 203], "excluded_lines": [], "start_line": 180}, "MementoEngine.generate_skill_candidate": {"executed_lines": [233, 234, 236, 237, 240, 243, 247, 257, 258, 259, 261, 264], "summary": {"covered_lines": 12, "num_statements": 12, "percent_covered": 100.0, "percent_covered_display": "100", "missing_lines": 0, "excluded_lines": 0, "percent_statements_covered": 100.0, "percent_statements_covered_display": "100"}, "missing_lines": [], "excluded_lines": [], "start_line": 220}, "MementoEngine.validate_candidate": {"executed_lines": [277, 286, 289, 295, 296, 297, 299, 300, 302, 304], "summary": {"covered_lines": 10, "num_statements": 11, "percent_covered": 90.9090909090909, "percent_covered_display": "91", "missing_lines": 1, "excluded_lines": 0, "percent_statements_covered": 90.9090909090909, "percent_statements_covered_display": "91"}, "missing_lines": [287], "excluded_lines": [], "start_line": 266}, "MementoEngine.promote_skill": {"executed_lines": [318, 328, 329, 331, 332, 358, 359, 360], "summary": {"covered_lines": 8, "num_statements": 16, "percent_covered": 50.0, "percent_covered_display": "50", "missing_lines": 8, "excluded_lines": 0, "percent_statements_covered": 50.0, "percent_statements_covered_display": "50"}, "missing_lines": [334, 335, 346, 352, 353, 354, 355, 357], "excluded_lines": [], "start_line": 310}, "MementoEngine._suggest_skill_name": {"executed_lines": [368, 369, 374, 375, 377, 378], "summary": {"covered_lines": 6, "num_statements": 7, "percent_covered": 85.71428571428571, "percent_covered_display": "86", "missing_lines": 1, "excluded_lines": 0, "percent_statements_covered": 85.71428571428571, "percent_statements_covered_display": "86"}, "missing_lines": [379], "excluded_lines": [], "start_line": 365}, "": {"executed_lines": [16, 17, 18, 19, 21, 23, 24, 26, 29, 40, 48, 119, 180, 220, 266, 310, 364, 365], "summary": {"covered_lines": 18, "num_statements": 18, "percent_covered": 100.0, "percent_covered_display": "100", "missing_lines": 0, "excluded_lines": 0, "percent_statements_covered": 100.0, "percent_statements_covered_display": "100"}, "missing_lines": [], "excluded_lines": [], "start_line": 1}}, "classes": {"MementoEngine": {"executed_lines": [46, 62, 63, 65, 68, 69, 71, 78, 84, 85, 86, 88, 89, 91, 99, 102, 104, 131, 132, 135, 136, 137, 139, 148, 149, 150, 151, 153, 166, 167, 175, 176, 177, 178, 188, 189, 192, 193, 195, 196, 201, 202, 204, 213, 233, 234, 236, 237, 240, 243, 247, 257, 258, 259, 261, 264, 277, 286, 289, 295, 296, 297, 299, 300, 302, 304, 318, 328, 329, 331, 332, 358, 359, 360, 368, 369, 374, 375, 377, 378], "summary": {"covered_lines": 80, "num_statements": 98, "percent_covered": 81.63265306122449, "percent_covered_display": "82", "missing_lines": 18, "excluded_lines": 0, "percent_statements_covered": 81.63265306122449, "percent_statements_covered_display": "82"}, "missing_lines": [90, 92, 115, 116, 117, 133, 190, 203, 287, 334, 335, 346, 352, 353, 354, 355, 357, 379], "excluded_lines": [], "start_line": 29}, "": {"executed_lines": [16, 17, 18, 19, 21, 23, 24, 26, 29, 40, 48, 119, 180, 220, 266, 310, 364, 365], "summary": {"covered_lines": 18, "num_statements": 18, "percent_covered": 100.0, "percent_covered_display": "100", "missing_lines": 0, "excluded_lines": 0, "percent_statements_covered": 100.0, "percent_statements_covered_display": "100"}, "missing_lines": [], "excluded_lines": [], "start_line": 1}}}, "backend/core/auto_dev/models.py": {"executed_lines": [10, 11, 13, 15, 18, 26, 28, 29, 30, 31, 32, 33, 34, 35, 38, 48, 50, 51, 52, 53, 54, 55, 56, 57, 58, 59, 62, 74, 76, 77, 78, 79, 80, 81, 82, 83, 84, 87, 88, 89, 90, 91, 93], "summary": {"covered_lines": 43, "num_statements": 43, "percent_covered": 100.0, "percent_covered_display": "100", "missing_lines": 0, "excluded_lines": 0, "percent_statements_covered": 100.0, "percent_statements_covered_display": "100"}, "missing_lines": [], "excluded_lines": [], "functions": {"": {"executed_lines": [10, 11, 13, 15, 18, 26, 28, 29, 30, 31, 32, 33, 34, 35, 38, 48, 50, 51, 52, 53, 54, 55, 56, 57, 58, 59, 62, 74, 76, 77, 78, 79, 80, 81, 82, 83, 84, 87, 88, 89, 90, 91, 93], "summary": {"covered_lines": 43, "num_statements": 43, "percent_covered": 100.0, "percent_covered_display": "100", "missing_lines": 0, "excluded_lines": 0, "percent_statements_covered": 100.0, "percent_statements_covered_display": "100"}, "missing_lines": [], "excluded_lines": [], "start_line": 1}}, "classes": {"ToolMutation": {"executed_lines": [], "summary": {"covered_lines": 0, "num_statements": 0, "percent_covered": 100.0, "percent_covered_display": "100", "missing_lines": 0, "excluded_lines": 0, "percent_statements_covered": 100.0, "percent_statements_covered_display": "100"}, "missing_lines": [], "excluded_lines": [], "start_line": 18}, "WorkflowVariant": {"executed_lines": [], "summary": {"covered_lines": 0, "num_statements": 0, "percent_covered": 100.0, "percent_covered_display": "100", "missing_lines": 0, "excluded_lines": 0, "percent_statements_covered": 100.0, "percent_statements_covered_display": "100"}, "missing_lines": [], "excluded_lines": [], "start_line": 38}, "SkillCandidate": {"executed_lines": [], "summary": {"covered_lines": 0, "num_statements": 0, "percent_covered": 100.0, "percent_covered_display": "100", "missing_lines": 0, "excluded_lines": 0, "percent_statements_covered": 100.0, "percent_statements_covered_display": "100"}, "missing_lines": [], "excluded_lines": [], "start_line": 62}, "": {"executed_lines": [10, 11, 13, 15, 18, 26, 28, 29, 30, 31, 32, 33, 34, 35, 38, 48, 50, 51, 52, 53, 54, 55, 56, 57, 58, 59, 62, 74, 76, 77, 78, 79, 80, 81, 82, 83, 84, 87, 88, 89, 90, 91, 93], "summary": {"covered_lines": 43, "num_statements": 43, "percent_covered": 100.0, "percent_covered_display": "100", "missing_lines": 0, "excluded_lines": 0, "percent_statements_covered": 100.0, "percent_statements_covered_display": "100"}, "missing_lines": [], "excluded_lines": [], "start_line": 1}}}, "backend/core/auto_dev/reflection_engine.py": {"executed_lines": [14, 15, 16, 18, 20, 22, 25, 28, 40, 45, 46, 48, 50, 52, 53, 55, 63, 66, 67, 70, 80, 82, 83, 87, 95, 97, 105, 106, 108, 109, 114, 117, 118, 120, 122, 123, 125, 128, 130, 139, 141, 142, 144, 149, 153, 155, 159, 161, 163, 164, 165, 166, 167, 170, 171, 173, 175, 179, 180], "summary": {"covered_lines": 59, "num_statements": 64, "percent_covered": 92.1875, "percent_covered_display": "92", "missing_lines": 5, "excluded_lines": 0, "percent_statements_covered": 92.1875, "percent_statements_covered_display": "92"}, "missing_lines": [135, 137, 150, 151, 152], "excluded_lines": [], "functions": {"ReflectionEngine.__init__": {"executed_lines": [45, 46, 48], "summary": {"covered_lines": 3, "num_statements": 3, "percent_covered": 100.0, "percent_covered_display": "100", "missing_lines": 0, "excluded_lines": 0, "percent_statements_covered": 100.0, "percent_statements_covered_display": "100"}, "missing_lines": [], "excluded_lines": [], "start_line": 40}, "ReflectionEngine.register": {"executed_lines": [52, 53], "summary": {"covered_lines": 2, "num_statements": 2, "percent_covered": 100.0, "percent_covered_display": "100", "missing_lines": 0, "excluded_lines": 0, "percent_statements_covered": 100.0, "percent_statements_covered_display": "100"}, "missing_lines": [], "excluded_lines": [], "start_line": 50}, "ReflectionEngine.process_failure": {"executed_lines": [63, 66, 67, 70, 80, 82, 83, 87, 95], "summary": {"covered_lines": 9, "num_statements": 9, "percent_covered": 100.0, "percent_covered_display": "100", "missing_lines": 0, "excluded_lines": 0, "percent_statements_covered": 100.0, "percent_statements_covered_display": "100"}, "missing_lines": [], "excluded_lines": [], "start_line": 55}, "ReflectionEngine._trigger_memento": {"executed_lines": [105, 106, 108, 109, 114, 117, 118], "summary": {"covered_lines": 7, "num_statements": 7, "percent_covered": 100.0, "percent_covered_display": "100", "missing_lines": 0, "excluded_lines": 0, "percent_statements_covered": 100.0, "percent_statements_covered_display": "100"}, "missing_lines": [], "excluded_lines": [], "start_line": 97}, "ReflectionEngine._should_process_agent": {"executed_lines": [122, 123, 125, 128, 130], "summary": {"covered_lines": 5, "num_statements": 7, "percent_covered": 71.42857142857143, "percent_covered_display": "71", "missing_lines": 2, "excluded_lines": 0, "percent_statements_covered": 71.42857142857143, "percent_statements_covered_display": "71"}, "missing_lines": [135, 137], "excluded_lines": [], "start_line": 120}, "ReflectionEngine._get_workspace_settings": {"executed_lines": [141, 142, 144, 149, 153], "summary": {"covered_lines": 5, "num_statements": 8, "percent_covered": 62.5, "percent_covered_display": "62", "missing_lines": 3, "excluded_lines": 0, "percent_statements_covered": 62.5, "percent_statements_covered_display": "62"}, "missing_lines": [150, 151, 152], "excluded_lines": [], "start_line": 139}, "ReflectionEngine._find_similar_failures": {"executed_lines": [159, 161, 163, 164, 165, 166, 167, 170, 171, 173], "summary": {"covered_lines": 10, "num_statements": 10, "percent_covered": 100.0, "percent_covered_display": "100", "missing_lines": 0, "excluded_lines": 0, "percent_statements_covered": 100.0, "percent_statements_covered_display": "100"}, "missing_lines": [], "excluded_lines": [], "start_line": 155}, "ReflectionEngine._clear_pattern": {"executed_lines": [179, 180], "summary": {"covered_lines": 2, "num_statements": 2, "percent_covered": 100.0, "percent_covered_display": "100", "missing_lines": 0, "excluded_lines": 0, "percent_statements_covered": 100.0, "percent_statements_covered_display": "100"}, "missing_lines": [], "excluded_lines": [], "start_line": 175}, "": {"executed_lines": [14, 15, 16, 18, 20, 22, 25, 28, 40, 50, 55, 97, 120, 139, 155, 175], "summary": {"covered_lines": 16, "num_statements": 16, "percent_covered": 100.0, "percent_covered_display": "100", "missing_lines": 0, "excluded_lines": 0, "percent_statements_covered": 100.0, "percent_statements_covered_display": "100"}, "missing_lines": [], "excluded_lines": [], "start_line": 1}}, "classes": {"ReflectionEngine": {"executed_lines": [45, 46, 48, 52, 53, 63, 66, 67, 70, 80, 82, 83, 87, 95, 105, 106, 108, 109, 114, 117, 118, 122, 123, 125, 128, 130, 141, 142, 144, 149, 153, 159, 161, 163, 164, 165, 166, 167, 170, 171, 173, 179, 180], "summary": {"covered_lines": 43, "num_statements": 48, "percent_covered": 89.58333333333333, "percent_covered_display": "90", "missing_lines": 5, "excluded_lines": 0, "percent_statements_covered": 89.58333333333333, "percent_statements_covered_display": "90"}, "missing_lines": [135, 137, 150, 151, 152], "excluded_lines": [], "start_line": 28}, "": {"executed_lines": [14, 15, 16, 18, 20, 22, 25, 28, 40, 50, 55, 97, 120, 139, 155, 175], "summary": {"covered_lines": 16, "num_statements": 16, "percent_covered": 100.0, "percent_covered_display": "100", "missing_lines": 0, "excluded_lines": 0, "percent_statements_covered": 100.0, "percent_statements_covered_display": "100"}, "missing_lines": [], "excluded_lines": [], "start_line": 1}}}}, "totals": {"covered_lines": 626, "num_statements": 801, "percent_covered": 78.15230961298377, "percent_covered_display": "78", "missing_lines": 175, "excluded_lines": 4, "percent_statements_covered": 78.15230961298377, "percent_statements_covered_display": "78"}}