{"meta": {"format": 3, "version": "7.13.4", "timestamp": "2026-03-19T16:32:30.798896", "branch_coverage": false, "show_contexts": false}, "files": {"backend/core/config.py": {"executed_lines": [6, 7, 8, 9, 10, 11, 13, 15, 16, 18, 19, 20, 21, 22, 24, 25, 26, 27, 28, 29, 30, 31, 33, 34, 36, 37, 38, 39, 40, 41, 42, 44, 45, 47, 48, 50, 51, 52, 53, 54, 55, 56, 57, 58, 59, 60, 61, 66, 67, 68, 69, 70, 71, 72, 73, 74, 76, 77, 79, 80, 81, 82, 83, 85, 86, 87, 88, 89, 91, 92, 94, 95, 96, 97, 99, 100, 101, 103, 104, 106, 107, 108, 109, 110, 111, 113, 114, 115, 116, 117, 118, 119, 120, 121, 122, 124, 125, 127, 128, 129, 130, 131, 133, 134, 137, 138, 139, 142, 143, 144, 145, 147, 148, 149, 150, 151, 153, 155, 156, 157, 159, 161, 164, 165, 167, 168, 169, 170, 172, 173, 174, 175, 176, 177, 178, 179, 180, 182, 183, 185, 186, 187, 188, 189, 190, 191, 192, 193, 194, 195, 196, 198, 200, 201, 204, 205, 208, 209, 212, 215, 216, 217, 220, 221, 223, 224, 226, 227, 228, 229, 230, 232, 233, 234, 235, 236, 237, 238, 239, 240, 242, 243, 245, 246, 247, 248, 249, 251, 252, 253, 254, 255, 256, 257, 258, 259, 261, 262, 264, 265, 266, 267, 268, 269, 270, 271, 272, 273, 275, 277, 278, 279, 280, 281, 282, 283, 284, 285, 286, 287, 288, 289, 290, 291, 292, 293, 294, 295, 296, 298, 299, 301, 303, 304, 306, 307, 308, 311, 312, 313, 315, 317, 319, 320, 321, 322, 323, 325, 327, 329, 332, 334, 335, 336, 338, 340, 342, 344, 346, 348, 349, 351, 352, 353, 354, 356, 382, 384, 386, 388, 390, 392, 394, 396, 398, 400, 403, 404, 407, 408, 409, 412, 414, 415, 416, 417, 419, 425, 427, 429, 431, 435, 436, 437, 439, 440, 442, 444, 446, 447, 449, 453, 454, 457, 458, 461, 464, 467, 468, 469, 472, 477, 478, 481], "summary": {"covered_lines": 314, "num_statements": 336, "percent_covered": 93.45238095238095, "percent_covered_display": "93", "missing_lines": 22, "excluded_lines": 0, "percent_statements_covered": 93.45238095238095, "percent_statements_covered_display": "93"}, "missing_lines": [62, 63, 314, 316, 318, 324, 326, 328, 330, 358, 361, 362, 365, 366, 367, 370, 372, 373, 374, 375, 377, 450], "excluded_lines": [], "functions": {"DatabaseConfig.__post_init__": {"executed_lines": [25, 26, 27, 28, 29, 30, 31], "summary": {"covered_lines": 7, "num_statements": 7, "percent_covered": 100.0, "percent_covered_display": "100", "missing_lines": 0, "excluded_lines": 0, "percent_statements_covered": 100.0, "percent_statements_covered_display": "100"}, "missing_lines": [], "excluded_lines": [], "start_line": 24}, "RedisConfig.__post_init__": {"executed_lines": [45, 47, 48, 50, 51, 52, 53, 54, 55, 56, 57, 58, 59, 60, 61, 66, 67, 68, 69, 70, 71, 72, 73, 74], "summary": {"covered_lines": 24, "num_statements": 26, "percent_covered": 92.3076923076923, "percent_covered_display": "92", "missing_lines": 2, "excluded_lines": 0, "percent_statements_covered": 92.3076923076923, "percent_statements_covered_display": "92"}, "missing_lines": [62, 63], "excluded_lines": [], "start_line": 44}, "SchedulerConfig.__post_init__": {"executed_lines": [86, 87, 88, 89], "summary": {"covered_lines": 4, "num_statements": 4, "percent_covered": 100.0, "percent_covered_display": "100", "missing_lines": 0, "excluded_lines": 0, "percent_statements_covered": 100.0, "percent_statements_covered_display": "100"}, "missing_lines": [], "excluded_lines": [], "start_line": 85}, "LanceDBConfig.__post_init__": {"executed_lines": [100, 101], "summary": {"covered_lines": 2, "num_statements": 2, "percent_covered": 100.0, "percent_covered_display": "100", "missing_lines": 0, "excluded_lines": 0, "percent_statements_covered": 100.0, "percent_statements_covered_display": "100"}, "missing_lines": [], "excluded_lines": [], "start_line": 99}, "ServerConfig.__post_init__": {"executed_lines": [114, 115, 116, 117, 118, 119, 120, 121, 122], "summary": {"covered_lines": 9, "num_statements": 9, "percent_covered": 100.0, "percent_covered_display": "100", "missing_lines": 0, "excluded_lines": 0, "percent_statements_covered": 100.0, "percent_statements_covered_display": "100"}, "missing_lines": [], "excluded_lines": [], "start_line": 113}, "SecurityConfig.__post_init__": {"executed_lines": [134, 137, 138, 139, 142, 143, 144, 145, 147, 148, 149, 150, 151, 153, 155, 156, 157], "summary": {"covered_lines": 17, "num_statements": 17, "percent_covered": 100.0, "percent_covered_display": "100", "missing_lines": 0, "excluded_lines": 0, "percent_statements_covered": 100.0, "percent_statements_covered_display": "100"}, "missing_lines": [], "excluded_lines": [], "start_line": 133}, "SecurityConfig._log_security_event": {"executed_lines": [161], "summary": {"covered_lines": 1, "num_statements": 1, "percent_covered": 100.0, "percent_covered_display": "100", "missing_lines": 0, "excluded_lines": 0, "percent_statements_covered": 100.0, "percent_statements_covered_display": "100"}, "missing_lines": [], "excluded_lines": [], "start_line": 159}, "APIConfig.__post_init__": {"executed_lines": [173, 174, 175, 176, 177, 178, 179, 180], "summary": {"covered_lines": 8, "num_statements": 8, "percent_covered": 100.0, "percent_covered_display": "100", "missing_lines": 0, "excluded_lines": 0, "percent_statements_covered": 100.0, "percent_statements_covered_display": "100"}, "missing_lines": [], "excluded_lines": [], "start_line": 172}, "IntegrationConfig.__post_init__": {"executed_lines": [200, 201, 204, 205, 208, 209, 212, 215, 216, 217, 220, 221], "summary": {"covered_lines": 12, "num_statements": 12, "percent_covered": 100.0, "percent_covered_display": "100", "missing_lines": 0, "excluded_lines": 0, "percent_statements_covered": 100.0, "percent_statements_covered_display": "100"}, "missing_lines": [], "excluded_lines": [], "start_line": 198}, "AIConfig.__post_init__": {"executed_lines": [233, 234, 235, 236, 237, 238, 239, 240], "summary": {"covered_lines": 8, "num_statements": 8, "percent_covered": 100.0, "percent_covered_display": "100", "missing_lines": 0, "excluded_lines": 0, "percent_statements_covered": 100.0, "percent_statements_covered_display": "100"}, "missing_lines": [], "excluded_lines": [], "start_line": 232}, "LoggingConfig.__post_init__": {"executed_lines": [252, 253, 254, 255, 256, 257, 258, 259], "summary": {"covered_lines": 8, "num_statements": 8, "percent_covered": 100.0, "percent_covered_display": "100", "missing_lines": 0, "excluded_lines": 0, "percent_statements_covered": 100.0, "percent_statements_covered_display": "100"}, "missing_lines": [], "excluded_lines": [], "start_line": 251}, "ATOMConfig.__post_init__": {"executed_lines": [277, 278, 279, 280, 281, 282, 283, 284, 285, 286, 287, 288, 289, 290, 291, 292, 293, 294, 295, 296], "summary": {"covered_lines": 20, "num_statements": 20, "percent_covered": 100.0, "percent_covered_display": "100", "missing_lines": 0, "excluded_lines": 0, "percent_statements_covered": 100.0, "percent_statements_covered_display": "100"}, "missing_lines": [], "excluded_lines": [], "start_line": 275}, "ATOMConfig.from_env": {"executed_lines": [301], "summary": {"covered_lines": 1, "num_statements": 1, "percent_covered": 100.0, "percent_covered_display": "100", "missing_lines": 0, "excluded_lines": 0, "percent_statements_covered": 100.0, "percent_statements_covered_display": "100"}, "missing_lines": [], "excluded_lines": [], "start_line": 299}, "ATOMConfig.from_file": {"executed_lines": [306, 307, 308, 311, 312, 313, 315, 317, 319, 320, 321, 322, 323, 325, 327, 329, 332, 334, 335, 336], "summary": {"covered_lines": 20, "num_statements": 27, "percent_covered": 74.07407407407408, "percent_covered_display": "74", "missing_lines": 7, "excluded_lines": 0, "percent_statements_covered": 74.07407407407408, "percent_statements_covered_display": "74"}, "missing_lines": [314, 316, 318, 324, 326, 328, 330], "excluded_lines": [], "start_line": 304}, "ATOMConfig.to_dict": {"executed_lines": [340], "summary": {"covered_lines": 1, "num_statements": 1, "percent_covered": 100.0, "percent_covered_display": "100", "missing_lines": 0, "excluded_lines": 0, "percent_statements_covered": 100.0, "percent_statements_covered_display": "100"}, "missing_lines": [], "excluded_lines": [], "start_line": 338}, "ATOMConfig.to_file": {"executed_lines": [344, 346, 348, 349, 351, 352, 353, 354], "summary": {"covered_lines": 8, "num_statements": 8, "percent_covered": 100.0, "percent_covered_display": "100", "missing_lines": 0, "excluded_lines": 0, "percent_statements_covered": 100.0, "percent_statements_covered_display": "100"}, "missing_lines": [], "excluded_lines": [], "start_line": 342}, "ATOMConfig.validate": {"executed_lines": [400, 403, 404, 407, 408, 409, 412, 414, 415, 416, 417, 419], "summary": {"covered_lines": 12, "num_statements": 12, "percent_covered": 100.0, "percent_covered_display": "100", "missing_lines": 0, "excluded_lines": 0, "percent_statements_covered": 100.0, "percent_statements_covered_display": "100"}, "missing_lines": [], "excluded_lines": [], "start_line": 398}, "ATOMConfig.get_database_url": {"executed_lines": [384], "summary": {"covered_lines": 1, "num_statements": 1, "percent_covered": 100.0, "percent_covered_display": "100", "missing_lines": 0, "excluded_lines": 0, "percent_statements_covered": 100.0, "percent_statements_covered_display": "100"}, "missing_lines": [], "excluded_lines": [], "start_line": 382}, "ATOMConfig.get_lancedb_path": {"executed_lines": [388], "summary": {"covered_lines": 1, "num_statements": 1, "percent_covered": 100.0, "percent_covered_display": "100", "missing_lines": 0, "excluded_lines": 0, "percent_statements_covered": 100.0, "percent_statements_covered_display": "100"}, "missing_lines": [], "excluded_lines": [], "start_line": 386}, "ATOMConfig.is_production": {"executed_lines": [392], "summary": {"covered_lines": 1, "num_statements": 1, "percent_covered": 100.0, "percent_covered_display": "100", "missing_lines": 0, "excluded_lines": 0, "percent_statements_covered": 100.0, "percent_statements_covered_display": "100"}, "missing_lines": [], "excluded_lines": [], "start_line": 390}, "ATOMConfig.is_development": {"executed_lines": [396], "summary": {"covered_lines": 1, "num_statements": 1, "percent_covered": 100.0, "percent_covered_display": "100", "missing_lines": 0, "excluded_lines": 0, "percent_statements_covered": 100.0, "percent_statements_covered_display": "100"}, "missing_lines": [], "excluded_lines": [], "start_line": 394}, "get_config": {"executed_lines": [429], "summary": {"covered_lines": 1, "num_statements": 1, "percent_covered": 100.0, "percent_covered_display": "100", "missing_lines": 0, "excluded_lines": 0, "percent_statements_covered": 100.0, "percent_statements_covered_display": "100"}, "missing_lines": [], "excluded_lines": [], "start_line": 427}, "load_config": {"executed_lines": [435, 436, 437, 439, 440, 442], "summary": {"covered_lines": 6, "num_statements": 6, "percent_covered": 100.0, "percent_covered_display": "100", "missing_lines": 0, "excluded_lines": 0, "percent_statements_covered": 100.0, "percent_statements_covered_display": "100"}, "missing_lines": [], "excluded_lines": [], "start_line": 431}, "setup_logging": {"executed_lines": [446, 447, 449, 453, 454, 457, 458, 461, 464, 467, 468, 469, 472, 477, 478], "summary": {"covered_lines": 15, "num_statements": 16, "percent_covered": 93.75, "percent_covered_display": "94", "missing_lines": 1, "excluded_lines": 0, "percent_statements_covered": 93.75, "percent_statements_covered_display": "94"}, "missing_lines": [450], "excluded_lines": [], "start_line": 444}, "": {"executed_lines": [6, 7, 8, 9, 10, 11, 13, 15, 16, 18, 19, 20, 21, 22, 24, 33, 34, 36, 37, 38, 39, 40, 41, 42, 44, 76, 77, 79, 80, 81, 82, 83, 85, 91, 92, 94, 95, 96, 97, 99, 103, 104, 106, 107, 108, 109, 110, 111, 113, 124, 125, 127, 128, 129, 130, 131, 133, 159, 164, 165, 167, 168, 169, 170, 172, 182, 183, 185, 186, 187, 188, 189, 190, 191, 192, 193, 194, 195, 196, 198, 223, 224, 226, 227, 228, 229, 230, 232, 242, 243, 245, 246, 247, 248, 249, 251, 261, 262, 264, 265, 266, 267, 268, 269, 270, 271, 272, 273, 275, 298, 299, 303, 304, 338, 342, 356, 382, 386, 390, 394, 398, 425, 427, 431, 444, 481], "summary": {"covered_lines": 126, "num_statements": 126, "percent_covered": 100.0, "percent_covered_display": "100", "missing_lines": 0, "excluded_lines": 0, "percent_statements_covered": 100.0, "percent_statements_covered_display": "100"}, "missing_lines": [], "excluded_lines": [], "start_line": 1}}, "classes": {"DatabaseConfig": {"executed_lines": [25, 26, 27, 28, 29, 30, 31], "summary": {"covered_lines": 7, "num_statements": 7, "percent_covered": 100.0, "percent_covered_display": "100", "missing_lines": 0, "excluded_lines": 0, "percent_statements_covered": 100.0, "percent_statements_covered_display": "100"}, "missing_lines": [], "excluded_lines": [], "start_line": 16}, "RedisConfig": {"executed_lines": [45, 47, 48, 50, 51, 52, 53, 54, 55, 56, 57, 58, 59, 60, 61, 66, 67, 68, 69, 70, 71, 72, 73, 74], "summary": {"covered_lines": 24, "num_statements": 26, "percent_covered": 92.3076923076923, "percent_covered_display": "92", "missing_lines": 2, "excluded_lines": 0, "percent_statements_covered": 92.3076923076923, "percent_statements_covered_display": "92"}, "missing_lines": [62, 63], "excluded_lines": [], "start_line": 34}, "SchedulerConfig": {"executed_lines": [86, 87, 88, 89], "summary": {"covered_lines": 4, "num_statements": 4, "percent_covered": 100.0, "percent_covered_display": "100", "missing_lines": 0, "excluded_lines": 0, "percent_statements_covered": 100.0, "percent_statements_covered_display": "100"}, "missing_lines": [], "excluded_lines": [], "start_line": 77}, "LanceDBConfig": {"executed_lines": [100, 101], "summary": {"covered_lines": 2, "num_statements": 2, "percent_covered": 100.0, "percent_covered_display": "100", "missing_lines": 0, "excluded_lines": 0, "percent_statements_covered": 100.0, "percent_statements_covered_display": "100"}, "missing_lines": [], "excluded_lines": [], "start_line": 92}, "ServerConfig": {"executed_lines": [114, 115, 116, 117, 118, 119, 120, 121, 122], "summary": {"covered_lines": 9, "num_statements": 9, "percent_covered": 100.0, "percent_covered_display": "100", "missing_lines": 0, "excluded_lines": 0, "percent_statements_covered": 100.0, "percent_statements_covered_display": "100"}, "missing_lines": [], "excluded_lines": [], "start_line": 104}, "SecurityConfig": {"executed_lines": [134, 137, 138, 139, 142, 143, 144, 145, 147, 148, 149, 150, 151, 153, 155, 156, 157, 161], "summary": {"covered_lines": 18, "num_statements": 18, "percent_covered": 100.0, "percent_covered_display": "100", "missing_lines": 0, "excluded_lines": 0, "percent_statements_covered": 100.0, "percent_statements_covered_display": "100"}, "missing_lines": [], "excluded_lines": [], "start_line": 125}, "APIConfig": {"executed_lines": [173, 174, 175, 176, 177, 178, 179, 180], "summary": {"covered_lines": 8, "num_statements": 8, "percent_covered": 100.0, "percent_covered_display": "100", "missing_lines": 0, "excluded_lines": 0, "percent_statements_covered": 100.0, "percent_statements_covered_display": "100"}, "missing_lines": [], "excluded_lines": [], "start_line": 165}, "IntegrationConfig": {"executed_lines": [200, 201, 204, 205, 208, 209, 212, 215, 216, 217, 220, 221], "summary": {"covered_lines": 12, "num_statements": 12, "percent_covered": 100.0, "percent_covered_display": "100", "missing_lines": 0, "excluded_lines": 0, "percent_statements_covered": 100.0, "percent_statements_covered_display": "100"}, "missing_lines": [], "excluded_lines": [], "start_line": 183}, "AIConfig": {"executed_lines": [233, 234, 235, 236, 237, 238, 239, 240], "summary": {"covered_lines": 8, "num_statements": 8, "percent_covered": 100.0, "percent_covered_display": "100", "missing_lines": 0, "excluded_lines": 0, "percent_statements_covered": 100.0, "percent_statements_covered_display": "100"}, "missing_lines": [], "excluded_lines": [], "start_line": 224}, "LoggingConfig": {"executed_lines": [252, 253, 254, 255, 256, 257, 258, 259], "summary": {"covered_lines": 8, "num_statements": 8, "percent_covered": 100.0, "percent_covered_display": "100", "missing_lines": 0, "excluded_lines": 0, "percent_statements_covered": 100.0, "percent_statements_covered_display": "100"}, "missing_lines": [], "excluded_lines": [], "start_line": 243}, "ATOMConfig": {"executed_lines": [277, 278, 279, 280, 281, 282, 283, 284, 285, 286, 287, 288, 289, 290, 291, 292, 293, 294, 295, 296, 301, 306, 307, 308, 311, 312, 313, 315, 317, 319, 320, 321, 322, 323, 325, 327, 329, 332, 334, 335, 336, 340, 344, 346, 348, 349, 351, 352, 353, 354, 384, 388, 392, 396, 400, 403, 404, 407, 408, 409, 412, 414, 415, 416, 417, 419], "summary": {"covered_lines": 66, "num_statements": 85, "percent_covered": 77.6470588235294, "percent_covered_display": "78", "missing_lines": 19, "excluded_lines": 0, "percent_statements_covered": 77.6470588235294, "percent_statements_covered_display": "78"}, "missing_lines": [314, 316, 318, 324, 326, 328, 330, 358, 361, 362, 365, 366, 367, 370, 372, 373, 374, 375, 377], "excluded_lines": [], "start_line": 262}, "": {"executed_lines": [6, 7, 8, 9, 10, 11, 13, 15, 16, 18, 19, 20, 21, 22, 24, 33, 34, 36, 37, 38, 39, 40, 41, 42, 44, 76, 77, 79, 80, 81, 82, 83, 85, 91, 92, 94, 95, 96, 97, 99, 103, 104, 106, 107, 108, 109, 110, 111, 113, 124, 125, 127, 128, 129, 130, 131, 133, 159, 164, 165, 167, 168, 169, 170, 172, 182, 183, 185, 186, 187, 188, 189, 190, 191, 192, 193, 194, 195, 196, 198, 223, 224, 226, 227, 228, 229, 230, 232, 242, 243, 245, 246, 247, 248, 249, 251, 261, 262, 264, 265, 266, 267, 268, 269, 270, 271, 272, 273, 275, 298, 299, 303, 304, 338, 342, 356, 382, 386, 390, 394, 398, 425, 427, 429, 431, 435, 436, 437, 439, 440, 442, 444, 446, 447, 449, 453, 454, 457, 458, 461, 464, 467, 468, 469, 472, 477, 478, 481], "summary": {"covered_lines": 148, "num_statements": 149, "percent_covered": 99.32885906040268, "percent_covered_display": "99", "missing_lines": 1, "excluded_lines": 0, "percent_statements_covered": 99.32885906040268, "percent_statements_covered_display": "99"}, "missing_lines": [450], "excluded_lines": [], "start_line": 1}}}, "backend/core/structured_logger.py": {"executed_lines": [8, 9, 10, 11, 12, 13, 14, 17, 20, 50, 58, 61, 62, 63, 65, 68, 69, 71, 74, 75, 78, 79, 81, 84, 85, 86, 87, 88, 89, 91, 106, 107, 108, 111, 112, 115, 118, 120, 122, 124, 126, 128, 130, 132, 134, 136, 138, 140, 149, 150, 151, 152, 153, 157, 160, 167, 168, 170, 181, 184, 195, 198, 199, 206, 207, 208, 214, 225, 228, 230, 233, 247, 252, 254, 255, 258, 260, 261, 264, 266, 267, 270, 272, 273, 276, 278, 279, 282, 284, 285], "summary": {"covered_lines": 90, "num_statements": 92, "percent_covered": 97.82608695652173, "percent_covered_display": "98", "missing_lines": 2, "excluded_lines": 0, "percent_statements_covered": 97.82608695652173, "percent_statements_covered_display": "98"}, "missing_lines": [209, 211], "excluded_lines": [], "functions": {"StructuredLogger.__init__": {"executed_lines": [58, 61, 62, 63, 65, 68, 69], "summary": {"covered_lines": 7, "num_statements": 7, "percent_covered": 100.0, "percent_covered_display": "100", "missing_lines": 0, "excluded_lines": 0, "percent_statements_covered": 100.0, "percent_statements_covered_display": "100"}, "missing_lines": [], "excluded_lines": [], "start_line": 50}, "StructuredLogger._setup_handlers": {"executed_lines": [74, 75, 78, 79, 81, 84, 85, 86, 87, 88, 89], "summary": {"covered_lines": 11, "num_statements": 11, "percent_covered": 100.0, "percent_covered_display": "100", "missing_lines": 0, "excluded_lines": 0, "percent_statements_covered": 100.0, "percent_statements_covered_display": "100"}, "missing_lines": [], "excluded_lines": [], "start_line": 71}, "StructuredLogger._log": {"executed_lines": [106, 107, 108, 111, 112, 115, 118], "summary": {"covered_lines": 7, "num_statements": 7, "percent_covered": 100.0, "percent_covered_display": "100", "missing_lines": 0, "excluded_lines": 0, "percent_statements_covered": 100.0, "percent_statements_covered_display": "100"}, "missing_lines": [], "excluded_lines": [], "start_line": 91}, "StructuredLogger.debug": {"executed_lines": [122], "summary": {"covered_lines": 1, "num_statements": 1, "percent_covered": 100.0, "percent_covered_display": "100", "missing_lines": 0, "excluded_lines": 0, "percent_statements_covered": 100.0, "percent_statements_covered_display": "100"}, "missing_lines": [], "excluded_lines": [], "start_line": 120}, "StructuredLogger.info": {"executed_lines": [126], "summary": {"covered_lines": 1, "num_statements": 1, "percent_covered": 100.0, "percent_covered_display": "100", "missing_lines": 0, "excluded_lines": 0, "percent_statements_covered": 100.0, "percent_statements_covered_display": "100"}, "missing_lines": [], "excluded_lines": [], "start_line": 124}, "StructuredLogger.warning": {"executed_lines": [130], "summary": {"covered_lines": 1, "num_statements": 1, "percent_covered": 100.0, "percent_covered_display": "100", "missing_lines": 0, "excluded_lines": 0, "percent_statements_covered": 100.0, "percent_statements_covered_display": "100"}, "missing_lines": [], "excluded_lines": [], "start_line": 128}, "StructuredLogger.error": {"executed_lines": [134], "summary": {"covered_lines": 1, "num_statements": 1, "percent_covered": 100.0, "percent_covered_display": "100", "missing_lines": 0, "excluded_lines": 0, "percent_statements_covered": 100.0, "percent_statements_covered_display": "100"}, "missing_lines": [], "excluded_lines": [], "start_line": 132}, "StructuredLogger.critical": {"executed_lines": [138], "summary": {"covered_lines": 1, "num_statements": 1, "percent_covered": 100.0, "percent_covered_display": "100", "missing_lines": 0, "excluded_lines": 0, "percent_statements_covered": 100.0, "percent_statements_covered_display": "100"}, "missing_lines": [], "excluded_lines": [], "start_line": 136}, "StructuredLogger.exception": {"executed_lines": [149, 150, 151, 152, 153, 157], "summary": {"covered_lines": 6, "num_statements": 6, "percent_covered": 100.0, "percent_covered_display": "100", "missing_lines": 0, "excluded_lines": 0, "percent_statements_covered": 100.0, "percent_statements_covered_display": "100"}, "missing_lines": [], "excluded_lines": [], "start_line": 140}, "StructuredFormatter.__init__": {"executed_lines": [168], "summary": {"covered_lines": 1, "num_statements": 1, "percent_covered": 100.0, "percent_covered_display": "100", "missing_lines": 0, "excluded_lines": 0, "percent_statements_covered": 100.0, "percent_statements_covered_display": "100"}, "missing_lines": [], "excluded_lines": [], "start_line": 167}, "StructuredFormatter.format": {"executed_lines": [181, 184, 195, 198, 199, 206, 207, 208], "summary": {"covered_lines": 8, "num_statements": 10, "percent_covered": 80.0, "percent_covered_display": "80", "missing_lines": 2, "excluded_lines": 0, "percent_statements_covered": 80.0, "percent_statements_covered_display": "80"}, "missing_lines": [209, 211], "excluded_lines": [], "start_line": 170}, "set_request_id": {"executed_lines": [225], "summary": {"covered_lines": 1, "num_statements": 1, "percent_covered": 100.0, "percent_covered_display": "100", "missing_lines": 0, "excluded_lines": 0, "percent_statements_covered": 100.0, "percent_statements_covered_display": "100"}, "missing_lines": [], "excluded_lines": [], "start_line": 214}, "clear_request_id": {"executed_lines": [230], "summary": {"covered_lines": 1, "num_statements": 1, "percent_covered": 100.0, "percent_covered_display": "100", "missing_lines": 0, "excluded_lines": 0, "percent_statements_covered": 100.0, "percent_statements_covered_display": "100"}, "missing_lines": [], "excluded_lines": [], "start_line": 228}, "get_logger": {"executed_lines": [247], "summary": {"covered_lines": 1, "num_statements": 1, "percent_covered": 100.0, "percent_covered_display": "100", "missing_lines": 0, "excluded_lines": 0, "percent_statements_covered": 100.0, "percent_statements_covered_display": "100"}, "missing_lines": [], "excluded_lines": [], "start_line": 233}, "log_debug": {"executed_lines": [254, 255], "summary": {"covered_lines": 2, "num_statements": 2, "percent_covered": 100.0, "percent_covered_display": "100", "missing_lines": 0, "excluded_lines": 0, "percent_statements_covered": 100.0, "percent_statements_covered_display": "100"}, "missing_lines": [], "excluded_lines": [], "start_line": 252}, "log_info": {"executed_lines": [260, 261], "summary": {"covered_lines": 2, "num_statements": 2, "percent_covered": 100.0, "percent_covered_display": "100", "missing_lines": 0, "excluded_lines": 0, "percent_statements_covered": 100.0, "percent_statements_covered_display": "100"}, "missing_lines": [], "excluded_lines": [], "start_line": 258}, "log_warning": {"executed_lines": [266, 267], "summary": {"covered_lines": 2, "num_statements": 2, "percent_covered": 100.0, "percent_covered_display": "100", "missing_lines": 0, "excluded_lines": 0, "percent_statements_covered": 100.0, "percent_statements_covered_display": "100"}, "missing_lines": [], "excluded_lines": [], "start_line": 264}, "log_error": {"executed_lines": [272, 273], "summary": {"covered_lines": 2, "num_statements": 2, "percent_covered": 100.0, "percent_covered_display": "100", "missing_lines": 0, "excluded_lines": 0, "percent_statements_covered": 100.0, "percent_statements_covered_display": "100"}, "missing_lines": [], "excluded_lines": [], "start_line": 270}, "log_critical": {"executed_lines": [278, 279], "summary": {"covered_lines": 2, "num_statements": 2, "percent_covered": 100.0, "percent_covered_display": "100", "missing_lines": 0, "excluded_lines": 0, "percent_statements_covered": 100.0, "percent_statements_covered_display": "100"}, "missing_lines": [], "excluded_lines": [], "start_line": 276}, "log_exception": {"executed_lines": [284, 285], "summary": {"covered_lines": 2, "num_statements": 2, "percent_covered": 100.0, "percent_covered_display": "100", "missing_lines": 0, "excluded_lines": 0, "percent_statements_covered": 100.0, "percent_statements_covered_display": "100"}, "missing_lines": [], "excluded_lines": [], "start_line": 282}, "": {"executed_lines": [8, 9, 10, 11, 12, 13, 14, 17, 20, 50, 71, 91, 120, 124, 128, 132, 136, 140, 160, 167, 170, 214, 228, 233, 252, 258, 264, 270, 276, 282], "summary": {"covered_lines": 30, "num_statements": 30, "percent_covered": 100.0, "percent_covered_display": "100", "missing_lines": 0, "excluded_lines": 0, "percent_statements_covered": 100.0, "percent_statements_covered_display": "100"}, "missing_lines": [], "excluded_lines": [], "start_line": 1}}, "classes": {"StructuredLogger": {"executed_lines": [58, 61, 62, 63, 65, 68, 69, 74, 75, 78, 79, 81, 84, 85, 86, 87, 88, 89, 106, 107, 108, 111, 112, 115, 118, 122, 126, 130, 134, 138, 149, 150, 151, 152, 153, 157], "summary": {"covered_lines": 36, "num_statements": 36, "percent_covered": 100.0, "percent_covered_display": "100", "missing_lines": 0, "excluded_lines": 0, "percent_statements_covered": 100.0, "percent_statements_covered_display": "100"}, "missing_lines": [], "excluded_lines": [], "start_line": 20}, "StructuredFormatter": {"executed_lines": [168, 181, 184, 195, 198, 199, 206, 207, 208], "summary": {"covered_lines": 9, "num_statements": 11, "percent_covered": 81.81818181818181, "percent_covered_display": "82", "missing_lines": 2, "excluded_lines": 0, "percent_statements_covered": 81.81818181818181, "percent_statements_covered_display": "82"}, "missing_lines": [209, 211], "excluded_lines": [], "start_line": 160}, "": {"executed_lines": [8, 9, 10, 11, 12, 13, 14, 17, 20, 50, 71, 91, 120, 124, 128, 132, 136, 140, 160, 167, 170, 214, 225, 228, 230, 233, 247, 252, 254, 255, 258, 260, 261, 264, 266, 267, 270, 272, 273, 276, 278, 279, 282, 284, 285], "summary": {"covered_lines": 45, "num_statements": 45, "percent_covered": 100.0, "percent_covered_display": "100", "missing_lines": 0, "excluded_lines": 0, "percent_statements_covered": 100.0, "percent_statements_covered_display": "100"}, "missing_lines": [], "excluded_lines": [], "start_line": 1}}}, "backend/core/validation_service.py": {"executed_lines": [7, 8, 9, 12, 15, 29, 30, 31, 32, 34, 35, 37, 39, 40, 42, 48, 49, 51, 58, 83, 93, 96, 97, 98, 99, 101, 102, 103, 110, 112, 113, 114, 115, 118, 119, 120, 121, 123, 124, 125, 126, 128, 129, 131, 133, 143, 146, 147, 149, 150, 153, 154, 158, 159, 162, 163, 164, 165, 168, 169, 170, 171, 172, 174, 175, 177, 179, 190, 192, 193, 194, 195, 196, 198, 199, 200, 202, 203, 204, 205, 206, 208, 209, 210, 212, 213, 214, 215, 216, 218, 219, 221, 223, 234, 236, 237, 238, 240, 241, 243, 244, 245, 246, 248, 249, 252, 253, 255, 256, 258, 259, 261, 262, 264, 265, 266, 267, 269, 270, 271, 273, 274, 276, 278, 288, 291, 292, 294, 295, 298, 299, 300, 301, 302, 303, 304, 305, 308, 309, 310, 311, 314, 315, 316, 317, 318, 320, 321, 323, 325, 336, 338, 339, 341, 342, 343, 344, 345, 346, 347, 350, 351, 352, 353, 354, 355, 357, 358, 360, 363, 372, 373, 374, 375, 376, 378, 379, 380, 381, 382, 383, 385, 386, 387, 388, 389, 390, 391, 393, 394, 395, 396, 397, 398, 399, 401, 402, 403, 404, 405, 408, 409, 410, 411, 412, 416, 423, 424, 425, 426, 428, 429, 430, 431, 432, 433, 434, 436, 437, 438, 439, 440, 441, 442, 443, 444, 447, 454, 455, 456, 457, 458, 460, 461, 462, 463, 464, 465, 467, 468, 469, 470, 471, 472, 473, 474, 476, 477, 478, 479, 480, 481], "summary": {"covered_lines": 252, "num_statements": 258, "percent_covered": 97.67441860465117, "percent_covered_display": "98", "missing_lines": 6, "excluded_lines": 0, "percent_statements_covered": 97.67441860465117, "percent_statements_covered_display": "98"}, "missing_lines": [242, 250, 254, 260, 406, 413], "excluded_lines": [], "functions": {"ValidationResult.__init__": {"executed_lines": [30, 31, 32], "summary": {"covered_lines": 3, "num_statements": 3, "percent_covered": 100.0, "percent_covered_display": "100", "missing_lines": 0, "excluded_lines": 0, "percent_statements_covered": 100.0, "percent_statements_covered_display": "100"}, "missing_lines": [], "excluded_lines": [], "start_line": 29}, "ValidationResult.success": {"executed_lines": [37], "summary": {"covered_lines": 1, "num_statements": 1, "percent_covered": 100.0, "percent_covered_display": "100", "missing_lines": 0, "excluded_lines": 0, "percent_statements_covered": 100.0, "percent_statements_covered_display": "100"}, "missing_lines": [], "excluded_lines": [], "start_line": 35}, "ValidationResult.error": {"executed_lines": [42], "summary": {"covered_lines": 1, "num_statements": 1, "percent_covered": 100.0, "percent_covered_display": "100", "missing_lines": 0, "excluded_lines": 0, "percent_statements_covered": 100.0, "percent_statements_covered_display": "100"}, "missing_lines": [], "excluded_lines": [], "start_line": 40}, "ValidationResult.multiple": {"executed_lines": [51], "summary": {"covered_lines": 1, "num_statements": 1, "percent_covered": 100.0, "percent_covered_display": "100", "missing_lines": 0, "excluded_lines": 0, "percent_statements_covered": 100.0, "percent_statements_covered_display": "100"}, "missing_lines": [], "excluded_lines": [], "start_line": 49}, "ValidationService.validate_agent_config": {"executed_lines": [93, 96, 97, 98, 99, 101, 102, 103, 110, 112, 113, 114, 115, 118, 119, 120, 121, 123, 124, 125, 126, 128, 129, 131], "summary": {"covered_lines": 24, "num_statements": 24, "percent_covered": 100.0, "percent_covered_display": "100", "missing_lines": 0, "excluded_lines": 0, "percent_statements_covered": 100.0, "percent_statements_covered_display": "100"}, "missing_lines": [], "excluded_lines": [], "start_line": 83}, "ValidationService.validate_canvas_data": {"executed_lines": [143, 146, 147, 149, 150, 153, 154, 158, 159, 162, 163, 164, 165, 168, 169, 170, 171, 172, 174, 175, 177], "summary": {"covered_lines": 21, "num_statements": 21, "percent_covered": 100.0, "percent_covered_display": "100", "missing_lines": 0, "excluded_lines": 0, "percent_statements_covered": 100.0, "percent_statements_covered_display": "100"}, "missing_lines": [], "excluded_lines": [], "start_line": 133}, "ValidationService.validate_browser_action": {"executed_lines": [190, 192, 193, 194, 195, 196, 198, 199, 200, 202, 203, 204, 205, 206, 208, 209, 210, 212, 213, 214, 215, 216, 218, 219, 221], "summary": {"covered_lines": 25, "num_statements": 25, "percent_covered": 100.0, "percent_covered_display": "100", "missing_lines": 0, "excluded_lines": 0, "percent_statements_covered": 100.0, "percent_statements_covered_display": "100"}, "missing_lines": [], "excluded_lines": [], "start_line": 179}, "ValidationService.validate_device_action": {"executed_lines": [234, 236, 237, 238, 240, 241, 243, 244, 245, 246, 248, 249, 252, 253, 255, 256, 258, 259, 261, 262, 264, 265, 266, 267, 269, 270, 271, 273, 274, 276], "summary": {"covered_lines": 30, "num_statements": 34, "percent_covered": 88.23529411764706, "percent_covered_display": "88", "missing_lines": 4, "excluded_lines": 0, "percent_statements_covered": 88.23529411764706, "percent_statements_covered_display": "88"}, "missing_lines": [242, 250, 254, 260], "excluded_lines": [], "start_line": 223}, "ValidationService.validate_execution_request": {"executed_lines": [288, 291, 292, 294, 295, 298, 299, 300, 301, 302, 303, 304, 305, 308, 309, 310, 311, 314, 315, 316, 317, 318, 320, 321, 323], "summary": {"covered_lines": 25, "num_statements": 25, "percent_covered": 100.0, "percent_covered_display": "100", "missing_lines": 0, "excluded_lines": 0, "percent_statements_covered": 100.0, "percent_statements_covered_display": "100"}, "missing_lines": [], "excluded_lines": [], "start_line": 278}, "ValidationService.validate_bulk_operation": {"executed_lines": [336, 338, 339, 341, 342, 343, 344, 345, 346, 347, 350, 351, 352, 353, 354, 355, 357, 358, 360], "summary": {"covered_lines": 19, "num_statements": 19, "percent_covered": 100.0, "percent_covered_display": "100", "missing_lines": 0, "excluded_lines": 0, "percent_statements_covered": 100.0, "percent_statements_covered_display": "100"}, "missing_lines": [], "excluded_lines": [], "start_line": 325}, "AgentConfigModel.name_must_not_be_empty": {"executed_lines": [381, 382, 383], "summary": {"covered_lines": 3, "num_statements": 3, "percent_covered": 100.0, "percent_covered_display": "100", "missing_lines": 0, "excluded_lines": 0, "percent_statements_covered": 100.0, "percent_statements_covered_display": "100"}, "missing_lines": [], "excluded_lines": [], "start_line": 380}, "AgentConfigModel.domain_must_be_valid": {"executed_lines": [388, 389, 390, 391], "summary": {"covered_lines": 4, "num_statements": 4, "percent_covered": 100.0, "percent_covered_display": "100", "missing_lines": 0, "excluded_lines": 0, "percent_statements_covered": 100.0, "percent_statements_covered_display": "100"}, "missing_lines": [], "excluded_lines": [], "start_line": 387}, "AgentConfigModel.maturity_must_be_valid": {"executed_lines": [396, 397, 398, 399], "summary": {"covered_lines": 4, "num_statements": 4, "percent_covered": 100.0, "percent_covered_display": "100", "missing_lines": 0, "excluded_lines": 0, "percent_statements_covered": 100.0, "percent_statements_covered_display": "100"}, "missing_lines": [], "excluded_lines": [], "start_line": 395}, "AgentConfigModel.temperature_must_be_valid": {"executed_lines": [404, 405], "summary": {"covered_lines": 2, "num_statements": 3, "percent_covered": 66.66666666666667, "percent_covered_display": "67", "missing_lines": 1, "excluded_lines": 0, "percent_statements_covered": 66.66666666666667, "percent_statements_covered_display": "67"}, "missing_lines": [406], "excluded_lines": [], "start_line": 403}, "AgentConfigModel.max_tokens_must_be_positive": {"executed_lines": [411, 412], "summary": {"covered_lines": 2, "num_statements": 3, "percent_covered": 66.66666666666667, "percent_covered_display": "67", "missing_lines": 1, "excluded_lines": 0, "percent_statements_covered": 66.66666666666667, "percent_statements_covered_display": "67"}, "missing_lines": [413], "excluded_lines": [], "start_line": 410}, "CanvasDataModel.canvas_type_must_be_valid": {"executed_lines": [431, 432, 433, 434], "summary": {"covered_lines": 4, "num_statements": 4, "percent_covered": 100.0, "percent_covered_display": "100", "missing_lines": 0, "excluded_lines": 0, "percent_statements_covered": 100.0, "percent_statements_covered_display": "100"}, "missing_lines": [], "excluded_lines": [], "start_line": 430}, "CanvasDataModel.component_type_must_match_canvas_type": {"executed_lines": [439, 440, 441, 442, 443, 444], "summary": {"covered_lines": 6, "num_statements": 6, "percent_covered": 100.0, "percent_covered_display": "100", "missing_lines": 0, "excluded_lines": 0, "percent_statements_covered": 100.0, "percent_statements_covered_display": "100"}, "missing_lines": [], "excluded_lines": [], "start_line": 438}, "ExecutionRequestModel.agent_id_must_not_be_empty": {"executed_lines": [463, 464, 465], "summary": {"covered_lines": 3, "num_statements": 3, "percent_covered": 100.0, "percent_covered_display": "100", "missing_lines": 0, "excluded_lines": 0, "percent_statements_covered": 100.0, "percent_statements_covered_display": "100"}, "missing_lines": [], "excluded_lines": [], "start_line": 462}, "ExecutionRequestModel.message_must_not_be_empty": {"executed_lines": [470, 471, 472, 473, 474], "summary": {"covered_lines": 5, "num_statements": 5, "percent_covered": 100.0, "percent_covered_display": "100", "missing_lines": 0, "excluded_lines": 0, "percent_statements_covered": 100.0, "percent_statements_covered_display": "100"}, "missing_lines": [], "excluded_lines": [], "start_line": 469}, "ExecutionRequestModel.max_tokens_must_be_positive": {"executed_lines": [479, 480, 481], "summary": {"covered_lines": 3, "num_statements": 3, "percent_covered": 100.0, "percent_covered_display": "100", "missing_lines": 0, "excluded_lines": 0, "percent_statements_covered": 100.0, "percent_statements_covered_display": "100"}, "missing_lines": [], "excluded_lines": [], "start_line": 478}, "": {"executed_lines": [7, 8, 9, 12, 15, 29, 34, 35, 39, 40, 48, 49, 58, 83, 133, 179, 223, 278, 325, 363, 372, 373, 374, 375, 376, 378, 379, 380, 385, 386, 387, 393, 394, 395, 401, 402, 403, 408, 409, 410, 416, 423, 424, 425, 426, 428, 429, 430, 436, 437, 438, 447, 454, 455, 456, 457, 458, 460, 461, 462, 467, 468, 469, 476, 477, 478], "summary": {"covered_lines": 66, "num_statements": 66, "percent_covered": 100.0, "percent_covered_display": "100", "missing_lines": 0, "excluded_lines": 0, "percent_statements_covered": 100.0, "percent_statements_covered_display": "100"}, "missing_lines": [], "excluded_lines": [], "start_line": 1}}, "classes": {"ValidationResult": {"executed_lines": [30, 31, 32, 37, 42, 51], "summary": {"covered_lines": 6, "num_statements": 6, "percent_covered": 100.0, "percent_covered_display": "100", "missing_lines": 0, "excluded_lines": 0, "percent_statements_covered": 100.0, "percent_statements_covered_display": "100"}, "missing_lines": [], "excluded_lines": [], "start_line": 15}, "ValidationService": {"executed_lines": [93, 96, 97, 98, 99, 101, 102, 103, 110, 112, 113, 114, 115, 118, 119, 120, 121, 123, 124, 125, 126, 128, 129, 131, 143, 146, 147, 149, 150, 153, 154, 158, 159, 162, 163, 164, 165, 168, 169, 170, 171, 172, 174, 175, 177, 190, 192, 193, 194, 195, 196, 198, 199, 200, 202, 203, 204, 205, 206, 208, 209, 210, 212, 213, 214, 215, 216, 218, 219, 221, 234, 236, 237, 238, 240, 241, 243, 244, 245, 246, 248, 249, 252, 253, 255, 256, 258, 259, 261, 262, 264, 265, 266, 267, 269, 270, 271, 273, 274, 276, 288, 291, 292, 294, 295, 298, 299, 300, 301, 302, 303, 304, 305, 308, 309, 310, 311, 314, 315, 316, 317, 318, 320, 321, 323, 336, 338, 339, 341, 342, 343, 344, 345, 346, 347, 350, 351, 352, 353, 354, 355, 357, 358, 360], "summary": {"covered_lines": 144, "num_statements": 148, "percent_covered": 97.29729729729729, "percent_covered_display": "97", "missing_lines": 4, "excluded_lines": 0, "percent_statements_covered": 97.29729729729729, "percent_statements_covered_display": "97"}, "missing_lines": [242, 250, 254, 260], "excluded_lines": [], "start_line": 58}, "AgentConfigModel": {"executed_lines": [381, 382, 383, 388, 389, 390, 391, 396, 397, 398, 399, 404, 405, 411, 412], "summary": {"covered_lines": 15, "num_statements": 17, "percent_covered": 88.23529411764706, "percent_covered_display": "88", "missing_lines": 2, "excluded_lines": 0, "percent_statements_covered": 88.23529411764706, "percent_statements_covered_display": "88"}, "missing_lines": [406, 413], "excluded_lines": [], "start_line": 363}, "CanvasDataModel": {"executed_lines": [431, 432, 433, 434, 439, 440, 441, 442, 443, 444], "summary": {"covered_lines": 10, "num_statements": 10, "percent_covered": 100.0, "percent_covered_display": "100", "missing_lines": 0, "excluded_lines": 0, "percent_statements_covered": 100.0, "percent_statements_covered_display": "100"}, "missing_lines": [], "excluded_lines": [], "start_line": 416}, "ExecutionRequestModel": {"executed_lines": [463, 464, 465, 470, 471, 472, 473, 474, 479, 480, 481], "summary": {"covered_lines": 11, "num_statements": 11, "percent_covered": 100.0, "percent_covered_display": "100", "missing_lines": 0, "excluded_lines": 0, "percent_statements_covered": 100.0, "percent_statements_covered_display": "100"}, "missing_lines": [], "excluded_lines": [], "start_line": 447}, "": {"executed_lines": [7, 8, 9, 12, 15, 29, 34, 35, 39, 40, 48, 49, 58, 83, 133, 179, 223, 278, 325, 363, 372, 373, 374, 375, 376, 378, 379, 380, 385, 386, 387, 393, 394, 395, 401, 402, 403, 408, 409, 410, 416, 423, 424, 425, 426, 428, 429, 430, 436, 437, 438, 447, 454, 455, 456, 457, 458, 460, 461, 462, 467, 468, 469, 476, 477, 478], "summary": {"covered_lines": 66, "num_statements": 66, "percent_covered": 100.0, "percent_covered_display": "100", "missing_lines": 0, "excluded_lines": 0, "percent_statements_covered": 100.0, "percent_statements_covered_display": "100"}, "missing_lines": [], "excluded_lines": [], "start_line": 1}}}}, "totals": {"covered_lines": 656, "num_statements": 686, "percent_covered": 95.6268221574344, "percent_covered_display": "96", "missing_lines": 30, "excluded_lines": 0, "percent_statements_covered": 95.6268221574344, "percent_statements_covered_display": "96"}}