{"meta": {"format": 3, "version": "7.13.4", "timestamp": "2026-03-14T14:04:14.465482", "branch_coverage": true, "show_contexts": false}, "files": {"backend/core/llm/cognitive_tier_system.py": {"executed_lines": [15, 16, 17, 20, 36, 37, 38, 39, 40, 44, 73, 87, 126, 135, 138, 143, 163, 164, 167, 168, 169, 171, 176, 187, 190, 191, 192, 193, 194, 195, 196, 197, 198, 201, 202, 203, 206, 210, 211, 212, 215, 217, 229, 231, 287], "summary": {"covered_lines": 45, "num_statements": 50, "percent_covered": 90.0, "percent_covered_display": "90", "missing_lines": 5, "excluded_lines": 0, "percent_statements_covered": 90.0, "percent_statements_covered_display": "90", "num_branches": 20, "num_partial_branches": 2, "covered_branches": 18, "missing_branches": 2, "percent_branches_covered": 90.0, "percent_branches_covered_display": "90"}, "missing_lines": [174, 207, 251, 285, 297], "excluded_lines": [], "executed_branches": [[167, 168], [169, 167], [169, 171], [191, 192], [191, 193], [193, 194], [193, 195], [195, 196], [195, 197], [197, 198], [197, 201], [201, 202], [201, 206], [202, 201], [202, 203], [206, 210], [210, 211], [210, 215]], "missing_branches": [[167, 174], [206, 207]], "functions": {"CognitiveClassifier.__init__": {"executed_lines": [138], "summary": {"covered_lines": 1, "num_statements": 1, "percent_covered": 100.0, "percent_covered_display": "100", "missing_lines": 0, "excluded_lines": 0, "percent_statements_covered": 100.0, "percent_statements_covered_display": "100", "num_branches": 0, "num_partial_branches": 0, "covered_branches": 0, "missing_branches": 0, "percent_branches_covered": 100.0, "percent_branches_covered_display": "100"}, "missing_lines": [], "excluded_lines": [], "start_line": 135, "executed_branches": [], "missing_branches": []}, "CognitiveClassifier.classify": {"executed_lines": [163, 164, 167, 168, 169, 171], "summary": {"covered_lines": 6, "num_statements": 7, "percent_covered": 81.81818181818181, "percent_covered_display": "82", "missing_lines": 1, "excluded_lines": 0, "percent_statements_covered": 85.71428571428571, "percent_statements_covered_display": "86", "num_branches": 4, "num_partial_branches": 1, "covered_branches": 3, "missing_branches": 1, "percent_branches_covered": 75.0, "percent_branches_covered_display": "75"}, "missing_lines": [174], "excluded_lines": [], "start_line": 143, "executed_branches": [[167, 168], [169, 167], [169, 171]], "missing_branches": [[167, 174]]}, "CognitiveClassifier._calculate_complexity_score": {"executed_lines": [187, 190, 191, 192, 193, 194, 195, 196, 197, 198, 201, 202, 203, 206, 210, 211, 212, 215], "summary": {"covered_lines": 18, "num_statements": 19, "percent_covered": 94.28571428571429, "percent_covered_display": "94", "missing_lines": 1, "excluded_lines": 0, "percent_statements_covered": 94.73684210526316, "percent_statements_covered_display": "95", "num_branches": 16, "num_partial_branches": 1, "covered_branches": 15, "missing_branches": 1, "percent_branches_covered": 93.75, "percent_branches_covered_display": "94"}, "missing_lines": [207], "excluded_lines": [], "start_line": 176, "executed_branches": [[191, 192], [191, 193], [193, 194], [193, 195], [195, 196], [195, 197], [197, 198], [197, 201], [201, 202], [201, 206], [202, 201], [202, 203], [206, 210], [210, 211], [210, 215]], "missing_branches": [[206, 207]]}, "CognitiveClassifier._estimate_tokens": {"executed_lines": [229], "summary": {"covered_lines": 1, "num_statements": 1, "percent_covered": 100.0, "percent_covered_display": "100", "missing_lines": 0, "excluded_lines": 0, "percent_statements_covered": 100.0, "percent_statements_covered_display": "100", "num_branches": 0, "num_partial_branches": 0, "covered_branches": 0, "missing_branches": 0, "percent_branches_covered": 100.0, "percent_branches_covered_display": "100"}, "missing_lines": [], "excluded_lines": [], "start_line": 217, "executed_branches": [], "missing_branches": []}, "CognitiveClassifier.get_tier_models": {"executed_lines": [], "summary": {"covered_lines": 0, "num_statements": 2, "percent_covered": 0.0, "percent_covered_display": "0", "missing_lines": 2, "excluded_lines": 0, "percent_statements_covered": 0.0, "percent_statements_covered_display": "0", "num_branches": 0, "num_partial_branches": 0, "covered_branches": 0, "missing_branches": 0, "percent_branches_covered": 100.0, "percent_branches_covered_display": "100"}, "missing_lines": [251, 285], "excluded_lines": [], "start_line": 231, "executed_branches": [], "missing_branches": []}, "CognitiveClassifier.get_tier_description": {"executed_lines": [], "summary": {"covered_lines": 0, "num_statements": 1, "percent_covered": 0.0, "percent_covered_display": "0", "missing_lines": 1, "excluded_lines": 0, "percent_statements_covered": 0.0, "percent_statements_covered_display": "0", "num_branches": 0, "num_partial_branches": 0, "covered_branches": 0, "missing_branches": 0, "percent_branches_covered": 100.0, "percent_branches_covered_display": "100"}, "missing_lines": [297], "excluded_lines": [], "start_line": 287, "executed_branches": [], "missing_branches": []}, "": {"executed_lines": [15, 16, 17, 20, 36, 37, 38, 39, 40, 44, 73, 87, 126, 135, 143, 176, 217, 231, 287], "summary": {"covered_lines": 19, "num_statements": 19, "percent_covered": 100.0, "percent_covered_display": "100", "missing_lines": 0, "excluded_lines": 0, "percent_statements_covered": 100.0, "percent_statements_covered_display": "100", "num_branches": 0, "num_partial_branches": 0, "covered_branches": 0, "missing_branches": 0, "percent_branches_covered": 100.0, "percent_branches_covered_display": "100"}, "missing_lines": [], "excluded_lines": [], "start_line": 1, "executed_branches": [], "missing_branches": []}}, "classes": {"CognitiveTier": {"executed_lines": [], "summary": {"covered_lines": 0, "num_statements": 0, "percent_covered": 100.0, "percent_covered_display": "100", "missing_lines": 0, "excluded_lines": 0, "percent_statements_covered": 100.0, "percent_statements_covered_display": "100", "num_branches": 0, "num_partial_branches": 0, "covered_branches": 0, "missing_branches": 0, "percent_branches_covered": 100.0, "percent_branches_covered_display": "100"}, "missing_lines": [], "excluded_lines": [], "start_line": 20, "executed_branches": [], "missing_branches": []}, "CognitiveClassifier": {"executed_lines": [138, 163, 164, 167, 168, 169, 171, 187, 190, 191, 192, 193, 194, 195, 196, 197, 198, 201, 202, 203, 206, 210, 211, 212, 215, 229], "summary": {"covered_lines": 26, "num_statements": 31, "percent_covered": 86.27450980392157, "percent_covered_display": "86", "missing_lines": 5, "excluded_lines": 0, "percent_statements_covered": 83.87096774193549, "percent_statements_covered_display": "84", "num_branches": 20, "num_partial_branches": 2, "covered_branches": 18, "missing_branches": 2, "percent_branches_covered": 90.0, "percent_branches_covered_display": "90"}, "missing_lines": [174, 207, 251, 285, 297], "excluded_lines": [], "start_line": 73, "executed_branches": [[167, 168], [169, 167], [169, 171], [191, 192], [191, 193], [193, 194], [193, 195], [195, 196], [195, 197], [197, 198], [197, 201], [201, 202], [201, 206], [202, 201], [202, 203], [206, 210], [210, 211], [210, 215]], "missing_branches": [[167, 174], [206, 207]]}, "": {"executed_lines": [15, 16, 17, 20, 36, 37, 38, 39, 40, 44, 73, 87, 126, 135, 143, 176, 217, 231, 287], "summary": {"covered_lines": 19, "num_statements": 19, "percent_covered": 100.0, "percent_covered_display": "100", "missing_lines": 0, "excluded_lines": 0, "percent_statements_covered": 100.0, "percent_statements_covered_display": "100", "num_branches": 0, "num_partial_branches": 0, "covered_branches": 0, "missing_branches": 0, "percent_branches_covered": 100.0, "percent_branches_covered_display": "100"}, "missing_lines": [], "excluded_lines": [], "start_line": 1, "executed_branches": [], "missing_branches": []}}}}, "totals": {"covered_lines": 45, "num_statements": 50, "percent_covered": 90.0, "percent_covered_display": "90", "missing_lines": 5, "excluded_lines": 0, "percent_statements_covered": 90.0, "percent_statements_covered_display": "90", "num_branches": 20, "num_partial_branches": 2, "covered_branches": 18, "missing_branches": 2, "percent_branches_covered": 90.0, "percent_branches_covered_display": "90"}}