{"meta": {"format": 3, "version": "7.10.6", "timestamp": "2026-02-15T19:48:05.641103", "branch_coverage": false, "show_contexts": false}, "files": {"backend/core/llm/byok_handler.py": {"executed_lines": [1, 2, 3, 4, 5, 6, 7, 10, 11, 16, 18, 21, 22, 23, 24, 25, 26, 30, 44, 79, 84, 92, 98, 99, 103, 104, 105, 106, 107, 108, 110, 112, 117, 125, 127, 129, 130, 131, 132, 136, 137, 141, 146, 147, 148, 168, 198, 218, 224, 225, 227, 229, 231, 236, 245, 248, 249, 253, 261, 262, 270, 295, 458, 690, 908, 912, 948, 958, 974, 983, 1046, 1163], "summary": {"covered_lines": 70, "num_statements": 549, "percent_covered": 12.750455373406194, "percent_covered_display": "13", "missing_lines": 479, "excluded_lines": 0}, "missing_lines": [12, 13, 14, 113, 114, 142, 143, 149, 150, 151, 155, 156, 161, 162, 163, 164, 165, 166, 173, 174, 175, 176, 177, 179, 180, 181, 184, 193, 194, 195, 196, 203, 204, 207, 209, 210, 213, 214, 215, 216, 228, 230, 232, 246, 250, 254, 255, 256, 257, 263, 264, 265, 266, 268, 281, 285, 286, 289, 290, 291, 293, 309, 312, 313, 314, 315, 318, 324, 327, 333, 335, 336, 339, 340, 343, 344, 345, 348, 349, 350, 353, 354, 355, 359, 360, 361, 364, 368, 370, 379, 382, 383, 385, 386, 387, 390, 393, 394, 396, 398, 399, 400, 402, 403, 404, 406, 407, 410, 411, 412, 413, 414, 415, 417, 419, 420, 421, 422, 424, 426, 428, 429, 431, 433, 434, 436, 437, 440, 442, 443, 445, 447, 448, 450, 451, 452, 453, 454, 456, 474, 475, 476, 477, 478, 481, 482, 483, 484, 486, 488, 489, 490, 492, 493, 494, 495, 497, 498, 499, 500, 501, 503, 504, 507, 510, 513, 518, 519, 520, 521, 522, 525, 526, 527, 528, 531, 534, 539, 542, 548, 550, 552, 553, 554, 559, 560, 566, 568, 569, 572, 574, 576, 577, 578, 579, 582, 583, 584, 585, 586, 588, 589, 590, 592, 593, 595, 596, 598, 599, 600, 601, 604, 605, 607, 609, 618, 619, 621, 624, 630, 633, 634, 635, 636, 639, 640, 641, 642, 645, 646, 649, 650, 651, 653, 654, 656, 658, 659, 671, 672, 673, 676, 677, 679, 680, 681, 682, 684, 686, 687, 688, 718, 719, 720, 722, 723, 724, 726, 728, 729, 730, 731, 732, 735, 736, 737, 739, 740, 741, 742, 744, 745, 746, 747, 748, 749, 752, 753, 755, 756, 757, 758, 759, 760, 761, 764, 765, 766, 769, 772, 775, 777, 783, 784, 785, 786, 787, 792, 793, 799, 800, 803, 804, 805, 806, 807, 808, 810, 811, 813, 814, 816, 817, 819, 820, 821, 823, 824, 827, 828, 829, 830, 833, 836, 837, 839, 841, 850, 851, 853, 855, 864, 866, 867, 868, 870, 871, 872, 874, 875, 876, 878, 879, 880, 891, 892, 894, 895, 896, 897, 898, 900, 901, 903, 904, 905, 910, 914, 915, 916, 919, 920, 921, 922, 923, 924, 926, 927, 928, 929, 930, 931, 933, 941, 942, 950, 951, 952, 953, 954, 955, 956, 960, 961, 962, 963, 964, 965, 967, 976, 977, 978, 979, 980, 981, 982, 991, 992, 993, 995, 996, 997, 1000, 1001, 1003, 1004, 1005, 1007, 1009, 1034, 1040, 1041, 1042, 1043, 1044, 1071, 1072, 1074, 1075, 1077, 1078, 1079, 1082, 1083, 1085, 1087, 1088, 1090, 1097, 1098, 1099, 1101, 1104, 1112, 1113, 1114, 1115, 1116, 1117, 1118, 1121, 1122, 1123, 1125, 1126, 1127, 1128, 1131, 1132, 1133, 1135, 1136, 1137, 1139, 1140, 1143, 1144, 1145, 1147, 1148, 1149, 1150, 1153, 1154, 1155, 1157, 1158, 1161, 1168, 1169, 1170, 1172, 1173, 1174, 1175, 1176, 1177, 1178, 1179], "excluded_lines": [], "functions": {"BYOKHandler.__init__": {"executed_lines": [104, 105, 106, 107, 108], "summary": {"covered_lines": 5, "num_statements": 5, "percent_covered": 100.0, "percent_covered_display": "100", "missing_lines": 0, "excluded_lines": 0}, "missing_lines": [], "excluded_lines": []}, "BYOKHandler._initialize_clients": {"executed_lines": [112, 117, 125, 127, 129, 130, 131, 132, 136, 137, 141, 146, 147, 148], "summary": {"covered_lines": 14, "num_statements": 29, "percent_covered": 48.275862068965516, "percent_covered_display": "48", "missing_lines": 15, "excluded_lines": 0}, "missing_lines": [113, 114, 142, 143, 149, 150, 151, 155, 156, 161, 162, 163, 164, 165, 166], "excluded_lines": []}, "BYOKHandler.get_context_window": {"executed_lines": [], "summary": {"covered_lines": 0, "num_statements": 13, "percent_covered": 0.0, "percent_covered_display": "0", "missing_lines": 13, "excluded_lines": 0}, "missing_lines": [173, 174, 175, 176, 177, 179, 180, 181, 184, 193, 194, 195, 196], "excluded_lines": []}, "BYOKHandler.truncate_to_context": {"executed_lines": [], "summary": {"covered_lines": 0, "num_statements": 9, "percent_covered": 0.0, "percent_covered_display": "0", "missing_lines": 9, "excluded_lines": 0}, "missing_lines": [203, 204, 207, 209, 210, 213, 214, 215, 216], "excluded_lines": []}, "BYOKHandler.analyze_query_complexity": {"executed_lines": [224, 225, 227, 229, 231, 236, 245, 248, 249, 253, 261, 262], "summary": {"covered_lines": 12, "num_statements": 26, "percent_covered": 46.15384615384615, "percent_covered_display": "46", "missing_lines": 14, "excluded_lines": 0}, "missing_lines": [228, 230, 232, 246, 250, 254, 255, 256, 257, 263, 264, 265, 266, 268], "excluded_lines": []}, "BYOKHandler.get_optimal_provider": {"executed_lines": [], "summary": {"covered_lines": 0, "num_statements": 7, "percent_covered": 0.0, "percent_covered_display": "0", "missing_lines": 7, "excluded_lines": 0}, "missing_lines": [281, 285, 286, 289, 290, 291, 293], "excluded_lines": []}, "BYOKHandler.get_ranked_providers": {"executed_lines": [], "summary": {"covered_lines": 0, "num_statements": 72, "percent_covered": 0.0, "percent_covered_display": "0", "missing_lines": 72, "excluded_lines": 0}, "missing_lines": [309, 312, 313, 314, 315, 318, 324, 327, 333, 335, 336, 339, 340, 343, 344, 345, 348, 349, 350, 353, 354, 355, 359, 360, 361, 364, 368, 370, 379, 382, 383, 385, 398, 399, 400, 402, 403, 404, 406, 407, 410, 411, 412, 413, 414, 415, 417, 419, 420, 421, 422, 424, 426, 428, 429, 431, 433, 434, 436, 437, 440, 442, 443, 445, 447, 448, 450, 451, 452, 453, 454, 456], "excluded_lines": []}, "BYOKHandler.get_ranked_providers.is_model_approved": {"executed_lines": [], "summary": {"covered_lines": 0, "num_statements": 6, "percent_covered": 0.0, "percent_covered_display": "0", "missing_lines": 6, "excluded_lines": 0}, "missing_lines": [386, 387, 390, 393, 394, 396], "excluded_lines": []}, "BYOKHandler.generate_response": {"executed_lines": [], "summary": {"covered_lines": 0, "num_statements": 112, "percent_covered": 0.0, "percent_covered_display": "0", "missing_lines": 112, "excluded_lines": 0}, "missing_lines": [474, 475, 476, 477, 478, 481, 482, 483, 484, 486, 488, 489, 490, 492, 493, 494, 495, 497, 498, 499, 500, 501, 503, 504, 507, 510, 513, 518, 519, 520, 521, 522, 525, 526, 527, 528, 531, 534, 539, 542, 548, 550, 552, 553, 554, 559, 560, 566, 568, 569, 572, 574, 576, 577, 578, 579, 582, 583, 584, 585, 586, 588, 589, 590, 592, 593, 595, 596, 598, 599, 600, 601, 604, 605, 607, 609, 618, 619, 621, 624, 630, 633, 634, 635, 636, 639, 640, 641, 642, 645, 646, 649, 650, 651, 653, 654, 656, 658, 659, 671, 672, 673, 676, 677, 679, 680, 681, 682, 684, 686, 687, 688], "excluded_lines": []}, "BYOKHandler.generate_structured_response": {"executed_lines": [], "summary": {"covered_lines": 0, "num_statements": 105, "percent_covered": 0.0, "percent_covered_display": "0", "missing_lines": 105, "excluded_lines": 0}, "missing_lines": [718, 719, 720, 722, 723, 724, 726, 728, 729, 730, 731, 732, 735, 736, 737, 739, 740, 741, 742, 744, 745, 746, 747, 748, 749, 752, 753, 755, 756, 757, 758, 759, 760, 761, 764, 765, 766, 769, 772, 775, 777, 783, 784, 785, 786, 787, 792, 793, 799, 800, 803, 804, 805, 806, 807, 808, 810, 811, 813, 814, 816, 817, 819, 820, 821, 823, 824, 827, 828, 829, 830, 833, 836, 837, 839, 841, 850, 851, 853, 855, 864, 866, 867, 868, 870, 871, 872, 874, 875, 876, 878, 879, 880, 891, 892, 894, 895, 896, 897, 898, 900, 901, 903, 904, 905], "excluded_lines": []}, "BYOKHandler.get_available_providers": {"executed_lines": [], "summary": {"covered_lines": 0, "num_statements": 1, "percent_covered": 0.0, "percent_covered_display": "0", "missing_lines": 1, "excluded_lines": 0}, "missing_lines": [910], "excluded_lines": []}, "BYOKHandler.get_routing_info": {"executed_lines": [], "summary": {"covered_lines": 0, "num_statements": 18, "percent_covered": 0.0, "percent_covered_display": "0", "missing_lines": 18, "excluded_lines": 0}, "missing_lines": [914, 915, 916, 919, 920, 921, 922, 923, 924, 926, 927, 928, 929, 930, 931, 933, 941, 942], "excluded_lines": []}, "BYOKHandler.refresh_pricing": {"executed_lines": [], "summary": {"covered_lines": 0, "num_statements": 7, "percent_covered": 0.0, "percent_covered_display": "0", "missing_lines": 7, "excluded_lines": 0}, "missing_lines": [950, 951, 952, 953, 954, 955, 956], "excluded_lines": []}, "BYOKHandler.get_provider_comparison": {"executed_lines": [], "summary": {"covered_lines": 0, "num_statements": 7, "percent_covered": 0.0, "percent_covered_display": "0", "missing_lines": 7, "excluded_lines": 0}, "missing_lines": [960, 961, 962, 963, 964, 965, 967], "excluded_lines": []}, "BYOKHandler.get_cheapest_models": {"executed_lines": [], "summary": {"covered_lines": 0, "num_statements": 7, "percent_covered": 0.0, "percent_covered_display": "0", "missing_lines": 7, "excluded_lines": 0}, "missing_lines": [976, 977, 978, 979, 980, 981, 982], "excluded_lines": []}, "BYOKHandler._get_coordinated_vision_description": {"executed_lines": [], "summary": {"covered_lines": 0, "num_statements": 19, "percent_covered": 0.0, "percent_covered_display": "0", "missing_lines": 19, "excluded_lines": 0}, "missing_lines": [991, 992, 993, 995, 996, 997, 1000, 1001, 1003, 1004, 1005, 1007, 1009, 1034, 1040, 1041, 1042, 1043, 1044], "excluded_lines": []}, "BYOKHandler.stream_completion": {"executed_lines": [], "summary": {"covered_lines": 0, "num_statements": 53, "percent_covered": 0.0, "percent_covered_display": "0", "missing_lines": 53, "excluded_lines": 0}, "missing_lines": [1071, 1072, 1074, 1075, 1077, 1078, 1079, 1082, 1083, 1085, 1087, 1088, 1090, 1097, 1098, 1099, 1101, 1104, 1112, 1113, 1114, 1115, 1116, 1117, 1118, 1121, 1122, 1123, 1125, 1126, 1127, 1128, 1131, 1132, 1133, 1135, 1136, 1137, 1139, 1140, 1143, 1144, 1145, 1147, 1148, 1149, 1150, 1153, 1154, 1155, 1157, 1158, 1161], "excluded_lines": []}, "BYOKHandler._is_trial_restricted": {"executed_lines": [], "summary": {"covered_lines": 0, "num_statements": 11, "percent_covered": 0.0, "percent_covered_display": "0", "missing_lines": 11, "excluded_lines": 0}, "missing_lines": [1168, 1169, 1170, 1172, 1173, 1174, 1175, 1176, 1177, 1178, 1179], "excluded_lines": []}, "": {"executed_lines": [1, 2, 3, 4, 5, 6, 7, 10, 11, 16, 18, 21, 22, 23, 24, 25, 26, 30, 44, 79, 84, 92, 98, 99, 103, 110, 168, 198, 218, 270, 295, 458, 690, 908, 912, 948, 958, 974, 983, 1046, 1163], "summary": {"covered_lines": 39, "num_statements": 42, "percent_covered": 92.85714285714286, "percent_covered_display": "93", "missing_lines": 3, "excluded_lines": 0}, "missing_lines": [12, 13, 14], "excluded_lines": []}}, "classes": {"QueryComplexity": {"executed_lines": [], "summary": {"covered_lines": 0, "num_statements": 0, "percent_covered": 100.0, "percent_covered_display": "100", "missing_lines": 0, "excluded_lines": 0}, "missing_lines": [], "excluded_lines": []}, "BYOKHandler": {"executed_lines": [104, 105, 106, 107, 108, 112, 117, 125, 127, 129, 130, 131, 132, 136, 137, 141, 146, 147, 148, 224, 225, 227, 229, 231, 236, 245, 248, 249, 253, 261, 262], "summary": {"covered_lines": 31, "num_statements": 507, "percent_covered": 6.11439842209073, "percent_covered_display": "6", "missing_lines": 476, "excluded_lines": 0}, "missing_lines": [113, 114, 142, 143, 149, 150, 151, 155, 156, 161, 162, 163, 164, 165, 166, 173, 174, 175, 176, 177, 179, 180, 181, 184, 193, 194, 195, 196, 203, 204, 207, 209, 210, 213, 214, 215, 216, 228, 230, 232, 246, 250, 254, 255, 256, 257, 263, 264, 265, 266, 268, 281, 285, 286, 289, 290, 291, 293, 309, 312, 313, 314, 315, 318, 324, 327, 333, 335, 336, 339, 340, 343, 344, 345, 348, 349, 350, 353, 354, 355, 359, 360, 361, 364, 368, 370, 379, 382, 383, 385, 386, 387, 390, 393, 394, 396, 398, 399, 400, 402, 403, 404, 406, 407, 410, 411, 412, 413, 414, 415, 417, 419, 420, 421, 422, 424, 426, 428, 429, 431, 433, 434, 436, 437, 440, 442, 443, 445, 447, 448, 450, 451, 452, 453, 454, 456, 474, 475, 476, 477, 478, 481, 482, 483, 484, 486, 488, 489, 490, 492, 493, 494, 495, 497, 498, 499, 500, 501, 503, 504, 507, 510, 513, 518, 519, 520, 521, 522, 525, 526, 527, 528, 531, 534, 539, 542, 548, 550, 552, 553, 554, 559, 560, 566, 568, 569, 572, 574, 576, 577, 578, 579, 582, 583, 584, 585, 586, 588, 589, 590, 592, 593, 595, 596, 598, 599, 600, 601, 604, 605, 607, 609, 618, 619, 621, 624, 630, 633, 634, 635, 636, 639, 640, 641, 642, 645, 646, 649, 650, 651, 653, 654, 656, 658, 659, 671, 672, 673, 676, 677, 679, 680, 681, 682, 684, 686, 687, 688, 718, 719, 720, 722, 723, 724, 726, 728, 729, 730, 731, 732, 735, 736, 737, 739, 740, 741, 742, 744, 745, 746, 747, 748, 749, 752, 753, 755, 756, 757, 758, 759, 760, 761, 764, 765, 766, 769, 772, 775, 777, 783, 784, 785, 786, 787, 792, 793, 799, 800, 803, 804, 805, 806, 807, 808, 810, 811, 813, 814, 816, 817, 819, 820, 821, 823, 824, 827, 828, 829, 830, 833, 836, 837, 839, 841, 850, 851, 853, 855, 864, 866, 867, 868, 870, 871, 872, 874, 875, 876, 878, 879, 880, 891, 892, 894, 895, 896, 897, 898, 900, 901, 903, 904, 905, 910, 914, 915, 916, 919, 920, 921, 922, 923, 924, 926, 927, 928, 929, 930, 931, 933, 941, 942, 950, 951, 952, 953, 954, 955, 956, 960, 961, 962, 963, 964, 965, 967, 976, 977, 978, 979, 980, 981, 982, 991, 992, 993, 995, 996, 997, 1000, 1001, 1003, 1004, 1005, 1007, 1009, 1034, 1040, 1041, 1042, 1043, 1044, 1071, 1072, 1074, 1075, 1077, 1078, 1079, 1082, 1083, 1085, 1087, 1088, 1090, 1097, 1098, 1099, 1101, 1104, 1112, 1113, 1114, 1115, 1116, 1117, 1118, 1121, 1122, 1123, 1125, 1126, 1127, 1128, 1131, 1132, 1133, 1135, 1136, 1137, 1139, 1140, 1143, 1144, 1145, 1147, 1148, 1149, 1150, 1153, 1154, 1155, 1157, 1158, 1161, 1168, 1169, 1170, 1172, 1173, 1174, 1175, 1176, 1177, 1178, 1179], "excluded_lines": []}, "": {"executed_lines": [1, 2, 3, 4, 5, 6, 7, 10, 11, 16, 18, 21, 22, 23, 24, 25, 26, 30, 44, 79, 84, 92, 98, 99, 103, 110, 168, 198, 218, 270, 295, 458, 690, 908, 912, 948, 958, 974, 983, 1046, 1163], "summary": {"covered_lines": 39, "num_statements": 42, "percent_covered": 92.85714285714286, "percent_covered_display": "93", "missing_lines": 3, "excluded_lines": 0}, "missing_lines": [12, 13, 14], "excluded_lines": []}}}, "backend/core/workflow_analytics_engine.py": {"executed_lines": [1, 6, 7, 8, 9, 10, 11, 12, 13, 14, 15, 16, 17, 19, 21, 22, 23, 24, 25, 27, 28, 29, 30, 31, 33, 34, 35, 36, 37, 38, 39, 41, 42, 43, 44, 45, 46, 47, 48, 49, 50, 51, 52, 54, 55, 56, 57, 58, 59, 60, 61, 62, 63, 64, 65, 66, 67, 68, 69, 71, 72, 73, 74, 75, 78, 79, 80, 81, 82, 83, 84, 87, 88, 91, 92, 93, 96, 97, 99, 101, 102, 103, 104, 105, 106, 107, 108, 109, 110, 111, 112, 113, 114, 115, 116, 117, 119, 120, 122, 123, 124, 127, 130, 131, 134, 135, 138, 141, 143, 145, 147, 148, 151, 168, 189, 209, 210, 211, 212, 214, 215, 216, 217, 220, 221, 222, 223, 224, 226, 227, 229, 256, 301, 336, 369, 426, 440, 457, 577, 670, 713, 715, 716, 718, 720, 721, 723, 753, 755, 779, 800, 806, 808, 809, 810, 812, 818, 824, 827, 833, 836, 837, 838, 841, 842, 843, 845, 876, 912, 915, 917, 918, 920, 921, 922, 923, 929, 932, 946, 956, 1043, 1068, 1084, 1111, 1130, 1216, 1315, 1364, 1420, 1451, 1488, 1511, 1513], "summary": {"covered_lines": 187, "num_statements": 595, "percent_covered": 31.428571428571427, "percent_covered_display": "31", "missing_lines": 408, "excluded_lines": 0}, "missing_lines": [232, 242, 245, 254, 262, 275, 278, 287, 290, 299, 306, 321, 324, 325, 334, 340, 357, 360, 374, 377, 386, 389, 398, 401, 402, 411, 414, 415, 424, 429, 438, 444, 455, 459, 462, 463, 464, 465, 467, 468, 471, 478, 480, 482, 489, 492, 493, 494, 496, 497, 499, 500, 501, 504, 505, 506, 507, 508, 511, 514, 515, 516, 517, 519, 525, 531, 532, 533, 536, 543, 546, 567, 569, 571, 572, 573, 575, 579, 580, 582, 584, 586, 588, 591, 595, 598, 606, 607, 608, 609, 610, 613, 618, 621, 630, 636, 644, 653, 664, 665, 666, 668, 676, 691, 692, 694, 705, 706, 708, 710, 711, 724, 726, 728, 734, 735, 736, 740, 742, 745, 747, 748, 750, 751, 757, 758, 760, 761, 762, 765, 766, 767, 771, 772, 775, 777, 781, 782, 784, 785, 786, 789, 790, 791, 795, 796, 798, 804, 813, 814, 815, 819, 820, 821, 829, 830, 847, 848, 850, 851, 852, 868, 870, 871, 872, 874, 878, 879, 881, 882, 883, 904, 906, 907, 908, 910, 925, 926, 927, 934, 935, 936, 937, 939, 940, 941, 942, 951, 953, 954, 958, 959, 961, 967, 968, 970, 972, 979, 982, 983, 984, 986, 987, 989, 990, 991, 994, 995, 996, 997, 998, 1001, 1004, 1007, 1008, 1009, 1010, 1012, 1017, 1037, 1038, 1039, 1041, 1045, 1046, 1048, 1054, 1055, 1057, 1058, 1063, 1064, 1066, 1073, 1074, 1076, 1080, 1082, 1086, 1087, 1089, 1095, 1096, 1098, 1099, 1106, 1107, 1109, 1113, 1114, 1116, 1117, 1123, 1124, 1125, 1126, 1128, 1135, 1136, 1138, 1144, 1145, 1148, 1149, 1150, 1157, 1164, 1167, 1173, 1176, 1177, 1178, 1180, 1181, 1184, 1190, 1191, 1192, 1195, 1196, 1198, 1206, 1208, 1210, 1211, 1212, 1214, 1221, 1222, 1224, 1230, 1231, 1233, 1234, 1236, 1245, 1251, 1259, 1269, 1270, 1271, 1272, 1274, 1281, 1289, 1292, 1293, 1294, 1295, 1296, 1297, 1303, 1309, 1310, 1311, 1313, 1319, 1320, 1322, 1323, 1324, 1326, 1327, 1328, 1330, 1331, 1333, 1334, 1336, 1337, 1338, 1354, 1356, 1358, 1359, 1360, 1362, 1368, 1369, 1371, 1372, 1373, 1382, 1390, 1392, 1393, 1394, 1409, 1411, 1413, 1414, 1415, 1417, 1422, 1423, 1425, 1426, 1438, 1439, 1441, 1442, 1444, 1445, 1446, 1447, 1449, 1453, 1454, 1456, 1457, 1458, 1460, 1461, 1462, 1464, 1465, 1466, 1468, 1469, 1470, 1471, 1474, 1475, 1476, 1477, 1478, 1479, 1481, 1482, 1483, 1484, 1486, 1490, 1491, 1493, 1494, 1495, 1497, 1498, 1500, 1502, 1503, 1504, 1505, 1507, 1515, 1516, 1517], "excluded_lines": [], "functions": {"WorkflowAnalyticsEngine.__init__": {"executed_lines": [123, 124, 127, 130, 131, 134, 135, 138, 141, 143], "summary": {"covered_lines": 10, "num_statements": 10, "percent_covered": 100.0, "percent_covered_display": "100", "missing_lines": 0, "excluded_lines": 0}, "missing_lines": [], "excluded_lines": []}, "WorkflowAnalyticsEngine._init_database": {"executed_lines": [147, 148, 151, 168, 189, 209, 210, 211, 212, 214, 215, 216, 217, 220, 221, 222, 223, 224, 226, 227], "summary": {"covered_lines": 20, "num_statements": 20, "percent_covered": 100.0, "percent_covered_display": "100", "missing_lines": 0, "excluded_lines": 0}, "missing_lines": [], "excluded_lines": []}, "WorkflowAnalyticsEngine.track_workflow_start": {"executed_lines": [], "summary": {"covered_lines": 0, "num_statements": 4, "percent_covered": 0.0, "percent_covered_display": "0", "missing_lines": 4, "excluded_lines": 0}, "missing_lines": [232, 242, 245, 254], "excluded_lines": []}, "WorkflowAnalyticsEngine.track_workflow_completion": {"executed_lines": [], "summary": {"covered_lines": 0, "num_statements": 6, "percent_covered": 0.0, "percent_covered_display": "0", "missing_lines": 6, "excluded_lines": 0}, "missing_lines": [262, 275, 278, 287, 290, 299], "excluded_lines": []}, "WorkflowAnalyticsEngine.track_step_execution": {"executed_lines": [], "summary": {"covered_lines": 0, "num_statements": 5, "percent_covered": 0.0, "percent_covered_display": "0", "missing_lines": 5, "excluded_lines": 0}, "missing_lines": [306, 321, 324, 325, 334], "excluded_lines": []}, "WorkflowAnalyticsEngine.track_manual_override": {"executed_lines": [], "summary": {"covered_lines": 0, "num_statements": 3, "percent_covered": 0.0, "percent_covered_display": "0", "missing_lines": 3, "excluded_lines": 0}, "missing_lines": [340, 357, 360], "excluded_lines": []}, "WorkflowAnalyticsEngine.track_resource_usage": {"executed_lines": [], "summary": {"covered_lines": 0, "num_statements": 11, "percent_covered": 0.0, "percent_covered_display": "0", "missing_lines": 11, "excluded_lines": 0}, "missing_lines": [374, 377, 386, 389, 398, 401, 402, 411, 414, 415, 424], "excluded_lines": []}, "WorkflowAnalyticsEngine.track_user_activity": {"executed_lines": [], "summary": {"covered_lines": 0, "num_statements": 2, "percent_covered": 0.0, "percent_covered_display": "0", "missing_lines": 2, "excluded_lines": 0}, "missing_lines": [429, 438], "excluded_lines": []}, "WorkflowAnalyticsEngine.track_metric": {"executed_lines": [], "summary": {"covered_lines": 0, "num_statements": 2, "percent_covered": 0.0, "percent_covered_display": "0", "missing_lines": 2, "excluded_lines": 0}, "missing_lines": [444, 455], "excluded_lines": []}, "WorkflowAnalyticsEngine.get_workflow_performance_metrics": {"executed_lines": [], "summary": {"covered_lines": 0, "num_statements": 44, "percent_covered": 0.0, "percent_covered_display": "0", "missing_lines": 44, "excluded_lines": 0}, "missing_lines": [459, 462, 463, 464, 465, 467, 468, 471, 478, 480, 482, 489, 492, 493, 494, 496, 497, 499, 500, 501, 504, 505, 506, 507, 508, 511, 514, 515, 516, 517, 519, 525, 531, 532, 533, 536, 543, 546, 567, 569, 571, 572, 573, 575], "excluded_lines": []}, "WorkflowAnalyticsEngine.get_system_overview": {"executed_lines": [], "summary": {"covered_lines": 0, "num_statements": 25, "percent_covered": 0.0, "percent_covered_display": "0", "missing_lines": 25, "excluded_lines": 0}, "missing_lines": [579, 580, 582, 584, 586, 588, 591, 595, 598, 606, 607, 608, 609, 610, 613, 618, 621, 630, 636, 644, 653, 664, 665, 666, 668], "excluded_lines": []}, "WorkflowAnalyticsEngine.create_alert": {"executed_lines": [], "summary": {"covered_lines": 0, "num_statements": 13, "percent_covered": 0.0, "percent_covered_display": "0", "missing_lines": 13, "excluded_lines": 0}, "missing_lines": [1422, 1423, 1425, 1426, 1438, 1439, 1441, 1442, 1444, 1445, 1446, 1447, 1449], "excluded_lines": []}, "WorkflowAnalyticsEngine.check_alerts": {"executed_lines": [715, 716, 718, 720, 721, 723, 753], "summary": {"covered_lines": 7, "num_statements": 20, "percent_covered": 35.0, "percent_covered_display": "35", "missing_lines": 13, "excluded_lines": 0}, "missing_lines": [724, 726, 728, 734, 735, 736, 740, 742, 745, 747, 748, 750, 751], "excluded_lines": []}, "WorkflowAnalyticsEngine._trigger_alert": {"executed_lines": [], "summary": {"covered_lines": 0, "num_statements": 12, "percent_covered": 0.0, "percent_covered_display": "0", "missing_lines": 12, "excluded_lines": 0}, "missing_lines": [757, 758, 760, 761, 762, 765, 766, 767, 771, 772, 775, 777], "excluded_lines": []}, "WorkflowAnalyticsEngine._resolve_alert": {"executed_lines": [], "summary": {"covered_lines": 0, "num_statements": 11, "percent_covered": 0.0, "percent_covered_display": "0", "missing_lines": 11, "excluded_lines": 0}, "missing_lines": [781, 782, 784, 785, 786, 789, 790, 791, 795, 796, 798], "excluded_lines": []}, "WorkflowAnalyticsEngine._send_alert_notification": {"executed_lines": [], "summary": {"covered_lines": 0, "num_statements": 1, "percent_covered": 0.0, "percent_covered_display": "0", "missing_lines": 1, "excluded_lines": 0}, "missing_lines": [804], "excluded_lines": []}, "WorkflowAnalyticsEngine._start_background_processing": {"executed_lines": [808, 836, 837, 838, 841, 842, 843], "summary": {"covered_lines": 7, "num_statements": 7, "percent_covered": 100.0, "percent_covered_display": "100", "missing_lines": 0, "excluded_lines": 0}, "missing_lines": [], "excluded_lines": []}, "WorkflowAnalyticsEngine._start_background_processing.background_task": {"executed_lines": [809, 810, 812, 818, 824, 827, 833], "summary": {"covered_lines": 7, "num_statements": 15, "percent_covered": 46.666666666666664, "percent_covered_display": "47", "missing_lines": 8, "excluded_lines": 0}, "missing_lines": [813, 814, 815, 819, 820, 821, 829, 830], "excluded_lines": []}, "WorkflowAnalyticsEngine._process_metrics_batch": {"executed_lines": [], "summary": {"covered_lines": 0, "num_statements": 10, "percent_covered": 0.0, "percent_covered_display": "0", "missing_lines": 10, "excluded_lines": 0}, "missing_lines": [847, 848, 850, 851, 852, 868, 870, 871, 872, 874], "excluded_lines": []}, "WorkflowAnalyticsEngine._process_events_batch": {"executed_lines": [], "summary": {"covered_lines": 0, "num_statements": 10, "percent_covered": 0.0, "percent_covered_display": "0", "missing_lines": 10, "excluded_lines": 0}, "missing_lines": [878, 879, 881, 882, 883, 904, 906, 907, 908, 910], "excluded_lines": []}, "WorkflowAnalyticsEngine._cleanup_old_data": {"executed_lines": [915, 917, 918, 920, 921, 922, 923, 929], "summary": {"covered_lines": 8, "num_statements": 11, "percent_covered": 72.72727272727273, "percent_covered_display": "73", "missing_lines": 3, "excluded_lines": 0}, "missing_lines": [925, 926, 927], "excluded_lines": []}, "WorkflowAnalyticsEngine.flush": {"executed_lines": [], "summary": {"covered_lines": 0, "num_statements": 8, "percent_covered": 0.0, "percent_covered_display": "0", "missing_lines": 8, "excluded_lines": 0}, "missing_lines": [934, 935, 936, 937, 939, 940, 941, 942], "excluded_lines": []}, "WorkflowAnalyticsEngine.get_performance_metrics": {"executed_lines": [], "summary": {"covered_lines": 0, "num_statements": 3, "percent_covered": 0.0, "percent_covered_display": "0", "missing_lines": 3, "excluded_lines": 0}, "missing_lines": [951, 953, 954], "excluded_lines": []}, "WorkflowAnalyticsEngine._get_all_workflows_metrics": {"executed_lines": [], "summary": {"covered_lines": 0, "num_statements": 33, "percent_covered": 0.0, "percent_covered_display": "0", "missing_lines": 33, "excluded_lines": 0}, "missing_lines": [958, 959, 961, 967, 968, 970, 972, 979, 982, 983, 984, 986, 987, 989, 990, 991, 994, 995, 996, 997, 998, 1001, 1004, 1007, 1008, 1009, 1010, 1012, 1017, 1037, 1038, 1039, 1041], "excluded_lines": []}, "WorkflowAnalyticsEngine.get_unique_workflow_count": {"executed_lines": [], "summary": {"covered_lines": 0, "num_statements": 10, "percent_covered": 0.0, "percent_covered_display": "0", "missing_lines": 10, "excluded_lines": 0}, "missing_lines": [1045, 1046, 1048, 1054, 1055, 1057, 1058, 1063, 1064, 1066], "excluded_lines": []}, "WorkflowAnalyticsEngine.get_workflow_name": {"executed_lines": [], "summary": {"covered_lines": 0, "num_statements": 5, "percent_covered": 0.0, "percent_covered_display": "0", "missing_lines": 5, "excluded_lines": 0}, "missing_lines": [1073, 1074, 1076, 1080, 1082], "excluded_lines": []}, "WorkflowAnalyticsEngine.get_all_workflow_ids": {"executed_lines": [], "summary": {"covered_lines": 0, "num_statements": 10, "percent_covered": 0.0, "percent_covered_display": "0", "missing_lines": 10, "excluded_lines": 0}, "missing_lines": [1086, 1087, 1089, 1095, 1096, 1098, 1099, 1106, 1107, 1109], "excluded_lines": []}, "WorkflowAnalyticsEngine.get_last_execution_time": {"executed_lines": [], "summary": {"covered_lines": 0, "num_statements": 9, "percent_covered": 0.0, "percent_covered_display": "0", "missing_lines": 9, "excluded_lines": 0}, "missing_lines": [1113, 1114, 1116, 1117, 1123, 1124, 1125, 1126, 1128], "excluded_lines": []}, "WorkflowAnalyticsEngine.get_execution_timeline": {"executed_lines": [], "summary": {"covered_lines": 0, "num_statements": 30, "percent_covered": 0.0, "percent_covered_display": "0", "missing_lines": 30, "excluded_lines": 0}, "missing_lines": [1135, 1136, 1138, 1144, 1145, 1148, 1149, 1150, 1157, 1164, 1167, 1173, 1176, 1177, 1178, 1180, 1181, 1184, 1190, 1191, 1192, 1195, 1196, 1198, 1206, 1208, 1210, 1211, 1212, 1214], "excluded_lines": []}, "WorkflowAnalyticsEngine.get_error_breakdown": {"executed_lines": [], "summary": {"covered_lines": 0, "num_statements": 29, "percent_covered": 0.0, "percent_covered_display": "0", "missing_lines": 29, "excluded_lines": 0}, "missing_lines": [1221, 1222, 1224, 1230, 1231, 1233, 1234, 1236, 1245, 1251, 1259, 1269, 1270, 1271, 1272, 1274, 1281, 1289, 1292, 1293, 1294, 1295, 1296, 1297, 1303, 1309, 1310, 1311, 1313], "excluded_lines": []}, "WorkflowAnalyticsEngine.get_all_alerts": {"executed_lines": [], "summary": {"covered_lines": 0, "num_statements": 21, "percent_covered": 0.0, "percent_covered_display": "0", "missing_lines": 21, "excluded_lines": 0}, "missing_lines": [1319, 1320, 1322, 1323, 1324, 1326, 1327, 1328, 1330, 1331, 1333, 1334, 1336, 1337, 1338, 1354, 1356, 1358, 1359, 1360, 1362], "excluded_lines": []}, "WorkflowAnalyticsEngine.get_recent_events": {"executed_lines": [], "summary": {"covered_lines": 0, "num_statements": 16, "percent_covered": 0.0, "percent_covered_display": "0", "missing_lines": 16, "excluded_lines": 0}, "missing_lines": [1368, 1369, 1371, 1372, 1373, 1382, 1390, 1392, 1393, 1394, 1409, 1411, 1413, 1414, 1415, 1417], "excluded_lines": []}, "WorkflowAnalyticsEngine.update_alert": {"executed_lines": [], "summary": {"covered_lines": 0, "num_statements": 26, "percent_covered": 0.0, "percent_covered_display": "0", "missing_lines": 26, "excluded_lines": 0}, "missing_lines": [1453, 1454, 1456, 1457, 1458, 1460, 1461, 1462, 1464, 1465, 1466, 1468, 1469, 1470, 1471, 1474, 1475, 1476, 1477, 1478, 1479, 1481, 1482, 1483, 1484, 1486], "excluded_lines": []}, "WorkflowAnalyticsEngine.delete_alert": {"executed_lines": [], "summary": {"covered_lines": 0, "num_statements": 13, "percent_covered": 0.0, "percent_covered_display": "0", "missing_lines": 13, "excluded_lines": 0}, "missing_lines": [1490, 1491, 1493, 1494, 1495, 1497, 1498, 1500, 1502, 1503, 1504, 1505, 1507], "excluded_lines": []}, "get_analytics_engine": {"executed_lines": [], "summary": {"covered_lines": 0, "num_statements": 3, "percent_covered": 0.0, "percent_covered_display": "0", "missing_lines": 3, "excluded_lines": 0}, "missing_lines": [1515, 1516, 1517], "excluded_lines": []}, "": {"executed_lines": [1, 6, 7, 8, 9, 10, 11, 12, 13, 14, 15, 16, 17, 19, 21, 22, 23, 24, 25, 27, 28, 29, 30, 31, 33, 34, 35, 36, 37, 38, 39, 41, 42, 43, 44, 45, 46, 47, 48, 49, 50, 51, 52, 54, 55, 56, 57, 58, 59, 60, 61, 62, 63, 64, 65, 66, 67, 68, 69, 71, 72, 73, 74, 75, 78, 79, 80, 81, 82, 83, 84, 87, 88, 91, 92, 93, 96, 97, 99, 101, 102, 103, 104, 105, 106, 107, 108, 109, 110, 111, 112, 113, 114, 115, 116, 117, 119, 120, 122, 145, 229, 256, 301, 336, 369, 426, 440, 457, 577, 670, 713, 755, 779, 800, 806, 845, 876, 912, 932, 946, 956, 1043, 1068, 1084, 1111, 1130, 1216, 1315, 1364, 1420, 1451, 1488, 1511, 1513], "summary": {"covered_lines": 128, "num_statements": 128, "percent_covered": 100.0, "percent_covered_display": "100", "missing_lines": 0, "excluded_lines": 0}, "missing_lines": [], "excluded_lines": []}}, "classes": {"MetricType": {"executed_lines": [], "summary": {"covered_lines": 0, "num_statements": 0, "percent_covered": 100.0, "percent_covered_display": "100", "missing_lines": 0, "excluded_lines": 0}, "missing_lines": [], "excluded_lines": []}, "AlertSeverity": {"executed_lines": [], "summary": {"covered_lines": 0, "num_statements": 0, "percent_covered": 100.0, "percent_covered_display": "100", "missing_lines": 0, "excluded_lines": 0}, "missing_lines": [], "excluded_lines": []}, "WorkflowStatus": {"executed_lines": [], "summary": {"covered_lines": 0, "num_statements": 0, "percent_covered": 100.0, "percent_covered_display": "100", "missing_lines": 0, "excluded_lines": 0}, "missing_lines": [], "excluded_lines": []}, "WorkflowMetric": {"executed_lines": [], "summary": {"covered_lines": 0, "num_statements": 0, "percent_covered": 100.0, "percent_covered_display": "100", "missing_lines": 0, "excluded_lines": 0}, "missing_lines": [], "excluded_lines": []}, "WorkflowExecutionEvent": {"executed_lines": [], "summary": {"covered_lines": 0, "num_statements": 0, "percent_covered": 100.0, "percent_covered_display": "100", "missing_lines": 0, "excluded_lines": 0}, "missing_lines": [], "excluded_lines": []}, "PerformanceMetrics": {"executed_lines": [], "summary": {"covered_lines": 0, "num_statements": 0, "percent_covered": 100.0, "percent_covered_display": "100", "missing_lines": 0, "excluded_lines": 0}, "missing_lines": [], "excluded_lines": []}, "Alert": {"executed_lines": [], "summary": {"covered_lines": 0, "num_statements": 0, "percent_covered": 100.0, "percent_covered_display": "100", "missing_lines": 0, "excluded_lines": 0}, "missing_lines": [], "excluded_lines": []}, "WorkflowAnalyticsEngine": {"executed_lines": [123, 124, 127, 130, 131, 134, 135, 138, 141, 143, 147, 148, 151, 168, 189, 209, 210, 211, 212, 214, 215, 216, 217, 220, 221, 222, 223, 224, 226, 227, 715, 716, 718, 720, 721, 723, 753, 808, 809, 810, 812, 818, 824, 827, 833, 836, 837, 838, 841, 842, 843, 915, 917, 918, 920, 921, 922, 923, 929], "summary": {"covered_lines": 59, "num_statements": 464, "percent_covered": 12.71551724137931, "percent_covered_display": "13", "missing_lines": 405, "excluded_lines": 0}, "missing_lines": [232, 242, 245, 254, 262, 275, 278, 287, 290, 299, 306, 321, 324, 325, 334, 340, 357, 360, 374, 377, 386, 389, 398, 401, 402, 411, 414, 415, 424, 429, 438, 444, 455, 459, 462, 463, 464, 465, 467, 468, 471, 478, 480, 482, 489, 492, 493, 494, 496, 497, 499, 500, 501, 504, 505, 506, 507, 508, 511, 514, 515, 516, 517, 519, 525, 531, 532, 533, 536, 543, 546, 567, 569, 571, 572, 573, 575, 579, 580, 582, 584, 586, 588, 591, 595, 598, 606, 607, 608, 609, 610, 613, 618, 621, 630, 636, 644, 653, 664, 665, 666, 668, 676, 691, 692, 694, 705, 706, 708, 710, 711, 724, 726, 728, 734, 735, 736, 740, 742, 745, 747, 748, 750, 751, 757, 758, 760, 761, 762, 765, 766, 767, 771, 772, 775, 777, 781, 782, 784, 785, 786, 789, 790, 791, 795, 796, 798, 804, 813, 814, 815, 819, 820, 821, 829, 830, 847, 848, 850, 851, 852, 868, 870, 871, 872, 874, 878, 879, 881, 882, 883, 904, 906, 907, 908, 910, 925, 926, 927, 934, 935, 936, 937, 939, 940, 941, 942, 951, 953, 954, 958, 959, 961, 967, 968, 970, 972, 979, 982, 983, 984, 986, 987, 989, 990, 991, 994, 995, 996, 997, 998, 1001, 1004, 1007, 1008, 1009, 1010, 1012, 1017, 1037, 1038, 1039, 1041, 1045, 1046, 1048, 1054, 1055, 1057, 1058, 1063, 1064, 1066, 1073, 1074, 1076, 1080, 1082, 1086, 1087, 1089, 1095, 1096, 1098, 1099, 1106, 1107, 1109, 1113, 1114, 1116, 1117, 1123, 1124, 1125, 1126, 1128, 1135, 1136, 1138, 1144, 1145, 1148, 1149, 1150, 1157, 1164, 1167, 1173, 1176, 1177, 1178, 1180, 1181, 1184, 1190, 1191, 1192, 1195, 1196, 1198, 1206, 1208, 1210, 1211, 1212, 1214, 1221, 1222, 1224, 1230, 1231, 1233, 1234, 1236, 1245, 1251, 1259, 1269, 1270, 1271, 1272, 1274, 1281, 1289, 1292, 1293, 1294, 1295, 1296, 1297, 1303, 1309, 1310, 1311, 1313, 1319, 1320, 1322, 1323, 1324, 1326, 1327, 1328, 1330, 1331, 1333, 1334, 1336, 1337, 1338, 1354, 1356, 1358, 1359, 1360, 1362, 1368, 1369, 1371, 1372, 1373, 1382, 1390, 1392, 1393, 1394, 1409, 1411, 1413, 1414, 1415, 1417, 1422, 1423, 1425, 1426, 1438, 1439, 1441, 1442, 1444, 1445, 1446, 1447, 1449, 1453, 1454, 1456, 1457, 1458, 1460, 1461, 1462, 1464, 1465, 1466, 1468, 1469, 1470, 1471, 1474, 1475, 1476, 1477, 1478, 1479, 1481, 1482, 1483, 1484, 1486, 1490, 1491, 1493, 1494, 1495, 1497, 1498, 1500, 1502, 1503, 1504, 1505, 1507], "excluded_lines": []}, "": {"executed_lines": [1, 6, 7, 8, 9, 10, 11, 12, 13, 14, 15, 16, 17, 19, 21, 22, 23, 24, 25, 27, 28, 29, 30, 31, 33, 34, 35, 36, 37, 38, 39, 41, 42, 43, 44, 45, 46, 47, 48, 49, 50, 51, 52, 54, 55, 56, 57, 58, 59, 60, 61, 62, 63, 64, 65, 66, 67, 68, 69, 71, 72, 73, 74, 75, 78, 79, 80, 81, 82, 83, 84, 87, 88, 91, 92, 93, 96, 97, 99, 101, 102, 103, 104, 105, 106, 107, 108, 109, 110, 111, 112, 113, 114, 115, 116, 117, 119, 120, 122, 145, 229, 256, 301, 336, 369, 426, 440, 457, 577, 670, 713, 755, 779, 800, 806, 845, 876, 912, 932, 946, 956, 1043, 1068, 1084, 1111, 1130, 1216, 1315, 1364, 1420, 1451, 1488, 1511, 1513], "summary": {"covered_lines": 128, "num_statements": 131, "percent_covered": 97.70992366412214, "percent_covered_display": "98", "missing_lines": 3, "excluded_lines": 0}, "missing_lines": [1515, 1516, 1517], "excluded_lines": []}}}}, "totals": {"covered_lines": 257, "num_statements": 1144, "percent_covered": 22.465034965034967, "percent_covered_display": "22", "missing_lines": 887, "excluded_lines": 0}}