{"meta": {"format": 3, "version": "7.13.4", "timestamp": "2026-05-03T22:34:22.044452", "branch_coverage": false, "show_contexts": false}, "files": {"core/episode_retrieval_service.py": {"executed_lines": [11, 12, 13, 14, 15, 16, 18, 19, 20, 31, 35, 36, 39, 41, 42, 43, 44, 47, 55, 58, 59, 60, 61, 63, 88, 93, 94, 95, 102, 103, 104, 107, 114, 116, 122, 125, 126, 128, 136, 137, 141, 148, 156, 161, 162, 169, 170, 178, 179, 181, 183, 184, 185, 186, 187, 188, 189, 190, 191, 193, 199, 200, 204, 219, 242, 247, 248, 251, 255, 261, 262, 265, 266, 269, 271, 273, 352, 361, 362, 370, 371, 375, 382, 416, 419, 421, 423, 435, 445, 448, 449, 463, 464, 465, 467, 477, 480, 481, 494, 495, 496, 498, 619, 652, 747, 827, 983, 995, 1005, 1030], "summary": {"covered_lines": 110, "num_statements": 320, "percent_covered": 34.375, "percent_covered_display": "34", "missing_lines": 210, "excluded_lines": 0, "percent_statements_covered": 34.375, "percent_statements_covered_display": "34"}, "missing_lines": [129, 130, 133, 211, 212, 213, 295, 296, 299, 300, 303, 304, 305, 306, 307, 310, 311, 312, 313, 316, 317, 321, 322, 323, 324, 325, 329, 332, 333, 334, 335, 336, 339, 340, 341, 342, 344, 346, 372, 373, 417, 446, 453, 478, 485, 530, 535, 536, 543, 544, 545, 548, 549, 557, 558, 559, 560, 561, 562, 563, 564, 566, 572, 573, 574, 577, 581, 582, 583, 586, 587, 592, 594, 597, 598, 602, 611, 612, 613, 634, 636, 638, 640, 648, 676, 681, 682, 688, 690, 696, 697, 698, 701, 702, 704, 705, 706, 707, 708, 709, 710, 711, 712, 715, 717, 720, 721, 727, 728, 732, 739, 740, 741, 771, 776, 777, 784, 785, 786, 789, 797, 801, 802, 804, 806, 809, 810, 814, 860, 865, 866, 873, 874, 879, 881, 883, 887, 888, 893, 895, 896, 901, 905, 910, 913, 914, 920, 921, 923, 925, 926, 927, 928, 929, 931, 932, 933, 934, 936, 938, 941, 942, 943, 944, 947, 948, 949, 950, 952, 955, 956, 957, 960, 963, 964, 965, 966, 967, 970, 971, 975, 985, 997, 998, 1001, 1002, 1003, 1012, 1013, 1016, 1017, 1020, 1021, 1024, 1025, 1028, 1043, 1044, 1047, 1054, 1055, 1057, 1061, 1066, 1067, 1069, 1070, 1073, 1074, 1076], "excluded_lines": [], "functions": {"EpisodeRetrievalService.__init__": {"executed_lines": [59, 60, 61], "summary": {"covered_lines": 3, "num_statements": 3, "percent_covered": 100.0, "percent_covered_display": "100", "missing_lines": 0, "excluded_lines": 0, "percent_statements_covered": 100.0, "percent_statements_covered_display": "100"}, "missing_lines": [], "excluded_lines": [], "start_line": 58}, "EpisodeRetrievalService.retrieve_temporal": {"executed_lines": [88, 93, 94, 95, 102, 103, 104, 107, 114, 116, 122, 125, 126, 128, 136, 137, 141], "summary": {"covered_lines": 17, "num_statements": 20, "percent_covered": 85.0, "percent_covered_display": "85", "missing_lines": 3, "excluded_lines": 0, "percent_statements_covered": 85.0, "percent_statements_covered_display": "85"}, "missing_lines": [129, 130, 133], "excluded_lines": [], "start_line": 63}, "EpisodeRetrievalService.retrieve_semantic": {"executed_lines": [156, 161, 162, 169, 170, 178, 179, 181, 183, 184, 185, 186, 187, 188, 189, 190, 191, 193, 199, 200, 204], "summary": {"covered_lines": 21, "num_statements": 24, "percent_covered": 87.5, "percent_covered_display": "88", "missing_lines": 3, "excluded_lines": 0, "percent_statements_covered": 87.5, "percent_statements_covered_display": "88"}, "missing_lines": [211, 212, 213], "excluded_lines": [], "start_line": 148}, "EpisodeRetrievalService.retrieve_sequential": {"executed_lines": [242, 247, 248, 251, 255, 261, 262, 265, 266, 269, 271], "summary": {"covered_lines": 11, "num_statements": 11, "percent_covered": 100.0, "percent_covered_display": "100", "missing_lines": 0, "excluded_lines": 0, "percent_statements_covered": 100.0, "percent_statements_covered_display": "100"}, "missing_lines": [], "excluded_lines": [], "start_line": 219}, "EpisodeRetrievalService.retrieve_contextual": {"executed_lines": [], "summary": {"covered_lines": 0, "num_statements": 32, "percent_covered": 0.0, "percent_covered_display": "0", "missing_lines": 32, "excluded_lines": 0, "percent_statements_covered": 0.0, "percent_statements_covered_display": "0"}, "missing_lines": [295, 296, 299, 300, 303, 304, 305, 306, 307, 310, 311, 312, 313, 316, 317, 321, 322, 323, 324, 325, 329, 332, 333, 334, 335, 336, 339, 340, 341, 342, 344, 346], "excluded_lines": [], "start_line": 273}, "EpisodeRetrievalService._log_access": {"executed_lines": [361, 362, 370, 371], "summary": {"covered_lines": 4, "num_statements": 6, "percent_covered": 66.66666666666667, "percent_covered_display": "67", "missing_lines": 2, "excluded_lines": 0, "percent_statements_covered": 66.66666666666667, "percent_statements_covered_display": "67"}, "missing_lines": [372, 373], "excluded_lines": [], "start_line": 352}, "EpisodeRetrievalService._serialize_episode": {"executed_lines": [382, 416, 419], "summary": {"covered_lines": 3, "num_statements": 4, "percent_covered": 75.0, "percent_covered_display": "75", "missing_lines": 1, "excluded_lines": 0, "percent_statements_covered": 75.0, "percent_statements_covered_display": "75"}, "missing_lines": [417], "excluded_lines": [], "start_line": 375}, "EpisodeRetrievalService._serialize_segment": {"executed_lines": [423], "summary": {"covered_lines": 1, "num_statements": 1, "percent_covered": 100.0, "percent_covered_display": "100", "missing_lines": 0, "excluded_lines": 0, "percent_statements_covered": 100.0, "percent_statements_covered_display": "100"}, "missing_lines": [], "excluded_lines": [], "start_line": 421}, "EpisodeRetrievalService._fetch_canvas_context": {"executed_lines": [445, 448, 449, 463, 464, 465], "summary": {"covered_lines": 6, "num_statements": 8, "percent_covered": 75.0, "percent_covered_display": "75", "missing_lines": 2, "excluded_lines": 0, "percent_statements_covered": 75.0, "percent_statements_covered_display": "75"}, "missing_lines": [446, 453], "excluded_lines": [], "start_line": 435}, "EpisodeRetrievalService._fetch_feedback_context": {"executed_lines": [477, 480, 481, 494, 495, 496], "summary": {"covered_lines": 6, "num_statements": 8, "percent_covered": 75.0, "percent_covered_display": "75", "missing_lines": 2, "excluded_lines": 0, "percent_statements_covered": 75.0, "percent_statements_covered_display": "75"}, "missing_lines": [478, 485], "excluded_lines": [], "start_line": 467}, "EpisodeRetrievalService.retrieve_canvas_aware": {"executed_lines": [], "summary": {"covered_lines": 0, "num_statements": 34, "percent_covered": 0.0, "percent_covered_display": "0", "missing_lines": 34, "excluded_lines": 0, "percent_statements_covered": 0.0, "percent_statements_covered_display": "0"}, "missing_lines": [530, 535, 536, 543, 544, 545, 548, 549, 557, 558, 559, 560, 561, 562, 563, 564, 566, 572, 573, 574, 577, 581, 582, 583, 586, 587, 592, 594, 597, 598, 602, 611, 612, 613], "excluded_lines": [], "start_line": 498}, "EpisodeRetrievalService._filter_canvas_context_detail": {"executed_lines": [], "summary": {"covered_lines": 0, "num_statements": 5, "percent_covered": 0.0, "percent_covered_display": "0", "missing_lines": 5, "excluded_lines": 0, "percent_statements_covered": 0.0, "percent_statements_covered_display": "0"}, "missing_lines": [634, 636, 638, 640, 648], "excluded_lines": [], "start_line": 619}, "EpisodeRetrievalService.retrieve_by_business_data": {"executed_lines": [], "summary": {"covered_lines": 0, "num_statements": 29, "percent_covered": 0.0, "percent_covered_display": "0", "missing_lines": 29, "excluded_lines": 0, "percent_statements_covered": 0.0, "percent_statements_covered_display": "0"}, "missing_lines": [676, 681, 682, 688, 690, 696, 697, 698, 701, 702, 704, 705, 706, 707, 708, 709, 710, 711, 712, 715, 717, 720, 721, 727, 728, 732, 739, 740, 741], "excluded_lines": [], "start_line": 652}, "EpisodeRetrievalService.retrieve_by_canvas_type": {"executed_lines": [], "summary": {"covered_lines": 0, "num_statements": 15, "percent_covered": 0.0, "percent_covered_display": "0", "missing_lines": 15, "excluded_lines": 0, "percent_statements_covered": 0.0, "percent_statements_covered_display": "0"}, "missing_lines": [771, 776, 777, 784, 785, 786, 789, 797, 801, 802, 804, 806, 809, 810, 814], "excluded_lines": [], "start_line": 747}, "EpisodeRetrievalService.retrieve_with_supervision_context": {"executed_lines": [], "summary": {"covered_lines": 0, "num_statements": 53, "percent_covered": 0.0, "percent_covered_display": "0", "missing_lines": 53, "excluded_lines": 0, "percent_statements_covered": 0.0, "percent_statements_covered_display": "0"}, "missing_lines": [860, 865, 866, 873, 874, 879, 881, 883, 887, 888, 893, 895, 896, 901, 905, 910, 913, 914, 920, 921, 923, 925, 926, 927, 928, 929, 931, 932, 933, 934, 936, 938, 941, 942, 943, 944, 947, 948, 949, 950, 952, 955, 956, 957, 960, 963, 964, 965, 966, 967, 970, 971, 975], "excluded_lines": [], "start_line": 827}, "EpisodeRetrievalService._create_supervision_context": {"executed_lines": [], "summary": {"covered_lines": 0, "num_statements": 1, "percent_covered": 0.0, "percent_covered_display": "0", "missing_lines": 1, "excluded_lines": 0, "percent_statements_covered": 0.0, "percent_statements_covered_display": "0"}, "missing_lines": [985], "excluded_lines": [], "start_line": 983}, "EpisodeRetrievalService._summarize_feedback": {"executed_lines": [], "summary": {"covered_lines": 0, "num_statements": 5, "percent_covered": 0.0, "percent_covered_display": "0", "missing_lines": 5, "excluded_lines": 0, "percent_statements_covered": 0.0, "percent_statements_covered_display": "0"}, "missing_lines": [997, 998, 1001, 1002, 1003], "excluded_lines": [], "start_line": 995}, "EpisodeRetrievalService._assess_outcome_quality": {"executed_lines": [], "summary": {"covered_lines": 0, "num_statements": 9, "percent_covered": 0.0, "percent_covered_display": "0", "missing_lines": 9, "excluded_lines": 0, "percent_statements_covered": 0.0, "percent_statements_covered_display": "0"}, "missing_lines": [1012, 1013, 1016, 1017, 1020, 1021, 1024, 1025, 1028], "excluded_lines": [], "start_line": 1005}, "EpisodeRetrievalService._filter_improvement_trend": {"executed_lines": [], "summary": {"covered_lines": 0, "num_statements": 14, "percent_covered": 0.0, "percent_covered_display": "0", "missing_lines": 14, "excluded_lines": 0, "percent_statements_covered": 0.0, "percent_statements_covered_display": "0"}, "missing_lines": [1043, 1044, 1047, 1054, 1055, 1057, 1061, 1066, 1067, 1069, 1070, 1073, 1074, 1076], "excluded_lines": [], "start_line": 1030}, "": {"executed_lines": [11, 12, 13, 14, 15, 16, 18, 19, 20, 31, 35, 36, 39, 41, 42, 43, 44, 47, 55, 58, 63, 148, 219, 273, 352, 375, 421, 435, 467, 498, 619, 652, 747, 827, 983, 995, 1005, 1030], "summary": {"covered_lines": 38, "num_statements": 38, "percent_covered": 100.0, "percent_covered_display": "100", "missing_lines": 0, "excluded_lines": 0, "percent_statements_covered": 100.0, "percent_statements_covered_display": "100"}, "missing_lines": [], "excluded_lines": [], "start_line": 1}}, "classes": {"RetrievalMode": {"executed_lines": [], "summary": {"covered_lines": 0, "num_statements": 0, "percent_covered": 100.0, "percent_covered_display": "100", "missing_lines": 0, "excluded_lines": 0, "percent_statements_covered": 100.0, "percent_statements_covered_display": "100"}, "missing_lines": [], "excluded_lines": [], "start_line": 39}, "RetrievalResult": {"executed_lines": [], "summary": {"covered_lines": 0, "num_statements": 0, "percent_covered": 100.0, "percent_covered_display": "100", "missing_lines": 0, "excluded_lines": 0, "percent_statements_covered": 100.0, "percent_statements_covered_display": "100"}, "missing_lines": [], "excluded_lines": [], "start_line": 47}, "EpisodeRetrievalService": {"executed_lines": [59, 60, 61, 88, 93, 94, 95, 102, 103, 104, 107, 114, 116, 122, 125, 126, 128, 136, 137, 141, 156, 161, 162, 169, 170, 178, 179, 181, 183, 184, 185, 186, 187, 188, 189, 190, 191, 193, 199, 200, 204, 242, 247, 248, 251, 255, 261, 262, 265, 266, 269, 271, 361, 362, 370, 371, 382, 416, 419, 423, 445, 448, 449, 463, 464, 465, 477, 480, 481, 494, 495, 496], "summary": {"covered_lines": 72, "num_statements": 282, "percent_covered": 25.53191489361702, "percent_covered_display": "26", "missing_lines": 210, "excluded_lines": 0, "percent_statements_covered": 25.53191489361702, "percent_statements_covered_display": "26"}, "missing_lines": [129, 130, 133, 211, 212, 213, 295, 296, 299, 300, 303, 304, 305, 306, 307, 310, 311, 312, 313, 316, 317, 321, 322, 323, 324, 325, 329, 332, 333, 334, 335, 336, 339, 340, 341, 342, 344, 346, 372, 373, 417, 446, 453, 478, 485, 530, 535, 536, 543, 544, 545, 548, 549, 557, 558, 559, 560, 561, 562, 563, 564, 566, 572, 573, 574, 577, 581, 582, 583, 586, 587, 592, 594, 597, 598, 602, 611, 612, 613, 634, 636, 638, 640, 648, 676, 681, 682, 688, 690, 696, 697, 698, 701, 702, 704, 705, 706, 707, 708, 709, 710, 711, 712, 715, 717, 720, 721, 727, 728, 732, 739, 740, 741, 771, 776, 777, 784, 785, 786, 789, 797, 801, 802, 804, 806, 809, 810, 814, 860, 865, 866, 873, 874, 879, 881, 883, 887, 888, 893, 895, 896, 901, 905, 910, 913, 914, 920, 921, 923, 925, 926, 927, 928, 929, 931, 932, 933, 934, 936, 938, 941, 942, 943, 944, 947, 948, 949, 950, 952, 955, 956, 957, 960, 963, 964, 965, 966, 967, 970, 971, 975, 985, 997, 998, 1001, 1002, 1003, 1012, 1013, 1016, 1017, 1020, 1021, 1024, 1025, 1028, 1043, 1044, 1047, 1054, 1055, 1057, 1061, 1066, 1067, 1069, 1070, 1073, 1074, 1076], "excluded_lines": [], "start_line": 55}, "": {"executed_lines": [11, 12, 13, 14, 15, 16, 18, 19, 20, 31, 35, 36, 39, 41, 42, 43, 44, 47, 55, 58, 63, 148, 219, 273, 352, 375, 421, 435, 467, 498, 619, 652, 747, 827, 983, 995, 1005, 1030], "summary": {"covered_lines": 38, "num_statements": 38, "percent_covered": 100.0, "percent_covered_display": "100", "missing_lines": 0, "excluded_lines": 0, "percent_statements_covered": 100.0, "percent_statements_covered_display": "100"}, "missing_lines": [], "excluded_lines": [], "start_line": 1}}}, "core/episode_service.py": {"executed_lines": [13, 14, 15, 16, 17, 18, 19, 20, 21, 23, 27, 28, 29, 31, 34, 36, 37, 38, 42, 108, 109, 112, 121, 132, 136, 145, 154, 163, 169, 183, 184, 185, 186, 187, 188, 189, 190, 191, 192, 193, 195, 197, 212, 224, 243, 244, 262, 263, 272, 290, 400, 547, 677, 730, 811, 874, 941, 982, 1047, 1089, 1136, 1146, 1159, 1279, 1318, 1435, 1485, 1537, 1579, 1625, 1626, 1636, 1637, 1645, 1646, 1655, 1738, 1810, 1837, 1855, 1920], "summary": {"covered_lines": 81, "num_statements": 515, "percent_covered": 15.728155339805825, "percent_covered_display": "16", "missing_lines": 434, "excluded_lines": 0, "percent_statements_covered": 15.728155339805825, "percent_statements_covered_display": "16"}, "missing_lines": [115, 116, 117, 118, 123, 124, 126, 127, 128, 129, 234, 235, 236, 239, 241, 255, 257, 260, 270, 279, 281, 282, 283, 284, 286, 287, 288, 309, 310, 314, 315, 317, 318, 319, 322, 326, 328, 333, 334, 335, 338, 344, 352, 361, 364, 365, 366, 367, 369, 370, 371, 376, 377, 379, 388, 394, 396, 397, 398, 433, 437, 438, 441, 445, 446, 449, 450, 451, 459, 460, 463, 468, 471, 474, 475, 478, 495, 496, 497, 500, 501, 502, 510, 511, 513, 522, 523, 525, 535, 536, 537, 539, 540, 541, 542, 543, 545, 578, 585, 586, 588, 591, 592, 595, 602, 604, 619, 622, 625, 631, 640, 651, 652, 654, 684, 685, 696, 697, 700, 701, 704, 707, 710, 711, 712, 715, 718, 720, 743, 744, 758, 760, 761, 774, 777, 778, 781, 784, 788, 791, 799, 801, 830, 837, 843, 846, 847, 851, 854, 858, 894, 902, 903, 911, 912, 914, 915, 916, 918, 919, 920, 921, 924, 925, 927, 932, 934, 964, 971, 972, 974, 975, 977, 978, 980, 995, 997, 1001, 1002, 1003, 1006, 1007, 1010, 1011, 1013, 1014, 1017, 1018, 1019, 1020, 1022, 1024, 1025, 1028, 1029, 1030, 1031, 1036, 1037, 1039, 1041, 1043, 1044, 1045, 1068, 1069, 1071, 1078, 1079, 1080, 1081, 1082, 1085, 1087, 1103, 1106, 1110, 1111, 1114, 1117, 1118, 1120, 1122, 1124, 1125, 1127, 1129, 1132, 1134, 1138, 1144, 1148, 1153, 1192, 1193, 1196, 1200, 1201, 1204, 1218, 1221, 1222, 1223, 1224, 1227, 1228, 1229, 1231, 1234, 1235, 1243, 1247, 1249, 1251, 1252, 1254, 1260, 1261, 1262, 1264, 1267, 1268, 1270, 1272, 1274, 1275, 1276, 1277, 1294, 1295, 1297, 1301, 1314, 1315, 1316, 1337, 1338, 1339, 1342, 1345, 1353, 1355, 1356, 1369, 1370, 1373, 1374, 1375, 1378, 1379, 1380, 1382, 1383, 1384, 1386, 1387, 1388, 1389, 1391, 1393, 1396, 1397, 1398, 1399, 1400, 1405, 1406, 1409, 1410, 1411, 1412, 1414, 1426, 1427, 1428, 1446, 1447, 1449, 1452, 1453, 1454, 1457, 1472, 1473, 1475, 1477, 1478, 1479, 1501, 1502, 1504, 1508, 1509, 1511, 1512, 1513, 1516, 1521, 1533, 1534, 1535, 1557, 1561, 1562, 1563, 1566, 1569, 1574, 1575, 1577, 1597, 1598, 1600, 1604, 1605, 1606, 1609, 1610, 1612, 1613, 1614, 1616, 1617, 1618, 1619, 1681, 1690, 1692, 1693, 1694, 1696, 1707, 1708, 1709, 1712, 1713, 1714, 1715, 1716, 1718, 1721, 1724, 1725, 1726, 1728, 1757, 1760, 1769, 1774, 1775, 1776, 1777, 1779, 1782, 1783, 1784, 1785, 1786, 1787, 1790, 1793, 1794, 1795, 1797, 1806, 1808, 1827, 1835, 1847, 1853, 1876, 1879, 1886, 1887, 1891, 1894, 1895, 1897, 1900, 1905, 1907, 1947, 1956, 1961, 1965, 1968, 1969, 1970, 1973, 1974, 1975, 1976, 1978, 1990], "excluded_lines": [], "functions": {"_get_canvas_context_provider": {"executed_lines": [], "summary": {"covered_lines": 0, "num_statements": 4, "percent_covered": 0.0, "percent_covered_display": "0", "missing_lines": 4, "excluded_lines": 0, "percent_statements_covered": 0.0, "percent_statements_covered_display": "0"}, "missing_lines": [115, 116, 117, 118], "excluded_lines": [], "start_line": 112}, "_get_canvas_summary_service": {"executed_lines": [], "summary": {"covered_lines": 0, "num_statements": 6, "percent_covered": 0.0, "percent_covered_display": "0", "missing_lines": 6, "excluded_lines": 0, "percent_statements_covered": 0.0, "percent_statements_covered_display": "0"}, "missing_lines": [123, 124, 126, 127, 128, 129], "excluded_lines": [], "start_line": 121}, "ReadinessResponse.__init__": {"executed_lines": [183, 184, 185, 186, 187, 188, 189, 190, 191, 192, 193], "summary": {"covered_lines": 11, "num_statements": 11, "percent_covered": 100.0, "percent_covered_display": "100", "missing_lines": 0, "excluded_lines": 0, "percent_statements_covered": 100.0, "percent_statements_covered_display": "100"}, "missing_lines": [], "excluded_lines": [], "start_line": 169}, "ReadinessResponse.to_dict": {"executed_lines": [197], "summary": {"covered_lines": 1, "num_statements": 1, "percent_covered": 100.0, "percent_covered_display": "100", "missing_lines": 0, "excluded_lines": 0, "percent_statements_covered": 100.0, "percent_statements_covered_display": "100"}, "missing_lines": [], "excluded_lines": [], "start_line": 195}, "EpisodeService.__init__": {"executed_lines": [], "summary": {"covered_lines": 0, "num_statements": 5, "percent_covered": 0.0, "percent_covered_display": "0", "missing_lines": 5, "excluded_lines": 0, "percent_statements_covered": 0.0, "percent_statements_covered_display": "0"}, "missing_lines": [234, 235, 236, 239, 241], "excluded_lines": [], "start_line": 224}, "EpisodeService.embedding_service": {"executed_lines": [], "summary": {"covered_lines": 0, "num_statements": 1, "percent_covered": 0.0, "percent_covered_display": "0", "missing_lines": 1, "excluded_lines": 0, "percent_statements_covered": 0.0, "percent_statements_covered_display": "0"}, "missing_lines": [270], "excluded_lines": [], "start_line": 263}, "EpisodeService._get_lancedb": {"executed_lines": [], "summary": {"covered_lines": 0, "num_statements": 8, "percent_covered": 0.0, "percent_covered_display": "0", "missing_lines": 8, "excluded_lines": 0, "percent_statements_covered": 0.0, "percent_statements_covered_display": "0"}, "missing_lines": [279, 281, 282, 283, 284, 286, 287, 288], "excluded_lines": [], "start_line": 272}, "EpisodeService._extract_canvas_metadata": {"executed_lines": [], "summary": {"covered_lines": 0, "num_statements": 32, "percent_covered": 0.0, "percent_covered_display": "0", "missing_lines": 32, "excluded_lines": 0, "percent_statements_covered": 0.0, "percent_statements_covered_display": "0"}, "missing_lines": [309, 310, 314, 315, 317, 318, 319, 322, 326, 328, 333, 334, 335, 338, 344, 352, 361, 364, 365, 366, 367, 369, 370, 371, 376, 377, 379, 388, 394, 396, 397, 398], "excluded_lines": [], "start_line": 290}, "EpisodeService.create_episode_from_execution": {"executed_lines": [], "summary": {"covered_lines": 0, "num_statements": 38, "percent_covered": 0.0, "percent_covered_display": "0", "missing_lines": 38, "excluded_lines": 0, "percent_statements_covered": 0.0, "percent_statements_covered_display": "0"}, "missing_lines": [433, 437, 438, 441, 445, 446, 449, 450, 451, 459, 460, 463, 468, 471, 474, 475, 478, 495, 496, 497, 500, 501, 502, 510, 511, 513, 522, 523, 525, 535, 536, 537, 539, 540, 541, 542, 543, 545], "excluded_lines": [], "start_line": 400}, "EpisodeService.get_graduation_readiness": {"executed_lines": [], "summary": {"covered_lines": 0, "num_statements": 17, "percent_covered": 0.0, "percent_covered_display": "0", "missing_lines": 17, "excluded_lines": 0, "percent_statements_covered": 0.0, "percent_statements_covered_display": "0"}, "missing_lines": [578, 585, 586, 588, 591, 592, 595, 602, 604, 619, 622, 625, 631, 640, 651, 652, 654], "excluded_lines": [], "start_line": 547}, "EpisodeService.calculate_readiness_metrics": {"executed_lines": [], "summary": {"covered_lines": 0, "num_statements": 14, "percent_covered": 0.0, "percent_covered_display": "0", "missing_lines": 14, "excluded_lines": 0, "percent_statements_covered": 0.0, "percent_statements_covered_display": "0"}, "missing_lines": [684, 685, 696, 697, 700, 701, 704, 707, 710, 711, 712, 715, 718, 720], "excluded_lines": [], "start_line": 677}, "EpisodeService.calculate_supervision_metrics": {"executed_lines": [], "summary": {"covered_lines": 0, "num_statements": 14, "percent_covered": 0.0, "percent_covered_display": "0", "missing_lines": 14, "excluded_lines": 0, "percent_statements_covered": 0.0, "percent_statements_covered_display": "0"}, "missing_lines": [743, 744, 758, 760, 761, 774, 777, 778, 781, 784, 788, 791, 799, 801], "excluded_lines": [], "start_line": 730}, "EpisodeService.calculate_skill_diversity_metrics": {"executed_lines": [], "summary": {"covered_lines": 0, "num_statements": 8, "percent_covered": 0.0, "percent_covered_display": "0", "missing_lines": 8, "excluded_lines": 0, "percent_statements_covered": 0.0, "percent_statements_covered_display": "0"}, "missing_lines": [830, 837, 843, 846, 847, 851, 854, 858], "excluded_lines": [], "start_line": 811}, "EpisodeService.calculate_proposal_quality_metrics": {"executed_lines": [], "summary": {"covered_lines": 0, "num_statements": 17, "percent_covered": 0.0, "percent_covered_display": "0", "missing_lines": 17, "excluded_lines": 0, "percent_statements_covered": 0.0, "percent_statements_covered_display": "0"}, "missing_lines": [894, 902, 903, 911, 912, 914, 915, 916, 918, 919, 920, 921, 924, 925, 927, 932, 934], "excluded_lines": [], "start_line": 874}, "EpisodeService.get_agent_episodes": {"executed_lines": [], "summary": {"covered_lines": 0, "num_statements": 8, "percent_covered": 0.0, "percent_covered_display": "0", "missing_lines": 8, "excluded_lines": 0, "percent_statements_covered": 0.0, "percent_statements_covered_display": "0"}, "missing_lines": [964, 971, 972, 974, 975, 977, 978, 980], "excluded_lines": [], "start_line": 941}, "EpisodeService.archive_episode_to_cold_storage": {"executed_lines": [], "summary": {"covered_lines": 0, "num_statements": 29, "percent_covered": 0.0, "percent_covered_display": "0", "missing_lines": 29, "excluded_lines": 0, "percent_statements_covered": 0.0, "percent_statements_covered_display": "0"}, "missing_lines": [995, 997, 1001, 1002, 1003, 1006, 1007, 1010, 1011, 1013, 1014, 1017, 1018, 1019, 1020, 1022, 1024, 1025, 1028, 1029, 1030, 1031, 1036, 1037, 1039, 1041, 1043, 1044, 1045], "excluded_lines": [], "start_line": 982}, "EpisodeService._calculate_constitutional_score": {"executed_lines": [], "summary": {"covered_lines": 0, "num_statements": 10, "percent_covered": 0.0, "percent_covered_display": "0", "missing_lines": 10, "excluded_lines": 0, "percent_statements_covered": 0.0, "percent_statements_covered_display": "0"}, "missing_lines": [1068, 1069, 1071, 1078, 1079, 1080, 1081, 1082, 1085, 1087], "excluded_lines": [], "start_line": 1047}, "EpisodeService._calculate_step_efficiency": {"executed_lines": [], "summary": {"covered_lines": 0, "num_statements": 15, "percent_covered": 0.0, "percent_covered_display": "0", "missing_lines": 15, "excluded_lines": 0, "percent_statements_covered": 0.0, "percent_statements_covered_display": "0"}, "missing_lines": [1103, 1106, 1110, 1111, 1114, 1117, 1118, 1120, 1122, 1124, 1125, 1127, 1129, 1132, 1134], "excluded_lines": [], "start_line": 1089}, "EpisodeService._get_next_level": {"executed_lines": [], "summary": {"covered_lines": 0, "num_statements": 2, "percent_covered": 0.0, "percent_covered_display": "0", "missing_lines": 2, "excluded_lines": 0, "percent_statements_covered": 0.0, "percent_statements_covered_display": "0"}, "missing_lines": [1138, 1144], "excluded_lines": [], "start_line": 1136}, "EpisodeService._get_threshold_for_level": {"executed_lines": [], "summary": {"covered_lines": 0, "num_statements": 2, "percent_covered": 0.0, "percent_covered_display": "0", "missing_lines": 2, "excluded_lines": 0, "percent_statements_covered": 0.0, "percent_statements_covered_display": "0"}, "missing_lines": [1148, 1153], "excluded_lines": [], "start_line": 1146}, "EpisodeService.update_episode_feedback": {"executed_lines": [], "summary": {"covered_lines": 0, "num_statements": 35, "percent_covered": 0.0, "percent_covered_display": "0", "missing_lines": 35, "excluded_lines": 0, "percent_statements_covered": 0.0, "percent_statements_covered_display": "0"}, "missing_lines": [1192, 1193, 1196, 1200, 1201, 1204, 1218, 1221, 1222, 1223, 1224, 1227, 1228, 1229, 1231, 1234, 1235, 1243, 1247, 1249, 1251, 1252, 1254, 1260, 1261, 1262, 1264, 1267, 1268, 1270, 1272, 1274, 1275, 1276, 1277], "excluded_lines": [], "start_line": 1159}, "EpisodeService.get_episode_feedback": {"executed_lines": [], "summary": {"covered_lines": 0, "num_statements": 7, "percent_covered": 0.0, "percent_covered_display": "0", "missing_lines": 7, "excluded_lines": 0, "percent_statements_covered": 0.0, "percent_statements_covered_display": "0"}, "missing_lines": [1294, 1295, 1297, 1301, 1314, 1315, 1316], "excluded_lines": [], "start_line": 1279}, "EpisodeService.get_domain_feedback_metrics": {"executed_lines": [], "summary": {"covered_lines": 0, "num_statements": 40, "percent_covered": 0.0, "percent_covered_display": "0", "missing_lines": 40, "excluded_lines": 0, "percent_statements_covered": 0.0, "percent_statements_covered_display": "0"}, "missing_lines": [1337, 1338, 1339, 1342, 1345, 1353, 1355, 1356, 1369, 1370, 1373, 1374, 1375, 1378, 1379, 1380, 1382, 1383, 1384, 1386, 1387, 1388, 1389, 1391, 1393, 1396, 1397, 1398, 1399, 1400, 1405, 1406, 1409, 1410, 1411, 1412, 1414, 1426, 1427, 1428], "excluded_lines": [], "start_line": 1318}, "EpisodeService._sync_feedback_to_lancedb": {"executed_lines": [], "summary": {"covered_lines": 0, "num_statements": 13, "percent_covered": 0.0, "percent_covered_display": "0", "missing_lines": 13, "excluded_lines": 0, "percent_statements_covered": 0.0, "percent_statements_covered_display": "0"}, "missing_lines": [1446, 1447, 1449, 1452, 1453, 1454, 1457, 1472, 1473, 1475, 1477, 1478, 1479], "excluded_lines": [], "start_line": 1435}, "EpisodeService.get_canvas_actions_for_episode": {"executed_lines": [], "summary": {"covered_lines": 0, "num_statements": 13, "percent_covered": 0.0, "percent_covered_display": "0", "missing_lines": 13, "excluded_lines": 0, "percent_statements_covered": 0.0, "percent_statements_covered_display": "0"}, "missing_lines": [1501, 1502, 1504, 1508, 1509, 1511, 1512, 1513, 1516, 1521, 1533, 1534, 1535], "excluded_lines": [], "start_line": 1485}, "EpisodeService.recall_episodes_with_detail": {"executed_lines": [], "summary": {"covered_lines": 0, "num_statements": 9, "percent_covered": 0.0, "percent_covered_display": "0", "missing_lines": 9, "excluded_lines": 0, "percent_statements_covered": 0.0, "percent_statements_covered_display": "0"}, "missing_lines": [1557, 1561, 1562, 1563, 1566, 1569, 1574, 1575, 1577], "excluded_lines": [], "start_line": 1537}, "EpisodeService.link_canvas_actions_to_episode": {"executed_lines": [], "summary": {"covered_lines": 0, "num_statements": 15, "percent_covered": 0.0, "percent_covered_display": "0", "missing_lines": 15, "excluded_lines": 0, "percent_statements_covered": 0.0, "percent_statements_covered_display": "0"}, "missing_lines": [1597, 1598, 1600, 1604, 1605, 1606, 1609, 1610, 1612, 1613, 1614, 1616, 1617, 1618, 1619], "excluded_lines": [], "start_line": 1579}, "EpisodeService.get_skill_performance_stats": {"executed_lines": [], "summary": {"covered_lines": 0, "num_statements": 20, "percent_covered": 0.0, "percent_covered_display": "0", "missing_lines": 20, "excluded_lines": 0, "percent_statements_covered": 0.0, "percent_statements_covered_display": "0"}, "missing_lines": [1681, 1690, 1692, 1693, 1694, 1696, 1707, 1708, 1709, 1712, 1713, 1714, 1715, 1716, 1718, 1721, 1724, 1725, 1726, 1728], "excluded_lines": [], "start_line": 1655}, "EpisodeService.get_agent_skill_usage": {"executed_lines": [], "summary": {"covered_lines": 0, "num_statements": 21, "percent_covered": 0.0, "percent_covered_display": "0", "missing_lines": 21, "excluded_lines": 0, "percent_statements_covered": 0.0, "percent_statements_covered_display": "0"}, "missing_lines": [1757, 1760, 1769, 1774, 1775, 1776, 1777, 1779, 1782, 1783, 1784, 1785, 1786, 1787, 1790, 1793, 1794, 1795, 1797, 1806, 1808], "excluded_lines": [], "start_line": 1738}, "EpisodeService.get_skill_usage_count": {"executed_lines": [], "summary": {"covered_lines": 0, "num_statements": 2, "percent_covered": 0.0, "percent_covered_display": "0", "missing_lines": 2, "excluded_lines": 0, "percent_statements_covered": 0.0, "percent_statements_covered_display": "0"}, "missing_lines": [1827, 1835], "excluded_lines": [], "start_line": 1810}, "EpisodeService.get_required_skills_for_level": {"executed_lines": [], "summary": {"covered_lines": 0, "num_statements": 2, "percent_covered": 0.0, "percent_covered_display": "0", "missing_lines": 2, "excluded_lines": 0, "percent_statements_covered": 0.0, "percent_statements_covered_display": "0"}, "missing_lines": [1847, 1853], "excluded_lines": [], "start_line": 1837}, "EpisodeService.assess_skill_mastery": {"executed_lines": [], "summary": {"covered_lines": 0, "num_statements": 11, "percent_covered": 0.0, "percent_covered_display": "0", "missing_lines": 11, "excluded_lines": 0, "percent_statements_covered": 0.0, "percent_statements_covered_display": "0"}, "missing_lines": [1876, 1879, 1886, 1887, 1891, 1894, 1895, 1897, 1900, 1905, 1907], "excluded_lines": [], "start_line": 1855}, "EpisodeService.get_proposal_episodes_for_learning": {"executed_lines": [], "summary": {"covered_lines": 0, "num_statements": 13, "percent_covered": 0.0, "percent_covered_display": "0", "missing_lines": 13, "excluded_lines": 0, "percent_statements_covered": 0.0, "percent_statements_covered_display": "0"}, "missing_lines": [1947, 1956, 1961, 1965, 1968, 1969, 1970, 1973, 1974, 1975, 1976, 1978, 1990], "excluded_lines": [], "start_line": 1920}, "": {"executed_lines": [13, 14, 15, 16, 17, 18, 19, 20, 21, 23, 27, 28, 29, 31, 34, 36, 37, 38, 42, 108, 109, 112, 121, 132, 136, 145, 154, 163, 169, 195, 212, 224, 243, 244, 262, 263, 272, 290, 400, 547, 677, 730, 811, 874, 941, 982, 1047, 1089, 1136, 1146, 1159, 1279, 1318, 1435, 1485, 1537, 1579, 1625, 1626, 1636, 1637, 1645, 1646, 1655, 1738, 1810, 1837, 1855, 1920], "summary": {"covered_lines": 69, "num_statements": 69, "percent_covered": 100.0, "percent_covered_display": "100", "missing_lines": 0, "excluded_lines": 0, "percent_statements_covered": 100.0, "percent_statements_covered_display": "100"}, "missing_lines": [], "excluded_lines": [], "start_line": 1}}, "classes": {"DetailLevel": {"executed_lines": [], "summary": {"covered_lines": 0, "num_statements": 0, "percent_covered": 100.0, "percent_covered_display": "100", "missing_lines": 0, "excluded_lines": 0, "percent_statements_covered": 100.0, "percent_statements_covered_display": "100"}, "missing_lines": [], "excluded_lines": [], "start_line": 34}, "ReadinessThresholds": {"executed_lines": [], "summary": {"covered_lines": 0, "num_statements": 0, "percent_covered": 100.0, "percent_covered_display": "100", "missing_lines": 0, "excluded_lines": 0, "percent_statements_covered": 100.0, "percent_statements_covered_display": "100"}, "missing_lines": [], "excluded_lines": [], "start_line": 132}, "ReadinessResponse": {"executed_lines": [183, 184, 185, 186, 187, 188, 189, 190, 191, 192, 193, 197], "summary": {"covered_lines": 12, "num_statements": 12, "percent_covered": 100.0, "percent_covered_display": "100", "missing_lines": 0, "excluded_lines": 0, "percent_statements_covered": 100.0, "percent_statements_covered_display": "100"}, "missing_lines": [], "excluded_lines": [], "start_line": 163}, "EpisodeService": {"executed_lines": [], "summary": {"covered_lines": 0, "num_statements": 424, "percent_covered": 0.0, "percent_covered_display": "0", "missing_lines": 424, "excluded_lines": 0, "percent_statements_covered": 0.0, "percent_statements_covered_display": "0"}, "missing_lines": [234, 235, 236, 239, 241, 255, 257, 260, 270, 279, 281, 282, 283, 284, 286, 287, 288, 309, 310, 314, 315, 317, 318, 319, 322, 326, 328, 333, 334, 335, 338, 344, 352, 361, 364, 365, 366, 367, 369, 370, 371, 376, 377, 379, 388, 394, 396, 397, 398, 433, 437, 438, 441, 445, 446, 449, 450, 451, 459, 460, 463, 468, 471, 474, 475, 478, 495, 496, 497, 500, 501, 502, 510, 511, 513, 522, 523, 525, 535, 536, 537, 539, 540, 541, 542, 543, 545, 578, 585, 586, 588, 591, 592, 595, 602, 604, 619, 622, 625, 631, 640, 651, 652, 654, 684, 685, 696, 697, 700, 701, 704, 707, 710, 711, 712, 715, 718, 720, 743, 744, 758, 760, 761, 774, 777, 778, 781, 784, 788, 791, 799, 801, 830, 837, 843, 846, 847, 851, 854, 858, 894, 902, 903, 911, 912, 914, 915, 916, 918, 919, 920, 921, 924, 925, 927, 932, 934, 964, 971, 972, 974, 975, 977, 978, 980, 995, 997, 1001, 1002, 1003, 1006, 1007, 1010, 1011, 1013, 1014, 1017, 1018, 1019, 1020, 1022, 1024, 1025, 1028, 1029, 1030, 1031, 1036, 1037, 1039, 1041, 1043, 1044, 1045, 1068, 1069, 1071, 1078, 1079, 1080, 1081, 1082, 1085, 1087, 1103, 1106, 1110, 1111, 1114, 1117, 1118, 1120, 1122, 1124, 1125, 1127, 1129, 1132, 1134, 1138, 1144, 1148, 1153, 1192, 1193, 1196, 1200, 1201, 1204, 1218, 1221, 1222, 1223, 1224, 1227, 1228, 1229, 1231, 1234, 1235, 1243, 1247, 1249, 1251, 1252, 1254, 1260, 1261, 1262, 1264, 1267, 1268, 1270, 1272, 1274, 1275, 1276, 1277, 1294, 1295, 1297, 1301, 1314, 1315, 1316, 1337, 1338, 1339, 1342, 1345, 1353, 1355, 1356, 1369, 1370, 1373, 1374, 1375, 1378, 1379, 1380, 1382, 1383, 1384, 1386, 1387, 1388, 1389, 1391, 1393, 1396, 1397, 1398, 1399, 1400, 1405, 1406, 1409, 1410, 1411, 1412, 1414, 1426, 1427, 1428, 1446, 1447, 1449, 1452, 1453, 1454, 1457, 1472, 1473, 1475, 1477, 1478, 1479, 1501, 1502, 1504, 1508, 1509, 1511, 1512, 1513, 1516, 1521, 1533, 1534, 1535, 1557, 1561, 1562, 1563, 1566, 1569, 1574, 1575, 1577, 1597, 1598, 1600, 1604, 1605, 1606, 1609, 1610, 1612, 1613, 1614, 1616, 1617, 1618, 1619, 1681, 1690, 1692, 1693, 1694, 1696, 1707, 1708, 1709, 1712, 1713, 1714, 1715, 1716, 1718, 1721, 1724, 1725, 1726, 1728, 1757, 1760, 1769, 1774, 1775, 1776, 1777, 1779, 1782, 1783, 1784, 1785, 1786, 1787, 1790, 1793, 1794, 1795, 1797, 1806, 1808, 1827, 1835, 1847, 1853, 1876, 1879, 1886, 1887, 1891, 1894, 1895, 1897, 1900, 1905, 1907, 1947, 1956, 1961, 1965, 1968, 1969, 1970, 1973, 1974, 1975, 1976, 1978, 1990], "excluded_lines": [], "start_line": 212}, "EpisodeService.SkillPerformanceStats": {"executed_lines": [], "summary": {"covered_lines": 0, "num_statements": 0, "percent_covered": 100.0, "percent_covered_display": "100", "missing_lines": 0, "excluded_lines": 0, "percent_statements_covered": 100.0, "percent_statements_covered_display": "100"}, "missing_lines": [], "excluded_lines": [], "start_line": 1626}, "EpisodeService.SkillUsageSummary": {"executed_lines": [], "summary": {"covered_lines": 0, "num_statements": 0, "percent_covered": 100.0, "percent_covered_display": "100", "missing_lines": 0, "excluded_lines": 0, "percent_statements_covered": 100.0, "percent_statements_covered_display": "100"}, "missing_lines": [], "excluded_lines": [], "start_line": 1637}, "EpisodeService.SkillMasteryAssessment": {"executed_lines": [], "summary": {"covered_lines": 0, "num_statements": 0, "percent_covered": 100.0, "percent_covered_display": "100", "missing_lines": 0, "excluded_lines": 0, "percent_statements_covered": 100.0, "percent_statements_covered_display": "100"}, "missing_lines": [], "excluded_lines": [], "start_line": 1646}, "": {"executed_lines": [13, 14, 15, 16, 17, 18, 19, 20, 21, 23, 27, 28, 29, 31, 34, 36, 37, 38, 42, 108, 109, 112, 121, 132, 136, 145, 154, 163, 169, 195, 212, 224, 243, 244, 262, 263, 272, 290, 400, 547, 677, 730, 811, 874, 941, 982, 1047, 1089, 1136, 1146, 1159, 1279, 1318, 1435, 1485, 1537, 1579, 1625, 1626, 1636, 1637, 1645, 1646, 1655, 1738, 1810, 1837, 1855, 1920], "summary": {"covered_lines": 69, "num_statements": 79, "percent_covered": 87.34177215189874, "percent_covered_display": "87", "missing_lines": 10, "excluded_lines": 0, "percent_statements_covered": 87.34177215189874, "percent_statements_covered_display": "87"}, "missing_lines": [115, 116, 117, 118, 123, 124, 126, 127, 128, 129], "excluded_lines": [], "start_line": 1}}}, "core/graduation_exam.py": {"executed_lines": [12, 13, 14, 15, 16, 18, 22, 24, 27, 30, 41, 42, 43, 44, 45, 46, 47, 48, 50, 52, 64, 67, 76, 77, 78, 79, 80, 81, 83, 85, 95, 108, 109, 111, 131, 132, 138, 140, 170, 177, 178, 180, 183, 184, 186, 187, 201, 202, 212, 213, 216, 233, 330, 431, 531, 555, 573, 640, 697, 745, 809, 850, 887, 889, 895, 901], "summary": {"covered_lines": 66, "num_statements": 227, "percent_covered": 29.07488986784141, "percent_covered_display": "29", "missing_lines": 161, "excluded_lines": 0, "percent_statements_covered": 29.07488986784141, "percent_statements_covered_display": "29"}, "missing_lines": [238, 239, 240, 245, 251, 252, 257, 263, 264, 265, 270, 277, 278, 285, 287, 288, 289, 290, 292, 293, 296, 307, 309, 310, 311, 313, 315, 316, 317, 319, 352, 359, 360, 370, 377, 378, 387, 390, 391, 392, 395, 396, 403, 415, 417, 422, 453, 460, 461, 470, 473, 480, 481, 491, 495, 496, 503, 515, 517, 522, 548, 576, 586, 588, 596, 598, 599, 601, 603, 604, 612, 613, 614, 616, 626, 627, 628, 629, 631, 633, 660, 667, 668, 670, 672, 673, 674, 683, 684, 692, 726, 739, 740, 741, 743, 765, 768, 779, 780, 783, 789, 791, 797, 824, 826, 827, 829, 830, 831, 835, 836, 840, 841, 845, 846, 848, 869, 871, 872, 874, 875, 876, 878, 879, 880, 882, 883, 885, 938, 941, 942, 947, 948, 949, 952, 953, 954, 957, 958, 963, 964, 965, 966, 967, 968, 969, 972, 973, 974, 977, 978, 979, 980, 981, 984, 988, 989, 996, 997, 999, 1005], "excluded_lines": [], "functions": {"ExamResult.__init__": {"executed_lines": [41, 42, 43, 44, 45, 46, 47, 48], "summary": {"covered_lines": 8, "num_statements": 8, "percent_covered": 100.0, "percent_covered_display": "100", "missing_lines": 0, "excluded_lines": 0, "percent_statements_covered": 100.0, "percent_statements_covered_display": "100"}, "missing_lines": [], "excluded_lines": [], "start_line": 30}, "ExamResult.to_dict": {"executed_lines": [52], "summary": {"covered_lines": 1, "num_statements": 1, "percent_covered": 100.0, "percent_covered_display": "100", "missing_lines": 0, "excluded_lines": 0, "percent_statements_covered": 100.0, "percent_statements_covered_display": "100"}, "missing_lines": [], "excluded_lines": [], "start_line": 50}, "PromotionResult.__init__": {"executed_lines": [76, 77, 78, 79, 80, 81], "summary": {"covered_lines": 6, "num_statements": 6, "percent_covered": 100.0, "percent_covered_display": "100", "missing_lines": 0, "excluded_lines": 0, "percent_statements_covered": 100.0, "percent_statements_covered_display": "100"}, "missing_lines": [], "excluded_lines": [], "start_line": 67}, "PromotionResult.to_dict": {"executed_lines": [85], "summary": {"covered_lines": 1, "num_statements": 1, "percent_covered": 100.0, "percent_covered_display": "100", "missing_lines": 0, "excluded_lines": 0, "percent_statements_covered": 100.0, "percent_statements_covered_display": "100"}, "missing_lines": [], "excluded_lines": [], "start_line": 83}, "GraduationExamService.__init__": {"executed_lines": [109], "summary": {"covered_lines": 1, "num_statements": 1, "percent_covered": 100.0, "percent_covered_display": "100", "missing_lines": 0, "excluded_lines": 0, "percent_statements_covered": 100.0, "percent_statements_covered_display": "100"}, "missing_lines": [], "excluded_lines": [], "start_line": 108}, "GraduationExamService.calculate_readiness_score": {"executed_lines": [131, 132, 138], "summary": {"covered_lines": 3, "num_statements": 3, "percent_covered": 100.0, "percent_covered_display": "100", "missing_lines": 0, "excluded_lines": 0, "percent_statements_covered": 100.0, "percent_statements_covered_display": "100"}, "missing_lines": [], "excluded_lines": [], "start_line": 111}, "GraduationExamService.execute_graduation_exam": {"executed_lines": [170, 177, 178, 180, 183, 184, 186, 187, 201, 202, 212, 213, 216, 233], "summary": {"covered_lines": 14, "num_statements": 44, "percent_covered": 31.818181818181817, "percent_covered_display": "32", "missing_lines": 30, "excluded_lines": 0, "percent_statements_covered": 31.818181818181817, "percent_statements_covered_display": "32"}, "missing_lines": [238, 239, 240, 245, 251, 252, 257, 263, 264, 265, 270, 277, 278, 285, 287, 288, 289, 290, 292, 293, 296, 307, 309, 310, 311, 313, 315, 316, 317, 319], "excluded_lines": [], "start_line": 140}, "GraduationExamService.promote_agent_manually": {"executed_lines": [], "summary": {"covered_lines": 0, "num_statements": 16, "percent_covered": 0.0, "percent_covered_display": "0", "missing_lines": 16, "excluded_lines": 0, "percent_statements_covered": 0.0, "percent_statements_covered_display": "0"}, "missing_lines": [352, 359, 360, 370, 377, 378, 387, 390, 391, 392, 395, 396, 403, 415, 417, 422], "excluded_lines": [], "start_line": 330}, "GraduationExamService.demote_agent": {"executed_lines": [], "summary": {"covered_lines": 0, "num_statements": 14, "percent_covered": 0.0, "percent_covered_display": "0", "missing_lines": 14, "excluded_lines": 0, "percent_statements_covered": 0.0, "percent_statements_covered_display": "0"}, "missing_lines": [453, 460, 461, 470, 473, 480, 481, 491, 495, 496, 503, 515, 517, 522], "excluded_lines": [], "start_line": 431}, "GraduationExamService.get_promotion_history": {"executed_lines": [], "summary": {"covered_lines": 0, "num_statements": 1, "percent_covered": 0.0, "percent_covered_display": "0", "missing_lines": 1, "excluded_lines": 0, "percent_statements_covered": 0.0, "percent_statements_covered_display": "0"}, "missing_lines": [548], "excluded_lines": [], "start_line": 531}, "GraduationExamService._run_edge_case_simulations": {"executed_lines": [573], "summary": {"covered_lines": 1, "num_statements": 20, "percent_covered": 5.0, "percent_covered_display": "5", "missing_lines": 19, "excluded_lines": 0, "percent_statements_covered": 5.0, "percent_statements_covered_display": "5"}, "missing_lines": [576, 586, 588, 596, 598, 599, 601, 603, 604, 612, 613, 614, 616, 626, 627, 628, 629, 631, 633], "excluded_lines": [], "start_line": 555}, "GraduationExamService._constitutional_guardrail_check": {"executed_lines": [], "summary": {"covered_lines": 0, "num_statements": 10, "percent_covered": 0.0, "percent_covered_display": "0", "missing_lines": 10, "excluded_lines": 0, "percent_statements_covered": 0.0, "percent_statements_covered_display": "0"}, "missing_lines": [660, 667, 668, 670, 672, 673, 674, 683, 684, 692], "excluded_lines": [], "start_line": 640}, "GraduationExamService._record_promotion_history": {"executed_lines": [], "summary": {"covered_lines": 0, "num_statements": 5, "percent_covered": 0.0, "percent_covered_display": "0", "missing_lines": 5, "excluded_lines": 0, "percent_statements_covered": 0.0, "percent_statements_covered_display": "0"}, "missing_lines": [726, 739, 740, 741, 743], "excluded_lines": [], "start_line": 697}, "GraduationExamService._skill_performance_check": {"executed_lines": [], "summary": {"covered_lines": 0, "num_statements": 8, "percent_covered": 0.0, "percent_covered_display": "0", "missing_lines": 8, "excluded_lines": 0, "percent_statements_covered": 0.0, "percent_statements_covered_display": "0"}, "missing_lines": [765, 768, 779, 780, 783, 789, 791, 797], "excluded_lines": [], "start_line": 745}, "GraduationExamService._generate_skill_recommendations": {"executed_lines": [], "summary": {"covered_lines": 0, "num_statements": 13, "percent_covered": 0.0, "percent_covered_display": "0", "missing_lines": 13, "excluded_lines": 0, "percent_statements_covered": 0.0, "percent_statements_covered_display": "0"}, "missing_lines": [824, 826, 827, 829, 830, 831, 835, 836, 840, 841, 845, 846, 848], "excluded_lines": [], "start_line": 809}, "GraduationExamService._generate_failure_reason": {"executed_lines": [], "summary": {"covered_lines": 0, "num_statements": 12, "percent_covered": 0.0, "percent_covered_display": "0", "missing_lines": 12, "excluded_lines": 0, "percent_statements_covered": 0.0, "percent_statements_covered_display": "0"}, "missing_lines": [869, 871, 872, 874, 875, 876, 878, 879, 880, 882, 883, 885], "excluded_lines": [], "start_line": 850}, "GraduationExamService._get_next_level": {"executed_lines": [889, 895], "summary": {"covered_lines": 2, "num_statements": 2, "percent_covered": 100.0, "percent_covered_display": "100", "missing_lines": 0, "excluded_lines": 0, "percent_statements_covered": 100.0, "percent_statements_covered_display": "100"}, "missing_lines": [], "excluded_lines": [], "start_line": 887}, "GraduationExamService.evaluate_evolved_agent": {"executed_lines": [], "summary": {"covered_lines": 0, "num_statements": 33, "percent_covered": 0.0, "percent_covered_display": "0", "missing_lines": 33, "excluded_lines": 0, "percent_statements_covered": 0.0, "percent_statements_covered_display": "0"}, "missing_lines": [938, 941, 942, 947, 948, 949, 952, 953, 954, 957, 958, 963, 964, 965, 966, 967, 968, 969, 972, 973, 974, 977, 978, 979, 980, 981, 984, 988, 989, 996, 997, 999, 1005], "excluded_lines": [], "start_line": 901}, "": {"executed_lines": [12, 13, 14, 15, 16, 18, 22, 24, 27, 30, 50, 64, 67, 83, 95, 108, 111, 140, 330, 431, 531, 555, 640, 697, 745, 809, 850, 887, 901], "summary": {"covered_lines": 29, "num_statements": 29, "percent_covered": 100.0, "percent_covered_display": "100", "missing_lines": 0, "excluded_lines": 0, "percent_statements_covered": 100.0, "percent_statements_covered_display": "100"}, "missing_lines": [], "excluded_lines": [], "start_line": 1}}, "classes": {"ExamResult": {"executed_lines": [41, 42, 43, 44, 45, 46, 47, 48, 52], "summary": {"covered_lines": 9, "num_statements": 9, "percent_covered": 100.0, "percent_covered_display": "100", "missing_lines": 0, "excluded_lines": 0, "percent_statements_covered": 100.0, "percent_statements_covered_display": "100"}, "missing_lines": [], "excluded_lines": [], "start_line": 27}, "PromotionResult": {"executed_lines": [76, 77, 78, 79, 80, 81, 85], "summary": {"covered_lines": 7, "num_statements": 7, "percent_covered": 100.0, "percent_covered_display": "100", "missing_lines": 0, "excluded_lines": 0, "percent_statements_covered": 100.0, "percent_statements_covered_display": "100"}, "missing_lines": [], "excluded_lines": [], "start_line": 64}, "GraduationExamService": {"executed_lines": [109, 131, 132, 138, 170, 177, 178, 180, 183, 184, 186, 187, 201, 202, 212, 213, 216, 233, 573, 889, 895], "summary": {"covered_lines": 21, "num_statements": 182, "percent_covered": 11.538461538461538, "percent_covered_display": "12", "missing_lines": 161, "excluded_lines": 0, "percent_statements_covered": 11.538461538461538, "percent_statements_covered_display": "12"}, "missing_lines": [238, 239, 240, 245, 251, 252, 257, 263, 264, 265, 270, 277, 278, 285, 287, 288, 289, 290, 292, 293, 296, 307, 309, 310, 311, 313, 315, 316, 317, 319, 352, 359, 360, 370, 377, 378, 387, 390, 391, 392, 395, 396, 403, 415, 417, 422, 453, 460, 461, 470, 473, 480, 481, 491, 495, 496, 503, 515, 517, 522, 548, 576, 586, 588, 596, 598, 599, 601, 603, 604, 612, 613, 614, 616, 626, 627, 628, 629, 631, 633, 660, 667, 668, 670, 672, 673, 674, 683, 684, 692, 726, 739, 740, 741, 743, 765, 768, 779, 780, 783, 789, 791, 797, 824, 826, 827, 829, 830, 831, 835, 836, 840, 841, 845, 846, 848, 869, 871, 872, 874, 875, 876, 878, 879, 880, 882, 883, 885, 938, 941, 942, 947, 948, 949, 952, 953, 954, 957, 958, 963, 964, 965, 966, 967, 968, 969, 972, 973, 974, 977, 978, 979, 980, 981, 984, 988, 989, 996, 997, 999, 1005], "excluded_lines": [], "start_line": 95}, "": {"executed_lines": [12, 13, 14, 15, 16, 18, 22, 24, 27, 30, 50, 64, 67, 83, 95, 108, 111, 140, 330, 431, 531, 555, 640, 697, 745, 809, 850, 887, 901], "summary": {"covered_lines": 29, "num_statements": 29, "percent_covered": 100.0, "percent_covered_display": "100", "missing_lines": 0, "excluded_lines": 0, "percent_statements_covered": 100.0, "percent_statements_covered_display": "100"}, "missing_lines": [], "excluded_lines": [], "start_line": 1}}}, "core/workflow_marketplace.py": {"executed_lines": [1, 2, 3, 4, 5, 6, 7, 8, 9, 11, 14, 20, 21, 22, 25, 26, 27, 28, 30, 41, 42, 43, 44, 45, 46, 47, 48, 49, 50, 51, 53, 63, 68, 69, 70, 71, 72, 73, 74, 79, 80, 81, 82, 84, 85, 86, 87, 88, 89, 90, 91, 92, 93, 95, 96, 97, 99, 101, 171, 172, 173, 175, 176, 177, 178, 179, 181, 196, 209, 225, 245, 247, 415, 416, 417, 418, 419, 420, 421, 422, 423, 424, 425, 426, 427, 428, 430, 432, 509, 510, 511, 512, 513, 514, 515, 516, 517, 518, 519, 520, 521, 522, 524, 556, 572, 622, 675, 726, 753, 800, 801, 803, 804, 818, 819, 832, 833, 842, 843, 849, 850, 864, 865, 873, 874, 897, 898, 910, 911, 922, 923], "summary": {"covered_lines": 131, "num_statements": 350, "percent_covered": 37.42857142857143, "percent_covered_display": "37", "missing_lines": 219, "excluded_lines": 0, "percent_statements_covered": 37.42857142857143, "percent_statements_covered_display": "37"}, "missing_lines": [183, 184, 185, 186, 187, 188, 189, 190, 191, 192, 193, 194, 198, 199, 200, 201, 203, 204, 205, 206, 207, 212, 213, 217, 228, 229, 232, 243, 530, 533, 534, 535, 538, 539, 540, 542, 543, 544, 545, 548, 549, 551, 552, 554, 558, 559, 560, 561, 562, 563, 564, 565, 566, 567, 568, 569, 570, 574, 575, 576, 577, 578, 579, 580, 581, 584, 586, 612, 615, 616, 618, 619, 620, 624, 625, 626, 627, 628, 629, 630, 631, 632, 633, 636, 638, 665, 668, 669, 671, 672, 673, 678, 679, 680, 681, 682, 683, 684, 685, 686, 689, 690, 691, 692, 693, 694, 695, 696, 697, 700, 701, 702, 703, 704, 705, 706, 707, 708, 711, 712, 713, 715, 720, 721, 722, 724, 728, 729, 730, 731, 734, 735, 736, 739, 740, 741, 742, 743, 744, 747, 748, 749, 751, 758, 759, 760, 762, 763, 766, 793, 794, 795, 797, 811, 821, 835, 836, 839, 840, 844, 845, 846, 847, 852, 853, 854, 855, 858, 859, 860, 861, 867, 868, 869, 870, 871, 880, 881, 886, 891, 892, 893, 894, 899, 900, 901, 902, 903, 904, 905, 906, 907, 908, 913, 914, 915, 916, 917, 918, 919, 925, 927, 936, 938, 939, 940, 941, 942, 945, 946, 947, 948, 949, 952, 953, 954, 955, 956, 958], "excluded_lines": [], "functions": {"MarketplaceEngine.__init__": {"executed_lines": [86, 87, 88, 89, 90, 91, 92, 93, 95, 96, 97], "summary": {"covered_lines": 11, "num_statements": 11, "percent_covered": 100.0, "percent_covered_display": "100", "missing_lines": 0, "excluded_lines": 0, "percent_statements_covered": 100.0, "percent_statements_covered_display": "100"}, "missing_lines": [], "excluded_lines": [], "start_line": 85}, "MarketplaceEngine._initialize_default_templates": {"executed_lines": [101, 171, 172, 173, 175, 176, 177, 178, 179], "summary": {"covered_lines": 9, "num_statements": 9, "percent_covered": 100.0, "percent_covered_display": "100", "missing_lines": 0, "excluded_lines": 0, "percent_statements_covered": 100.0, "percent_statements_covered_display": "100"}, "missing_lines": [], "excluded_lines": [], "start_line": 99}, "MarketplaceEngine.list_templates": {"executed_lines": [], "summary": {"covered_lines": 0, "num_statements": 16, "percent_covered": 0.0, "percent_covered_display": "0", "missing_lines": 16, "excluded_lines": 0, "percent_statements_covered": 0.0, "percent_statements_covered_display": "0"}, "missing_lines": [530, 533, 534, 535, 538, 539, 540, 542, 543, 544, 545, 548, 549, 551, 552, 554], "excluded_lines": [], "start_line": 524}, "MarketplaceEngine.get_template": {"executed_lines": [], "summary": {"covered_lines": 0, "num_statements": 35, "percent_covered": 0.0, "percent_covered_display": "0", "missing_lines": 35, "excluded_lines": 0, "percent_statements_covered": 0.0, "percent_statements_covered_display": "0"}, "missing_lines": [678, 679, 680, 681, 682, 683, 684, 685, 686, 689, 690, 691, 692, 693, 694, 695, 696, 697, 700, 701, 702, 703, 704, 705, 706, 707, 708, 711, 712, 713, 715, 720, 721, 722, 724], "excluded_lines": [], "start_line": 675}, "MarketplaceEngine.import_workflow": {"executed_lines": [], "summary": {"covered_lines": 0, "num_statements": 3, "percent_covered": 0.0, "percent_covered_display": "0", "missing_lines": 3, "excluded_lines": 0, "percent_statements_covered": 0.0, "percent_statements_covered_display": "0"}, "missing_lines": [212, 213, 217], "excluded_lines": [], "start_line": 209}, "MarketplaceEngine.export_workflow": {"executed_lines": [], "summary": {"covered_lines": 0, "num_statements": 4, "percent_covered": 0.0, "percent_covered_display": "0", "missing_lines": 4, "excluded_lines": 0, "percent_statements_covered": 0.0, "percent_statements_covered_display": "0"}, "missing_lines": [228, 229, 232, 243], "excluded_lines": [], "start_line": 225}, "MarketplaceEngine._initialize_advanced_templates": {"executed_lines": [247, 415, 416, 417, 418, 419, 420, 421, 422, 423, 424, 425, 426, 427, 428], "summary": {"covered_lines": 15, "num_statements": 15, "percent_covered": 100.0, "percent_covered_display": "100", "missing_lines": 0, "excluded_lines": 0, "percent_statements_covered": 100.0, "percent_statements_covered_display": "100"}, "missing_lines": [], "excluded_lines": [], "start_line": 245}, "MarketplaceEngine._initialize_industry_templates": {"executed_lines": [432, 509, 510, 511, 512, 513, 514, 515, 516, 517, 518, 519, 520, 521, 522], "summary": {"covered_lines": 15, "num_statements": 15, "percent_covered": 100.0, "percent_covered_display": "100", "missing_lines": 0, "excluded_lines": 0, "percent_statements_covered": 100.0, "percent_statements_covered_display": "100"}, "missing_lines": [], "excluded_lines": [], "start_line": 430}, "MarketplaceEngine._load_legacy_templates": {"executed_lines": [], "summary": {"covered_lines": 0, "num_statements": 13, "percent_covered": 0.0, "percent_covered_display": "0", "missing_lines": 13, "excluded_lines": 0, "percent_statements_covered": 0.0, "percent_statements_covered_display": "0"}, "missing_lines": [558, 559, 560, 561, 562, 563, 564, 565, 566, 567, 568, 569, 570], "excluded_lines": [], "start_line": 556}, "MarketplaceEngine._load_advanced_templates": {"executed_lines": [], "summary": {"covered_lines": 0, "num_statements": 16, "percent_covered": 0.0, "percent_covered_display": "0", "missing_lines": 16, "excluded_lines": 0, "percent_statements_covered": 0.0, "percent_statements_covered_display": "0"}, "missing_lines": [574, 575, 576, 577, 578, 579, 580, 581, 584, 586, 612, 615, 616, 618, 619, 620], "excluded_lines": [], "start_line": 572}, "MarketplaceEngine._load_industry_templates": {"executed_lines": [], "summary": {"covered_lines": 0, "num_statements": 18, "percent_covered": 0.0, "percent_covered_display": "0", "missing_lines": 18, "excluded_lines": 0, "percent_statements_covered": 0.0, "percent_statements_covered_display": "0"}, "missing_lines": [624, 625, 626, 627, 628, 629, 630, 631, 632, 633, 636, 638, 665, 668, 669, 671, 672, 673], "excluded_lines": [], "start_line": 622}, "MarketplaceEngine.create_advanced_template": {"executed_lines": [], "summary": {"covered_lines": 0, "num_statements": 17, "percent_covered": 0.0, "percent_covered_display": "0", "missing_lines": 17, "excluded_lines": 0, "percent_statements_covered": 0.0, "percent_statements_covered_display": "0"}, "missing_lines": [728, 729, 730, 731, 734, 735, 736, 739, 740, 741, 742, 743, 744, 747, 748, 749, 751], "excluded_lines": [], "start_line": 726}, "MarketplaceEngine.create_workflow_from_advanced_template": {"executed_lines": [], "summary": {"covered_lines": 0, "num_statements": 10, "percent_covered": 0.0, "percent_covered_display": "0", "missing_lines": 10, "excluded_lines": 0, "percent_statements_covered": 0.0, "percent_statements_covered_display": "0"}, "missing_lines": [758, 759, 760, 762, 763, 766, 793, 794, 795, 797], "excluded_lines": [], "start_line": 753}, "get_templates": {"executed_lines": [], "summary": {"covered_lines": 0, "num_statements": 1, "percent_covered": 0.0, "percent_covered_display": "0", "missing_lines": 1, "excluded_lines": 0, "percent_statements_covered": 0.0, "percent_statements_covered_display": "0"}, "missing_lines": [811], "excluded_lines": [], "start_line": 804}, "get_template_types": {"executed_lines": [], "summary": {"covered_lines": 0, "num_statements": 1, "percent_covered": 0.0, "percent_covered_display": "0", "missing_lines": 1, "excluded_lines": 0, "percent_statements_covered": 0.0, "percent_statements_covered_display": "0"}, "missing_lines": [821], "excluded_lines": [], "start_line": 819}, "get_featured_templates": {"executed_lines": [], "summary": {"covered_lines": 0, "num_statements": 4, "percent_covered": 0.0, "percent_covered_display": "0", "missing_lines": 4, "excluded_lines": 0, "percent_statements_covered": 0.0, "percent_statements_covered_display": "0"}, "missing_lines": [835, 836, 839, 840], "excluded_lines": [], "start_line": 833}, "get_template_details": {"executed_lines": [], "summary": {"covered_lines": 0, "num_statements": 4, "percent_covered": 0.0, "percent_covered_display": "0", "missing_lines": 4, "excluded_lines": 0, "percent_statements_covered": 0.0, "percent_statements_covered_display": "0"}, "missing_lines": [844, 845, 846, 847], "excluded_lines": [], "start_line": 843}, "import_template_by_id": {"executed_lines": [], "summary": {"covered_lines": 0, "num_statements": 8, "percent_covered": 0.0, "percent_covered_display": "0", "missing_lines": 8, "excluded_lines": 0, "percent_statements_covered": 0.0, "percent_statements_covered_display": "0"}, "missing_lines": [852, 853, 854, 855, 858, 859, 860, 861], "excluded_lines": [], "start_line": 850}, "create_advanced_template": {"executed_lines": [], "summary": {"covered_lines": 0, "num_statements": 5, "percent_covered": 0.0, "percent_covered_display": "0", "missing_lines": 5, "excluded_lines": 0, "percent_statements_covered": 0.0, "percent_statements_covered_display": "0"}, "missing_lines": [867, 868, 869, 870, 871], "excluded_lines": [], "start_line": 865}, "create_workflow_from_advanced_template": {"executed_lines": [], "summary": {"covered_lines": 0, "num_statements": 7, "percent_covered": 0.0, "percent_covered_display": "0", "missing_lines": 7, "excluded_lines": 0, "percent_statements_covered": 0.0, "percent_statements_covered_display": "0"}, "missing_lines": [880, 881, 886, 891, 892, 893, 894], "excluded_lines": [], "start_line": 874}, "import_workflow": {"executed_lines": [], "summary": {"covered_lines": 0, "num_statements": 10, "percent_covered": 0.0, "percent_covered_display": "0", "missing_lines": 10, "excluded_lines": 0, "percent_statements_covered": 0.0, "percent_statements_covered_display": "0"}, "missing_lines": [899, 900, 901, 902, 903, 904, 905, 906, 907, 908], "excluded_lines": [], "start_line": 898}, "export_workflow": {"executed_lines": [], "summary": {"covered_lines": 0, "num_statements": 7, "percent_covered": 0.0, "percent_covered_display": "0", "missing_lines": 7, "excluded_lines": 0, "percent_statements_covered": 0.0, "percent_statements_covered_display": "0"}, "missing_lines": [913, 914, 915, 916, 917, 918, 919], "excluded_lines": [], "start_line": 911}, "get_template_statistics": {"executed_lines": [], "summary": {"covered_lines": 0, "num_statements": 19, "percent_covered": 0.0, "percent_covered_display": "0", "missing_lines": 19, "excluded_lines": 0, "percent_statements_covered": 0.0, "percent_statements_covered_display": "0"}, "missing_lines": [925, 927, 936, 938, 939, 940, 941, 942, 945, 946, 947, 948, 949, 952, 953, 954, 955, 956, 958], "excluded_lines": [], "start_line": 923}, "": {"executed_lines": [1, 2, 3, 4, 5, 6, 7, 8, 9, 11, 14, 20, 21, 22, 25, 26, 27, 28, 30, 41, 42, 43, 44, 45, 46, 47, 48, 49, 50, 51, 53, 63, 68, 69, 70, 71, 72, 73, 74, 79, 80, 81, 82, 84, 85, 99, 181, 196, 209, 225, 245, 430, 524, 556, 572, 622, 675, 726, 753, 800, 801, 803, 804, 818, 819, 832, 833, 842, 843, 849, 850, 864, 865, 873, 874, 897, 898, 910, 911, 922, 923], "summary": {"covered_lines": 81, "num_statements": 81, "percent_covered": 100.0, "percent_covered_display": "100", "missing_lines": 0, "excluded_lines": 0, "percent_statements_covered": 100.0, "percent_statements_covered_display": "100"}, "missing_lines": [], "excluded_lines": [], "start_line": 1}}, "classes": {"TemplateType": {"executed_lines": [], "summary": {"covered_lines": 0, "num_statements": 0, "percent_covered": 100.0, "percent_covered_display": "100", "missing_lines": 0, "excluded_lines": 0, "percent_statements_covered": 100.0, "percent_statements_covered_display": "100"}, "missing_lines": [], "excluded_lines": [], "start_line": 25}, "WorkflowTemplate": {"executed_lines": [], "summary": {"covered_lines": 0, "num_statements": 0, "percent_covered": 100.0, "percent_covered_display": "100", "missing_lines": 0, "excluded_lines": 0, "percent_statements_covered": 100.0, "percent_statements_covered_display": "100"}, "missing_lines": [], "excluded_lines": [], "start_line": 30}, "AdvancedWorkflowTemplate": {"executed_lines": [], "summary": {"covered_lines": 0, "num_statements": 0, "percent_covered": 100.0, "percent_covered_display": "100", "missing_lines": 0, "excluded_lines": 0, "percent_statements_covered": 100.0, "percent_statements_covered_display": "100"}, "missing_lines": [], "excluded_lines": [], "start_line": 53}, "MarketplaceEngine": {"executed_lines": [86, 87, 88, 89, 90, 91, 92, 93, 95, 96, 97, 101, 171, 172, 173, 175, 176, 177, 178, 179, 247, 415, 416, 417, 418, 419, 420, 421, 422, 423, 424, 425, 426, 427, 428, 432, 509, 510, 511, 512, 513, 514, 515, 516, 517, 518, 519, 520, 521, 522], "summary": {"covered_lines": 50, "num_statements": 203, "percent_covered": 24.63054187192118, "percent_covered_display": "25", "missing_lines": 153, "excluded_lines": 0, "percent_statements_covered": 24.63054187192118, "percent_statements_covered_display": "25"}, "missing_lines": [183, 184, 185, 186, 187, 188, 189, 190, 191, 192, 193, 194, 198, 199, 200, 201, 203, 204, 205, 206, 207, 212, 213, 217, 228, 229, 232, 243, 530, 533, 534, 535, 538, 539, 540, 542, 543, 544, 545, 548, 549, 551, 552, 554, 558, 559, 560, 561, 562, 563, 564, 565, 566, 567, 568, 569, 570, 574, 575, 576, 577, 578, 579, 580, 581, 584, 586, 612, 615, 616, 618, 619, 620, 624, 625, 626, 627, 628, 629, 630, 631, 632, 633, 636, 638, 665, 668, 669, 671, 672, 673, 678, 679, 680, 681, 682, 683, 684, 685, 686, 689, 690, 691, 692, 693, 694, 695, 696, 697, 700, 701, 702, 703, 704, 705, 706, 707, 708, 711, 712, 713, 715, 720, 721, 722, 724, 728, 729, 730, 731, 734, 735, 736, 739, 740, 741, 742, 743, 744, 747, 748, 749, 751, 758, 759, 760, 762, 763, 766, 793, 794, 795, 797], "excluded_lines": [], "start_line": 84}, "": {"executed_lines": [1, 2, 3, 4, 5, 6, 7, 8, 9, 11, 14, 20, 21, 22, 25, 26, 27, 28, 30, 41, 42, 43, 44, 45, 46, 47, 48, 49, 50, 51, 53, 63, 68, 69, 70, 71, 72, 73, 74, 79, 80, 81, 82, 84, 85, 99, 181, 196, 209, 225, 245, 430, 524, 556, 572, 622, 675, 726, 753, 800, 801, 803, 804, 818, 819, 832, 833, 842, 843, 849, 850, 864, 865, 873, 874, 897, 898, 910, 911, 922, 923], "summary": {"covered_lines": 81, "num_statements": 147, "percent_covered": 55.10204081632653, "percent_covered_display": "55", "missing_lines": 66, "excluded_lines": 0, "percent_statements_covered": 55.10204081632653, "percent_statements_covered_display": "55"}, "missing_lines": [811, 821, 835, 836, 839, 840, 844, 845, 846, 847, 852, 853, 854, 855, 858, 859, 860, 861, 867, 868, 869, 870, 871, 880, 881, 886, 891, 892, 893, 894, 899, 900, 901, 902, 903, 904, 905, 906, 907, 908, 913, 914, 915, 916, 917, 918, 919, 925, 927, 936, 938, 939, 940, 941, 942, 945, 946, 947, 948, 949, 952, 953, 954, 955, 956, 958], "excluded_lines": [], "start_line": 1}}}}, "totals": {"covered_lines": 388, "num_statements": 1412, "percent_covered": 27.478753541076486, "percent_covered_display": "27", "missing_lines": 1024, "excluded_lines": 0, "percent_statements_covered": 27.478753541076486, "percent_statements_covered_display": "27"}}