{"meta": {"format": 3, "version": "7.13.4", "timestamp": "2026-04-27T11:16:29.616657", "branch_coverage": false, "show_contexts": false}, "files": {"core/agent_world_model.py": {"executed_lines": [1, 2, 3, 4, 5, 6, 7, 8, 10, 11, 12, 14, 17, 19, 20, 21, 23, 33, 34, 35, 38, 39, 43, 46, 58, 59, 61, 62, 63, 64, 65, 66, 68, 70, 73, 75, 76, 78, 79, 80, 82, 118, 180, 239, 253, 309, 342, 344, 345, 351, 368, 373, 375, 376, 382, 383, 384, 385, 396, 397, 398, 399, 401, 403, 405, 406, 410, 412, 413, 436, 457, 517, 545, 550, 553, 614, 684, 806, 817, 824, 825, 826, 852, 853, 854, 855, 856, 858, 860, 873, 879, 880, 881, 884, 922, 923, 924, 925, 926, 928, 930, 1135, 1212, 1247, 1375, 1466, 1495, 1548, 1601, 1654, 1655, 1664, 1832, 1887, 1965, 2055, 2148], "summary": {"covered_lines": 117, "num_statements": 691, "percent_covered": 16.931982633863964, "percent_covered_display": "17", "missing_lines": 574, "excluded_lines": 1, "percent_statements_covered": 16.931982633863964, "percent_statements_covered_display": "17"}, "missing_lines": [71, 88, 95, 109, 147, 154, 169, 171, 195, 198, 204, 205, 206, 209, 211, 213, 214, 215, 216, 219, 221, 229, 230, 232, 233, 235, 236, 237, 250, 251, 261, 262, 268, 269, 270, 271, 272, 274, 275, 278, 279, 280, 281, 283, 284, 285, 286, 287, 288, 290, 291, 292, 294, 305, 306, 307, 313, 320, 333, 352, 353, 354, 355, 357, 359, 366, 367, 369, 370, 371, 407, 415, 418, 421, 432, 433, 434, 446, 447, 448, 449, 450, 451, 452, 454, 455, 474, 476, 482, 483, 484, 487, 488, 489, 490, 492, 493, 504, 505, 506, 508, 509, 511, 513, 514, 515, 519, 520, 526, 527, 528, 529, 540, 541, 542, 543, 572, 573, 575, 578, 588, 589, 590, 591, 603, 604, 605, 607, 612, 619, 620, 621, 626, 627, 628, 631, 632, 640, 648, 651, 652, 654, 655, 656, 657, 659, 660, 663, 664, 665, 666, 671, 672, 674, 675, 676, 678, 679, 680, 681, 682, 707, 708, 718, 719, 721, 723, 728, 729, 730, 733, 734, 744, 752, 753, 754, 756, 757, 760, 762, 768, 769, 770, 772, 775, 776, 777, 785, 786, 787, 791, 792, 794, 796, 798, 799, 800, 801, 802, 804, 833, 834, 835, 838, 840, 841, 843, 845, 846, 847, 849, 850, 892, 893, 894, 895, 896, 897, 898, 899, 901, 903, 904, 905, 906, 909, 912, 913, 915, 916, 917, 919, 920, 946, 952, 953, 955, 956, 957, 958, 961, 962, 964, 969, 970, 973, 974, 976, 992, 993, 997, 1005, 1006, 1007, 1008, 1009, 1010, 1014, 1015, 1016, 1017, 1020, 1026, 1039, 1042, 1043, 1044, 1045, 1046, 1051, 1053, 1054, 1063, 1064, 1065, 1066, 1067, 1070, 1071, 1072, 1075, 1079, 1087, 1088, 1089, 1090, 1093, 1096, 1097, 1098, 1100, 1101, 1102, 1103, 1108, 1116, 1118, 1119, 1121, 1178, 1187, 1202, 1230, 1282, 1284, 1286, 1293, 1294, 1295, 1298, 1299, 1302, 1303, 1306, 1307, 1310, 1311, 1312, 1314, 1315, 1316, 1317, 1318, 1319, 1321, 1324, 1325, 1326, 1327, 1328, 1329, 1330, 1331, 1334, 1335, 1336, 1338, 1340, 1360, 1363, 1365, 1369, 1371, 1372, 1373, 1401, 1403, 1406, 1407, 1413, 1416, 1418, 1424, 1427, 1429, 1442, 1443, 1448, 1458, 1463, 1464, 1472, 1473, 1474, 1484, 1485, 1486, 1488, 1489, 1491, 1493, 1521, 1523, 1537, 1538, 1540, 1542, 1544, 1545, 1546, 1567, 1568, 1569, 1571, 1572, 1577, 1594, 1595, 1597, 1598, 1599, 1617, 1619, 1620, 1622, 1623, 1624, 1628, 1629, 1630, 1631, 1633, 1643, 1644, 1646, 1647, 1648, 1689, 1690, 1691, 1693, 1697, 1702, 1703, 1704, 1705, 1707, 1710, 1711, 1713, 1714, 1715, 1716, 1717, 1720, 1728, 1729, 1730, 1733, 1734, 1735, 1736, 1737, 1738, 1739, 1747, 1748, 1749, 1750, 1753, 1754, 1755, 1756, 1757, 1764, 1765, 1766, 1767, 1770, 1772, 1780, 1781, 1784, 1785, 1791, 1792, 1794, 1795, 1798, 1805, 1806, 1808, 1817, 1820, 1826, 1828, 1829, 1830, 1852, 1853, 1854, 1856, 1859, 1867, 1868, 1869, 1870, 1871, 1872, 1874, 1876, 1877, 1879, 1880, 1881, 1909, 1911, 1917, 1918, 1919, 1922, 1923, 1926, 1927, 1928, 1929, 1932, 1933, 1935, 1952, 1953, 1955, 1959, 1961, 1962, 1963, 1992, 1994, 1995, 1996, 1998, 2005, 2007, 2008, 2011, 2012, 2015, 2016, 2017, 2018, 2020, 2021, 2022, 2029, 2030, 2032, 2033, 2035, 2036, 2039, 2040, 2041, 2048, 2049, 2051, 2052, 2053, 2081, 2083, 2085, 2087, 2095, 2096, 2098, 2099, 2101, 2106, 2113, 2115, 2116, 2124, 2125, 2127, 2128, 2129, 2130, 2131, 2132, 2133, 2135, 2137, 2144, 2145, 2146, 2170, 2172, 2173, 2180, 2181, 2184, 2202, 2204, 2205, 2206], "excluded_lines": [1970], "functions": {"WorldModelService.__init__": {"executed_lines": [63, 64, 65, 66], "summary": {"covered_lines": 4, "num_statements": 4, "percent_covered": 100.0, "percent_covered_display": "100", "missing_lines": 0, "excluded_lines": 0, "percent_statements_covered": 100.0, "percent_statements_covered_display": "100"}, "missing_lines": [], "excluded_lines": [], "start_line": 62}, "WorldModelService._ensure_tables": {"executed_lines": [70, 73, 75, 76, 78, 79, 80], "summary": {"covered_lines": 7, "num_statements": 8, "percent_covered": 87.5, "percent_covered_display": "88", "missing_lines": 1, "excluded_lines": 0, "percent_statements_covered": 87.5, "percent_statements_covered_display": "88"}, "missing_lines": [71], "excluded_lines": [], "start_line": 68}, "WorldModelService.record_experience": {"executed_lines": [], "summary": {"covered_lines": 0, "num_statements": 3, "percent_covered": 0.0, "percent_covered_display": "0", "missing_lines": 3, "excluded_lines": 0, "percent_statements_covered": 0.0, "percent_statements_covered_display": "0"}, "missing_lines": [88, 95, 109], "excluded_lines": [], "start_line": 82}, "WorldModelService.record_formula_usage": {"executed_lines": [], "summary": {"covered_lines": 0, "num_statements": 4, "percent_covered": 0.0, "percent_covered_display": "0", "missing_lines": 4, "excluded_lines": 0, "percent_statements_covered": 0.0, "percent_statements_covered_display": "0"}, "missing_lines": [147, 154, 169, 171], "excluded_lines": [], "start_line": 118}, "WorldModelService.update_experience_feedback": {"executed_lines": [], "summary": {"covered_lines": 0, "num_statements": 20, "percent_covered": 0.0, "percent_covered_display": "0", "missing_lines": 20, "excluded_lines": 0, "percent_statements_covered": 0.0, "percent_statements_covered_display": "0"}, "missing_lines": [195, 198, 204, 205, 206, 209, 211, 213, 214, 215, 216, 219, 221, 229, 230, 232, 233, 235, 236, 237], "excluded_lines": [], "start_line": 180}, "WorldModelService.boost_experience_confidence": {"executed_lines": [], "summary": {"covered_lines": 0, "num_statements": 2, "percent_covered": 0.0, "percent_covered_display": "0", "missing_lines": 2, "excluded_lines": 0, "percent_statements_covered": 0.0, "percent_statements_covered_display": "0"}, "missing_lines": [250, 251], "excluded_lines": [], "start_line": 239}, "WorldModelService.get_experience_statistics": {"executed_lines": [], "summary": {"covered_lines": 0, "num_statements": 26, "percent_covered": 0.0, "percent_covered_display": "0", "missing_lines": 26, "excluded_lines": 0, "percent_statements_covered": 0.0, "percent_statements_covered_display": "0"}, "missing_lines": [261, 262, 268, 269, 270, 271, 272, 274, 275, 278, 279, 280, 281, 283, 284, 285, 286, 287, 288, 290, 291, 292, 294, 305, 306, 307], "excluded_lines": [], "start_line": 253}, "WorldModelService.record_business_fact": {"executed_lines": [], "summary": {"covered_lines": 0, "num_statements": 3, "percent_covered": 0.0, "percent_covered_display": "0", "missing_lines": 3, "excluded_lines": 0, "percent_statements_covered": 0.0, "percent_statements_covered_display": "0"}, "missing_lines": [313, 320, 333], "excluded_lines": [], "start_line": 309}, "WorldModelService.update_fact_verification": {"executed_lines": [344, 345, 351, 368], "summary": {"covered_lines": 4, "num_statements": 15, "percent_covered": 26.666666666666668, "percent_covered_display": "27", "missing_lines": 11, "excluded_lines": 0, "percent_statements_covered": 26.666666666666668, "percent_statements_covered_display": "27"}, "missing_lines": [352, 353, 354, 355, 357, 359, 366, 367, 369, 370, 371], "excluded_lines": [], "start_line": 342}, "WorldModelService.get_relevant_business_facts": {"executed_lines": [375, 376, 382, 383, 384, 385, 396, 397, 398, 399], "summary": {"covered_lines": 10, "num_statements": 10, "percent_covered": 100.0, "percent_covered_display": "100", "missing_lines": 0, "excluded_lines": 0, "percent_statements_covered": 100.0, "percent_statements_covered_display": "100"}, "missing_lines": [], "excluded_lines": [], "start_line": 373}, "WorldModelService.get_business_fact": {"executed_lines": [403, 405, 406, 410, 412, 413], "summary": {"covered_lines": 6, "num_statements": 13, "percent_covered": 46.15384615384615, "percent_covered_display": "46", "missing_lines": 7, "excluded_lines": 0, "percent_statements_covered": 46.15384615384615, "percent_statements_covered_display": "46"}, "missing_lines": [407, 415, 418, 421, 432, 433, 434], "excluded_lines": [], "start_line": 401}, "WorldModelService.bulk_record_facts": {"executed_lines": [], "summary": {"covered_lines": 0, "num_statements": 9, "percent_covered": 0.0, "percent_covered_display": "0", "missing_lines": 9, "excluded_lines": 0, "percent_statements_covered": 0.0, "percent_statements_covered_display": "0"}, "missing_lines": [446, 447, 448, 449, 450, 451, 452, 454, 455], "excluded_lines": [], "start_line": 436}, "WorldModelService.list_all_facts": {"executed_lines": [], "summary": {"covered_lines": 0, "num_statements": 20, "percent_covered": 0.0, "percent_covered_display": "0", "missing_lines": 20, "excluded_lines": 0, "percent_statements_covered": 0.0, "percent_statements_covered_display": "0"}, "missing_lines": [474, 476, 482, 483, 484, 487, 488, 489, 490, 492, 493, 504, 505, 506, 508, 509, 511, 513, 514, 515], "excluded_lines": [], "start_line": 457}, "WorldModelService.get_fact_by_id": {"executed_lines": [], "summary": {"covered_lines": 0, "num_statements": 10, "percent_covered": 0.0, "percent_covered_display": "0", "missing_lines": 10, "excluded_lines": 0, "percent_statements_covered": 0.0, "percent_statements_covered_display": "0"}, "missing_lines": [519, 520, 526, 527, 528, 529, 540, 541, 542, 543], "excluded_lines": [], "start_line": 517}, "WorldModelService.delete_fact": {"executed_lines": [550], "summary": {"covered_lines": 1, "num_statements": 1, "percent_covered": 100.0, "percent_covered_display": "100", "missing_lines": 0, "excluded_lines": 0, "percent_statements_covered": 100.0, "percent_statements_covered_display": "100"}, "missing_lines": [], "excluded_lines": [], "start_line": 545}, "WorldModelService.recall_integration_experiences": {"executed_lines": [], "summary": {"covered_lines": 0, "num_statements": 13, "percent_covered": 0.0, "percent_covered_display": "0", "missing_lines": 13, "excluded_lines": 0, "percent_statements_covered": 0.0, "percent_statements_covered_display": "0"}, "missing_lines": [572, 573, 575, 578, 588, 589, 590, 591, 603, 604, 605, 607, 612], "excluded_lines": [], "start_line": 553}, "WorldModelService.archive_session_to_cold_storage": {"executed_lines": [], "summary": {"covered_lines": 0, "num_statements": 32, "percent_covered": 0.0, "percent_covered_display": "0", "missing_lines": 32, "excluded_lines": 0, "percent_statements_covered": 0.0, "percent_statements_covered_display": "0"}, "missing_lines": [619, 620, 621, 626, 627, 628, 631, 632, 640, 648, 651, 652, 654, 655, 656, 657, 659, 660, 663, 664, 665, 666, 671, 672, 674, 675, 676, 678, 679, 680, 681, 682], "excluded_lines": [], "start_line": 614}, "WorldModelService.archive_session_to_cold_storage_with_cleanup": {"executed_lines": [], "summary": {"covered_lines": 0, "num_statements": 39, "percent_covered": 0.0, "percent_covered_display": "0", "missing_lines": 39, "excluded_lines": 0, "percent_statements_covered": 0.0, "percent_statements_covered_display": "0"}, "missing_lines": [707, 708, 718, 719, 721, 723, 728, 729, 730, 733, 734, 744, 752, 753, 754, 756, 757, 760, 762, 768, 769, 770, 772, 775, 776, 777, 785, 786, 787, 791, 792, 794, 796, 798, 799, 800, 801, 802, 804], "excluded_lines": [], "start_line": 684}, "WorldModelService.recover_archived_session": {"executed_lines": [817, 824, 825, 826, 852, 853, 854, 855, 856, 858], "summary": {"covered_lines": 10, "num_statements": 22, "percent_covered": 45.45454545454545, "percent_covered_display": "45", "missing_lines": 12, "excluded_lines": 0, "percent_statements_covered": 45.45454545454545, "percent_statements_covered_display": "45"}, "missing_lines": [833, 834, 835, 838, 840, 841, 843, 845, 846, 847, 849, 850], "excluded_lines": [], "start_line": 806}, "WorldModelService.hard_delete_archived_sessions": {"executed_lines": [873, 879, 880, 881, 884, 922, 923, 924, 925, 926, 928], "summary": {"covered_lines": 11, "num_statements": 32, "percent_covered": 34.375, "percent_covered_display": "34", "missing_lines": 21, "excluded_lines": 0, "percent_statements_covered": 34.375, "percent_statements_covered_display": "34"}, "missing_lines": [892, 893, 894, 895, 896, 897, 898, 899, 901, 903, 904, 905, 906, 909, 912, 913, 915, 916, 917, 919, 920], "excluded_lines": [], "start_line": 860}, "WorldModelService.recall_experiences": {"executed_lines": [], "summary": {"covered_lines": 0, "num_statements": 66, "percent_covered": 0.0, "percent_covered_display": "0", "missing_lines": 66, "excluded_lines": 0, "percent_statements_covered": 0.0, "percent_statements_covered_display": "0"}, "missing_lines": [946, 952, 953, 955, 956, 957, 958, 961, 962, 964, 969, 970, 973, 974, 976, 992, 993, 997, 1005, 1006, 1007, 1008, 1009, 1010, 1014, 1015, 1016, 1017, 1020, 1026, 1039, 1042, 1043, 1044, 1045, 1046, 1051, 1053, 1054, 1063, 1064, 1065, 1066, 1067, 1070, 1071, 1072, 1075, 1079, 1087, 1088, 1089, 1090, 1093, 1096, 1097, 1098, 1100, 1101, 1102, 1103, 1108, 1116, 1118, 1119, 1121], "excluded_lines": [], "start_line": 930}, "WorldModelService.record_episode": {"executed_lines": [], "summary": {"covered_lines": 0, "num_statements": 3, "percent_covered": 0.0, "percent_covered_display": "0", "missing_lines": 3, "excluded_lines": 0, "percent_statements_covered": 0.0, "percent_statements_covered_display": "0"}, "missing_lines": [1178, 1187, 1202], "excluded_lines": [], "start_line": 1135}, "WorldModelService.sync_episode_to_lancedb": {"executed_lines": [], "summary": {"covered_lines": 0, "num_statements": 1, "percent_covered": 0.0, "percent_covered_display": "0", "missing_lines": 1, "excluded_lines": 0, "percent_statements_covered": 0.0, "percent_statements_covered_display": "0"}, "missing_lines": [1230], "excluded_lines": [], "start_line": 1212}, "WorldModelService.recall_episodes": {"executed_lines": [], "summary": {"covered_lines": 0, "num_statements": 42, "percent_covered": 0.0, "percent_covered_display": "0", "missing_lines": 42, "excluded_lines": 0, "percent_statements_covered": 0.0, "percent_statements_covered_display": "0"}, "missing_lines": [1282, 1284, 1286, 1293, 1294, 1295, 1298, 1299, 1302, 1303, 1306, 1307, 1310, 1311, 1312, 1314, 1315, 1316, 1317, 1318, 1319, 1321, 1324, 1325, 1326, 1327, 1328, 1329, 1330, 1331, 1334, 1335, 1336, 1338, 1340, 1360, 1363, 1365, 1369, 1371, 1372, 1373], "excluded_lines": [], "start_line": 1247}, "WorldModelService.recall_experiences_with_detail": {"executed_lines": [], "summary": {"covered_lines": 0, "num_statements": 16, "percent_covered": 0.0, "percent_covered_display": "0", "missing_lines": 16, "excluded_lines": 0, "percent_statements_covered": 0.0, "percent_statements_covered_display": "0"}, "missing_lines": [1401, 1403, 1406, 1407, 1413, 1416, 1418, 1424, 1427, 1429, 1442, 1443, 1448, 1458, 1463, 1464], "excluded_lines": [], "start_line": 1375}, "WorldModelService._format_episodes_as_experiences": {"executed_lines": [], "summary": {"covered_lines": 0, "num_statements": 10, "percent_covered": 0.0, "percent_covered_display": "0", "missing_lines": 10, "excluded_lines": 0, "percent_statements_covered": 0.0, "percent_statements_covered_display": "0"}, "missing_lines": [1472, 1473, 1474, 1484, 1485, 1486, 1488, 1489, 1491, 1493], "excluded_lines": [], "start_line": 1466}, "WorldModelService.archive_episode_to_cold_storage": {"executed_lines": [], "summary": {"covered_lines": 0, "num_statements": 9, "percent_covered": 0.0, "percent_covered_display": "0", "missing_lines": 9, "excluded_lines": 0, "percent_statements_covered": 0.0, "percent_statements_covered_display": "0"}, "missing_lines": [1521, 1523, 1537, 1538, 1540, 1542, 1544, 1545, 1546], "excluded_lines": [], "start_line": 1495}, "WorldModelService.get_recent_episodes": {"executed_lines": [], "summary": {"covered_lines": 0, "num_statements": 11, "percent_covered": 0.0, "percent_covered_display": "0", "missing_lines": 11, "excluded_lines": 0, "percent_statements_covered": 0.0, "percent_statements_covered_display": "0"}, "missing_lines": [1567, 1568, 1569, 1571, 1572, 1577, 1594, 1595, 1597, 1598, 1599], "excluded_lines": [], "start_line": 1548}, "WorldModelService.get_episode_feedback_for_decision": {"executed_lines": [], "summary": {"covered_lines": 0, "num_statements": 16, "percent_covered": 0.0, "percent_covered_display": "0", "missing_lines": 16, "excluded_lines": 0, "percent_statements_covered": 0.0, "percent_statements_covered_display": "0"}, "missing_lines": [1617, 1619, 1620, 1622, 1623, 1624, 1628, 1629, 1630, 1631, 1633, 1643, 1644, 1646, 1647, 1648], "excluded_lines": [], "start_line": 1601}, "WorldModelService.recommend_skills_for_task": {"executed_lines": [], "summary": {"covered_lines": 0, "num_statements": 61, "percent_covered": 0.0, "percent_covered_display": "0", "missing_lines": 61, "excluded_lines": 0, "percent_statements_covered": 0.0, "percent_statements_covered_display": "0"}, "missing_lines": [1689, 1690, 1691, 1693, 1697, 1702, 1703, 1704, 1705, 1707, 1710, 1711, 1713, 1714, 1715, 1716, 1717, 1720, 1728, 1729, 1730, 1733, 1734, 1735, 1736, 1737, 1738, 1739, 1747, 1748, 1749, 1750, 1753, 1754, 1755, 1756, 1757, 1764, 1765, 1766, 1767, 1770, 1772, 1780, 1781, 1784, 1785, 1791, 1792, 1794, 1795, 1798, 1805, 1806, 1808, 1817, 1820, 1826, 1828, 1829, 1830], "excluded_lines": [], "start_line": 1664}, "WorldModelService.get_successful_skills_for_agent": {"executed_lines": [], "summary": {"covered_lines": 0, "num_statements": 17, "percent_covered": 0.0, "percent_covered_display": "0", "missing_lines": 17, "excluded_lines": 0, "percent_statements_covered": 0.0, "percent_statements_covered_display": "0"}, "missing_lines": [1852, 1853, 1854, 1856, 1859, 1867, 1868, 1869, 1870, 1871, 1872, 1874, 1876, 1877, 1879, 1880, 1881], "excluded_lines": [], "start_line": 1832}, "WorldModelService.recall_experiences_with_canvas": {"executed_lines": [], "summary": {"covered_lines": 0, "num_statements": 21, "percent_covered": 0.0, "percent_covered_display": "0", "missing_lines": 21, "excluded_lines": 0, "percent_statements_covered": 0.0, "percent_statements_covered_display": "0"}, "missing_lines": [1909, 1911, 1917, 1918, 1919, 1922, 1923, 1926, 1927, 1928, 1929, 1932, 1933, 1935, 1952, 1953, 1955, 1959, 1961, 1962, 1963], "excluded_lines": [], "start_line": 1887}, "WorldModelService.get_canvas_type_preferences": {"executed_lines": [], "summary": {"covered_lines": 0, "num_statements": 31, "percent_covered": 0.0, "percent_covered_display": "0", "missing_lines": 31, "excluded_lines": 1, "percent_statements_covered": 0.0, "percent_statements_covered_display": "0"}, "missing_lines": [1992, 1994, 1995, 1996, 1998, 2005, 2007, 2008, 2011, 2012, 2015, 2016, 2017, 2018, 2020, 2021, 2022, 2029, 2030, 2032, 2033, 2035, 2036, 2039, 2040, 2041, 2048, 2049, 2051, 2052, 2053], "excluded_lines": [1970], "start_line": 1965}, "WorldModelService.recommend_canvas_type": {"executed_lines": [], "summary": {"covered_lines": 0, "num_statements": 27, "percent_covered": 0.0, "percent_covered_display": "0", "missing_lines": 27, "excluded_lines": 0, "percent_statements_covered": 0.0, "percent_statements_covered_display": "0"}, "missing_lines": [2081, 2083, 2085, 2087, 2095, 2096, 2098, 2099, 2101, 2106, 2113, 2115, 2116, 2124, 2125, 2127, 2128, 2129, 2130, 2131, 2132, 2133, 2135, 2137, 2144, 2145, 2146], "excluded_lines": [], "start_line": 2055}, "WorldModelService.record_canvas_outcome": {"executed_lines": [], "summary": {"covered_lines": 0, "num_statements": 10, "percent_covered": 0.0, "percent_covered_display": "0", "missing_lines": 10, "excluded_lines": 0, "percent_statements_covered": 0.0, "percent_statements_covered_display": "0"}, "missing_lines": [2170, 2172, 2173, 2180, 2181, 2184, 2202, 2204, 2205, 2206], "excluded_lines": [], "start_line": 2148}, "": {"executed_lines": [1, 2, 3, 4, 5, 6, 7, 8, 10, 11, 12, 14, 17, 19, 20, 21, 23, 33, 34, 35, 38, 39, 43, 46, 58, 59, 61, 62, 68, 82, 118, 180, 239, 253, 309, 342, 373, 401, 436, 457, 517, 545, 553, 614, 684, 806, 860, 930, 1135, 1212, 1247, 1375, 1466, 1495, 1548, 1601, 1654, 1655, 1664, 1832, 1887, 1965, 2055, 2148], "summary": {"covered_lines": 64, "num_statements": 64, "percent_covered": 100.0, "percent_covered_display": "100", "missing_lines": 0, "excluded_lines": 0, "percent_statements_covered": 100.0, "percent_statements_covered_display": "100"}, "missing_lines": [], "excluded_lines": [], "start_line": 1}}, "classes": {"DetailLevel": {"executed_lines": [], "summary": {"covered_lines": 0, "num_statements": 0, "percent_covered": 100.0, "percent_covered_display": "100", "missing_lines": 0, "excluded_lines": 0, "percent_statements_covered": 100.0, "percent_statements_covered_display": "100"}, "missing_lines": [], "excluded_lines": [], "start_line": 17}, "AgentExperience": {"executed_lines": [], "summary": {"covered_lines": 0, "num_statements": 0, "percent_covered": 100.0, "percent_covered_display": "100", "missing_lines": 0, "excluded_lines": 0, "percent_statements_covered": 100.0, "percent_statements_covered_display": "100"}, "missing_lines": [], "excluded_lines": [], "start_line": 23}, "BusinessFact": {"executed_lines": [], "summary": {"covered_lines": 0, "num_statements": 0, "percent_covered": 100.0, "percent_covered_display": "100", "missing_lines": 0, "excluded_lines": 0, "percent_statements_covered": 100.0, "percent_statements_covered_display": "100"}, "missing_lines": [], "excluded_lines": [], "start_line": 46}, "WorldModelService": {"executed_lines": [63, 64, 65, 66, 70, 73, 75, 76, 78, 79, 80, 344, 345, 351, 368, 375, 376, 382, 383, 384, 385, 396, 397, 398, 399, 403, 405, 406, 410, 412, 413, 550, 817, 824, 825, 826, 852, 853, 854, 855, 856, 858, 873, 879, 880, 881, 884, 922, 923, 924, 925, 926, 928], "summary": {"covered_lines": 53, "num_statements": 627, "percent_covered": 8.452950558213717, "percent_covered_display": "8", "missing_lines": 574, "excluded_lines": 1, "percent_statements_covered": 8.452950558213717, "percent_statements_covered_display": "8"}, "missing_lines": [71, 88, 95, 109, 147, 154, 169, 171, 195, 198, 204, 205, 206, 209, 211, 213, 214, 215, 216, 219, 221, 229, 230, 232, 233, 235, 236, 237, 250, 251, 261, 262, 268, 269, 270, 271, 272, 274, 275, 278, 279, 280, 281, 283, 284, 285, 286, 287, 288, 290, 291, 292, 294, 305, 306, 307, 313, 320, 333, 352, 353, 354, 355, 357, 359, 366, 367, 369, 370, 371, 407, 415, 418, 421, 432, 433, 434, 446, 447, 448, 449, 450, 451, 452, 454, 455, 474, 476, 482, 483, 484, 487, 488, 489, 490, 492, 493, 504, 505, 506, 508, 509, 511, 513, 514, 515, 519, 520, 526, 527, 528, 529, 540, 541, 542, 543, 572, 573, 575, 578, 588, 589, 590, 591, 603, 604, 605, 607, 612, 619, 620, 621, 626, 627, 628, 631, 632, 640, 648, 651, 652, 654, 655, 656, 657, 659, 660, 663, 664, 665, 666, 671, 672, 674, 675, 676, 678, 679, 680, 681, 682, 707, 708, 718, 719, 721, 723, 728, 729, 730, 733, 734, 744, 752, 753, 754, 756, 757, 760, 762, 768, 769, 770, 772, 775, 776, 777, 785, 786, 787, 791, 792, 794, 796, 798, 799, 800, 801, 802, 804, 833, 834, 835, 838, 840, 841, 843, 845, 846, 847, 849, 850, 892, 893, 894, 895, 896, 897, 898, 899, 901, 903, 904, 905, 906, 909, 912, 913, 915, 916, 917, 919, 920, 946, 952, 953, 955, 956, 957, 958, 961, 962, 964, 969, 970, 973, 974, 976, 992, 993, 997, 1005, 1006, 1007, 1008, 1009, 1010, 1014, 1015, 1016, 1017, 1020, 1026, 1039, 1042, 1043, 1044, 1045, 1046, 1051, 1053, 1054, 1063, 1064, 1065, 1066, 1067, 1070, 1071, 1072, 1075, 1079, 1087, 1088, 1089, 1090, 1093, 1096, 1097, 1098, 1100, 1101, 1102, 1103, 1108, 1116, 1118, 1119, 1121, 1178, 1187, 1202, 1230, 1282, 1284, 1286, 1293, 1294, 1295, 1298, 1299, 1302, 1303, 1306, 1307, 1310, 1311, 1312, 1314, 1315, 1316, 1317, 1318, 1319, 1321, 1324, 1325, 1326, 1327, 1328, 1329, 1330, 1331, 1334, 1335, 1336, 1338, 1340, 1360, 1363, 1365, 1369, 1371, 1372, 1373, 1401, 1403, 1406, 1407, 1413, 1416, 1418, 1424, 1427, 1429, 1442, 1443, 1448, 1458, 1463, 1464, 1472, 1473, 1474, 1484, 1485, 1486, 1488, 1489, 1491, 1493, 1521, 1523, 1537, 1538, 1540, 1542, 1544, 1545, 1546, 1567, 1568, 1569, 1571, 1572, 1577, 1594, 1595, 1597, 1598, 1599, 1617, 1619, 1620, 1622, 1623, 1624, 1628, 1629, 1630, 1631, 1633, 1643, 1644, 1646, 1647, 1648, 1689, 1690, 1691, 1693, 1697, 1702, 1703, 1704, 1705, 1707, 1710, 1711, 1713, 1714, 1715, 1716, 1717, 1720, 1728, 1729, 1730, 1733, 1734, 1735, 1736, 1737, 1738, 1739, 1747, 1748, 1749, 1750, 1753, 1754, 1755, 1756, 1757, 1764, 1765, 1766, 1767, 1770, 1772, 1780, 1781, 1784, 1785, 1791, 1792, 1794, 1795, 1798, 1805, 1806, 1808, 1817, 1820, 1826, 1828, 1829, 1830, 1852, 1853, 1854, 1856, 1859, 1867, 1868, 1869, 1870, 1871, 1872, 1874, 1876, 1877, 1879, 1880, 1881, 1909, 1911, 1917, 1918, 1919, 1922, 1923, 1926, 1927, 1928, 1929, 1932, 1933, 1935, 1952, 1953, 1955, 1959, 1961, 1962, 1963, 1992, 1994, 1995, 1996, 1998, 2005, 2007, 2008, 2011, 2012, 2015, 2016, 2017, 2018, 2020, 2021, 2022, 2029, 2030, 2032, 2033, 2035, 2036, 2039, 2040, 2041, 2048, 2049, 2051, 2052, 2053, 2081, 2083, 2085, 2087, 2095, 2096, 2098, 2099, 2101, 2106, 2113, 2115, 2116, 2124, 2125, 2127, 2128, 2129, 2130, 2131, 2132, 2133, 2135, 2137, 2144, 2145, 2146, 2170, 2172, 2173, 2180, 2181, 2184, 2202, 2204, 2205, 2206], "excluded_lines": [1970], "start_line": 61}, "WorldModelService.SkillRecommendation": {"executed_lines": [], "summary": {"covered_lines": 0, "num_statements": 0, "percent_covered": 100.0, "percent_covered_display": "100", "missing_lines": 0, "excluded_lines": 0, "percent_statements_covered": 100.0, "percent_statements_covered_display": "100"}, "missing_lines": [], "excluded_lines": [], "start_line": 1655}, "": {"executed_lines": [1, 2, 3, 4, 5, 6, 7, 8, 10, 11, 12, 14, 17, 19, 20, 21, 23, 33, 34, 35, 38, 39, 43, 46, 58, 59, 61, 62, 68, 82, 118, 180, 239, 253, 309, 342, 373, 401, 436, 457, 517, 545, 553, 614, 684, 806, 860, 930, 1135, 1212, 1247, 1375, 1466, 1495, 1548, 1601, 1654, 1655, 1664, 1832, 1887, 1965, 2055, 2148], "summary": {"covered_lines": 64, "num_statements": 64, "percent_covered": 100.0, "percent_covered_display": "100", "missing_lines": 0, "excluded_lines": 0, "percent_statements_covered": 100.0, "percent_statements_covered_display": "100"}, "missing_lines": [], "excluded_lines": [], "start_line": 1}}}}, "totals": {"covered_lines": 117, "num_statements": 691, "percent_covered": 16.931982633863964, "percent_covered_display": "17", "missing_lines": 574, "excluded_lines": 1, "percent_statements_covered": 16.931982633863964, "percent_statements_covered_display": "17"}}