{"meta": {"format": 3, "version": "7.13.4", "timestamp": "2026-03-17T22:25:52.622162", "branch_coverage": true, "show_contexts": false}, "files": {"core/episode_segmentation_service.py": {"executed_lines": [12, 13, 14, 15, 16, 17, 18, 19, 21, 22, 23, 35, 36, 38, 42, 45, 53, 60, 61, 64, 67, 68, 70, 78, 79, 80, 81, 82, 84, 85, 87, 89, 96, 97, 99, 100, 102, 103, 105, 107, 110, 112, 113, 115, 117, 119, 120, 121, 122, 124, 126, 128, 130, 131, 132, 135, 136, 137, 138, 140, 162, 169, 171, 172, 175, 176, 179, 180, 183, 186, 188, 193, 195, 202, 205, 220, 331, 345, 351, 360, 381, 397, 456, 473, 486, 495, 503, 525, 579, 586, 596, 611, 660, 682, 773, 810, 851, 935, 948, 1028, 1082, 1232, 1258, 1275, 1292, 1322, 1342, 1373, 1430, 1450, 1509, 1523], "summary": {"covered_lines": 112, "num_statements": 591, "percent_covered": 15.375722543352602, "percent_covered_display": "15.38", "missing_lines": 479, "excluded_lines": 0, "percent_statements_covered": 18.95093062605753, "percent_statements_covered_display": "18.95", "num_branches": 274, "num_partial_branches": 1, "covered_branches": 21, "missing_branches": 253, "percent_branches_covered": 7.664233576642336, "percent_branches_covered_display": "7.66"}, "missing_lines": [141, 143, 144, 145, 147, 150, 151, 154, 155, 157, 158, 159, 160, 189, 197, 198, 199, 206, 207, 208, 211, 212, 213, 216, 240, 244, 245, 246, 249, 254, 260, 261, 265, 266, 267, 270, 271, 276, 278, 279, 280, 283, 284, 285, 286, 289, 290, 291, 294, 295, 313, 314, 317, 318, 320, 323, 326, 328, 329, 334, 335, 336, 338, 339, 340, 341, 343, 347, 348, 349, 354, 355, 356, 357, 358, 362, 364, 365, 366, 368, 369, 370, 371, 372, 374, 375, 377, 378, 379, 384, 386, 388, 389, 392, 393, 395, 399, 400, 403, 405, 406, 408, 411, 412, 415, 416, 419, 420, 423, 424, 425, 426, 428, 429, 432, 434, 438, 440, 442, 443, 444, 447, 448, 449, 450, 451, 454, 459, 462, 463, 464, 465, 468, 469, 471, 475, 479, 480, 481, 482, 484, 488, 489, 491, 492, 493, 497, 498, 499, 500, 501, 506, 507, 508, 511, 512, 513, 517, 518, 519, 520, 523, 534, 537, 538, 540, 541, 544, 545, 546, 557, 558, 559, 562, 563, 574, 575, 577, 581, 588, 589, 591, 592, 593, 594, 598, 601, 606, 607, 609, 613, 614, 615, 617, 619, 626, 641, 642, 643, 646, 655, 657, 658, 670, 671, 675, 676, 678, 679, 680, 692, 693, 696, 697, 698, 699, 701, 702, 705, 706, 709, 710, 711, 714, 715, 716, 717, 718, 720, 721, 722, 723, 724, 726, 727, 728, 729, 730, 733, 734, 743, 744, 745, 748, 749, 751, 752, 754, 757, 764, 765, 768, 769, 771, 793, 794, 795, 798, 803, 804, 806, 807, 808, 825, 826, 828, 829, 830, 831, 832, 833, 834, 835, 838, 840, 841, 843, 844, 845, 847, 848, 849, 877, 879, 882, 891, 892, 893, 899, 906, 912, 913, 917, 918, 919, 921, 930, 931, 933, 944, 945, 946, 968, 969, 971, 974, 977, 986, 989, 990, 993, 994, 997, 998, 1005, 1012, 1017, 1018, 1019, 1021, 1022, 1024, 1025, 1026, 1046, 1047, 1049, 1050, 1052, 1057, 1059, 1065, 1067, 1071, 1072, 1074, 1075, 1076, 1105, 1107, 1108, 1109, 1110, 1111, 1112, 1115, 1121, 1126, 1129, 1170, 1173, 1174, 1184, 1185, 1188, 1189, 1199, 1200, 1203, 1204, 1214, 1216, 1219, 1221, 1225, 1227, 1228, 1229, 1230, 1238, 1240, 1241, 1243, 1244, 1246, 1247, 1249, 1250, 1252, 1253, 1254, 1256, 1260, 1261, 1263, 1264, 1265, 1266, 1267, 1269, 1270, 1271, 1273, 1277, 1279, 1280, 1281, 1283, 1284, 1286, 1287, 1288, 1290, 1298, 1301, 1302, 1303, 1306, 1307, 1309, 1310, 1311, 1314, 1315, 1316, 1317, 1318, 1320, 1328, 1331, 1334, 1337, 1338, 1340, 1355, 1358, 1359, 1360, 1363, 1364, 1365, 1366, 1367, 1368, 1371, 1375, 1376, 1377, 1379, 1381, 1390, 1407, 1408, 1409, 1412, 1421, 1423, 1424, 1440, 1473, 1474, 1485, 1497, 1498, 1499, 1501, 1502, 1504, 1505, 1506, 1507, 1511, 1512, 1514, 1515, 1516, 1517, 1518, 1519, 1521, 1525, 1527, 1528, 1529, 1531, 1532, 1533, 1534, 1536], "excluded_lines": [], "executed_branches": [[79, 80], [79, 87], [84, 79], [84, 85], [96, 97], [96, 99], [100, 102], [100, 115], [105, 107], [105, 110], [112, 100], [112, 113], [120, 121], [120, 124], [121, 120], [121, 122], [137, 138], [137, 140], [175, 176], [175, 179], [188, 193]], "missing_branches": [[154, 155], [154, 157], [188, 189], [211, 212], [211, 213], [244, 245], [244, 249], [266, 267], [266, 270], [270, 271], [270, 276], [278, 279], [278, 283], [284, 285], [284, 289], [313, 314], [313, 317], [317, 318], [317, 320], [334, 335], [334, 343], [336, 338], [336, 343], [339, 340], [339, 341], [354, 355], [354, 358], [364, 365], [364, 368], [365, 364], [365, 366], [368, 369], [368, 374], [369, 370], [369, 371], [371, 368], [371, 372], [374, 375], [374, 377], [386, 388], [386, 395], [388, 389], [388, 392], [403, 405], [403, 432], [405, 406], [405, 408], [424, 403], [424, 425], [425, 403], [425, 426], [426, 425], [426, 428], [428, 425], [428, 429], [432, 434], [432, 454], [438, 440], [438, 447], [442, 443], [442, 447], [443, 442], [443, 444], [448, 432], [448, 449], [449, 432], [449, 450], [450, 449], [450, 451], [462, 463], [462, 464], [464, 465], [464, 468], [468, 469], [468, 471], [479, 480], [479, 484], [480, 481], [480, 482], [489, 491], [489, 493], [491, 489], [491, 492], [498, 499], [498, 501], [499, 498], [499, 500], [507, 508], [507, 511], [517, 518], [517, 523], [537, 538], [537, 562], [540, 541], [540, 562], [544, 540], [544, 545], [545, 540], [545, 546], [562, 563], [562, 577], [588, 589], [588, 591], [592, 593], [592, 594], [606, 607], [606, 609], [613, 614], [613, 617], [642, 643], [642, 646], [692, 693], [692, 696], [701, 702], [701, 748], [705, 706], [705, 733], [710, 711], [710, 714], [714, 715], [714, 720], [715, 716], [715, 717], [717, 718], [717, 733], [720, 721], [720, 726], [721, 722], [721, 723], [723, 724], [723, 733], [726, 727], [726, 733], [727, 728], [727, 729], [729, 730], [729, 733], [733, 701], [733, 734], [744, 701], [744, 745], [751, 752], [751, 754], [764, 765], [764, 768], [768, 769], [768, 771], [794, 795], [794, 798], [825, 826], [825, 828], [830, 831], [830, 840], [831, 832], [831, 833], [833, 834], [833, 835], [835, 830], [835, 838], [840, 841], [840, 843], [892, 893], [892, 899], [917, 918], [917, 921], [918, 917], [918, 919], [968, 969], [968, 971], [989, 990], [989, 993], [993, 994], [993, 997], [997, 998], [997, 1012], [1017, 1018], [1017, 1021], [1018, 1017], [1018, 1019], [1046, 1047], [1046, 1049], [1050, 1052], [1050, 1057], [1057, 1059], [1057, 1065], [1065, 1067], [1065, 1071], [1108, 1109], [1108, 1115], [1109, 1110], [1109, 1115], [1111, 1109], [1111, 1112], [1173, 1174], [1173, 1188], [1188, 1189], [1188, 1203], [1203, 1204], [1203, 1216], [1240, 1241], [1240, 1252], [1246, 1247], [1246, 1249], [1249, 1250], [1249, 1252], [1252, 1253], [1252, 1256], [1260, 1261], [1260, 1263], [1264, 1265], [1264, 1273], [1270, 1264], [1270, 1271], [1283, 1284], [1283, 1286], [1287, 1288], [1287, 1290], [1301, 1302], [1301, 1306], [1306, 1307], [1306, 1314], [1309, 1310], [1309, 1314], [1314, 1315], [1314, 1320], [1315, 1316], [1315, 1320], [1317, 1315], [1317, 1318], [1337, 1338], [1337, 1340], [1358, 1359], [1358, 1363], [1363, 1364], [1363, 1365], [1365, 1366], [1365, 1367], [1367, 1368], [1367, 1371], [1375, 1376], [1375, 1379], [1408, 1409], [1408, 1412], [1511, 1512], [1511, 1514], [1515, 1516], [1515, 1521], [1517, 1518], [1517, 1519], [1527, 1528], [1527, 1531], [1532, 1533], [1532, 1536]], "functions": {"EpisodeBoundaryDetector.__init__": {"executed_lines": [68], "summary": {"covered_lines": 1, "num_statements": 1, "percent_covered": 100.0, "percent_covered_display": "100.00", "missing_lines": 0, "excluded_lines": 0, "percent_statements_covered": 100.0, "percent_statements_covered_display": "100.00", "num_branches": 0, "num_partial_branches": 0, "covered_branches": 0, "missing_branches": 0, "percent_branches_covered": 100.0, "percent_branches_covered_display": "100.00"}, "missing_lines": [], "excluded_lines": [], "start_line": 67, "executed_branches": [], "missing_branches": []}, "EpisodeBoundaryDetector.detect_time_gap": {"executed_lines": [78, 79, 80, 81, 82, 84, 85, 87], "summary": {"covered_lines": 8, "num_statements": 8, "percent_covered": 100.0, "percent_covered_display": "100.00", "missing_lines": 0, "excluded_lines": 0, "percent_statements_covered": 100.0, "percent_statements_covered_display": "100.00", "num_branches": 4, "num_partial_branches": 0, "covered_branches": 4, "missing_branches": 0, "percent_branches_covered": 100.0, "percent_branches_covered_display": "100.00"}, "missing_lines": [], "excluded_lines": [], "start_line": 70, "executed_branches": [[79, 80], [79, 87], [84, 79], [84, 85]], "missing_branches": []}, "EpisodeBoundaryDetector.detect_topic_changes": {"executed_lines": [96, 97, 99, 100, 102, 103, 105, 107, 110, 112, 113, 115], "summary": {"covered_lines": 12, "num_statements": 12, "percent_covered": 100.0, "percent_covered_display": "100.00", "missing_lines": 0, "excluded_lines": 0, "percent_statements_covered": 100.0, "percent_statements_covered_display": "100.00", "num_branches": 8, "num_partial_branches": 0, "covered_branches": 8, "missing_branches": 0, "percent_branches_covered": 100.0, "percent_branches_covered_display": "100.00"}, "missing_lines": [], "excluded_lines": [], "start_line": 89, "executed_branches": [[96, 97], [96, 99], [100, 102], [100, 115], [105, 107], [105, 110], [112, 100], [112, 113]], "missing_branches": []}, "EpisodeBoundaryDetector.detect_task_completion": {"executed_lines": [119, 120, 121, 122, 124], "summary": {"covered_lines": 5, "num_statements": 5, "percent_covered": 100.0, "percent_covered_display": "100.00", "missing_lines": 0, "excluded_lines": 0, "percent_statements_covered": 100.0, "percent_statements_covered_display": "100.00", "num_branches": 4, "num_partial_branches": 0, "covered_branches": 4, "missing_branches": 0, "percent_branches_covered": 100.0, "percent_branches_covered_display": "100.00"}, "missing_lines": [], "excluded_lines": [], "start_line": 117, "executed_branches": [[120, 121], [120, 124], [121, 120], [121, 122]], "missing_branches": []}, "EpisodeBoundaryDetector._cosine_similarity": {"executed_lines": [128, 130, 131, 132, 135, 136, 137, 138, 140], "summary": {"covered_lines": 9, "num_statements": 22, "percent_covered": 42.30769230769231, "percent_covered_display": "42.31", "missing_lines": 13, "excluded_lines": 0, "percent_statements_covered": 40.90909090909091, "percent_statements_covered_display": "40.91", "num_branches": 4, "num_partial_branches": 0, "covered_branches": 2, "missing_branches": 2, "percent_branches_covered": 50.0, "percent_branches_covered_display": "50.00"}, "missing_lines": [141, 143, 144, 145, 147, 150, 151, 154, 155, 157, 158, 159, 160], "excluded_lines": [], "start_line": 126, "executed_branches": [[137, 138], [137, 140]], "missing_branches": [[154, 155], [154, 157]]}, "EpisodeBoundaryDetector._keyword_similarity": {"executed_lines": [169, 171, 172, 175, 176, 179, 180, 183, 186, 188, 193, 195], "summary": {"covered_lines": 12, "num_statements": 16, "percent_covered": 75.0, "percent_covered_display": "75.00", "missing_lines": 4, "excluded_lines": 0, "percent_statements_covered": 75.0, "percent_statements_covered_display": "75.00", "num_branches": 4, "num_partial_branches": 1, "covered_branches": 3, "missing_branches": 1, "percent_branches_covered": 75.0, "percent_branches_covered_display": "75.00"}, "missing_lines": [189, 197, 198, 199], "excluded_lines": [], "start_line": 162, "executed_branches": [[175, 176], [175, 179], [188, 193]], "missing_branches": [[188, 189]]}, "EpisodeSegmentationService.__init__": {"executed_lines": [], "summary": {"covered_lines": 0, "num_statements": 7, "percent_covered": 0.0, "percent_covered_display": "0.00", "missing_lines": 7, "excluded_lines": 0, "percent_statements_covered": 0.0, "percent_statements_covered_display": "0.00", "num_branches": 2, "num_partial_branches": 0, "covered_branches": 0, "missing_branches": 2, "percent_branches_covered": 0.0, "percent_branches_covered_display": "0.00"}, "missing_lines": [206, 207, 208, 211, 212, 213, 216], "excluded_lines": [], "start_line": 205, "executed_branches": [], "missing_branches": [[211, 212], [211, 213]]}, "EpisodeSegmentationService.create_episode_from_session": {"executed_lines": [], "summary": {"covered_lines": 0, "num_statements": 35, "percent_covered": 0.0, "percent_covered_display": "0.00", "missing_lines": 35, "excluded_lines": 0, "percent_statements_covered": 0.0, "percent_statements_covered_display": "0.00", "num_branches": 14, "num_partial_branches": 0, "covered_branches": 0, "missing_branches": 14, "percent_branches_covered": 0.0, "percent_branches_covered_display": "0.00"}, "missing_lines": [240, 244, 245, 246, 249, 254, 260, 261, 265, 266, 267, 270, 271, 276, 278, 279, 280, 283, 284, 285, 286, 289, 290, 291, 294, 295, 313, 314, 317, 318, 320, 323, 326, 328, 329], "excluded_lines": [], "start_line": 220, "executed_branches": [], "missing_branches": [[244, 245], [244, 249], [266, 267], [266, 270], [270, 271], [270, 276], [278, 279], [278, 283], [284, 285], [284, 289], [313, 314], [313, 317], [317, 318], [317, 320]]}, "EpisodeSegmentationService._generate_title": {"executed_lines": [], "summary": {"covered_lines": 0, "num_statements": 8, "percent_covered": 0.0, "percent_covered_display": "0.00", "missing_lines": 8, "excluded_lines": 0, "percent_statements_covered": 0.0, "percent_statements_covered_display": "0.00", "num_branches": 6, "num_partial_branches": 0, "covered_branches": 0, "missing_branches": 6, "percent_branches_covered": 0.0, "percent_branches_covered_display": "0.00"}, "missing_lines": [334, 335, 336, 338, 339, 340, 341, 343], "excluded_lines": [], "start_line": 331, "executed_branches": [], "missing_branches": [[334, 335], [334, 343], [336, 338], [336, 343], [339, 340], [339, 341]]}, "EpisodeSegmentationService._generate_description": {"executed_lines": [], "summary": {"covered_lines": 0, "num_statements": 3, "percent_covered": 0.0, "percent_covered_display": "0.00", "missing_lines": 3, "excluded_lines": 0, "percent_statements_covered": 0.0, "percent_statements_covered_display": "0.00", "num_branches": 0, "num_partial_branches": 0, "covered_branches": 0, "missing_branches": 0, "percent_branches_covered": 100.0, "percent_branches_covered_display": "100.00"}, "missing_lines": [347, 348, 349], "excluded_lines": [], "start_line": 345, "executed_branches": [], "missing_branches": []}, "EpisodeSegmentationService._generate_summary": {"executed_lines": [], "summary": {"covered_lines": 0, "num_statements": 5, "percent_covered": 0.0, "percent_covered_display": "0.00", "missing_lines": 5, "excluded_lines": 0, "percent_statements_covered": 0.0, "percent_statements_covered_display": "0.00", "num_branches": 2, "num_partial_branches": 0, "covered_branches": 0, "missing_branches": 2, "percent_branches_covered": 0.0, "percent_branches_covered_display": "0.00"}, "missing_lines": [354, 355, 356, 357, 358], "excluded_lines": [], "start_line": 351, "executed_branches": [], "missing_branches": [[354, 355], [354, 358]]}, "EpisodeSegmentationService._calculate_duration": {"executed_lines": [], "summary": {"covered_lines": 0, "num_statements": 14, "percent_covered": 0.0, "percent_covered_display": "0.00", "missing_lines": 14, "excluded_lines": 0, "percent_statements_covered": 0.0, "percent_statements_covered_display": "0.00", "num_branches": 12, "num_partial_branches": 0, "covered_branches": 0, "missing_branches": 12, "percent_branches_covered": 0.0, "percent_branches_covered_display": "0.00"}, "missing_lines": [362, 364, 365, 366, 368, 369, 370, 371, 372, 374, 375, 377, 378, 379], "excluded_lines": [], "start_line": 360, "executed_branches": [], "missing_branches": [[364, 365], [364, 368], [365, 364], [365, 366], [368, 369], [368, 374], [369, 370], [369, 371], [371, 368], [371, 372], [374, 375], [374, 377]]}, "EpisodeSegmentationService._extract_topics": {"executed_lines": [], "summary": {"covered_lines": 0, "num_statements": 7, "percent_covered": 0.0, "percent_covered_display": "0.00", "missing_lines": 7, "excluded_lines": 0, "percent_statements_covered": 0.0, "percent_statements_covered_display": "0.00", "num_branches": 4, "num_partial_branches": 0, "covered_branches": 0, "missing_branches": 4, "percent_branches_covered": 0.0, "percent_branches_covered_display": "0.00"}, "missing_lines": [384, 386, 388, 389, 392, 393, 395], "excluded_lines": [], "start_line": 381, "executed_branches": [], "missing_branches": [[386, 388], [386, 395], [388, 389], [388, 392]]}, "EpisodeSegmentationService._extract_entities": {"executed_lines": [], "summary": {"covered_lines": 0, "num_statements": 31, "percent_covered": 0.0, "percent_covered_display": "0.00", "missing_lines": 31, "excluded_lines": 0, "percent_statements_covered": 0.0, "percent_statements_covered_display": "0.00", "num_branches": 26, "num_partial_branches": 0, "covered_branches": 0, "missing_branches": 26, "percent_branches_covered": 0.0, "percent_branches_covered_display": "0.00"}, "missing_lines": [399, 400, 403, 405, 406, 408, 411, 412, 415, 416, 419, 420, 423, 424, 425, 426, 428, 429, 432, 434, 438, 440, 442, 443, 444, 447, 448, 449, 450, 451, 454], "excluded_lines": [], "start_line": 397, "executed_branches": [], "missing_branches": [[403, 405], [403, 432], [405, 406], [405, 408], [424, 403], [424, 425], [425, 403], [425, 426], [426, 425], [426, 428], [428, 425], [428, 429], [432, 434], [432, 454], [438, 440], [438, 447], [442, 443], [442, 447], [443, 442], [443, 444], [448, 432], [448, 449], [449, 432], [449, 450], [450, 449], [450, 451]]}, "EpisodeSegmentationService._calculate_importance": {"executed_lines": [], "summary": {"covered_lines": 0, "num_statements": 8, "percent_covered": 0.0, "percent_covered_display": "0.00", "missing_lines": 8, "excluded_lines": 0, "percent_statements_covered": 0.0, "percent_statements_covered_display": "0.00", "num_branches": 6, "num_partial_branches": 0, "covered_branches": 0, "missing_branches": 6, "percent_branches_covered": 0.0, "percent_branches_covered_display": "0.00"}, "missing_lines": [459, 462, 463, 464, 465, 468, 469, 471], "excluded_lines": [], "start_line": 456, "executed_branches": [], "missing_branches": [[462, 463], [462, 464], [464, 465], [464, 468], [468, 469], [468, 471]]}, "EpisodeSegmentationService._get_agent_maturity": {"executed_lines": [], "summary": {"covered_lines": 0, "num_statements": 6, "percent_covered": 0.0, "percent_covered_display": "0.00", "missing_lines": 6, "excluded_lines": 0, "percent_statements_covered": 0.0, "percent_statements_covered_display": "0.00", "num_branches": 4, "num_partial_branches": 0, "covered_branches": 0, "missing_branches": 4, "percent_branches_covered": 0.0, "percent_branches_covered_display": "0.00"}, "missing_lines": [475, 479, 480, 481, 482, 484], "excluded_lines": [], "start_line": 473, "executed_branches": [], "missing_branches": [[479, 480], [479, 484], [480, 481], [480, 482]]}, "EpisodeSegmentationService._count_interventions": {"executed_lines": [], "summary": {"covered_lines": 0, "num_statements": 5, "percent_covered": 0.0, "percent_covered_display": "0.00", "missing_lines": 5, "excluded_lines": 0, "percent_statements_covered": 0.0, "percent_statements_covered_display": "0.00", "num_branches": 4, "num_partial_branches": 0, "covered_branches": 0, "missing_branches": 4, "percent_branches_covered": 0.0, "percent_branches_covered_display": "0.00"}, "missing_lines": [488, 489, 491, 492, 493], "excluded_lines": [], "start_line": 486, "executed_branches": [], "missing_branches": [[489, 491], [489, 493], [491, 489], [491, 492]]}, "EpisodeSegmentationService._extract_human_edits": {"executed_lines": [], "summary": {"covered_lines": 0, "num_statements": 5, "percent_covered": 0.0, "percent_covered_display": "0.00", "missing_lines": 5, "excluded_lines": 0, "percent_statements_covered": 0.0, "percent_statements_covered_display": "0.00", "num_branches": 4, "num_partial_branches": 0, "covered_branches": 0, "missing_branches": 4, "percent_branches_covered": 0.0, "percent_branches_covered_display": "0.00"}, "missing_lines": [497, 498, 499, 500, 501], "excluded_lines": [], "start_line": 495, "executed_branches": [], "missing_branches": [[498, 499], [498, 501], [499, 498], [499, 500]]}, "EpisodeSegmentationService._get_world_model_version": {"executed_lines": [], "summary": {"covered_lines": 0, "num_statements": 11, "percent_covered": 0.0, "percent_covered_display": "0.00", "missing_lines": 11, "excluded_lines": 0, "percent_statements_covered": 0.0, "percent_statements_covered_display": "0.00", "num_branches": 4, "num_partial_branches": 0, "covered_branches": 0, "missing_branches": 4, "percent_branches_covered": 0.0, "percent_branches_covered_display": "0.00"}, "missing_lines": [506, 507, 508, 511, 512, 513, 517, 518, 519, 520, 523], "excluded_lines": [], "start_line": 503, "executed_branches": [], "missing_branches": [[507, 508], [507, 511], [517, 518], [517, 523]]}, "EpisodeSegmentationService._create_segments": {"executed_lines": [], "summary": {"covered_lines": 0, "num_statements": 16, "percent_covered": 0.0, "percent_covered_display": "0.00", "missing_lines": 16, "excluded_lines": 0, "percent_statements_covered": 0.0, "percent_statements_covered_display": "0.00", "num_branches": 10, "num_partial_branches": 0, "covered_branches": 0, "missing_branches": 10, "percent_branches_covered": 0.0, "percent_branches_covered_display": "0.00"}, "missing_lines": [534, 537, 538, 540, 541, 544, 545, 546, 557, 558, 559, 562, 563, 574, 575, 577], "excluded_lines": [], "start_line": 525, "executed_branches": [], "missing_branches": [[537, 538], [537, 562], [540, 541], [540, 562], [544, 540], [544, 545], [545, 540], [545, 546], [562, 563], [562, 577]]}, "EpisodeSegmentationService._format_messages": {"executed_lines": [], "summary": {"covered_lines": 0, "num_statements": 1, "percent_covered": 0.0, "percent_covered_display": "0.00", "missing_lines": 1, "excluded_lines": 0, "percent_statements_covered": 0.0, "percent_statements_covered_display": "0.00", "num_branches": 0, "num_partial_branches": 0, "covered_branches": 0, "missing_branches": 0, "percent_branches_covered": 100.0, "percent_branches_covered_display": "100.00"}, "missing_lines": [581], "excluded_lines": [], "start_line": 579, "executed_branches": [], "missing_branches": []}, "EpisodeSegmentationService._summarize_messages": {"executed_lines": [], "summary": {"covered_lines": 0, "num_statements": 6, "percent_covered": 0.0, "percent_covered_display": "0.00", "missing_lines": 6, "excluded_lines": 0, "percent_statements_covered": 0.0, "percent_statements_covered_display": "0.00", "num_branches": 4, "num_partial_branches": 0, "covered_branches": 0, "missing_branches": 4, "percent_branches_covered": 0.0, "percent_branches_covered_display": "0.00"}, "missing_lines": [588, 589, 591, 592, 593, 594], "excluded_lines": [], "start_line": 586, "executed_branches": [], "missing_branches": [[588, 589], [588, 591], [592, 593], [592, 594]]}, "EpisodeSegmentationService._format_execution": {"executed_lines": [], "summary": {"covered_lines": 0, "num_statements": 5, "percent_covered": 0.0, "percent_covered_display": "0.00", "missing_lines": 5, "excluded_lines": 0, "percent_statements_covered": 0.0, "percent_statements_covered_display": "0.00", "num_branches": 2, "num_partial_branches": 0, "covered_branches": 0, "missing_branches": 2, "percent_branches_covered": 0.0, "percent_branches_covered_display": "0.00"}, "missing_lines": [598, 601, 606, 607, 609], "excluded_lines": [], "start_line": 596, "executed_branches": [], "missing_branches": [[606, 607], [606, 609]]}, "EpisodeSegmentationService._archive_to_lancedb": {"executed_lines": [], "summary": {"covered_lines": 0, "num_statements": 13, "percent_covered": 0.0, "percent_covered_display": "0.00", "missing_lines": 13, "excluded_lines": 0, "percent_statements_covered": 0.0, "percent_statements_covered_display": "0.00", "num_branches": 4, "num_partial_branches": 0, "covered_branches": 0, "missing_branches": 4, "percent_branches_covered": 0.0, "percent_branches_covered_display": "0.00"}, "missing_lines": [613, 614, 615, 617, 619, 626, 641, 642, 643, 646, 655, 657, 658], "excluded_lines": [], "start_line": 611, "executed_branches": [], "missing_branches": [[613, 614], [613, 617], [642, 643], [642, 646]]}, "EpisodeSegmentationService._fetch_canvas_context": {"executed_lines": [], "summary": {"covered_lines": 0, "num_statements": 7, "percent_covered": 0.0, "percent_covered_display": "0.00", "missing_lines": 7, "excluded_lines": 0, "percent_statements_covered": 0.0, "percent_statements_covered_display": "0.00", "num_branches": 0, "num_partial_branches": 0, "covered_branches": 0, "missing_branches": 0, "percent_branches_covered": 100.0, "percent_branches_covered_display": "100.00"}, "missing_lines": [670, 671, 675, 676, 678, 679, 680], "excluded_lines": [], "start_line": 660, "executed_branches": [], "missing_branches": []}, "EpisodeSegmentationService._extract_canvas_context": {"executed_lines": [], "summary": {"covered_lines": 0, "num_statements": 22, "percent_covered": 0.0, "percent_covered_display": "0.00", "missing_lines": 22, "excluded_lines": 0, "percent_statements_covered": 0.0, "percent_statements_covered_display": "0.00", "num_branches": 12, "num_partial_branches": 0, "covered_branches": 0, "missing_branches": 12, "percent_branches_covered": 0.0, "percent_branches_covered_display": "0.00"}, "missing_lines": [968, 969, 971, 974, 977, 986, 989, 990, 993, 994, 997, 998, 1005, 1012, 1017, 1018, 1019, 1021, 1022, 1024, 1025, 1026], "excluded_lines": [], "start_line": 948, "executed_branches": [], "missing_branches": [[968, 969], [968, 971], [989, 990], [989, 993], [993, 994], [993, 997], [997, 998], [997, 1012], [1017, 1018], [1017, 1021], [1018, 1017], [1018, 1019]]}, "EpisodeSegmentationService._fetch_feedback_context": {"executed_lines": [], "summary": {"covered_lines": 0, "num_statements": 9, "percent_covered": 0.0, "percent_covered_display": "0.00", "missing_lines": 9, "excluded_lines": 0, "percent_statements_covered": 0.0, "percent_statements_covered_display": "0.00", "num_branches": 2, "num_partial_branches": 0, "covered_branches": 0, "missing_branches": 2, "percent_branches_covered": 0.0, "percent_branches_covered_display": "0.00"}, "missing_lines": [793, 794, 795, 798, 803, 804, 806, 807, 808], "excluded_lines": [], "start_line": 773, "executed_branches": [], "missing_branches": [[794, 795], [794, 798]]}, "EpisodeSegmentationService._calculate_feedback_score": {"executed_lines": [], "summary": {"covered_lines": 0, "num_statements": 19, "percent_covered": 0.0, "percent_covered_display": "0.00", "missing_lines": 19, "excluded_lines": 0, "percent_statements_covered": 0.0, "percent_statements_covered_display": "0.00", "num_branches": 12, "num_partial_branches": 0, "covered_branches": 0, "missing_branches": 12, "percent_branches_covered": 0.0, "percent_branches_covered_display": "0.00"}, "missing_lines": [825, 826, 828, 829, 830, 831, 832, 833, 834, 835, 838, 840, 841, 843, 844, 845, 847, 848, 849], "excluded_lines": [], "start_line": 810, "executed_branches": [], "missing_branches": [[825, 826], [825, 828], [830, 831], [830, 840], [831, 832], [831, 833], [833, 834], [833, 835], [835, 830], [835, 838], [840, 841], [840, 843]]}, "EpisodeSegmentationService._extract_canvas_context_llm": {"executed_lines": [], "summary": {"covered_lines": 0, "num_statements": 17, "percent_covered": 0.0, "percent_covered_display": "0.00", "missing_lines": 17, "excluded_lines": 0, "percent_statements_covered": 0.0, "percent_statements_covered_display": "0.00", "num_branches": 6, "num_partial_branches": 0, "covered_branches": 0, "missing_branches": 6, "percent_branches_covered": 0.0, "percent_branches_covered_display": "0.00"}, "missing_lines": [877, 879, 882, 891, 892, 893, 899, 906, 912, 913, 917, 918, 919, 921, 930, 931, 933], "excluded_lines": [], "start_line": 851, "executed_branches": [], "missing_branches": [[892, 893], [892, 899], [917, 918], [917, 921], [918, 917], [918, 919]]}, "EpisodeSegmentationService._extract_canvas_context_metadata": {"executed_lines": [], "summary": {"covered_lines": 0, "num_statements": 3, "percent_covered": 0.0, "percent_covered_display": "0.00", "missing_lines": 3, "excluded_lines": 0, "percent_statements_covered": 0.0, "percent_statements_covered_display": "0.00", "num_branches": 0, "num_partial_branches": 0, "covered_branches": 0, "missing_branches": 0, "percent_branches_covered": 100.0, "percent_branches_covered_display": "100.00"}, "missing_lines": [944, 945, 946], "excluded_lines": [], "start_line": 935, "executed_branches": [], "missing_branches": []}, "EpisodeSegmentationService._filter_canvas_context_detail": {"executed_lines": [], "summary": {"covered_lines": 0, "num_statements": 14, "percent_covered": 0.0, "percent_covered_display": "0.00", "missing_lines": 14, "excluded_lines": 0, "percent_statements_covered": 0.0, "percent_statements_covered_display": "0.00", "num_branches": 8, "num_partial_branches": 0, "covered_branches": 0, "missing_branches": 8, "percent_branches_covered": 0.0, "percent_branches_covered_display": "0.00"}, "missing_lines": [1046, 1047, 1049, 1050, 1052, 1057, 1059, 1065, 1067, 1071, 1072, 1074, 1075, 1076], "excluded_lines": [], "start_line": 1028, "executed_branches": [], "missing_branches": [[1046, 1047], [1046, 1049], [1050, 1052], [1050, 1057], [1057, 1059], [1057, 1065], [1065, 1067], [1065, 1071]]}, "EpisodeSegmentationService.create_supervision_episode": {"executed_lines": [], "summary": {"covered_lines": 0, "num_statements": 31, "percent_covered": 0.0, "percent_covered_display": "0.00", "missing_lines": 31, "excluded_lines": 0, "percent_statements_covered": 0.0, "percent_statements_covered_display": "0.00", "num_branches": 12, "num_partial_branches": 0, "covered_branches": 0, "missing_branches": 12, "percent_branches_covered": 0.0, "percent_branches_covered_display": "0.00"}, "missing_lines": [1105, 1107, 1108, 1109, 1110, 1111, 1112, 1115, 1121, 1126, 1129, 1170, 1173, 1174, 1184, 1185, 1188, 1189, 1199, 1200, 1203, 1204, 1214, 1216, 1219, 1221, 1225, 1227, 1228, 1229, 1230], "excluded_lines": [], "start_line": 1082, "executed_branches": [], "missing_branches": [[1108, 1109], [1108, 1115], [1109, 1110], [1109, 1115], [1111, 1109], [1111, 1112], [1173, 1174], [1173, 1188], [1188, 1189], [1188, 1203], [1203, 1204], [1203, 1216]]}, "EpisodeSegmentationService._format_agent_actions": {"executed_lines": [], "summary": {"covered_lines": 0, "num_statements": 13, "percent_covered": 0.0, "percent_covered_display": "0.00", "missing_lines": 13, "excluded_lines": 0, "percent_statements_covered": 0.0, "percent_statements_covered_display": "0.00", "num_branches": 8, "num_partial_branches": 0, "covered_branches": 0, "missing_branches": 8, "percent_branches_covered": 0.0, "percent_branches_covered_display": "0.00"}, "missing_lines": [1238, 1240, 1241, 1243, 1244, 1246, 1247, 1249, 1250, 1252, 1253, 1254, 1256], "excluded_lines": [], "start_line": 1232, "executed_branches": [], "missing_branches": [[1240, 1241], [1240, 1252], [1246, 1247], [1246, 1249], [1249, 1250], [1249, 1252], [1252, 1253], [1252, 1256]]}, "EpisodeSegmentationService._format_interventions": {"executed_lines": [], "summary": {"covered_lines": 0, "num_statements": 11, "percent_covered": 0.0, "percent_covered_display": "0.00", "missing_lines": 11, "excluded_lines": 0, "percent_statements_covered": 0.0, "percent_statements_covered_display": "0.00", "num_branches": 6, "num_partial_branches": 0, "covered_branches": 0, "missing_branches": 6, "percent_branches_covered": 0.0, "percent_branches_covered_display": "0.00"}, "missing_lines": [1260, 1261, 1263, 1264, 1265, 1266, 1267, 1269, 1270, 1271, 1273], "excluded_lines": [], "start_line": 1258, "executed_branches": [], "missing_branches": [[1260, 1261], [1260, 1263], [1264, 1265], [1264, 1273], [1270, 1264], [1270, 1271]]}, "EpisodeSegmentationService._format_supervision_outcome": {"executed_lines": [], "summary": {"covered_lines": 0, "num_statements": 10, "percent_covered": 0.0, "percent_covered_display": "0.00", "missing_lines": 10, "excluded_lines": 0, "percent_statements_covered": 0.0, "percent_statements_covered_display": "0.00", "num_branches": 4, "num_partial_branches": 0, "covered_branches": 0, "missing_branches": 4, "percent_branches_covered": 0.0, "percent_branches_covered_display": "0.00"}, "missing_lines": [1277, 1279, 1280, 1281, 1283, 1284, 1286, 1287, 1288, 1290], "excluded_lines": [], "start_line": 1275, "executed_branches": [], "missing_branches": [[1283, 1284], [1283, 1286], [1287, 1288], [1287, 1290]]}, "EpisodeSegmentationService._extract_supervision_topics": {"executed_lines": [], "summary": {"covered_lines": 0, "num_statements": 15, "percent_covered": 0.0, "percent_covered_display": "0.00", "missing_lines": 15, "excluded_lines": 0, "percent_statements_covered": 0.0, "percent_statements_covered_display": "0.00", "num_branches": 12, "num_partial_branches": 0, "covered_branches": 0, "missing_branches": 12, "percent_branches_covered": 0.0, "percent_branches_covered_display": "0.00"}, "missing_lines": [1298, 1301, 1302, 1303, 1306, 1307, 1309, 1310, 1311, 1314, 1315, 1316, 1317, 1318, 1320], "excluded_lines": [], "start_line": 1292, "executed_branches": [], "missing_branches": [[1301, 1302], [1301, 1306], [1306, 1307], [1306, 1314], [1309, 1310], [1309, 1314], [1314, 1315], [1314, 1320], [1315, 1316], [1315, 1320], [1317, 1315], [1317, 1318]]}, "EpisodeSegmentationService._extract_supervision_entities": {"executed_lines": [], "summary": {"covered_lines": 0, "num_statements": 6, "percent_covered": 0.0, "percent_covered_display": "0.00", "missing_lines": 6, "excluded_lines": 0, "percent_statements_covered": 0.0, "percent_statements_covered_display": "0.00", "num_branches": 2, "num_partial_branches": 0, "covered_branches": 0, "missing_branches": 2, "percent_branches_covered": 0.0, "percent_branches_covered_display": "0.00"}, "missing_lines": [1328, 1331, 1334, 1337, 1338, 1340], "excluded_lines": [], "start_line": 1322, "executed_branches": [], "missing_branches": [[1337, 1338], [1337, 1340]]}, "EpisodeSegmentationService._calculate_supervision_importance": {"executed_lines": [], "summary": {"covered_lines": 0, "num_statements": 11, "percent_covered": 0.0, "percent_covered_display": "0.00", "missing_lines": 11, "excluded_lines": 0, "percent_statements_covered": 0.0, "percent_statements_covered_display": "0.00", "num_branches": 8, "num_partial_branches": 0, "covered_branches": 0, "missing_branches": 8, "percent_branches_covered": 0.0, "percent_branches_covered_display": "0.00"}, "missing_lines": [1355, 1358, 1359, 1360, 1363, 1364, 1365, 1366, 1367, 1368, 1371], "excluded_lines": [], "start_line": 1342, "executed_branches": [], "missing_branches": [[1358, 1359], [1358, 1363], [1363, 1364], [1363, 1365], [1365, 1366], [1365, 1367], [1367, 1368], [1367, 1371]]}, "EpisodeSegmentationService._archive_supervision_episode_to_lancedb": {"executed_lines": [], "summary": {"covered_lines": 0, "num_statements": 13, "percent_covered": 0.0, "percent_covered_display": "0.00", "missing_lines": 13, "excluded_lines": 0, "percent_statements_covered": 0.0, "percent_statements_covered_display": "0.00", "num_branches": 4, "num_partial_branches": 0, "covered_branches": 0, "missing_branches": 4, "percent_branches_covered": 0.0, "percent_branches_covered_display": "0.00"}, "missing_lines": [1375, 1376, 1377, 1379, 1381, 1390, 1407, 1408, 1409, 1412, 1421, 1423, 1424], "excluded_lines": [], "start_line": 1373, "executed_branches": [], "missing_branches": [[1375, 1376], [1375, 1379], [1408, 1409], [1408, 1412]]}, "EpisodeSegmentationService.extract_skill_metadata": {"executed_lines": [], "summary": {"covered_lines": 0, "num_statements": 1, "percent_covered": 0.0, "percent_covered_display": "0.00", "missing_lines": 1, "excluded_lines": 0, "percent_statements_covered": 0.0, "percent_statements_covered_display": "0.00", "num_branches": 0, "num_partial_branches": 0, "covered_branches": 0, "missing_branches": 0, "percent_branches_covered": 100.0, "percent_branches_covered_display": "100.00"}, "missing_lines": [1440], "excluded_lines": [], "start_line": 1430, "executed_branches": [], "missing_branches": []}, "EpisodeSegmentationService.create_skill_episode": {"executed_lines": [], "summary": {"covered_lines": 0, "num_statements": 12, "percent_covered": 0.0, "percent_covered_display": "0.00", "missing_lines": 12, "excluded_lines": 0, "percent_statements_covered": 0.0, "percent_statements_covered_display": "0.00", "num_branches": 0, "num_partial_branches": 0, "covered_branches": 0, "missing_branches": 0, "percent_branches_covered": 100.0, "percent_branches_covered_display": "100.00"}, "missing_lines": [1473, 1474, 1485, 1497, 1498, 1499, 1501, 1502, 1504, 1505, 1506, 1507], "excluded_lines": [], "start_line": 1450, "executed_branches": [], "missing_branches": []}, "EpisodeSegmentationService._summarize_skill_inputs": {"executed_lines": [], "summary": {"covered_lines": 0, "num_statements": 9, "percent_covered": 0.0, "percent_covered_display": "0.00", "missing_lines": 9, "excluded_lines": 0, "percent_statements_covered": 0.0, "percent_statements_covered_display": "0.00", "num_branches": 6, "num_partial_branches": 0, "covered_branches": 0, "missing_branches": 6, "percent_branches_covered": 0.0, "percent_branches_covered_display": "0.00"}, "missing_lines": [1511, 1512, 1514, 1515, 1516, 1517, 1518, 1519, 1521], "excluded_lines": [], "start_line": 1509, "executed_branches": [], "missing_branches": [[1511, 1512], [1511, 1514], [1515, 1516], [1515, 1521], [1517, 1518], [1517, 1519]]}, "EpisodeSegmentationService._format_skill_content": {"executed_lines": [], "summary": {"covered_lines": 0, "num_statements": 9, "percent_covered": 0.0, "percent_covered_display": "0.00", "missing_lines": 9, "excluded_lines": 0, "percent_statements_covered": 0.0, "percent_statements_covered_display": "0.00", "num_branches": 4, "num_partial_branches": 0, "covered_branches": 0, "missing_branches": 4, "percent_branches_covered": 0.0, "percent_branches_covered_display": "0.00"}, "missing_lines": [1525, 1527, 1528, 1529, 1531, 1532, 1533, 1534, 1536], "excluded_lines": [], "start_line": 1523, "executed_branches": [], "missing_branches": [[1527, 1528], [1527, 1531], [1532, 1533], [1532, 1536]]}, "": {"executed_lines": [12, 13, 14, 15, 16, 17, 18, 19, 21, 22, 23, 35, 36, 38, 42, 45, 53, 60, 61, 64, 67, 70, 89, 117, 126, 162, 202, 205, 220, 331, 345, 351, 360, 381, 397, 456, 473, 486, 495, 503, 525, 579, 586, 596, 611, 660, 682, 773, 810, 851, 935, 948, 1028, 1082, 1232, 1258, 1275, 1292, 1322, 1342, 1373, 1430, 1450, 1509, 1523], "summary": {"covered_lines": 65, "num_statements": 65, "percent_covered": 100.0, "percent_covered_display": "100.00", "missing_lines": 0, "excluded_lines": 0, "percent_statements_covered": 100.0, "percent_statements_covered_display": "100.00", "num_branches": 0, "num_partial_branches": 0, "covered_branches": 0, "missing_branches": 0, "percent_branches_covered": 100.0, "percent_branches_covered_display": "100.00"}, "missing_lines": [], "excluded_lines": [], "start_line": 1, "executed_branches": [], "missing_branches": []}}, "classes": {"SegmentationResult": {"executed_lines": [], "summary": {"covered_lines": 0, "num_statements": 0, "percent_covered": 100.0, "percent_covered_display": "100.00", "missing_lines": 0, "excluded_lines": 0, "percent_statements_covered": 100.0, "percent_statements_covered_display": "100.00", "num_branches": 0, "num_partial_branches": 0, "covered_branches": 0, "missing_branches": 0, "percent_branches_covered": 100.0, "percent_branches_covered_display": "100.00"}, "missing_lines": [], "excluded_lines": [], "start_line": 45, "executed_branches": [], "missing_branches": []}, "SegmentationBoundary": {"executed_lines": [], "summary": {"covered_lines": 0, "num_statements": 0, "percent_covered": 100.0, "percent_covered_display": "100.00", "missing_lines": 0, "excluded_lines": 0, "percent_statements_covered": 100.0, "percent_statements_covered_display": "100.00", "num_branches": 0, "num_partial_branches": 0, "covered_branches": 0, "missing_branches": 0, "percent_branches_covered": 100.0, "percent_branches_covered_display": "100.00"}, "missing_lines": [], "excluded_lines": [], "start_line": 53, "executed_branches": [], "missing_branches": []}, "EpisodeBoundaryDetector": {"executed_lines": [68, 78, 79, 80, 81, 82, 84, 85, 87, 96, 97, 99, 100, 102, 103, 105, 107, 110, 112, 113, 115, 119, 120, 121, 122, 124, 128, 130, 131, 132, 135, 136, 137, 138, 140, 169, 171, 172, 175, 176, 179, 180, 183, 186, 188, 193, 195], "summary": {"covered_lines": 47, "num_statements": 64, "percent_covered": 77.27272727272727, "percent_covered_display": "77.27", "missing_lines": 17, "excluded_lines": 0, "percent_statements_covered": 73.4375, "percent_statements_covered_display": "73.44", "num_branches": 24, "num_partial_branches": 1, "covered_branches": 21, "missing_branches": 3, "percent_branches_covered": 87.5, "percent_branches_covered_display": "87.50"}, "missing_lines": [141, 143, 144, 145, 147, 150, 151, 154, 155, 157, 158, 159, 160, 189, 197, 198, 199], "excluded_lines": [], "start_line": 64, "executed_branches": [[79, 80], [79, 87], [84, 79], [84, 85], [96, 97], [96, 99], [100, 102], [100, 115], [105, 107], [105, 110], [112, 100], [112, 113], [120, 121], [120, 124], [121, 120], [121, 122], [137, 138], [137, 140], [175, 176], [175, 179], [188, 193]], "missing_branches": [[154, 155], [154, 157], [188, 189]]}, "EpisodeSegmentationService": {"executed_lines": [], "summary": {"covered_lines": 0, "num_statements": 462, "percent_covered": 0.0, "percent_covered_display": "0.00", "missing_lines": 462, "excluded_lines": 0, "percent_statements_covered": 0.0, "percent_statements_covered_display": "0.00", "num_branches": 250, "num_partial_branches": 0, "covered_branches": 0, "missing_branches": 250, "percent_branches_covered": 0.0, "percent_branches_covered_display": "0.00"}, "missing_lines": [206, 207, 208, 211, 212, 213, 216, 240, 244, 245, 246, 249, 254, 260, 261, 265, 266, 267, 270, 271, 276, 278, 279, 280, 283, 284, 285, 286, 289, 290, 291, 294, 295, 313, 314, 317, 318, 320, 323, 326, 328, 329, 334, 335, 336, 338, 339, 340, 341, 343, 347, 348, 349, 354, 355, 356, 357, 358, 362, 364, 365, 366, 368, 369, 370, 371, 372, 374, 375, 377, 378, 379, 384, 386, 388, 389, 392, 393, 395, 399, 400, 403, 405, 406, 408, 411, 412, 415, 416, 419, 420, 423, 424, 425, 426, 428, 429, 432, 434, 438, 440, 442, 443, 444, 447, 448, 449, 450, 451, 454, 459, 462, 463, 464, 465, 468, 469, 471, 475, 479, 480, 481, 482, 484, 488, 489, 491, 492, 493, 497, 498, 499, 500, 501, 506, 507, 508, 511, 512, 513, 517, 518, 519, 520, 523, 534, 537, 538, 540, 541, 544, 545, 546, 557, 558, 559, 562, 563, 574, 575, 577, 581, 588, 589, 591, 592, 593, 594, 598, 601, 606, 607, 609, 613, 614, 615, 617, 619, 626, 641, 642, 643, 646, 655, 657, 658, 670, 671, 675, 676, 678, 679, 680, 692, 693, 696, 697, 698, 699, 701, 702, 705, 706, 709, 710, 711, 714, 715, 716, 717, 718, 720, 721, 722, 723, 724, 726, 727, 728, 729, 730, 733, 734, 743, 744, 745, 748, 749, 751, 752, 754, 757, 764, 765, 768, 769, 771, 793, 794, 795, 798, 803, 804, 806, 807, 808, 825, 826, 828, 829, 830, 831, 832, 833, 834, 835, 838, 840, 841, 843, 844, 845, 847, 848, 849, 877, 879, 882, 891, 892, 893, 899, 906, 912, 913, 917, 918, 919, 921, 930, 931, 933, 944, 945, 946, 968, 969, 971, 974, 977, 986, 989, 990, 993, 994, 997, 998, 1005, 1012, 1017, 1018, 1019, 1021, 1022, 1024, 1025, 1026, 1046, 1047, 1049, 1050, 1052, 1057, 1059, 1065, 1067, 1071, 1072, 1074, 1075, 1076, 1105, 1107, 1108, 1109, 1110, 1111, 1112, 1115, 1121, 1126, 1129, 1170, 1173, 1174, 1184, 1185, 1188, 1189, 1199, 1200, 1203, 1204, 1214, 1216, 1219, 1221, 1225, 1227, 1228, 1229, 1230, 1238, 1240, 1241, 1243, 1244, 1246, 1247, 1249, 1250, 1252, 1253, 1254, 1256, 1260, 1261, 1263, 1264, 1265, 1266, 1267, 1269, 1270, 1271, 1273, 1277, 1279, 1280, 1281, 1283, 1284, 1286, 1287, 1288, 1290, 1298, 1301, 1302, 1303, 1306, 1307, 1309, 1310, 1311, 1314, 1315, 1316, 1317, 1318, 1320, 1328, 1331, 1334, 1337, 1338, 1340, 1355, 1358, 1359, 1360, 1363, 1364, 1365, 1366, 1367, 1368, 1371, 1375, 1376, 1377, 1379, 1381, 1390, 1407, 1408, 1409, 1412, 1421, 1423, 1424, 1440, 1473, 1474, 1485, 1497, 1498, 1499, 1501, 1502, 1504, 1505, 1506, 1507, 1511, 1512, 1514, 1515, 1516, 1517, 1518, 1519, 1521, 1525, 1527, 1528, 1529, 1531, 1532, 1533, 1534, 1536], "excluded_lines": [], "start_line": 202, "executed_branches": [], "missing_branches": [[211, 212], [211, 213], [244, 245], [244, 249], [266, 267], [266, 270], [270, 271], [270, 276], [278, 279], [278, 283], [284, 285], [284, 289], [313, 314], [313, 317], [317, 318], [317, 320], [334, 335], [334, 343], [336, 338], [336, 343], [339, 340], [339, 341], [354, 355], [354, 358], [364, 365], [364, 368], [365, 364], [365, 366], [368, 369], [368, 374], [369, 370], [369, 371], [371, 368], [371, 372], [374, 375], [374, 377], [386, 388], [386, 395], [388, 389], [388, 392], [403, 405], [403, 432], [405, 406], [405, 408], [424, 403], [424, 425], [425, 403], [425, 426], [426, 425], [426, 428], [428, 425], [428, 429], [432, 434], [432, 454], [438, 440], [438, 447], [442, 443], [442, 447], [443, 442], [443, 444], [448, 432], [448, 449], [449, 432], [449, 450], [450, 449], [450, 451], [462, 463], [462, 464], [464, 465], [464, 468], [468, 469], [468, 471], [479, 480], [479, 484], [480, 481], [480, 482], [489, 491], [489, 493], [491, 489], [491, 492], [498, 499], [498, 501], [499, 498], [499, 500], [507, 508], [507, 511], [517, 518], [517, 523], [537, 538], [537, 562], [540, 541], [540, 562], [544, 540], [544, 545], [545, 540], [545, 546], [562, 563], [562, 577], [588, 589], [588, 591], [592, 593], [592, 594], [606, 607], [606, 609], [613, 614], [613, 617], [642, 643], [642, 646], [692, 693], [692, 696], [701, 702], [701, 748], [705, 706], [705, 733], [710, 711], [710, 714], [714, 715], [714, 720], [715, 716], [715, 717], [717, 718], [717, 733], [720, 721], [720, 726], [721, 722], [721, 723], [723, 724], [723, 733], [726, 727], [726, 733], [727, 728], [727, 729], [729, 730], [729, 733], [733, 701], [733, 734], [744, 701], [744, 745], [751, 752], [751, 754], [764, 765], [764, 768], [768, 769], [768, 771], [794, 795], [794, 798], [825, 826], [825, 828], [830, 831], [830, 840], [831, 832], [831, 833], [833, 834], [833, 835], [835, 830], [835, 838], [840, 841], [840, 843], [892, 893], [892, 899], [917, 918], [917, 921], [918, 917], [918, 919], [968, 969], [968, 971], [989, 990], [989, 993], [993, 994], [993, 997], [997, 998], [997, 1012], [1017, 1018], [1017, 1021], [1018, 1017], [1018, 1019], [1046, 1047], [1046, 1049], [1050, 1052], [1050, 1057], [1057, 1059], [1057, 1065], [1065, 1067], [1065, 1071], [1108, 1109], [1108, 1115], [1109, 1110], [1109, 1115], [1111, 1109], [1111, 1112], [1173, 1174], [1173, 1188], [1188, 1189], [1188, 1203], [1203, 1204], [1203, 1216], [1240, 1241], [1240, 1252], [1246, 1247], [1246, 1249], [1249, 1250], [1249, 1252], [1252, 1253], [1252, 1256], [1260, 1261], [1260, 1263], [1264, 1265], [1264, 1273], [1270, 1264], [1270, 1271], [1283, 1284], [1283, 1286], [1287, 1288], [1287, 1290], [1301, 1302], [1301, 1306], [1306, 1307], [1306, 1314], [1309, 1310], [1309, 1314], [1314, 1315], [1314, 1320], [1315, 1316], [1315, 1320], [1317, 1315], [1317, 1318], [1337, 1338], [1337, 1340], [1358, 1359], [1358, 1363], [1363, 1364], [1363, 1365], [1365, 1366], [1365, 1367], [1367, 1368], [1367, 1371], [1375, 1376], [1375, 1379], [1408, 1409], [1408, 1412], [1511, 1512], [1511, 1514], [1515, 1516], [1515, 1521], [1517, 1518], [1517, 1519], [1527, 1528], [1527, 1531], [1532, 1533], [1532, 1536]]}, "": {"executed_lines": [12, 13, 14, 15, 16, 17, 18, 19, 21, 22, 23, 35, 36, 38, 42, 45, 53, 60, 61, 64, 67, 70, 89, 117, 126, 162, 202, 205, 220, 331, 345, 351, 360, 381, 397, 456, 473, 486, 495, 503, 525, 579, 586, 596, 611, 660, 682, 773, 810, 851, 935, 948, 1028, 1082, 1232, 1258, 1275, 1292, 1322, 1342, 1373, 1430, 1450, 1509, 1523], "summary": {"covered_lines": 65, "num_statements": 65, "percent_covered": 100.0, "percent_covered_display": "100.00", "missing_lines": 0, "excluded_lines": 0, "percent_statements_covered": 100.0, "percent_statements_covered_display": "100.00", "num_branches": 0, "num_partial_branches": 0, "covered_branches": 0, "missing_branches": 0, "percent_branches_covered": 100.0, "percent_branches_covered_display": "100.00"}, "missing_lines": [], "excluded_lines": [], "start_line": 1, "executed_branches": [], "missing_branches": []}}}, "core/workflow_engine.py": {"executed_lines": [11, 12, 13, 14, 15, 16, 17, 18, 19, 21, 22, 23, 29, 30, 31, 32, 34, 36, 37, 38, 40, 41, 42, 43, 45, 48, 49, 51, 54, 55, 57, 59, 61, 63, 64, 67, 68, 70, 71, 72, 73, 74, 75, 78, 79, 81, 82, 83, 85, 86, 87, 88, 91, 92, 93, 94, 96, 110, 111, 112, 114, 116, 118, 120, 129, 130, 132, 133, 135, 136, 137, 138, 139, 140, 142, 149, 151, 152, 153, 154, 155, 157, 431, 449, 460, 647, 656, 722, 746, 778, 792, 806, 807, 958, 1073, 1195, 1224, 1258, 1310, 1340, 1355, 1372, 1384, 1393, 1445, 1454, 1463, 1472, 1481, 1511, 1565, 1668, 1709, 1820, 1847, 1910, 1931, 1953, 1990, 2019, 2043, 2073, 2102, 2194, 2235, 2236, 2240, 2241, 2246, 2247, 2253, 2255], "summary": {"covered_lines": 132, "num_statements": 1164, "percent_covered": 10.129032258064516, "percent_covered_display": "10.13", "missing_lines": 1032, "excluded_lines": 0, "percent_statements_covered": 11.34020618556701, "percent_statements_covered_display": "11.34", "num_branches": 386, "num_partial_branches": 1, "covered_branches": 25, "missing_branches": 361, "percent_branches_covered": 6.476683937823834, "percent_branches_covered_display": "6.48"}, "missing_lines": [162, 163, 165, 166, 167, 168, 171, 174, 176, 179, 180, 181, 182, 183, 186, 187, 189, 190, 191, 192, 193, 196, 197, 198, 199, 200, 201, 203, 204, 205, 208, 209, 210, 211, 213, 216, 217, 218, 219, 235, 237, 238, 239, 240, 243, 244, 245, 246, 247, 248, 249, 250, 254, 257, 260, 261, 262, 263, 264, 267, 268, 269, 270, 271, 278, 290, 291, 292, 293, 294, 297, 298, 299, 300, 303, 304, 306, 308, 309, 312, 314, 315, 326, 327, 329, 330, 331, 334, 335, 338, 339, 340, 341, 343, 344, 345, 346, 348, 349, 351, 352, 353, 354, 355, 358, 359, 366, 367, 368, 369, 370, 373, 374, 375, 376, 377, 378, 383, 384, 385, 386, 387, 390, 391, 400, 401, 402, 403, 406, 407, 415, 416, 417, 418, 419, 422, 423, 433, 434, 435, 437, 438, 439, 442, 443, 446, 447, 451, 452, 455, 456, 457, 458, 462, 464, 465, 467, 468, 470, 471, 472, 474, 477, 479, 482, 484, 486, 488, 489, 492, 493, 494, 495, 496, 497, 500, 501, 502, 505, 507, 508, 511, 512, 513, 514, 515, 516, 522, 528, 531, 532, 533, 534, 535, 536, 538, 548, 551, 554, 555, 558, 559, 560, 571, 572, 573, 574, 576, 577, 578, 579, 580, 583, 584, 585, 589, 590, 591, 592, 593, 594, 595, 596, 597, 600, 602, 603, 604, 605, 606, 609, 610, 617, 619, 620, 623, 624, 632, 633, 634, 635, 638, 639, 649, 650, 651, 652, 653, 654, 665, 666, 668, 671, 672, 675, 676, 677, 679, 680, 683, 685, 686, 687, 688, 689, 692, 695, 699, 708, 711, 712, 715, 717, 718, 720, 727, 728, 729, 731, 732, 735, 736, 737, 738, 739, 741, 743, 744, 751, 752, 754, 756, 757, 758, 759, 761, 762, 766, 767, 768, 770, 771, 772, 773, 775, 776, 780, 781, 782, 783, 784, 785, 786, 794, 795, 796, 797, 798, 799, 800, 813, 814, 816, 820, 851, 853, 856, 857, 859, 860, 861, 862, 870, 871, 872, 874, 875, 877, 882, 883, 884, 885, 886, 892, 893, 901, 902, 903, 907, 908, 909, 910, 911, 912, 913, 914, 915, 919, 920, 930, 931, 933, 945, 946, 960, 963, 964, 965, 966, 968, 970, 972, 974, 975, 977, 978, 981, 982, 983, 984, 986, 988, 989, 991, 993, 995, 996, 997, 998, 999, 1001, 1002, 1003, 1004, 1005, 1006, 1008, 1009, 1010, 1011, 1012, 1013, 1014, 1016, 1017, 1018, 1019, 1020, 1021, 1023, 1024, 1025, 1026, 1027, 1028, 1030, 1031, 1032, 1033, 1034, 1036, 1039, 1045, 1048, 1056, 1063, 1069, 1070, 1071, 1075, 1077, 1078, 1080, 1082, 1084, 1085, 1087, 1088, 1091, 1092, 1097, 1098, 1099, 1101, 1103, 1104, 1105, 1106, 1107, 1109, 1117, 1118, 1119, 1121, 1122, 1123, 1124, 1126, 1127, 1128, 1129, 1130, 1131, 1133, 1135, 1136, 1137, 1138, 1139, 1141, 1143, 1144, 1146, 1147, 1148, 1149, 1150, 1151, 1153, 1154, 1155, 1156, 1157, 1158, 1160, 1161, 1162, 1163, 1164, 1165, 1166, 1168, 1171, 1179, 1185, 1191, 1192, 1193, 1197, 1199, 1200, 1202, 1203, 1204, 1206, 1207, 1208, 1209, 1211, 1212, 1214, 1220, 1221, 1222, 1226, 1228, 1229, 1231, 1232, 1233, 1235, 1236, 1237, 1238, 1239, 1240, 1241, 1242, 1243, 1245, 1246, 1248, 1254, 1255, 1256, 1260, 1262, 1263, 1264, 1266, 1267, 1269, 1271, 1272, 1274, 1275, 1276, 1279, 1280, 1282, 1283, 1284, 1285, 1286, 1287, 1288, 1289, 1290, 1291, 1292, 1293, 1294, 1295, 1297, 1298, 1300, 1306, 1307, 1308, 1312, 1314, 1315, 1317, 1319, 1321, 1322, 1323, 1324, 1325, 1326, 1328, 1329, 1331, 1336, 1337, 1338, 1341, 1342, 1343, 1344, 1345, 1346, 1348, 1349, 1350, 1351, 1352, 1353, 1356, 1357, 1358, 1359, 1360, 1361, 1362, 1363, 1365, 1366, 1367, 1368, 1369, 1370, 1374, 1375, 1376, 1377, 1378, 1380, 1381, 1382, 1386, 1387, 1395, 1398, 1399, 1400, 1401, 1402, 1404, 1405, 1407, 1408, 1409, 1410, 1411, 1412, 1414, 1415, 1418, 1420, 1421, 1423, 1424, 1425, 1426, 1427, 1428, 1429, 1432, 1433, 1435, 1441, 1442, 1443, 1447, 1448, 1456, 1457, 1465, 1466, 1474, 1475, 1483, 1484, 1486, 1487, 1488, 1490, 1491, 1494, 1496, 1504, 1505, 1513, 1515, 1516, 1517, 1520, 1528, 1529, 1530, 1532, 1533, 1534, 1535, 1539, 1548, 1550, 1558, 1559, 1572, 1573, 1574, 1575, 1577, 1578, 1579, 1580, 1581, 1584, 1588, 1589, 1590, 1596, 1609, 1614, 1625, 1626, 1627, 1635, 1647, 1648, 1650, 1660, 1661, 1662, 1670, 1671, 1673, 1676, 1677, 1678, 1681, 1683, 1684, 1686, 1687, 1693, 1694, 1696, 1697, 1703, 1705, 1706, 1707, 1711, 1712, 1713, 1714, 1716, 1717, 1718, 1725, 1726, 1727, 1731, 1734, 1735, 1737, 1739, 1740, 1741, 1742, 1751, 1753, 1754, 1755, 1763, 1766, 1767, 1768, 1775, 1776, 1777, 1778, 1785, 1786, 1787, 1794, 1795, 1796, 1803, 1805, 1806, 1808, 1809, 1810, 1812, 1813, 1814, 1822, 1823, 1826, 1831, 1832, 1834, 1835, 1836, 1839, 1840, 1841, 1842, 1843, 1844, 1845, 1849, 1850, 1851, 1853, 1854, 1855, 1858, 1859, 1863, 1864, 1865, 1866, 1868, 1869, 1870, 1878, 1879, 1888, 1889, 1897, 1899, 1900, 1901, 1903, 1905, 1906, 1907, 1908, 1912, 1913, 1914, 1916, 1917, 1919, 1920, 1921, 1922, 1923, 1924, 1926, 1927, 1928, 1929, 1933, 1934, 1935, 1937, 1938, 1941, 1942, 1943, 1944, 1945, 1946, 1948, 1949, 1950, 1951, 1955, 1956, 1957, 1959, 1960, 1962, 1965, 1969, 1976, 1977, 1978, 1979, 1982, 1983, 1985, 1986, 1987, 1988, 1992, 1993, 1994, 1996, 1997, 1998, 2000, 2001, 2002, 2003, 2005, 2006, 2008, 2009, 2011, 2012, 2014, 2015, 2016, 2017, 2021, 2022, 2023, 2025, 2026, 2028, 2029, 2030, 2031, 2032, 2033, 2035, 2036, 2038, 2039, 2040, 2041, 2045, 2046, 2047, 2049, 2050, 2051, 2053, 2054, 2056, 2057, 2058, 2059, 2060, 2062, 2063, 2065, 2066, 2068, 2069, 2070, 2071, 2075, 2076, 2077, 2079, 2080, 2081, 2083, 2084, 2085, 2086, 2087, 2088, 2089, 2091, 2092, 2094, 2095, 2097, 2098, 2099, 2100, 2107, 2109, 2112, 2113, 2115, 2117, 2118, 2119, 2120, 2121, 2124, 2129, 2130, 2131, 2132, 2135, 2136, 2138, 2139, 2142, 2143, 2145, 2146, 2150, 2151, 2152, 2153, 2155, 2159, 2160, 2162, 2163, 2165, 2168, 2173, 2174, 2175, 2177, 2178, 2181, 2182, 2191, 2192, 2196, 2198, 2199, 2200, 2201, 2203, 2204, 2206, 2207, 2208, 2209, 2211, 2212, 2213, 2215, 2216, 2217, 2218, 2220, 2221, 2223, 2224, 2225, 2226, 2227, 2229, 2230, 2233, 2237, 2238, 2242, 2243, 2244, 2248, 2249, 2250, 2257, 2258, 2259], "excluded_lines": [], "executed_branches": [[48, 49], [48, 51], [54, 55], [54, 57], [70, 71], [70, 78], [73, 74], [81, 82], [81, 91], [85, 81], [85, 86], [87, 85], [87, 88], [92, 93], [92, 118], [110, 111], [110, 114], [135, 136], [135, 142], [138, 135], [138, 139], [152, 153], [152, 155], [153, 152], [153, 154]], "missing_branches": [[73, 70], [181, 182], [181, 183], [186, 187], [186, 196], [187, 186], [187, 189], [191, 186], [191, 192], [192, 191], [192, 193], [198, 199], [198, 205], [199, 200], [199, 201], [203, 198], [203, 204], [211, 213], [211, 216], [268, 269], [268, 278], [270, 271], [270, 278], [298, 299], [298, 303], [299, 298], [299, 300], [340, 341], [340, 366], [341, 343], [341, 348], [349, 340], [349, 351], [354, 355], [354, 358], [368, 369], [368, 373], [373, 209], [373, 374], [384, 385], [384, 400], [434, 435], [434, 437], [437, 438], [437, 442], [477, 479], [477, 484], [488, 489], [488, 619], [492, 493], [492, 500], [501, 502], [501, 505], [505, 507], [505, 511], [512, 513], [512, 531], [514, 515], [514, 531], [589, 590], [589, 600], [650, 651], [650, 654], [652, 650], [652, 653], [665, 666], [665, 668], [675, 676], [675, 699], [677, 679], [677, 683], [683, 685], [683, 686], [686, 687], [686, 688], [688, 689], [688, 692], [711, 712], [711, 715], [728, 729], [728, 744], [729, 731], [729, 743], [732, 735], [732, 741], [737, 738], [737, 739], [754, 756], [754, 766], [757, 758], [757, 762], [758, 759], [758, 761], [767, 768], [767, 770], [771, 772], [771, 776], [772, 773], [772, 775], [781, 782], [781, 783], [795, 796], [795, 797], [857, 859], [857, 874], [882, 883], [882, 892], [907, 908], [907, 945], [911, 912], [911, 919], [964, 965], [964, 970], [966, 968], [966, 970], [977, 978], [977, 981], [981, 982], [981, 986], [986, 988], [986, 991], [991, 993], [991, 995], [995, 996], [995, 1001], [997, 998], [997, 999], [1001, 1002], [1001, 1008], [1004, 1005], [1004, 1006], [1008, 1009], [1008, 1016], [1012, 1013], [1012, 1014], [1016, 1017], [1016, 1023], [1019, 1020], [1019, 1021], [1023, 1024], [1023, 1030], [1025, 1026], [1025, 1027], [1030, 1031], [1030, 1036], [1036, 1039], [1036, 1045], [1045, 1048], [1045, 1056], [1078, 1080], [1078, 1082], [1087, 1088], [1087, 1091], [1091, 1092], [1091, 1103], [1103, 1104], [1103, 1117], [1117, 1118], [1117, 1121], [1121, 1122], [1121, 1135], [1123, 1124], [1123, 1126], [1135, 1136], [1135, 1143], [1138, 1139], [1138, 1141], [1143, 1144], [1143, 1146], [1146, 1147], [1146, 1153], [1148, 1149], [1148, 1150], [1153, 1154], [1153, 1160], [1155, 1156], [1155, 1157], [1160, 1161], [1160, 1168], [1163, 1164], [1163, 1165], [1168, 1171], [1168, 1179], [1203, 1204], [1203, 1206], [1206, 1207], [1206, 1211], [1232, 1233], [1232, 1235], [1235, 1236], [1235, 1240], [1240, 1241], [1240, 1245], [1263, 1264], [1263, 1266], [1275, 1276], [1275, 1279], [1279, 1280], [1279, 1282], [1282, 1283], [1282, 1287], [1287, 1288], [1287, 1291], [1291, 1292], [1291, 1297], [1321, 1322], [1321, 1328], [1344, 1345], [1344, 1348], [1360, 1361], [1360, 1365], [1375, 1376], [1375, 1380], [1377, 1378], [1377, 1380], [1380, 1381], [1380, 1382], [1399, 1400], [1399, 1404], [1401, 1402], [1401, 1404], [1409, 1410], [1409, 1423], [1414, 1415], [1414, 1418], [1420, 1421], [1420, 1435], [1423, 1424], [1423, 1432], [1427, 1428], [1427, 1429], [1490, 1491], [1490, 1494], [1528, 1529], [1528, 1548], [1532, 1533], [1532, 1548], [1533, 1532], [1533, 1534], [1588, 1589], [1588, 1596], [1673, 1676], [1673, 1693], [1693, 1694], [1693, 1703], [1713, 1714], [1713, 1716], [1726, 1727], [1726, 1731], [1740, 1741], [1740, 1751], [1753, 1754], [1753, 1763], [1766, 1767], [1766, 1775], [1775, 1776], [1775, 1785], [1785, 1786], [1785, 1794], [1794, 1795], [1794, 1803], [1803, 1805], [1803, 1808], [1831, 1832], [1831, 1834], [1839, 1840], [1839, 1842], [1840, 1839], [1840, 1841], [1863, 1864], [1863, 1865], [1869, 1870], [1869, 1878], [1878, 1879], [1878, 1888], [1888, 1889], [1888, 1897], [1897, 1899], [1897, 1903], [1899, 1900], [1899, 1901], [1919, 1920], [1919, 1926], [1921, 1922], [1921, 1923], [1941, 1942], [1941, 1948], [1943, 1944], [1943, 1945], [1962, 1965], [1962, 1976], [1976, 1977], [1976, 1985], [1978, 1979], [1978, 1982], [2000, 2001], [2000, 2002], [2002, 2003], [2002, 2005], [2005, 2006], [2005, 2014], [2008, 2009], [2008, 2011], [2028, 2029], [2028, 2038], [2030, 2031], [2030, 2032], [2032, 2033], [2032, 2035], [2053, 2054], [2053, 2068], [2057, 2058], [2057, 2059], [2059, 2060], [2059, 2062], [2062, 2063], [2062, 2065], [2083, 2084], [2083, 2097], [2086, 2087], [2086, 2088], [2088, 2089], [2088, 2091], [2091, 2092], [2091, 2094], [2115, 2117], [2115, 2135], [2120, 2121], [2120, 2124], [2138, 2139], [2138, 2142], [2145, 2146], [2145, 2150], [2151, 2152], [2151, 2159], [2152, 2153], [2152, 2155], [2162, 2163], [2162, 2165], [2173, 2174], [2173, 2181], [2175, 2177], [2175, 2181], [2177, 2178], [2177, 2181], [2198, 2199], [2198, 2211], [2203, 2204], [2203, 2206], [2211, 2212], [2211, 2215], [2215, 2216], [2215, 2233], [2220, 2221], [2220, 2223], [2224, 2225], [2224, 2229], [2225, 2224], [2225, 2226], [2257, 2258], [2257, 2259]], "functions": {"WorkflowEngine.__init__": {"executed_lines": [38, 40, 41, 42, 43], "summary": {"covered_lines": 5, "num_statements": 5, "percent_covered": 100.0, "percent_covered_display": "100.00", "missing_lines": 0, "excluded_lines": 0, "percent_statements_covered": 100.0, "percent_statements_covered_display": "100.00", "num_branches": 0, "num_partial_branches": 0, "covered_branches": 0, "missing_branches": 0, "percent_branches_covered": 100.0, "percent_branches_covered_display": "100.00"}, "missing_lines": [], "excluded_lines": [], "start_line": 37, "executed_branches": [], "missing_branches": []}, "WorkflowEngine.start_workflow": {"executed_lines": [48, 49, 51, 54, 55, 57, 59], "summary": {"covered_lines": 7, "num_statements": 7, "percent_covered": 100.0, "percent_covered_display": "100.00", "missing_lines": 0, "excluded_lines": 0, "percent_statements_covered": 100.0, "percent_statements_covered_display": "100.00", "num_branches": 4, "num_partial_branches": 0, "covered_branches": 4, "missing_branches": 0, "percent_branches_covered": 100.0, "percent_branches_covered_display": "100.00"}, "missing_lines": [], "excluded_lines": [], "start_line": 45, "executed_branches": [[48, 49], [48, 51], [54, 55], [54, 57]], "missing_branches": []}, "WorkflowEngine._convert_nodes_to_steps": {"executed_lines": [63, 64, 67, 68, 70, 71, 72, 73, 74, 75, 78, 79, 81, 82, 83, 85, 86, 87, 88, 91, 92, 93, 94, 96, 110, 111, 112, 114, 116, 118], "summary": {"covered_lines": 30, "num_statements": 30, "percent_covered": 97.72727272727273, "percent_covered_display": "97.73", "missing_lines": 0, "excluded_lines": 0, "percent_statements_covered": 100.0, "percent_statements_covered_display": "100.00", "num_branches": 14, "num_partial_branches": 1, "covered_branches": 13, "missing_branches": 1, "percent_branches_covered": 92.85714285714286, "percent_branches_covered_display": "92.86"}, "missing_lines": [], "excluded_lines": [], "start_line": 61, "executed_branches": [[70, 71], [70, 78], [73, 74], [81, 82], [81, 91], [85, 81], [85, 86], [87, 85], [87, 88], [92, 93], [92, 118], [110, 111], [110, 114]], "missing_branches": [[73, 70]]}, "WorkflowEngine._build_execution_graph": {"executed_lines": [129, 130, 132, 133, 135, 136, 137, 138, 139, 140, 142], "summary": {"covered_lines": 11, "num_statements": 11, "percent_covered": 100.0, "percent_covered_display": "100.00", "missing_lines": 0, "excluded_lines": 0, "percent_statements_covered": 100.0, "percent_statements_covered_display": "100.00", "num_branches": 4, "num_partial_branches": 0, "covered_branches": 4, "missing_branches": 0, "percent_branches_covered": 100.0, "percent_branches_covered_display": "100.00"}, "missing_lines": [], "excluded_lines": [], "start_line": 120, "executed_branches": [[135, 136], [135, 142], [138, 135], [138, 139]], "missing_branches": []}, "WorkflowEngine._has_conditional_connections": {"executed_lines": [151, 152, 153, 154, 155], "summary": {"covered_lines": 5, "num_statements": 5, "percent_covered": 100.0, "percent_covered_display": "100.00", "missing_lines": 0, "excluded_lines": 0, "percent_statements_covered": 100.0, "percent_statements_covered_display": "100.00", "num_branches": 4, "num_partial_branches": 0, "covered_branches": 4, "missing_branches": 0, "percent_branches_covered": 100.0, "percent_branches_covered_display": "100.00"}, "missing_lines": [], "excluded_lines": [], "start_line": 149, "executed_branches": [[152, 153], [152, 155], [153, 152], [153, 154]], "missing_branches": []}, "WorkflowEngine._execute_workflow_graph": {"executed_lines": [], "summary": {"covered_lines": 0, "num_statements": 74, "percent_covered": 0.0, "percent_covered_display": "0.00", "missing_lines": 74, "excluded_lines": 0, "percent_statements_covered": 0.0, "percent_statements_covered_display": "0.00", "num_branches": 24, "num_partial_branches": 0, "covered_branches": 0, "missing_branches": 24, "percent_branches_covered": 0.0, "percent_branches_covered_display": "0.00"}, "missing_lines": [162, 163, 165, 166, 167, 168, 171, 174, 176, 179, 186, 187, 189, 190, 191, 192, 193, 196, 208, 209, 210, 211, 213, 216, 334, 335, 338, 339, 340, 341, 343, 344, 345, 346, 348, 349, 351, 352, 353, 354, 355, 358, 359, 366, 367, 368, 369, 370, 373, 374, 375, 376, 377, 378, 383, 384, 385, 386, 387, 390, 391, 400, 401, 402, 403, 406, 407, 415, 416, 417, 418, 419, 422, 423], "excluded_lines": [], "start_line": 157, "executed_branches": [], "missing_branches": [[186, 187], [186, 196], [187, 186], [187, 189], [191, 186], [191, 192], [192, 191], [192, 193], [211, 213], [211, 216], [340, 341], [340, 366], [341, 343], [341, 348], [349, 340], [349, 351], [354, 355], [354, 358], [368, 369], [368, 373], [373, 209], [373, 374], [384, 385], [384, 400]]}, "WorkflowEngine._execute_workflow_graph.evaluate_connection_condition": {"executed_lines": [], "summary": {"covered_lines": 0, "num_statements": 4, "percent_covered": 0.0, "percent_covered_display": "0.00", "missing_lines": 4, "excluded_lines": 0, "percent_statements_covered": 0.0, "percent_statements_covered_display": "0.00", "num_branches": 2, "num_partial_branches": 0, "covered_branches": 0, "missing_branches": 2, "percent_branches_covered": 0.0, "percent_branches_covered_display": "0.00"}, "missing_lines": [180, 181, 182, 183], "excluded_lines": [], "start_line": 179, "executed_branches": [], "missing_branches": [[181, 182], [181, 183]]}, "WorkflowEngine._execute_workflow_graph.get_ready_steps": {"executed_lines": [], "summary": {"covered_lines": 0, "num_statements": 8, "percent_covered": 0.0, "percent_covered_display": "0.00", "missing_lines": 8, "excluded_lines": 0, "percent_statements_covered": 0.0, "percent_statements_covered_display": "0.00", "num_branches": 6, "num_partial_branches": 0, "covered_branches": 0, "missing_branches": 6, "percent_branches_covered": 0.0, "percent_branches_covered_display": "0.00"}, "missing_lines": [197, 198, 199, 200, 201, 203, 204, 205], "excluded_lines": [], "start_line": 196, "executed_branches": [], "missing_branches": [[198, 199], [198, 205], [199, 200], [199, 201], [203, 198], [203, 204]]}, "WorkflowEngine._execute_workflow_graph.execute_single_step": {"executed_lines": [], "summary": {"covered_lines": 0, "num_statements": 51, "percent_covered": 0.0, "percent_covered_display": "0.00", "missing_lines": 51, "excluded_lines": 0, "percent_statements_covered": 0.0, "percent_statements_covered_display": "0.00", "num_branches": 8, "num_partial_branches": 0, "covered_branches": 0, "missing_branches": 8, "percent_branches_covered": 0.0, "percent_branches_covered_display": "0.00"}, "missing_lines": [217, 218, 219, 235, 237, 238, 239, 240, 243, 244, 245, 246, 247, 248, 249, 250, 254, 257, 260, 261, 262, 263, 264, 267, 268, 269, 270, 271, 278, 290, 291, 292, 293, 294, 297, 298, 299, 300, 303, 304, 306, 308, 309, 312, 314, 315, 326, 327, 329, 330, 331], "excluded_lines": [], "start_line": 216, "executed_branches": [], "missing_branches": [[268, 269], [268, 278], [270, 271], [270, 278], [298, 299], [298, 303], [299, 298], [299, 300]]}, "WorkflowEngine.resume_workflow": {"executed_lines": [], "summary": {"covered_lines": 0, "num_statements": 10, "percent_covered": 0.0, "percent_covered_display": "0.00", "missing_lines": 10, "excluded_lines": 0, "percent_statements_covered": 0.0, "percent_statements_covered_display": "0.00", "num_branches": 4, "num_partial_branches": 0, "covered_branches": 0, "missing_branches": 4, "percent_branches_covered": 0.0, "percent_branches_covered_display": "0.00"}, "missing_lines": [433, 434, 435, 437, 438, 439, 442, 443, 446, 447], "excluded_lines": [], "start_line": 431, "executed_branches": [], "missing_branches": [[434, 435], [434, 437], [437, 438], [437, 442]]}, "WorkflowEngine.cancel_execution": {"executed_lines": [], "summary": {"covered_lines": 0, "num_statements": 6, "percent_covered": 0.0, "percent_covered_display": "0.00", "missing_lines": 6, "excluded_lines": 0, "percent_statements_covered": 0.0, "percent_statements_covered_display": "0.00", "num_branches": 0, "num_partial_branches": 0, "covered_branches": 0, "missing_branches": 0, "percent_branches_covered": 100.0, "percent_branches_covered_display": "100.00"}, "missing_lines": [451, 452, 455, 456, 457, 458], "excluded_lines": [], "start_line": 449, "executed_branches": [], "missing_branches": []}, "WorkflowEngine._run_execution": {"executed_lines": [], "summary": {"covered_lines": 0, "num_statements": 90, "percent_covered": 0.0, "percent_covered_display": "0.00", "missing_lines": 90, "excluded_lines": 0, "percent_statements_covered": 0.0, "percent_statements_covered_display": "0.00", "num_branches": 16, "num_partial_branches": 0, "covered_branches": 0, "missing_branches": 16, "percent_branches_covered": 0.0, "percent_branches_covered_display": "0.00"}, "missing_lines": [462, 464, 465, 467, 468, 470, 471, 472, 474, 477, 479, 482, 484, 486, 488, 489, 492, 493, 494, 495, 496, 497, 500, 501, 502, 505, 507, 508, 511, 512, 513, 514, 515, 516, 522, 528, 531, 532, 533, 534, 535, 536, 538, 548, 551, 554, 555, 558, 559, 560, 571, 572, 573, 574, 576, 577, 578, 579, 580, 583, 584, 585, 589, 590, 591, 592, 593, 594, 595, 596, 597, 600, 602, 603, 604, 605, 606, 609, 610, 617, 619, 620, 623, 624, 632, 633, 634, 635, 638, 639], "excluded_lines": [], "start_line": 460, "executed_branches": [], "missing_branches": [[477, 479], [477, 484], [488, 489], [488, 619], [492, 493], [492, 500], [501, 502], [501, 505], [505, 507], [505, 511], [512, 513], [512, 531], [514, 515], [514, 531], [589, 590], [589, 600]]}, "WorkflowEngine._check_dependencies": {"executed_lines": [], "summary": {"covered_lines": 0, "num_statements": 6, "percent_covered": 0.0, "percent_covered_display": "0.00", "missing_lines": 6, "excluded_lines": 0, "percent_statements_covered": 0.0, "percent_statements_covered_display": "0.00", "num_branches": 4, "num_partial_branches": 0, "covered_branches": 0, "missing_branches": 4, "percent_branches_covered": 0.0, "percent_branches_covered_display": "0.00"}, "missing_lines": [649, 650, 651, 652, 653, 654], "excluded_lines": [], "start_line": 647, "executed_branches": [], "missing_branches": [[650, 651], [650, 654], [652, 650], [652, 653]]}, "WorkflowEngine._evaluate_condition": {"executed_lines": [], "summary": {"covered_lines": 0, "num_statements": 26, "percent_covered": 0.0, "percent_covered_display": "0.00", "missing_lines": 26, "excluded_lines": 0, "percent_statements_covered": 0.0, "percent_statements_covered_display": "0.00", "num_branches": 14, "num_partial_branches": 0, "covered_branches": 0, "missing_branches": 14, "percent_branches_covered": 0.0, "percent_branches_covered_display": "0.00"}, "missing_lines": [665, 666, 668, 671, 672, 675, 676, 677, 679, 680, 683, 685, 686, 687, 688, 689, 692, 695, 699, 708, 711, 712, 715, 717, 718, 720], "excluded_lines": [], "start_line": 656, "executed_branches": [], "missing_branches": [[665, 666], [665, 668], [675, 676], [675, 699], [677, 679], [677, 683], [683, 685], [683, 686], [686, 687], [686, 688], [688, 689], [688, 692], [711, 712], [711, 715]]}, "WorkflowEngine._resolve_parameters": {"executed_lines": [], "summary": {"covered_lines": 0, "num_statements": 13, "percent_covered": 0.0, "percent_covered_display": "0.00", "missing_lines": 13, "excluded_lines": 0, "percent_statements_covered": 0.0, "percent_statements_covered_display": "0.00", "num_branches": 8, "num_partial_branches": 0, "covered_branches": 0, "missing_branches": 8, "percent_branches_covered": 0.0, "percent_branches_covered_display": "0.00"}, "missing_lines": [727, 728, 729, 731, 732, 735, 736, 737, 738, 739, 741, 743, 744], "excluded_lines": [], "start_line": 722, "executed_branches": [], "missing_branches": [[728, 729], [728, 744], [729, 731], [729, 743], [732, 735], [732, 741], [737, 738], [737, 739]]}, "WorkflowEngine._get_value_from_path": {"executed_lines": [], "summary": {"covered_lines": 0, "num_statements": 18, "percent_covered": 0.0, "percent_covered_display": "0.00", "missing_lines": 18, "excluded_lines": 0, "percent_statements_covered": 0.0, "percent_statements_covered_display": "0.00", "num_branches": 12, "num_partial_branches": 0, "covered_branches": 0, "missing_branches": 12, "percent_branches_covered": 0.0, "percent_branches_covered_display": "0.00"}, "missing_lines": [751, 752, 754, 756, 757, 758, 759, 761, 762, 766, 767, 768, 770, 771, 772, 773, 775, 776], "excluded_lines": [], "start_line": 746, "executed_branches": [], "missing_branches": [[754, 756], [754, 766], [757, 758], [757, 762], [758, 759], [758, 761], [767, 768], [767, 770], [771, 772], [771, 776], [772, 773], [772, 775]]}, "WorkflowEngine._validate_input_schema": {"executed_lines": [], "summary": {"covered_lines": 0, "num_statements": 7, "percent_covered": 0.0, "percent_covered_display": "0.00", "missing_lines": 7, "excluded_lines": 0, "percent_statements_covered": 0.0, "percent_statements_covered_display": "0.00", "num_branches": 2, "num_partial_branches": 0, "covered_branches": 0, "missing_branches": 2, "percent_branches_covered": 0.0, "percent_branches_covered_display": "0.00"}, "missing_lines": [780, 781, 782, 783, 784, 785, 786], "excluded_lines": [], "start_line": 778, "executed_branches": [], "missing_branches": [[781, 782], [781, 783]]}, "WorkflowEngine._validate_output_schema": {"executed_lines": [], "summary": {"covered_lines": 0, "num_statements": 7, "percent_covered": 0.0, "percent_covered_display": "0.00", "missing_lines": 7, "excluded_lines": 0, "percent_statements_covered": 0.0, "percent_statements_covered_display": "0.00", "num_branches": 2, "num_partial_branches": 0, "covered_branches": 0, "missing_branches": 2, "percent_branches_covered": 0.0, "percent_branches_covered_display": "0.00"}, "missing_lines": [794, 795, 796, 797, 798, 799, 800], "excluded_lines": [], "start_line": 792, "executed_branches": [], "missing_branches": [[795, 796], [795, 797]]}, "WorkflowEngine._execute_step": {"executed_lines": [], "summary": {"covered_lines": 0, "num_statements": 44, "percent_covered": 0.0, "percent_covered_display": "0.00", "missing_lines": 44, "excluded_lines": 0, "percent_statements_covered": 0.0, "percent_statements_covered_display": "0.00", "num_branches": 8, "num_partial_branches": 0, "covered_branches": 0, "missing_branches": 8, "percent_branches_covered": 0.0, "percent_branches_covered_display": "0.00"}, "missing_lines": [813, 814, 816, 820, 851, 853, 856, 857, 859, 860, 861, 862, 870, 871, 872, 874, 875, 877, 882, 883, 884, 885, 886, 892, 893, 901, 902, 903, 907, 908, 909, 910, 911, 912, 913, 914, 915, 919, 920, 930, 931, 933, 945, 946], "excluded_lines": [], "start_line": 807, "executed_branches": [], "missing_branches": [[857, 859], [857, 874], [882, 883], [882, 892], [907, 908], [907, 945], [911, 912], [911, 919]]}, "WorkflowEngine._execute_slack_action": {"executed_lines": [], "summary": {"covered_lines": 0, "num_statements": 65, "percent_covered": 0.0, "percent_covered_display": "0.00", "missing_lines": 65, "excluded_lines": 0, "percent_statements_covered": 0.0, "percent_statements_covered_display": "0.00", "num_branches": 38, "num_partial_branches": 0, "covered_branches": 0, "missing_branches": 38, "percent_branches_covered": 0.0, "percent_branches_covered_display": "0.00"}, "missing_lines": [960, 963, 964, 965, 966, 968, 970, 972, 974, 975, 977, 978, 981, 982, 983, 984, 986, 988, 989, 991, 993, 995, 996, 997, 998, 999, 1001, 1002, 1003, 1004, 1005, 1006, 1008, 1009, 1010, 1011, 1012, 1013, 1014, 1016, 1017, 1018, 1019, 1020, 1021, 1023, 1024, 1025, 1026, 1027, 1028, 1030, 1031, 1032, 1033, 1034, 1036, 1039, 1045, 1048, 1056, 1063, 1069, 1070, 1071], "excluded_lines": [], "start_line": 958, "executed_branches": [], "missing_branches": [[964, 965], [964, 970], [966, 968], [966, 970], [977, 978], [977, 981], [981, 982], [981, 986], [986, 988], [986, 991], [991, 993], [991, 995], [995, 996], [995, 1001], [997, 998], [997, 999], [1001, 1002], [1001, 1008], [1004, 1005], [1004, 1006], [1008, 1009], [1008, 1016], [1012, 1013], [1012, 1014], [1016, 1017], [1016, 1023], [1019, 1020], [1019, 1021], [1023, 1024], [1023, 1030], [1025, 1026], [1025, 1027], [1030, 1031], [1030, 1036], [1036, 1039], [1036, 1045], [1045, 1048], [1045, 1056]]}, "WorkflowEngine._execute_asana_action": {"executed_lines": [], "summary": {"covered_lines": 0, "num_statements": 69, "percent_covered": 0.0, "percent_covered_display": "0.00", "missing_lines": 69, "excluded_lines": 0, "percent_statements_covered": 0.0, "percent_statements_covered_display": "0.00", "num_branches": 34, "num_partial_branches": 0, "covered_branches": 0, "missing_branches": 34, "percent_branches_covered": 0.0, "percent_branches_covered_display": "0.00"}, "missing_lines": [1075, 1077, 1078, 1080, 1082, 1084, 1085, 1087, 1088, 1091, 1092, 1097, 1098, 1099, 1101, 1103, 1104, 1105, 1106, 1107, 1109, 1117, 1118, 1119, 1121, 1122, 1123, 1124, 1126, 1127, 1128, 1129, 1130, 1131, 1133, 1135, 1136, 1137, 1138, 1139, 1141, 1143, 1144, 1146, 1147, 1148, 1149, 1150, 1151, 1153, 1154, 1155, 1156, 1157, 1158, 1160, 1161, 1162, 1163, 1164, 1165, 1166, 1168, 1171, 1179, 1185, 1191, 1192, 1193], "excluded_lines": [], "start_line": 1073, "executed_branches": [], "missing_branches": [[1078, 1080], [1078, 1082], [1087, 1088], [1087, 1091], [1091, 1092], [1091, 1103], [1103, 1104], [1103, 1117], [1117, 1118], [1117, 1121], [1121, 1122], [1121, 1135], [1123, 1124], [1123, 1126], [1135, 1136], [1135, 1143], [1138, 1139], [1138, 1141], [1143, 1144], [1143, 1146], [1146, 1147], [1146, 1153], [1148, 1149], [1148, 1150], [1153, 1154], [1153, 1160], [1155, 1156], [1155, 1157], [1160, 1161], [1160, 1168], [1163, 1164], [1163, 1165], [1168, 1171], [1168, 1179]]}, "WorkflowEngine._execute_discord_action": {"executed_lines": [], "summary": {"covered_lines": 0, "num_statements": 16, "percent_covered": 0.0, "percent_covered_display": "0.00", "missing_lines": 16, "excluded_lines": 0, "percent_statements_covered": 0.0, "percent_statements_covered_display": "0.00", "num_branches": 4, "num_partial_branches": 0, "covered_branches": 0, "missing_branches": 4, "percent_branches_covered": 0.0, "percent_branches_covered_display": "0.00"}, "missing_lines": [1197, 1199, 1200, 1202, 1203, 1204, 1206, 1207, 1208, 1209, 1211, 1212, 1214, 1220, 1221, 1222], "excluded_lines": [], "start_line": 1195, "executed_branches": [], "missing_branches": [[1203, 1204], [1203, 1206], [1206, 1207], [1206, 1211]]}, "WorkflowEngine._execute_hubspot_action": {"executed_lines": [], "summary": {"covered_lines": 0, "num_statements": 21, "percent_covered": 0.0, "percent_covered_display": "0.00", "missing_lines": 21, "excluded_lines": 0, "percent_statements_covered": 0.0, "percent_statements_covered_display": "0.00", "num_branches": 6, "num_partial_branches": 0, "covered_branches": 0, "missing_branches": 6, "percent_branches_covered": 0.0, "percent_branches_covered_display": "0.00"}, "missing_lines": [1226, 1228, 1229, 1231, 1232, 1233, 1235, 1236, 1237, 1238, 1239, 1240, 1241, 1242, 1243, 1245, 1246, 1248, 1254, 1255, 1256], "excluded_lines": [], "start_line": 1224, "executed_branches": [], "missing_branches": [[1232, 1233], [1232, 1235], [1235, 1236], [1235, 1240], [1240, 1241], [1240, 1245]]}, "WorkflowEngine._execute_salesforce_action": {"executed_lines": [], "summary": {"covered_lines": 0, "num_statements": 34, "percent_cov
[...]
ents_covered": 0.0, "percent_statements_covered_display": "0.00", "num_branches": 20, "num_partial_branches": 0, "covered_branches": 0, "missing_branches": 20, "percent_branches_covered": 0.0, "percent_branches_covered_display": "0.00"}, "missing_lines": [2107, 2109, 2112, 2113, 2115, 2117, 2118, 2119, 2120, 2121, 2124, 2129, 2130, 2131, 2132, 2135, 2136, 2138, 2139, 2142, 2143, 2145, 2146, 2150, 2151, 2152, 2153, 2155, 2159, 2160, 2162, 2163, 2165, 2168, 2173, 2174, 2175, 2177, 2178, 2181, 2182, 2191, 2192], "excluded_lines": [], "start_line": 2102, "executed_branches": [], "missing_branches": [[2115, 2117], [2115, 2135], [2120, 2121], [2120, 2124], [2138, 2139], [2138, 2142], [2145, 2146], [2145, 2150], [2151, 2152], [2151, 2159], [2152, 2153], [2152, 2155], [2162, 2163], [2162, 2165], [2173, 2174], [2173, 2181], [2175, 2177], [2175, 2181], [2177, 2178], [2177, 2181]]}, "WorkflowEngine._execute_goal_management_action": {"executed_lines": [], "summary": {"covered_lines": 0, "num_statements": 28, "percent_covered": 0.0, "percent_covered_display": "0.00", "missing_lines": 28, "excluded_lines": 0, "percent_statements_covered": 0.0, "percent_statements_covered_display": "0.00", "num_branches": 14, "num_partial_branches": 0, "covered_branches": 0, "missing_branches": 14, "percent_branches_covered": 0.0, "percent_branches_covered_display": "0.00"}, "missing_lines": [2196, 2198, 2199, 2200, 2201, 2203, 2204, 2206, 2207, 2208, 2209, 2211, 2212, 2213, 2215, 2216, 2217, 2218, 2220, 2221, 2223, 2224, 2225, 2226, 2227, 2229, 2230, 2233], "excluded_lines": [], "start_line": 2194, "executed_branches": [], "missing_branches": [[2198, 2199], [2198, 2211], [2203, 2204], [2203, 2206], [2211, 2212], [2211, 2215], [2215, 2216], [2215, 2233], [2220, 2221], [2220, 2223], [2224, 2225], [2224, 2229], [2225, 2224], [2225, 2226]]}, "MissingInputError.__init__": {"executed_lines": [], "summary": {"covered_lines": 0, "num_statements": 2, "percent_covered": 0.0, "percent_covered_display": "0.00", "missing_lines": 2, "excluded_lines": 0, "percent_statements_covered": 0.0, "percent_statements_covered_display": "0.00", "num_branches": 0, "num_partial_branches": 0, "covered_branches": 0, "missing_branches": 0, "percent_branches_covered": 100.0, "percent_branches_covered_display": "100.00"}, "missing_lines": [2237, 2238], "excluded_lines": [], "start_line": 2236, "executed_branches": [], "missing_branches": []}, "SchemaValidationError.__init__": {"executed_lines": [], "summary": {"covered_lines": 0, "num_statements": 3, "percent_covered": 0.0, "percent_covered_display": "0.00", "missing_lines": 3, "excluded_lines": 0, "percent_statements_covered": 0.0, "percent_statements_covered_display": "0.00", "num_branches": 0, "num_partial_branches": 0, "covered_branches": 0, "missing_branches": 0, "percent_branches_covered": 100.0, "percent_branches_covered_display": "100.00"}, "missing_lines": [2242, 2243, 2244], "excluded_lines": [], "start_line": 2241, "executed_branches": [], "missing_branches": []}, "StepTimeoutError.__init__": {"executed_lines": [], "summary": {"covered_lines": 0, "num_statements": 3, "percent_covered": 0.0, "percent_covered_display": "0.00", "missing_lines": 3, "excluded_lines": 0, "percent_statements_covered": 0.0, "percent_statements_covered_display": "0.00", "num_branches": 0, "num_partial_branches": 0, "covered_branches": 0, "missing_branches": 0, "percent_branches_covered": 100.0, "percent_branches_covered_display": "100.00"}, "missing_lines": [2248, 2249, 2250], "excluded_lines": [], "start_line": 2247, "executed_branches": [], "missing_branches": []}, "get_workflow_engine": {"executed_lines": [], "summary": {"covered_lines": 0, "num_statements": 3, "percent_covered": 0.0, "percent_covered_display": "0.00", "missing_lines": 3, "excluded_lines": 0, "percent_statements_covered": 0.0, "percent_statements_covered_display": "0.00", "num_branches": 2, "num_partial_branches": 0, "covered_branches": 0, "missing_branches": 2, "percent_branches_covered": 0.0, "percent_branches_covered_display": "0.00"}, "missing_lines": [2257, 2258, 2259], "excluded_lines": [], "start_line": 2255, "executed_branches": [], "missing_branches": [[2257, 2258], [2257, 2259]]}, "": {"executed_lines": [11, 12, 13, 14, 15, 16, 17, 18, 19, 21, 22, 23, 29, 30, 31, 32, 34, 36, 37, 45, 61, 120, 149, 157, 431, 449, 460, 647, 656, 722, 746, 778, 792, 806, 807, 958, 1073, 1195, 1224, 1258, 1310, 1340, 1355, 1372, 1384, 1393, 1445, 1454, 1463, 1472, 1481, 1511, 1565, 1668, 1709, 1820, 1847, 1910, 1931, 1953, 1990, 2019, 2043, 2073, 2102, 2194, 2235, 2236, 2240, 2241, 2246, 2247, 2253, 2255], "summary": {"covered_lines": 74, "num_statements": 74, "percent_covered": 100.0, "percent_covered_display": "100.00", "missing_lines": 0, "excluded_lines": 0, "percent_statements_covered": 100.0, "percent_statements_covered_display": "100.00", "num_branches": 0, "num_partial_branches": 0, "covered_branches": 0, "missing_branches": 0, "percent_branches_covered": 100.0, "percent_branches_covered_display": "100.00"}, "missing_lines": [], "excluded_lines": [], "start_line": 1, "executed_branches": [], "missing_branches": []}}, "classes": {"WorkflowEngine": {"executed_lines": [38, 40, 41, 42, 43, 48, 49, 51, 54, 55, 57, 59, 63, 64, 67, 68, 70, 71, 72, 73, 74, 75, 78, 79, 81, 82, 83, 85, 86, 87, 88, 91, 92, 93, 94, 96, 110, 111, 112, 114, 116, 118, 129, 130, 132, 133, 135, 136, 137, 138, 139, 140, 142, 151, 152, 153, 154, 155], "summary": {"covered_lines": 58, "num_statements": 1079, "percent_covered": 5.673274094326726, "percent_covered_display": "5.67", "missing_lines": 1021, "excluded_lines": 0, "percent_statements_covered": 5.375347544022243, "percent_statements_covered_display": "5.38", "num_branches": 384, "num_partial_branches": 1, "covered_branches": 25, "missing_branches": 359, "percent_branches_covered": 6.510416666666667, "percent_branches_covered_display": "6.51"}, "missing_lines": [162, 163, 165, 166, 167, 168, 171, 174, 176, 179, 180, 181, 182, 183, 186, 187, 189, 190, 191, 192, 193, 196, 197, 198, 199, 200, 201, 203, 204, 205, 208, 209, 210, 211, 213, 216, 217, 218, 219, 235, 237, 238, 239, 240, 243, 244, 245, 246, 247, 248, 249, 250, 254, 257, 260, 261, 262, 263, 264, 267, 268, 269, 270, 271, 278, 290, 291, 292, 293, 294, 297, 298, 299, 300, 303, 304, 306, 308, 309, 312, 314, 315, 326, 327, 329, 330, 331, 334, 335, 338, 339, 340, 341, 343, 344, 345, 346, 348, 349, 351, 352, 353, 354, 355, 358, 359, 366, 367, 368, 369, 370, 373, 374, 375, 376, 377, 378, 383, 384, 385, 386, 387, 390, 391, 400, 401, 402, 403, 406, 407, 415, 416, 417, 418, 419, 422, 423, 433, 434, 435, 437, 438, 439, 442, 443, 446, 447, 451, 452, 455, 456, 457, 458, 462, 464, 465, 467, 468, 470, 471, 472, 474, 477, 479, 482, 484, 486, 488, 489, 492, 493, 494, 495, 496, 497, 500, 501, 502, 505, 507, 508, 511, 512, 513, 514, 515, 516, 522, 528, 531, 532, 533, 534, 535, 536, 538, 548, 551, 554, 555, 558, 559, 560, 571, 572, 573, 574, 576, 577, 578, 579, 580, 583, 584, 585, 589, 590, 591, 592, 593, 594, 595, 596, 597, 600, 602, 603, 604, 605, 606, 609, 610, 617, 619, 620, 623, 624, 632, 633, 634, 635, 638, 639, 649, 650, 651, 652, 653, 654, 665, 666, 668, 671, 672, 675, 676, 677, 679, 680, 683, 685, 686, 687, 688, 689, 692, 695, 699, 708, 711, 712, 715, 717, 718, 720, 727, 728, 729, 731, 732, 735, 736, 737, 738, 739, 741, 743, 744, 751, 752, 754, 756, 757, 758, 759, 761, 762, 766, 767, 768, 770, 771, 772, 773, 775, 776, 780, 781, 782, 783, 784, 785, 786, 794, 795, 796, 797, 798, 799, 800, 813, 814, 816, 820, 851, 853, 856, 857, 859, 860, 861, 862, 870, 871, 872, 874, 875, 877, 882, 883, 884, 885, 886, 892, 893, 901, 902, 903, 907, 908, 909, 910, 911, 912, 913, 914, 915, 919, 920, 930, 931, 933, 945, 946, 960, 963, 964, 965, 966, 968, 970, 972, 974, 975, 977, 978, 981, 982, 983, 984, 986, 988, 989, 991, 993, 995, 996, 997, 998, 999, 1001, 1002, 1003, 1004, 1005, 1006, 1008, 1009, 1010, 1011, 1012, 1013, 1014, 1016, 1017, 1018, 1019, 1020, 1021, 1023, 1024, 1025, 1026, 1027, 1028, 1030, 1031, 1032, 1033, 1034, 1036, 1039, 1045, 1048, 1056, 1063, 1069, 1070, 1071, 1075, 1077, 1078, 1080, 1082, 1084, 1085, 1087, 1088, 1091, 1092, 1097, 1098, 1099, 1101, 1103, 1104, 1105, 1106, 1107, 1109, 1117, 1118, 1119, 1121, 1122, 1123, 1124, 1126, 1127, 1128, 1129, 1130, 1131, 1133, 1135, 1136, 1137, 1138, 1139, 1141, 1143, 1144, 1146, 1147, 1148, 1149, 1150, 1151, 1153, 1154, 1155, 1156, 1157, 1158, 1160, 1161, 1162, 1163, 1164, 1165, 1166, 1168, 1171, 1179, 1185, 1191, 1192, 1193, 1197, 1199, 1200, 1202, 1203, 1204, 1206, 1207, 1208, 1209, 1211, 1212, 1214, 1220, 1221, 1222, 1226, 1228, 1229, 1231, 1232, 1233, 1235, 1236, 1237, 1238, 1239, 1240, 1241, 1242, 1243, 1245, 1246, 1248, 1254, 1255, 1256, 1260, 1262, 1263, 1264, 1266, 1267, 1269, 1271, 1272, 1274, 1275, 1276, 1279, 1280, 1282, 1283, 1284, 1285, 1286, 1287, 1288, 1289, 1290, 1291, 1292, 1293, 1294, 1295, 1297, 1298, 1300, 1306, 1307, 1308, 1312, 1314, 1315, 1317, 1319, 1321, 1322, 1323, 1324, 1325, 1326, 1328, 1329, 1331, 1336, 1337, 1338, 1341, 1342, 1343, 1344, 1345, 1346, 1348, 1349, 1350, 1351, 1352, 1353, 1356, 1357, 1358, 1359, 1360, 1361, 1362, 1363, 1365, 1366, 1367, 1368, 1369, 1370, 1374, 1375, 1376, 1377, 1378, 1380, 1381, 1382, 1386, 1387, 1395, 1398, 1399, 1400, 1401, 1402, 1404, 1405, 1407, 1408, 1409, 1410, 1411, 1412, 1414, 1415, 1418, 1420, 1421, 1423, 1424, 1425, 1426, 1427, 1428, 1429, 1432, 1433, 1435, 1441, 1442, 1443, 1447, 1448, 1456, 1457, 1465, 1466, 1474, 1475, 1483, 1484, 1486, 1487, 1488, 1490, 1491, 1494, 1496, 1504, 1505, 1513, 1515, 1516, 1517, 1520, 1528, 1529, 1530, 1532, 1533, 1534, 1535, 1539, 1548, 1550, 1558, 1559, 1572, 1573, 1574, 1575, 1577, 1578, 1579, 1580, 1581, 1584, 1588, 1589, 1590, 1596, 1609, 1614, 1625, 1626, 1627, 1635, 1647, 1648, 1650, 1660, 1661, 1662, 1670, 1671, 1673, 1676, 1677, 1678, 1681, 1683, 1684, 1686, 1687, 1693, 1694, 1696, 1697, 1703, 1705, 1706, 1707, 1711, 1712, 1713, 1714, 1716, 1717, 1718, 1725, 1726, 1727, 1731, 1734, 1735, 1737, 1739, 1740, 1741, 1742, 1751, 1753, 1754, 1755, 1763, 1766, 1767, 1768, 1775, 1776, 1777, 1778, 1785, 1786, 1787, 1794, 1795, 1796, 1803, 1805, 1806, 1808, 1809, 1810, 1812, 1813, 1814, 1822, 1823, 1826, 1831, 1832, 1834, 1835, 1836, 1839, 1840, 1841, 1842, 1843, 1844, 1845, 1849, 1850, 1851, 1853, 1854, 1855, 1858, 1859, 1863, 1864, 1865, 1866, 1868, 1869, 1870, 1878, 1879, 1888, 1889, 1897, 1899, 1900, 1901, 1903, 1905, 1906, 1907, 1908, 1912, 1913, 1914, 1916, 1917, 1919, 1920, 1921, 1922, 1923, 1924, 1926, 1927, 1928, 1929, 1933, 1934, 1935, 1937, 1938, 1941, 1942, 1943, 1944, 1945, 1946, 1948, 1949, 1950, 1951, 1955, 1956, 1957, 1959, 1960, 1962, 1965, 1969, 1976, 1977, 1978, 1979, 1982, 1983, 1985, 1986, 1987, 1988, 1992, 1993, 1994, 1996, 1997, 1998, 2000, 2001, 2002, 2003, 2005, 2006, 2008, 2009, 2011, 2012, 2014, 2015, 2016, 2017, 2021, 2022, 2023, 2025, 2026, 2028, 2029, 2030, 2031, 2032, 2033, 2035, 2036, 2038, 2039, 2040, 2041, 2045, 2046, 2047, 2049, 2050, 2051, 2053, 2054, 2056, 2057, 2058, 2059, 2060, 2062, 2063, 2065, 2066, 2068, 2069, 2070, 2071, 2075, 2076, 2077, 2079, 2080, 2081, 2083, 2084, 2085, 2086, 2087, 2088, 2089, 2091, 2092, 2094, 2095, 2097, 2098, 2099, 2100, 2107, 2109, 2112, 2113, 2115, 2117, 2118, 2119, 2120, 2121, 2124, 2129, 2130, 2131, 2132, 2135, 2136, 2138, 2139, 2142, 2143, 2145, 2146, 2150, 2151, 2152, 2153, 2155, 2159, 2160, 2162, 2163, 2165, 2168, 2173, 2174, 2175, 2177, 2178, 2181, 2182, 2191, 2192, 2196, 2198, 2199, 2200, 2201, 2203, 2204, 2206, 2207, 2208, 2209, 2211, 2212, 2213, 2215, 2216, 2217, 2218, 2220, 2221, 2223, 2224, 2225, 2226, 2227, 2229, 2230, 2233], "excluded_lines": [], "start_line": 36, "executed_branches": [[48, 49], [48, 51], [54, 55], [54, 57], [70, 71], [70, 78], [73, 74], [81, 82], [81, 91], [85, 81], [85, 86], [87, 85], [87, 88], [92, 93], [92, 118], [110, 111], [110, 114], [135, 136], [135, 142], [138, 135], [138, 139], [152, 153], [152, 155], [153, 152], [153, 154]], "missing_branches": [[73, 70], [181, 182], [181, 183], [186, 187], [186, 196], [187, 186], [187, 189], [191, 186], [191, 192], [192, 191], [192, 193], [198, 199], [198, 205], [199, 200], [199, 201], [203, 198], [203, 204], [211, 213], [211, 216], [268, 269], [268, 278], [270, 271], [270, 278], [298, 299], [298, 303], [299, 298], [299, 300], [340, 341], [340, 366], [341, 343], [341, 348], [349, 340], [349, 351], [354, 355], [354, 358], [368, 369], [368, 373], [373, 209], [373, 374], [384, 385], [384, 400], [434, 435], [434, 437], [437, 438], [437, 442], [477, 479], [477, 484], [488, 489], [488, 619], [492, 493], [492, 500], [501, 502], [501, 505], [505, 507], [505, 511], [512, 513], [512, 531], [514, 515], [514, 531], [589, 590], [589, 600], [650, 651], [650, 654], [652, 650], [652, 653], [665, 666], [665, 668], [675, 676], [675, 699], [677, 679], [677, 683], [683, 685], [683, 686], [686, 687], [686, 688], [688, 689], [688, 692], [711, 712], [711, 715], [728, 729], [728, 744], [729, 731], [729, 743], [732, 735], [732, 741], [737, 738], [737, 739], [754, 756], [754, 766], [757, 758], [757, 762], [758, 759], [758, 761], [767, 768], [767, 770], [771, 772], [771, 776], [772, 773], [772, 775], [781, 782], [781, 783], [795, 796], [795, 797], [857, 859], [857, 874], [882, 883], [882, 892], [907, 908], [907, 945], [911, 912], [911, 919], [964, 965], [964, 970], [966, 968], [966, 970], [977, 978], [977, 981], [981, 982], [981, 986], [986, 988], [986, 991], [991, 993], [991, 995], [995, 996], [995, 1001], [997, 998], [997, 999], [1001, 1002], [1001, 1008], [1004, 1005], [1004, 1006], [1008, 1009], [1008, 1016], [1012, 1013], [1012, 1014], [1016, 1017], [1016, 1023], [1019, 1020], [1019, 1021], [1023, 1024], [1023, 1030], [1025, 1026], [1025, 1027], [1030, 1031], [1030, 1036], [1036, 1039], [1036, 1045], [1045, 1048], [1045, 1056], [1078, 1080], [1078, 1082], [1087, 1088], [1087, 1091], [1091, 1092], [1091, 1103], [1103, 1104], [1103, 1117], [1117, 1118], [1117, 1121], [1121, 1122], [1121, 1135], [1123, 1124], [1123, 1126], [1135, 1136], [1135, 1143], [1138, 1139], [1138, 1141], [1143, 1144], [1143, 1146], [1146, 1147], [1146, 1153], [1148, 1149], [1148, 1150], [1153, 1154], [1153, 1160], [1155, 1156], [1155, 1157], [1160, 1161], [1160, 1168], [1163, 1164], [1163, 1165], [1168, 1171], [1168, 1179], [1203, 1204], [1203, 1206], [1206, 1207], [1206, 1211], [1232, 1233], [1232, 1235], [1235, 1236], [1235, 1240], [1240, 1241], [1240, 1245], [1263, 1264], [1263, 1266], [1275, 1276], [1275, 1279], [1279, 1280], [1279, 1282], [1282, 1283], [1282, 1287], [1287, 1288], [1287, 1291], [1291, 1292], [1291, 1297], [1321, 1322], [1321, 1328], [1344, 1345], [1344, 1348], [1360, 1361], [1360, 1365], [1375, 1376], [1375, 1380], [1377, 1378], [1377, 1380], [1380, 1381], [1380, 1382], [1399, 1400], [1399, 1404], [1401, 1402], [1401, 1404], [1409, 1410], [1409, 1423], [1414, 1415], [1414, 1418], [1420, 1421], [1420, 1435], [1423, 1424], [1423, 1432], [1427, 1428], [1427, 1429], [1490, 1491], [1490, 1494], [1528, 1529], [1528, 1548], [1532, 1533], [1532, 1548], [1533, 1532], [1533, 1534], [1588, 1589], [1588, 1596], [1673, 1676], [1673, 1693], [1693, 1694], [1693, 1703], [1713, 1714], [1713, 1716], [1726, 1727], [1726, 1731], [1740, 1741], [1740, 1751], [1753, 1754], [1753, 1763], [1766, 1767], [1766, 1775], [1775, 1776], [1775, 1785], [1785, 1786], [1785, 1794], [1794, 1795], [1794, 1803], [1803, 1805], [1803, 1808], [1831, 1832], [1831, 1834], [1839, 1840], [1839, 1842], [1840, 1839], [1840, 1841], [1863, 1864], [1863, 1865], [1869, 1870], [1869, 1878], [1878, 1879], [1878, 1888], [1888, 1889], [1888, 1897], [1897, 1899], [1897, 1903], [1899, 1900], [1899, 1901], [1919, 1920], [1919, 1926], [1921, 1922], [1921, 1923], [1941, 1942], [1941, 1948], [1943, 1944], [1943, 1945], [1962, 1965], [1962, 1976], [1976, 1977], [1976, 1985], [1978, 1979], [1978, 1982], [2000, 2001], [2000, 2002], [2002, 2003], [2002, 2005], [2005, 2006], [2005, 2014], [2008, 2009], [2008, 2011], [2028, 2029], [2028, 2038], [2030, 2031], [2030, 2032], [2032, 2033], [2032, 2035], [2053, 2054], [2053, 2068], [2057, 2058], [2057, 2059], [2059, 2060], [2059, 2062], [2062, 2063], [2062, 2065], [2083, 2084], [2083, 2097], [2086, 2087], [2086, 2088], [2088, 2089], [2088, 2091], [2091, 2092], [2091, 2094], [2115, 2117], [2115, 2135], [2120, 2121], [2120, 2124], [2138, 2139], [2138, 2142], [2145, 2146], [2145, 2150], [2151, 2152], [2151, 2159], [2152, 2153], [2152, 2155], [2162, 2163], [2162, 2165], [2173, 2174], [2173, 2181], [2175, 2177], [2175, 2181], [2177, 2178], [2177, 2181], [2198, 2199], [2198, 2211], [2203, 2204], [2203, 2206], [2211, 2212], [2211, 2215], [2215, 2216], [2215, 2233], [2220, 2221], [2220, 2223], [2224, 2225], [2224, 2229], [2225, 2224], [2225, 2226]]}, "MissingInputError": {"executed_lines": [], "summary": {"covered_lines": 0, "num_statements": 2, "percent_covered": 0.0, "percent_covered_display": "0.00", "missing_lines": 2, "excluded_lines": 0, "percent_statements_covered": 0.0, "percent_statements_covered_display": "0.00", "num_branches": 0, "num_partial_branches": 0, "covered_branches": 0, "missing_branches": 0, "percent_branches_covered": 100.0, "percent_branches_covered_display": "100.00"}, "missing_lines": [2237, 2238], "excluded_lines": [], "start_line": 2235, "executed_branches": [], "missing_branches": []}, "SchemaValidationError": {"executed_lines": [], "summary": {"covered_lines": 0, "num_statements": 3, "percent_covered": 0.0, "percent_covered_display": "0.00", "missing_lines": 3, "excluded_lines": 0, "percent_statements_covered": 0.0, "percent_statements_covered_display": "0.00", "num_branches": 0, "num_partial_branches": 0, "covered_branches": 0, "missing_branches": 0, "percent_branches_covered": 100.0, "percent_branches_covered_display": "100.00"}, "missing_lines": [2242, 2243, 2244], "excluded_lines": [], "start_line": 2240, "executed_branches": [], "missing_branches": []}, "StepTimeoutError": {"executed_lines": [], "summary": {"covered_lines": 0, "num_statements": 3, "percent_covered": 0.0, "percent_covered_display": "0.00", "missing_lines": 3, "excluded_lines": 0, "percent_statements_covered": 0.0, "percent_statements_covered_display": "0.00", "num_branches": 0, "num_partial_branches": 0, "covered_branches": 0, "missing_branches": 0, "percent_branches_covered": 100.0, "percent_branches_covered_display": "100.00"}, "missing_lines": [2248, 2249, 2250], "excluded_lines": [], "start_line": 2246, "executed_branches": [], "missing_branches": []}, "": {"executed_lines": [11, 12, 13, 14, 15, 16, 17, 18, 19, 21, 22, 23, 29, 30, 31, 32, 34, 36, 37, 45, 61, 120, 149, 157, 431, 449, 460, 647, 656, 722, 746, 778, 792, 806, 807, 958, 1073, 1195, 1224, 1258, 1310, 1340, 1355, 1372, 1384, 1393, 1445, 1454, 1463, 1472, 1481, 1511, 1565, 1668, 1709, 1820, 1847, 1910, 1931, 1953, 1990, 2019, 2043, 2073, 2102, 2194, 2235, 2236, 2240, 2241, 2246, 2247, 2253, 2255], "summary": {"covered_lines": 74, "num_statements": 77, "percent_covered": 93.67088607594937, "percent_covered_display": "93.67", "missing_lines": 3, "excluded_lines": 0, "percent_statements_covered": 96.1038961038961, "percent_statements_covered_display": "96.10", "num_branches": 2, "num_partial_branches": 0, "covered_branches": 0, "missing_branches": 2, "percent_branches_covered": 0.0, "percent_branches_covered_display": "0.00"}, "missing_lines": [2257, 2258, 2259], "excluded_lines": [], "start_line": 1, "executed_branches": [], "missing_branches": [[2257, 2258], [2257, 2259]]}}}}, "totals": {"covered_lines": 244, "num_statements": 1755, "percent_covered": 12.008281573498964, "percent_covered_display": "12.01", "missing_lines": 1511, "excluded_lines": 0, "percent_statements_covered": 13.903133903133902, "percent_statements_covered_display": "13.90", "num_branches": 660, "num_partial_branches": 2, "covered_branches": 46, "missing_branches": 614, "percent_branches_covered": 6.96969696969697, "percent_branches_covered_display": "6.97"}}