{"meta": {"format": 3, "version": "7.13.4", "timestamp": "2026-03-17T15:11:47.651512", "branch_coverage": true, "show_contexts": false}, "files": {"core/workflow_analytics_engine.py": {"executed_lines": [6, 7, 8, 9, 10, 11, 12, 13, 14, 15, 16, 17, 19, 21, 22, 23, 24, 25, 27, 28, 29, 30, 31, 33, 34, 35, 36, 37, 38, 39, 41, 42, 49, 50, 51, 52, 54, 55, 62, 63, 64, 65, 66, 67, 68, 69, 71, 72, 101, 102, 111, 112, 113, 114, 115, 116, 117, 119, 122, 123, 124, 127, 130, 131, 134, 135, 138, 141, 142, 143, 146, 149, 151, 153, 154, 157, 174, 195, 215, 216, 217, 218, 220, 221, 222, 223, 226, 227, 228, 229, 230, 232, 233, 235, 238, 248, 251, 260, 262, 268, 281, 284, 293, 296, 305, 307, 312, 327, 330, 331, 340, 342, 346, 363, 366, 375, 380, 383, 392, 395, 404, 407, 408, 417, 420, 421, 430, 432, 435, 444, 446, 450, 461, 463, 465, 468, 469, 470, 471, 473, 474, 477, 484, 486, 488, 495, 498, 499, 500, 502, 503, 505, 506, 507, 510, 511, 512, 513, 514, 517, 520, 521, 522, 525, 531, 537, 538, 539, 542, 549, 552, 573, 575, 581, 583, 585, 586, 588, 590, 592, 594, 597, 601, 604, 612, 613, 614, 615, 616, 619, 624, 627, 636, 642, 650, 659, 674, 676, 719, 721, 722, 724, 726, 727, 729, 759, 761, 763, 766, 767, 768, 771, 772, 773, 777, 778, 781, 783, 785, 787, 790, 791, 792, 795, 796, 797, 801, 802, 804, 806, 810, 812, 854, 856, 857, 859, 860, 861, 877, 883, 885, 887, 888, 890, 891, 892, 913, 919, 921, 924, 926, 927, 929, 930, 931, 932, 938, 941, 943, 944, 945, 946, 948, 949, 950, 951, 955, 960, 962, 965, 967, 968, 970, 976, 977, 979, 981, 988, 991, 992, 993, 995, 996, 998, 999, 1000, 1003, 1004, 1005, 1006, 1007, 1010, 1013, 1016, 1017, 1018, 1021, 1026, 1050, 1052, 1054, 1055, 1057, 1063, 1064, 1066, 1067, 1072, 1073, 1075, 1077, 1082, 1083, 1085, 1089, 1091, 1093, 1095, 1096, 1098, 1104, 1105, 1107, 1108, 1115, 1116, 1118, 1120, 1122, 1123, 1125, 1126, 1132, 1133, 1134, 1137, 1139, 1144, 1145, 1147, 1153, 1154, 1157, 1158, 1166, 1173, 1176, 1182, 1185, 1186, 1187, 1189, 1190, 1193, 1199, 1200, 1201, 1204, 1205, 1207, 1215, 1217, 1223, 1225, 1230, 1231, 1233, 1239, 1240, 1242, 1243, 1290, 1298, 1301, 1302, 1303, 1304, 1305, 1306, 1312, 1322, 1324, 1328, 1329, 1331, 1332, 1333, 1335, 1336, 1337, 1339, 1340, 1342, 1343, 1345, 1346, 1347, 1363, 1365, 1371, 1373, 1377, 1378, 1380, 1381, 1391, 1399, 1401, 1402, 1403, 1418, 1420, 1426, 1429, 1431, 1432, 1434, 1435, 1447, 1448, 1450, 1451, 1458, 1460, 1462, 1463, 1465, 1466, 1467, 1469, 1470, 1471, 1473, 1474, 1475, 1477, 1478, 1479, 1480, 1483, 1484, 1485, 1486, 1487, 1488, 1495, 1497, 1499, 1500, 1502, 1503, 1504, 1506, 1507, 1509, 1516, 1520, 1522, 1524, 1525, 1526], "summary": {"covered_lines": 461, "num_statements": 567, "percent_covered": 78.16793893129771, "percent_covered_display": "78.17", "missing_lines": 106, "excluded_lines": 0, "percent_statements_covered": 81.30511463844798, "percent_statements_covered_display": "81.31", "num_branches": 88, "num_partial_branches": 25, "covered_branches": 51, "missing_branches": 37, "percent_branches_covered": 57.95454545454545, "percent_branches_covered_display": "57.95"}, "missing_lines": [147, 523, 577, 578, 579, 670, 671, 672, 682, 697, 698, 700, 711, 712, 714, 716, 717, 730, 732, 734, 740, 741, 742, 746, 748, 751, 753, 754, 756, 757, 764, 788, 814, 815, 817, 818, 819, 821, 822, 823, 824, 827, 828, 829, 830, 833, 836, 838, 839, 842, 845, 846, 847, 850, 851, 852, 879, 880, 881, 915, 916, 917, 934, 935, 936, 963, 1019, 1046, 1047, 1048, 1135, 1159, 1219, 1220, 1221, 1245, 1254, 1260, 1268, 1278, 1279, 1280, 1281, 1283, 1318, 1319, 1320, 1367, 1368, 1369, 1382, 1422, 1423, 1424, 1453, 1454, 1455, 1456, 1490, 1491, 1492, 1493, 1511, 1512, 1513, 1514], "excluded_lines": [], "executed_branches": [[146, 149], [330, 331], [407, 408], [420, 421], [468, 469], [468, 473], [470, 471], [499, 500], [499, 502], [522, 525], [729, 759], [763, 766], [767, 768], [787, 790], [791, 792], [860, 861], [860, 877], [891, 892], [891, 913], [943, 944], [943, 948], [948, -941], [948, 949], [960, 962], [992, 993], [992, 995], [1018, 1021], [1133, 1134], [1158, 1166], [1189, 1190], [1189, 1217], [1243, 1290], [1303, 1304], [1303, 1312], [1335, 1336], [1335, 1339], [1339, 1340], [1339, 1342], [1346, 1347], [1346, 1365], [1381, 1391], [1402, 1403], [1402, 1420], [1469, 1470], [1473, 1474], [1477, 1478], [1483, 1484], [1485, 1486], [1487, 1488], [1506, 1507], [1524, 1525]], "missing_branches": [[146, 147], [330, -307], [407, 420], [420, -375], [470, 473], [522, 523], [729, 730], [741, 729], [741, 742], [746, 748], [746, 751], [763, 764], [767, -761], [787, 788], [791, -785], [814, 815], [814, 817], [821, 822], [821, 827], [827, 828], [827, 833], [960, 963], [1018, 1019], [1133, 1135], [1158, 1159], [1243, 1245], [1279, 1280], [1279, 1283], [1381, 1382], [1469, 1473], [1473, 1477], [1477, 1495], [1483, 1495], [1485, 1487], [1487, 1495], [1506, 1509], [1524, 1526]], "functions": {"WorkflowAnalyticsEngine.__init__": {"executed_lines": [123, 124, 127, 130, 131, 134, 135, 138, 141, 142, 143, 146, 149], "summary": {"covered_lines": 13, "num_statements": 14, "percent_covered": 87.5, "percent_covered_display": "87.50", "missing_lines": 1, "excluded_lines": 0, "percent_statements_covered": 92.85714285714286, "percent_statements_covered_display": "92.86", "num_branches": 2, "num_partial_branches": 1, "covered_branches": 1, "missing_branches": 1, "percent_branches_covered": 50.0, "percent_branches_covered_display": "50.00"}, "missing_lines": [147], "excluded_lines": [], "start_line": 122, "executed_branches": [[146, 149]], "missing_branches": [[146, 147]]}, "WorkflowAnalyticsEngine._init_database": {"executed_lines": [153, 154, 157, 174, 195, 215, 216, 217, 218, 220, 221, 222, 223, 226, 227, 228, 229, 230, 232, 233], "summary": {"covered_lines": 20, "num_statements": 20, "percent_covered": 100.0, "percent_covered_display": "100.00", "missing_lines": 0, "excluded_lines": 0, "percent_statements_covered": 100.0, "percent_statements_covered_display": "100.00", "num_branches": 0, "num_partial_branches": 0, "covered_branches": 0, "missing_branches": 0, "percent_branches_covered": 100.0, "percent_branches_covered_display": "100.00"}, "missing_lines": [], "excluded_lines": [], "start_line": 151, "executed_branches": [], "missing_branches": []}, "WorkflowAnalyticsEngine.track_workflow_start": {"executed_lines": [238, 248, 251, 260], "summary": {"covered_lines": 4, "num_statements": 4, "percent_covered": 100.0, "percent_covered_display": "100.00", "missing_lines": 0, "excluded_lines": 0, "percent_statements_covered": 100.0, "percent_statements_covered_display": "100.00", "num_branches": 0, "num_partial_branches": 0, "covered_branches": 0, "missing_branches": 0, "percent_branches_covered": 100.0, "percent_branches_covered_display": "100.00"}, "missing_lines": [], "excluded_lines": [], "start_line": 235, "executed_branches": [], "missing_branches": []}, "WorkflowAnalyticsEngine.track_workflow_completion": {"executed_lines": [268, 281, 284, 293, 296, 305], "summary": {"covered_lines": 6, "num_statements": 6, "percent_covered": 100.0, "percent_covered_display": "100.00", "missing_lines": 0, "excluded_lines": 0, "percent_statements_covered": 100.0, "percent_statements_covered_display": "100.00", "num_branches": 0, "num_partial_branches": 0, "covered_branches": 0, "missing_branches": 0, "percent_branches_covered": 100.0, "percent_branches_covered_display": "100.00"}, "missing_lines": [], "excluded_lines": [], "start_line": 262, "executed_branches": [], "missing_branches": []}, "WorkflowAnalyticsEngine.track_step_execution": {"executed_lines": [312, 327, 330, 331, 340], "summary": {"covered_lines": 5, "num_statements": 5, "percent_covered": 85.71428571428571, "percent_covered_display": "85.71", "missing_lines": 0, "excluded_lines": 0, "percent_statements_covered": 100.0, "percent_statements_covered_display": "100.00", "num_branches": 2, "num_partial_branches": 1, "covered_branches": 1, "missing_branches": 1, "percent_branches_covered": 50.0, "percent_branches_covered_display": "50.00"}, "missing_lines": [], "excluded_lines": [], "start_line": 307, "executed_branches": [[330, 331]], "missing_branches": [[330, -307]]}, "WorkflowAnalyticsEngine.track_manual_override": {"executed_lines": [346, 363, 366], "summary": {"covered_lines": 3, "num_statements": 3, "percent_covered": 100.0, "percent_covered_display": "100.00", "missing_lines": 0, "excluded_lines": 0, "percent_statements_covered": 100.0, "percent_statements_covered_display": "100.00", "num_branches": 0, "num_partial_branches": 0, "covered_branches": 0, "missing_branches": 0, "percent_branches_covered": 100.0, "percent_branches_covered_display": "100.00"}, "missing_lines": [], "excluded_lines": [], "start_line": 342, "executed_branches": [], "missing_branches": []}, "WorkflowAnalyticsEngine.track_resource_usage": {"executed_lines": [380, 383, 392, 395, 404, 407, 408, 417, 420, 421, 430], "summary": {"covered_lines": 11, "num_statements": 11, "percent_covered": 86.66666666666667, "percent_covered_display": "86.67", "missing_lines": 0, "excluded_lines": 0, "percent_statements_covered": 100.0, "percent_statements_covered_display": "100.00", "num_branches": 4, "num_partial_branches": 2, "covered_branches": 2, "missing_branches": 2, "percent_branches_covered": 50.0, "percent_branches_covered_display": "50.00"}, "missing_lines": [], "excluded_lines": [], "start_line": 375, "executed_branches": [[407, 408], [420, 421]], "missing_branches": [[407, 420], [420, -375]]}, "WorkflowAnalyticsEngine.track_user_activity": {"executed_lines": [435, 444], "summary": {"covered_lines": 2, "num_statements": 2, "percent_covered": 100.0, "percent_covered_display": "100.00", "missing_lines": 0, "excluded_lines": 0, "percent_statements_covered": 100.0, "percent_statements_covered_display": "100.00", "num_branches": 0, "num_partial_branches": 0, "covered_branches": 0, "missing_branches": 0, "percent_branches_covered": 100.0, "percent_branches_covered_display": "100.00"}, "missing_lines": [], "excluded_lines": [], "start_line": 432, "executed_branches": [], "missing_branches": []}, "WorkflowAnalyticsEngine.track_metric": {"executed_lines": [450, 461], "summary": {"covered_lines": 2, "num_statements": 2, "percent_covered": 100.0, "percent_covered_display": "100.00", "missing_lines": 0, "excluded_lines": 0, "percent_statements_covered": 100.0, "percent_statements_covered_display": "100.00", "num_branches": 0, "num_partial_branches": 0, "covered_branches": 0, "missing_branches": 0, "percent_branches_covered": 100.0, "percent_branches_covered_display": "100.00"}, "missing_lines": [], "excluded_lines": [], "start_line": 446, "executed_branches": [], "missing_branches": []}, "WorkflowAnalyticsEngine.get_workflow_performance_metrics": {"executed_lines": [465, 468, 469, 470, 471, 473, 474, 477, 484, 486, 488, 495, 498, 499, 500, 502, 503, 505, 506, 507, 510, 511, 512, 513, 514, 517, 520, 521, 522, 525, 531, 537, 538, 539, 542, 549, 552, 573, 575, 581], "summary": {"covered_lines": 40, "num_statements": 44, "percent_covered": 88.46153846153847, "percent_covered_display": "88.46", "missing_lines": 4, "excluded_lines": 0, "percent_statements_covered": 90.9090909090909, "percent_statements_covered_display": "90.91", "num_branches": 8, "num_partial_branches": 2, "covered_branches": 6, "missing_branches": 2, "percent_branches_covered": 75.0, "percent_branches_covered_display": "75.00"}, "missing_lines": [523, 577, 578, 579], "excluded_lines": [], "start_line": 463, "executed_branches": [[468, 469], [468, 473], [470, 471], [499, 500], [499, 502], [522, 525]], "missing_branches": [[470, 473], [522, 523]]}, "WorkflowAnalyticsEngine.get_system_overview": {"executed_lines": [585, 586, 588, 590, 592, 594, 597, 601, 604, 612, 613, 614, 615, 616, 619, 624, 627, 636, 642, 650, 659, 674], "summary": {"covered_lines": 22, "num_statements": 25, "percent_covered": 88.0, "percent_covered_display": "88.00", "missing_lines": 3, "excluded_lines": 0, "percent_statements_covered": 88.0, "percent_statements_covered_display": "88.00", "num_branches": 0, "num_partial_branches": 0, "covered_branches": 0, "missing_branches": 0, "percent_branches_covered": 100.0, "percent_branches_covered_display": "100.00"}, "missing_lines": [670, 671, 672], "excluded_lines": [], "start_line": 583, "executed_branches": [], "missing_branches": []}, "WorkflowAnalyticsEngine.create_alert": {"executed_lines": [1431, 1432, 1434, 1435, 1447, 1448, 1450, 1451, 1458], "summary": {"covered_lines": 9, "num_statements": 13, "percent_covered": 69.23076923076923, "percent_covered_display": "69.23", "missing_lines": 4, "excluded_lines": 0, "percent_statements_covered": 69.23076923076923, "percent_statements_covered_display": "69.23", "num_branches": 0, "num_partial_branches": 0, "covered_branches": 0, "missing_branches": 0, "percent_branches_covered": 100.0, "percent_branches_covered_display": "100.00"}, "missing_lines": [1453, 1454, 1455, 1456], "excluded_lines": [], "start_line": 1429, "executed_branches": [], "missing_branches": []}, "WorkflowAnalyticsEngine.check_alerts": {"executed_lines": [721, 722, 724, 726, 727, 729, 759], "summary": {"covered_lines": 7, "num_statements": 20, "percent_covered": 30.76923076923077, "percent_covered_display": "30.77", "missing_lines": 13, "excluded_lines": 0, "percent_statements_covered": 35.0, "percent_statements_covered_display": "35.00", "num_branches": 6, "num_partial_branches": 1, "covered_branches": 1, "missing_branches": 5, "percent_branches_covered": 16.666666666666668, "percent_branches_covered_display": "16.67"}, "missing_lines": [730, 732, 734, 740, 741, 742, 746, 748, 751, 753, 754, 756, 757], "excluded_lines": [], "start_line": 719, "executed_branches": [[729, 759]], "missing_branches": [[729, 730], [741, 729], [741, 742], [746, 748], [746, 751]]}, "WorkflowAnalyticsEngine._trigger_alert": {"executed_lines": [763, 766, 767, 768, 771, 772, 773, 777, 778, 781, 783], "summary": {"covered_lines": 11, "num_statements": 12, "percent_covered": 81.25, "percent_covered_display": "81.25", "missing_lines": 1, "excluded_lines": 0, "percent_statements_covered": 91.66666666666667, "percent_statements_covered_display": "91.67", "num_branches": 4, "num_partial_branches": 2, "covered_branches": 2, "missing_branches": 2, "percent_branches_covered": 50.0, "percent_branches_covered_display": "50.00"}, "missing_lines": [764], "excluded_lines": [], "start_line": 761, "executed_branches": [[763, 766], [767, 768]], "missing_branches": [[763, 764], [767, -761]]}, "WorkflowAnalyticsEngine._resolve_alert": {"executed_lines": [787, 790, 791, 792, 795, 796, 797, 801, 802, 804], "summary": {"covered_lines": 10, "num_statements": 11, "percent_covered": 80.0, "percent_covered_display": "80.00", "missing_lines": 1, "excluded_lines": 0, "percent_statements_covered": 90.9090909090909, "percent_statements_covered_display": "90.91", "num_branches": 4, "num_partial_branches": 2, "covered_branches": 2, "missing_branches": 2, "percent_branches_covered": 50.0, "percent_branches_covered_display": "50.00"}, "missing_lines": [788], "excluded_lines": [], "start_line": 785, "executed_branches": [[787, 790], [791, 792]], "missing_branches": [[787, 788], [791, -785]]}, "WorkflowAnalyticsEngine._send_alert_notification": {"executed_lines": [810], "summary": {"covered_lines": 1, "num_statements": 1, "percent_covered": 100.0, "percent_covered_display": "100.00", "missing_lines": 0, "excluded_lines": 0, "percent_statements_covered": 100.0, "percent_statements_covered_display": "100.00", "num_branches": 0, "num_partial_branches": 0, "covered_branches": 0, "missing_branches": 0, "percent_branches_covered": 100.0, "percent_branches_covered_display": "100.00"}, "missing_lines": [], "excluded_lines": [], "start_line": 806, "executed_branches": [], "missing_branches": []}, "WorkflowAnalyticsEngine._start_background_processing": {"executed_lines": [], "summary": {"covered_lines": 0, "num_statements": 9, "percent_covered": 0.0, "percent_covered_display": "0.00", "missing_lines": 9, "excluded_lines": 0, "percent_statements_covered": 0.0, "percent_statements_covered_display": "0.00", "num_branches": 2, "num_partial_branches": 0, "covered_branches": 0, "missing_branches": 2, "percent_branches_covered": 0.0, "percent_branches_covered_display": "0.00"}, "missing_lines": [814, 815, 817, 845, 846, 847, 850, 851, 852], "excluded_lines": [], "start_line": 812, "executed_branches": [], "missing_branches": [[814, 815], [814, 817]]}, "WorkflowAnalyticsEngine._start_background_processing.background_task": {"executed_lines": [], "summary": {"covered_lines": 0, "num_statements": 15, "percent_covered": 0.0, "percent_covered_display": "0.00", "missing_lines": 15, "excluded_lines": 0, "percent_statements_covered": 0.0, "percent_statements_covered_display": "0.00", "num_branches": 4, "num_partial_branches": 0, "covered_branches": 0, "missing_branches": 4, "percent_branches_covered": 0.0, "percent_branches_covered_display": "0.00"}, "missing_lines": [818, 819, 821, 822, 823, 824, 827, 828, 829, 830, 833, 836, 838, 839, 842], "excluded_lines": [], "start_line": 817, "executed_branches": [], "missing_branches": [[821, 822], [821, 827], [827, 828], [827, 833]]}, "WorkflowAnalyticsEngine._process_metrics_batch": {"executed_lines": [856, 857, 859, 860, 861, 877, 883], "summary": {"covered_lines": 7, "num_statements": 10, "percent_covered": 75.0, "percent_covered_display": "75.00", "missing_lines": 3, "excluded_lines": 0, "percent_statements_covered": 70.0, "percent_statements_covered_display": "70.00", "num_branches": 2, "num_partial_branches": 0, "covered_branches": 2, "missing_branches": 0, "percent_branches_covered": 100.0, "percent_branches_covered_display": "100.00"}, "missing_lines": [879, 880, 881], "excluded_lines": [], "start_line": 854, "executed_branches": [[860, 861], [860, 877]], "missing_branches": []}, "WorkflowAnalyticsEngine._process_events_batch": {"executed_lines": [887, 888, 890, 891, 892, 913, 919], "summary": {"covered_lines": 7, "num_statements": 10, "percent_covered": 75.0, "percent_covered_display": "75.00", "missing_lines": 3, "excluded_lines": 0, "percent_statements_covered": 70.0, "percent_statements_covered_display": "70.00", "num_branches": 2, "num_partial_branches": 0, "covered_branches": 2, "missing_branches": 0, "percent_branches_covered": 100.0, "percent_branches_covered_display": "100.00"}, "missing_lines": [915, 916, 917], "excluded_lines": [], "start_line": 885, "executed_branches": [[891, 892], [891, 913]], "missing_branches": []}, "WorkflowAnalyticsEngine._cleanup_old_data": {"executed_lines": [924, 926, 927, 929, 930, 931, 932, 938], "summary": {"covered_lines": 8, "num_statements": 11, "percent_covered": 72.72727272727273, "percent_covered_display": "72.73", "missing_lines": 3, "excluded_lines": 0, "percent_statements_covered": 72.72727272727273, "percent_statements_covered_display": "72.73", "num_branches": 0, "num_partial_branches": 0, "covered_branches": 0, "missing_branches": 0, "percent_branches_covered": 100.0, "percent_branches_covered_display": "100.00"}, "missing_lines": [934, 935, 936], "excluded_lines": [], "start_line": 921, "executed_branches": [], "missing_branches": []}, "WorkflowAnalyticsEngine.flush": {"executed_lines": [943, 944, 945, 946, 948, 949, 950, 951], "summary": {"covered_lines": 8, "num_statements": 8, "percent_covered": 100.0, "percent_covered_display": "100.00", "missing_lines": 0, "excluded_lines": 0, "percent_statements_covered": 100.0, "percent_statements_covered_display": "100.00", "num_branches": 4, "num_partial_branches": 0, "covered_branches": 4, "missing_branches": 0, "percent_branches_covered": 100.0, "percent_branches_covered_display": "100.00"}, "missing_lines": [], "excluded_lines": [], "start_line": 941, "executed_branches": [[943, 944], [943, 948], [948, -941], [948, 949]], "missing_branches": []}, "WorkflowAnalyticsEngine.get_performance_metrics": {"executed_lines": [960, 962], "summary": {"covered_lines": 2, "num_statements": 3, "percent_covered": 60.0, "percent_covered_display": "60.00", "missing_lines": 1, "excluded_lines": 0, "percent_statements_covered": 66.66666666666667, "percent_statements_covered_display": "66.67", "num_branches": 2, "num_partial_branches": 1, "covered_branches": 1, "missing_branches": 1, "percent_branches_covered": 50.0, "percent_branches_covered_display": "50.00"}, "missing_lines": [963], "excluded_lines": [], "start_line": 955, "executed_branches": [[960, 962]], "missing_branches": [[960, 963]]}, "WorkflowAnalyticsEngine._get_all_workflows_metrics": {"executed_lines": [967, 968, 970, 976, 977, 979, 981, 988, 991, 992, 993, 995, 996, 998, 999, 1000, 1003, 1004, 1005, 1006, 1007, 1010, 1013, 1016, 1017, 1018, 1021, 1026, 1050], "summary": {"covered_lines": 29, "num_statements": 33, "percent_covered": 86.48648648648648, "percent_covered_display": "86.49", "missing_lines": 4, "excluded_lines": 0, "percent_statements_covered": 87.87878787878788, "percent_statements_covered_display": "87.88", "num_branches": 4, "num_partial_branches": 1, "covered_branches": 3, "missing_branches": 1, "percent_branches_covered": 75.0, "percent_branches_covered_display": "75.00"}, "missing_lines": [1019, 1046, 1047, 1048], "excluded_lines": [], "start_line": 965, "executed_branches": [[992, 993], [992, 995], [1018, 1021]], "missing_branches": [[1018, 1019]]}, "WorkflowAnalyticsEngine.get_unique_workflow_count": {"executed_lines": [1054, 1055, 1057, 1063, 1064, 1066, 1067, 1072, 1073, 1075], "summary": {"covered_lines": 10, "num_statements": 10, "percent_covered": 100.0, "percent_covered_display": "100.00", "missing_lines": 0, "excluded_lines": 0, "percent_statements_covered": 100.0, "percent_statements_covered_display": "100.00", "num_branches": 0, "num_partial_branches": 0, "covered_branches": 0, "missing_branches": 0, "percent_branches_covered": 100.0, "percent_branches_covered_display": "100.00"}, "missing_lines": [], "excluded_lines": [], "start_line": 1052, "executed_branches": [], "missing_branches": []}, "WorkflowAnalyticsEngine.get_workflow_name": {"executed_lines": [1082, 1083, 1085, 1089, 1091], "summary": {"covered_lines": 5, "num_statements": 5, "percent_covered": 100.0, "percent_covered_display": "100.00", "missing_lines": 0, "excluded_lines": 0, "percent_statements_covered": 100.0, "percent_statements_covered_display": "100.00", "num_branches": 0, "num_partial_branches": 0, "covered_branches": 0, "missing_branches": 0, "percent_branches_covered": 100.0, "percent_branches_covered_display": "100.00"}, "missing_lines": [], "excluded_lines": [], "start_line": 1077, "executed_branches": [], "missing_branches": []}, "WorkflowAnalyticsEngine.get_all_workflow_ids": {"executed_lines": [1095, 1096, 1098, 1104, 1105, 1107, 1108, 1115, 1116, 1118], "summary": {"covered_lines": 10, "num_statements": 10, "percent_covered": 100.0, "percent_covered_display": "100.00", "missing_lines": 0, "excluded_lines": 0, "percent_statements_covered": 100.0, "percent_statements_covered_display": "100.00", "num_branches": 0, "num_partial_branches": 0, "covered_branches": 0, "missing_branches": 0, "percent_branches_covered": 100.0, "percent_branches_covered_display": "100.00"}, "missing_lines": [], "excluded_lines": [], "start_line": 1093, "executed_branches": [], "missing_branches": []}, "WorkflowAnalyticsEngine.get_last_execution_time": {"executed_lines": [1122, 1123, 1125, 1126, 1132, 1133, 1134, 1137], "summary": {"covered_lines": 8, "num_statements": 9, "percent_covered": 81.81818181818181, "percent_covered_display": "81.82", "missing_lines": 1, "excluded_lines": 0, "percent_statements_covered": 88.88888888888889, "percent_statements_covered_display": "88.89", "num_branches": 2, "num_partial_branches": 1, "covered_branches": 1, "missing_branches": 1, "percent_branches_covered": 50.0, "percent_branches_covered_display": "50.00"}, "missing_lines": [1135], "excluded_lines": [], "start_line": 1120, "executed_branches": [[1133, 1134]], "missing_branches": [[1133, 1135]]}, "WorkflowAnalyticsEngine.get_execution_timeline": {"executed_lines": [1144, 1145, 1147, 1153, 1154, 1157, 1158, 1166, 1173, 1176, 1182, 1185, 1186, 1187, 1189, 1190, 1193, 1199, 1200, 1201, 1204, 1205, 1207, 1215, 1217, 1223], "summary": {"covered_lines": 26, "num_statements": 30, "percent_covered": 85.29411764705883, "percent_covered_display": "85.29", "missing_lines": 4, "excluded_lines": 0, "percent_statements_covered": 86.66666666666667, "percent_statements_covered_display": "86.67", "num_branches": 4, "num_partial_branches": 1, "covered_branches": 3, "missing_branches": 1, "percent_branches_covered": 75.0, "percent_branches_covered_display": "75.00"}, "missing_lines": [1159, 1219, 1220, 1221], "excluded_lines": [], "start_line": 1139, "executed_branches": [[1158, 1166], [1189, 1190], [1189, 1217]], "missing_branches": [[1158, 1159]]}, "WorkflowAnalyticsEngine.get_error_breakdown": {"executed_lines": [1230, 1231, 1233, 1239, 1240, 1242, 1243, 1290, 1298, 1301, 1302, 1303, 1304, 1305, 1306, 1312, 1322], "summary": {"covered_lines": 17, "num_statements": 29, "percent_covered": 57.142857142857146, "percent_covered_display": "57.14", "missing_lines": 12, "excluded_lines": 0, "percent_statements_covered": 58.62068965517241, "percent_statements_covered_display": "58.62", "num_branches": 6, "num_partial_branches": 1, "covered_branches": 3, "missing_branches": 3, "percent_branches_covered": 50.0, "percent_branches_covered_display": "50.00"}, "missing_lines": [1245, 1254, 1260, 1268, 1278, 1279, 1280, 1281, 1283, 1318, 1319, 1320], "excluded_lines": [], "start_line": 1225, "executed_branches": [[1243, 1290], [1303, 1304], [1303, 1312]], "missing_branches": [[1243, 1245], [1279, 1280], [1279, 1283]]}, "WorkflowAnalyticsEngine.get_all_alerts": {"executed_lines": [1328, 1329, 1331, 1332, 1333, 1335, 1336, 1337, 1339, 1340, 1342, 1343, 1345, 1346, 1347, 1363, 1365, 1371], "summary": {"covered_lines": 18, "num_statements": 21, "percent_covered": 88.88888888888889, "percent_covered_display": "88.89", "missing_lines": 3, "excluded_lines": 0, "percent_statements_covered": 85.71428571428571, "percent_statements_covered_display": "85.71", "num_branches": 6, "num_partial_branches": 0, "covered_branches": 6, "missing_branches": 0, "percent_branches_covered": 100.0, "percent_branches_covered_display": "100.00"}, "missing_lines": [1367, 1368, 1369], "excluded_lines": [], "start_line": 1324, "executed_branches": [[1335, 1336], [1335, 1339], [1339, 1340], [1339, 1342], [1346, 1347], [1346, 1365]], "missing_branches": []}, "WorkflowAnalyticsEngine.get_recent_events": {"executed_lines": [1377, 1378, 1380, 1381, 1391, 1399, 1401, 1402, 1403, 1418, 1420, 1426], "summary": {"covered_lines": 12, "num_statements": 16, "percent_covered": 75.0, "percent_covered_display": "75.00", "missing_lines": 4, "excluded_lines": 0, "percent_statements_covered": 75.0, "percent_statements_covered_display": "75.00", "num_branches": 4, "num_partial_branches": 1, "covered_branches": 3, "missing_branches": 1, "percent_branches_covered": 75.0, "percent_branches_covered_display": "75.00"}, "missing_lines": [1382, 1422, 1423, 1424], "excluded_lines": [], "start_line": 1373, "executed_branches": [[1381, 1391], [1402, 1403], [1402, 1420]], "missing_branches": [[1381, 1382]]}, "WorkflowAnalyticsEngine.update_alert": {"executed_lines": [1462, 1463, 1465, 1466, 1467, 1469, 1470, 1471, 1473, 1474, 1475, 1477, 1478, 1479, 1480, 1483, 1484, 1485, 1486, 1487, 1488, 1495], "summary": {"covered_lines": 22, "num_statements": 26, "percent_covered": 73.6842105263158, "percent_covered_display": "73.68", "missing_lines": 4, "excluded_lines": 0, "percent_statements_covered": 84.61538461538461, "percent_statements_covered_display": "84.62", "num_branches": 12, "num_partial_branches": 6, "covered_branches": 6, "missing_branches": 6, "percent_branches_covered": 50.0, "percent_branches_covered_display": "50.00"}, "missing_lines": [1490, 1491, 1492, 1493], "excluded_lines": [], "start_line": 1460, "executed_branches": [[1469, 1470], [1473, 1474], [1477, 1478], [1483, 1484], [1485, 1486], [1487, 1488]], "missing_branches": [[1469, 1473], [1473, 1477], [1477, 1495], [1483, 1495], [1485, 1487], [1487, 1495]]}, "WorkflowAnalyticsEngine.delete_alert": {"executed_lines": [1499, 1500, 1502, 1503, 1504, 1506, 1507, 1509, 1516], "summary": {"covered_lines": 9, "num_statements": 13, "percent_covered": 66.66666666666667, "percent_covered_display": "66.67", "missing_lines": 4, "excluded_lines": 0, "percent_statements_covered": 69.23076923076923, "percent_statements_covered_display": "69.23", "num_branches": 2, "num_partial_branches": 1, "covered_branches": 1, "missing_branches": 1, "percent_branches_covered": 50.0, "percent_branches_covered_display": "50.00"}, "missing_lines": [1511, 1512, 1513, 1514], "excluded_lines": [], "start_line": 1497, "executed_branches": [[1506, 1507]], "missing_branches": [[1506, 1509]]}, "get_analytics_engine": {"executed_lines": [1524, 1525, 1526], "summary": {"covered_lines": 3, "num_statements": 3, "percent_covered": 80.0, "percent_covered_display": "80.00", "missing_lines": 0, "excluded_lines": 0, "percent_statements_covered": 100.0, "percent_statements_covered_display": "100.00", "num_branches": 2, "num_partial_branches": 1, "covered_branches": 1, "missing_branches": 1, "percent_branches_covered": 50.0, "percent_branches_covered_display": "50.00"}, "missing_lines": [], "excluded_lines": [], "start_line": 1522, "executed_branches": [[1524, 1525]], "missing_branches": [[1524, 1526]]}, "": {"executed_lines": [6, 7, 8, 9, 10, 11, 12, 13, 14, 15, 16, 17, 19, 21, 22, 23, 24, 25, 27, 28, 29, 30, 31, 33, 34, 35, 36, 37, 38, 39, 41, 42, 49, 50, 51, 52, 54, 55, 62, 63, 64, 65, 66, 67, 68, 69, 71, 72, 101, 102, 111, 112, 113, 114, 115, 116, 117, 119, 122, 151, 235, 262, 307, 342, 375, 432, 446, 463, 583, 676, 719, 761, 785, 806, 812, 854, 885, 921, 941, 955, 965, 1052, 1077, 1093, 1120, 1139, 1225, 1324, 1373, 1429, 1460, 1497, 1520, 1522], "summary": {"covered_lines": 94, "num_statements": 94, "percent_covered": 100.0, "percent_covered_display": "100.00", "missing_lines": 0, "excluded_lines": 0, "percent_statements_covered": 100.0, "percent_statements_covered_display": "100.00", "num_branches": 0, "num_partial_branches": 0, "covered_branches": 0, "missing_branches": 0, "percent_branches_covered": 100.0, "percent_branches_covered_display": "100.00"}, "missing_lines": [], "excluded_lines": [], "start_line": 1, "executed_branches": [], "missing_branches": []}}, "classes": {"MetricType": {"executed_lines": [], "summary": {"covered_lines": 0, "num_statements": 0, "percent_covered": 100.0, "percent_covered_display": "100.00", "missing_lines": 0, "excluded_lines": 0, "percent_statements_covered": 100.0, "percent_statements_covered_display": "100.00", "num_branches": 0, "num_partial_branches": 0, "covered_branches": 0, "missing_branches": 0, "percent_branches_covered": 100.0, "percent_branches_covered_display": "100.00"}, "missing_lines": [], "excluded_lines": [], "start_line": 21, "executed_branches": [], "missing_branches": []}, "AlertSeverity": {"executed_lines": [], "summary": {"covered_lines": 0, "num_statements": 0, "percent_covered": 100.0, "percent_covered_display": "100.00", "missing_lines": 0, "excluded_lines": 0, "percent_statements_covered": 100.0, "percent_statements_covered_display": "100.00", "num_branches": 0, "num_partial_branches": 0, "covered_branches": 0, "missing_branches": 0, "percent_branches_covered": 100.0, "percent_branches_covered_display": "100.00"}, "missing_lines": [], "excluded_lines": [], "start_line": 27, "executed_branches": [], "missing_branches": []}, "WorkflowStatus": {"executed_lines": [], "summary": {"covered_lines": 0, "num_statements": 0, "percent_covered": 100.0, "percent_covered_display": "100.00", "missing_lines": 0, "excluded_lines": 0, "percent_statements_covered": 100.0, "percent_statements_covered_display": "100.00", "num_branches": 0, "num_partial_branches": 0, "covered_branches": 0, "missing_branches": 0, "percent_branches_covered": 100.0, "percent_branches_covered_display": "100.00"}, "missing_lines": [], "excluded_lines": [], "start_line": 33, "executed_branches": [], "missing_branches": []}, "WorkflowMetric": {"executed_lines": [], "summary": {"covered_lines": 0, "num_statements": 0, "percent_covered": 100.0, "percent_covered_display": "100.00", "missing_lines": 0, "excluded_lines": 0, "percent_statements_covered": 100.0, "percent_statements_covered_display": "100.00", "num_branches": 0, "num_partial_branches": 0, "covered_branches": 0, "missing_branches": 0, "percent_branches_covered": 100.0, "percent_branches_covered_display": "100.00"}, "missing_lines": [], "excluded_lines": [], "start_line": 42, "executed_branches": [], "missing_branches": []}, "WorkflowExecutionEvent": {"executed_lines": [], "summary": {"covered_lines": 0, "num_statements": 0, "percent_covered": 100.0, "percent_covered_display": "100.00", "missing_lines": 0, "excluded_lines": 0, "percent_statements_covered": 100.0, "percent_statements_covered_display": "100.00", "num_branches": 0, "num_partial_branches": 0, "covered_branches": 0, "missing_branches": 0, "percent_branches_covered": 100.0, "percent_branches_covered_display": "100.00"}, "missing_lines": [], "excluded_lines": [], "start_line": 55, "executed_branches": [], "missing_branches": []}, "PerformanceMetrics": {"executed_lines": [], "summary": {"covered_lines": 0, "num_statements": 0, "percent_covered": 100.0, "percent_covered_display": "100.00", "missing_lines": 0, "excluded_lines": 0, "percent_statements_covered": 100.0, "percent_statements_covered_display": "100.00", "num_branches": 0, "num_partial_branches": 0, "covered_branches": 0, "missing_branches": 0, "percent_branches_covered": 100.0, "percent_branches_covered_display": "100.00"}, "missing_lines": [], "excluded_lines": [], "start_line": 72, "executed_branches": [], "missing_branches": []}, "Alert": {"executed_lines": [], "summary": {"covered_lines": 0, "num_statements": 0, "percent_covered": 100.0, "percent_covered_display": "100.00", "missing_lines": 0, "excluded_lines": 0, "percent_statements_covered": 100.0, "percent_statements_covered_display": "100.00", "num_branches": 0, "num_partial_branches": 0, "covered_branches": 0, "missing_branches": 0, "percent_branches_covered": 100.0, "percent_branches_covered_display": "100.00"}, "missing_lines": [], "excluded_lines": [], "start_line": 102, "executed_branches": [], "missing_branches": []}, "WorkflowAnalyticsEngine": {"executed_lines": [123, 124, 127, 130, 131, 134, 135, 138, 141, 142, 143, 146, 149, 153, 154, 157, 174, 195, 215, 216, 217, 218, 220, 221, 222, 223, 226, 227, 228, 229, 230, 232, 233, 238, 248, 251, 260, 268, 281, 284, 293, 296, 305, 312, 327, 330, 331, 340, 346, 363, 366, 380, 383, 392, 395, 404, 407, 408, 417, 420, 421, 430, 435, 444, 450, 461, 465, 468, 469, 470, 471, 473, 474, 477, 484, 486, 488, 495, 498, 499, 500, 502, 503, 505, 506, 507, 510, 511, 512, 513, 514, 517, 520, 521, 522, 525, 531, 537, 538, 539, 542, 549, 552, 573, 575, 581, 585, 586, 588, 590, 592, 594, 597, 601, 604, 612, 613, 614, 615, 616, 619, 624, 627, 636, 642, 650, 659, 674, 721, 722, 724, 726, 727, 729, 759, 763, 766, 767, 768, 771, 772, 773, 777, 778, 781, 783, 787, 790, 791, 792, 795, 796, 797, 801, 802, 804, 810, 856, 857, 859, 860, 861, 877, 883, 887, 888, 890, 891, 892, 913, 919, 924, 926, 927, 929, 930, 931, 932, 938, 943, 944, 945, 946, 948, 949, 950, 951, 960, 962, 967, 968, 970, 976, 977, 979, 981, 988, 991, 992, 993, 995, 996, 998, 999, 1000, 1003, 1004, 1005, 1006, 1007, 1010, 1013, 1016, 1017, 1018, 1021, 1026, 1050, 1054, 1055, 1057, 1063, 1064, 1066, 1067, 1072, 1073, 1075, 1082, 1083, 1085, 1089, 1091, 1095, 1096, 1098, 1104, 1105, 1107, 1108, 1115, 1116, 1118, 1122, 1123, 1125, 1126, 1132, 1133, 1134, 1137, 1144, 1145, 1147, 1153, 1154, 1157, 1158, 1166, 1173, 1176, 1182, 1185, 1186, 1187, 1189, 1190, 1193, 1199, 1200, 1201, 1204, 1205, 1207, 1215, 1217, 1223, 1230, 1231, 1233, 1239, 1240, 1242, 1243, 1290, 1298, 1301, 1302, 1303, 1304, 1305, 1306, 1312, 1322, 1328, 1329, 1331, 1332, 1333, 1335, 1336, 1337, 1339, 1340, 1342, 1343, 1345, 1346, 1347, 1363, 1365, 1371, 1377, 1378, 1380, 1381, 1391, 1399, 1401, 1402, 1403, 1418, 1420, 1426, 1431, 1432, 1434, 1435, 1447, 1448, 1450, 1451, 1458, 1462, 1463, 1465, 1466, 1467, 1469, 1470, 1471, 1473, 1474, 1475, 1477, 1478, 1479, 1480, 1483, 1484, 1485, 1486, 1487, 1488, 1495, 1499, 1500, 1502, 1503, 1504, 1506, 1507, 1509, 1516], "summary": {"covered_lines": 364, "num_statements": 470, "percent_covered": 74.46043165467626, "percent_covered_display": "74.46", "missing_lines": 106, "excluded_lines": 0, "percent_statements_covered": 77.44680851063829, "percent_statements_covered_display": "77.45", "num_branches": 86, "num_partial_branches": 24, "covered_branches": 50, "missing_branches": 36, "percent_branches_covered": 58.13953488372093, "percent_branches_covered_display": "58.14"}, "missing_lines": [147, 523, 577, 578, 579, 670, 671, 672, 682, 697, 698, 700, 711, 712, 714, 716, 717, 730, 732, 734, 740, 741, 742, 746, 748, 751, 753, 754, 756, 757, 764, 788, 814, 815, 817, 818, 819, 821, 822, 823, 824, 827, 828, 829, 830, 833, 836, 838, 839, 842, 845, 846, 847, 850, 851, 852, 879, 880, 881, 915, 916, 917, 934, 935, 936, 963, 1019, 1046, 1047, 1048, 1135, 1159, 1219, 1220, 1221, 1245, 1254, 1260, 1268, 1278, 1279, 1280, 1281, 1283, 1318, 1319, 1320, 1367, 1368, 1369, 1382, 1422, 1423, 1424, 1453, 1454, 1455, 1456, 1490, 1491, 1492, 1493, 1511, 1512, 1513, 1514], "excluded_lines": [], "start_line": 119, "executed_branches": [[146, 149], [330, 331], [407, 408], [420, 421], [468, 469], [468, 473], [470, 471], [499, 500], [499, 502], [522, 525], [729, 759], [763, 766], [767, 768], [787, 790], [791, 792], [860, 861], [860, 877], [891, 892], [891, 913], [943, 944], [943, 948], [948, -941], [948, 949], [960, 962], [992, 993], [992, 995], [1018, 1021], [1133, 1134], [1158, 1166], [1189, 1190], [1189, 1217], [1243, 1290], [1303, 1304], [1303, 1312], [1335, 1336], [1335, 1339], [1339, 1340], [1339, 1342], [1346, 1347], [1346, 1365], [1381, 1391], [1402, 1403], [1402, 1420], [1469, 1470], [1473, 1474], [1477, 1478], [1483, 1484], [1485, 1486], [1487, 1488], [1506, 1507]], "missing_branches": [[146, 147], [330, -307], [407, 420], [420, -375], [470, 473], [522, 523], [729, 730], [741, 729], [741, 742], [746, 748], [746, 751], [763, 764], [767, -761], [787, 788], [791, -785], [814, 815], [814, 817], [821, 822], [821, 827], [827, 828], [827, 833], [960, 963], [1018, 1019], [1133, 1135], [1158, 1159], [1243, 1245], [1279, 1280], [1279, 1283], [1381, 1382], [1469, 1473], [1473, 1477], [1477, 1495], [1483, 1495], [1485, 1487], [1487, 1495], [1506, 1509]]}, "": {"executed_lines": [6, 7, 8, 9, 10, 11, 12, 13, 14, 15, 16, 17, 19, 21, 22, 23, 24, 25, 27, 28, 29, 30, 31, 33, 34, 35, 36, 37, 38, 39, 41, 42, 49, 50, 51, 52, 54, 55, 62, 63, 64, 65, 66, 67, 68, 69, 71, 72, 101, 102, 111, 112, 113, 114, 115, 116, 117, 119, 122, 151, 235, 262, 307, 342, 375, 432, 446, 463, 583, 676, 719, 761, 785, 806, 812, 854, 885, 921, 941, 955, 965, 1052, 1077, 1093, 1120, 1139, 1225, 1324, 1373, 1429, 1460, 1497, 1520, 1522, 1524, 1525, 1526], "summary": {"covered_lines": 97, "num_statements": 97, "percent_covered": 98.98989898989899, "percent_covered_display": "98.99", "missing_lines": 0, "excluded_lines": 0, "percent_statements_covered": 100.0, "percent_statements_covered_display": "100.00", "num_branches": 2, "num_partial_branches": 1, "covered_branches": 1, "missing_branches": 1, "percent_branches_covered": 50.0, "percent_branches_covered_display": "50.00"}, "missing_lines": [], "excluded_lines": [], "start_line": 1, "executed_branches": [[1524, 1525]], "missing_branches": [[1524, 1526]]}}}, "core/workflow_debugger.py": {"executed_lines": [17, 18, 19, 20, 21, 22, 23, 24, 25, 26, 28, 29, 36, 38, 41, 54, 55, 56, 60, 71, 72, 80, 81, 82, 84, 85, 87, 88, 89, 90, 92, 94, 98, 102, 114, 116, 117, 118, 119, 121, 122, 123, 125, 126, 133, 135, 136, 137, 140, 141, 142, 144, 145, 152, 154, 155, 156, 159, 160, 161, 162, 164, 165, 174, 187, 188, 210, 211, 212, 213, 215, 217, 218, 225, 226, 228, 229, 231, 232, 239, 241, 242, 249, 250, 252, 253, 254, 256, 257, 264, 268, 272, 275, 278, 280, 288, 290, 330, 331, 332, 334, 340, 341, 342, 343, 344, 348, 350, 351, 352, 355, 356, 357, 359, 365, 371, 372, 376, 377, 402, 408, 409, 412, 414, 415, 416, 419, 420, 421, 422, 423, 424, 426, 428, 437, 439, 440, 443, 444, 445, 447, 453, 455, 456, 459, 460, 461, 463, 471, 485, 486, 502, 508, 509, 510, 511, 513, 521, 522, 526, 527, 529, 530, 531, 532, 533, 536, 537, 538, 541, 542, 545, 547, 549, 556, 563, 572, 576, 578, 579, 581, 582, 588, 589, 596, 597, 598, 605, 609, 621, 623, 625, 643, 644, 645, 646, 648, 650, 654, 656, 663, 665, 666, 668, 670, 671, 673, 674, 676, 677, 686, 699, 700, 701, 702, 705, 706, 709, 723, 735, 736, 737, 738, 740, 757, 758, 759, 760, 761, 762, 763, 764, 765, 769, 775, 776, 777, 778, 781, 782, 784, 836, 837, 843, 860, 861, 862, 863, 866, 876, 877, 878, 879, 882, 883, 896, 897, 906, 912, 913, 914, 915, 918, 925, 926, 928, 929, 936, 948, 949, 950, 953, 954, 962, 963, 971, 972, 973, 974, 975, 976, 979, 981, 982, 984, 990, 996, 997, 998, 1001, 1004, 1011, 1020, 1031, 1039, 1053, 1054, 1055, 1058, 1060, 1065, 1066, 1067, 1069, 1070, 1077, 1079, 1080, 1081, 1084, 1086, 1087, 1088, 1089, 1090, 1092, 1093, 1102, 1113, 1114, 1115, 1119, 1120, 1122, 1123, 1125, 1128, 1129, 1130, 1132, 1138, 1140, 1141, 1142, 1145, 1147, 1162, 1172, 1174, 1175, 1177, 1194, 1195, 1197, 1202, 1203, 1206, 1207, 1213, 1215, 1216, 1218, 1224, 1225, 1233, 1243, 1245, 1246, 1254, 1256, 1261, 1278, 1279, 1280, 1282, 1284, 1300, 1301, 1302, 1306, 1308, 1324, 1325, 1326, 1330, 1332, 1346, 1347, 1348, 1350, 1352, 1359, 1360, 1361, 1363, 1365, 1381, 1382, 1383, 1387], "summary": {"covered_lines": 390, "num_statements": 527, "percent_covered": 71.13884555382215, "percent_covered_display": "71.14", "missing_lines": 137, "excluded_lines": 0, "percent_statements_covered": 74.00379506641366, "percent_statements_covered_display": "74.00", "num_branches": 114, "num_partial_branches": 26, "covered_branches": 66, "missing_branches": 48, "percent_branches_covered": 57.89473684210526, "percent_branches_covered_display": "57.89"}, "missing_lines": [109, 110, 112, 128, 129, 130, 131, 138, 147, 148, 149, 150, 157, 167, 168, 169, 170, 203, 204, 205, 207, 208, 234, 235, 236, 237, 259, 260, 261, 262, 273, 276, 298, 299, 306, 308, 310, 311, 314, 315, 316, 319, 320, 323, 324, 326, 328, 373, 382, 383, 386, 387, 388, 389, 390, 392, 394, 410, 441, 457, 503, 504, 506, 551, 552, 553, 554, 567, 568, 570, 637, 638, 639, 641, 679, 680, 682, 726, 727, 728, 729, 730, 732, 733, 839, 840, 841, 884, 899, 900, 901, 902, 931, 932, 933, 934, 951, 986, 987, 988, 999, 1033, 1034, 1035, 1056, 1072, 1073, 1074, 1075, 1082, 1095, 1097, 1098, 1099, 1100, 1116, 1126, 1134, 1135, 1136, 1143, 1156, 1157, 1158, 1209, 1210, 1211, 1227, 1228, 1229, 1247, 1249, 1250, 1253, 1257, 1258, 1259], "excluded_lines": [], "executed_branches": [[118, 119], [118, 121], [137, 140], [156, 159], [225, 226], [225, 228], [249, 250], [249, 252], [272, 275], [275, 278], [351, 352], [351, 355], [372, 376], [409, 412], [414, 415], [414, 419], [440, 443], [456, 459], [526, 527], [526, 529], [536, 537], [541, 542], [541, 547], [578, 579], [578, 596], [581, 582], [581, 588], [588, 589], [596, 597], [596, 605], [597, 596], [597, 598], [665, 666], [665, 668], [670, 671], [670, 673], [673, 674], [673, 676], [676, 677], [701, 702], [701, 705], [758, 759], [758, 765], [761, 762], [763, 764], [777, 778], [777, 781], [876, 877], [882, 883], [883, 896], [914, 915], [914, 918], [950, 953], [962, 963], [998, 1001], [1055, 1058], [1081, 1084], [1086, 1087], [1115, 1119], [1119, 1120], [1119, 1122], [1125, 1128], [1142, 1145], [1195, 1197], [1195, 1206], [1216, 1218]], "missing_branches": [[109, 110], [109, 112], [137, 138], [156, 157], [272, 273], [275, 276], [298, 299], [298, 306], [308, 310], [308, 328], [310, 311], [310, 314], [314, 315], [314, 319], [315, 316], [315, 319], [323, 324], [323, 326], [372, 373], [387, 388], [387, 389], [409, 410], [440, 441], [456, 457], [536, 541], [567, 568], [567, 570], [588, 578], [676, 679], [679, 680], [679, 682], [761, 758], [763, 758], [876, 882], [882, 896], [883, 884], [950, 951], [962, 971], [998, 999], [1055, 1056], [1081, 1082], [1086, 1095], [1115, 1116], [1125, 1126], [1142, 1143], [1216, 1224], [1247, 1249], [1247, 1253]], "functions": {"WorkflowDebugger.__init__": {"executed_lines": [55, 56], "summary": {"covered_lines": 2, "num_statements": 2, "percent_covered": 100.0, "percent_covered_display": "100.00", "missing_lines": 0, "excluded_lines": 0, "percent_statements_covered": 100.0, "percent_statements_covered_display": "100.00", "num_branches": 0, "num_partial_branches": 0, "covered_branches": 0, "missing_branches": 0, "percent_branches_covered": 100.0, "percent_branches_covered_display": "100.00"}, "missing_lines": [], "excluded_lines": [], "start_line": 54, "executed_branches": [], "missing_branches": []}, "WorkflowDebugger.create_debug_session": {"executed_lines": [71, 72, 80, 81, 82, 84, 85, 87, 88, 89, 90], "summary": {"covered_lines": 11, "num_statements": 11, "percent_covered": 100.0, "percent_covered_display": "100.00", "missing_lines": 0, "excluded_lines": 0, "percent_statements_covered": 100.0, "percent_statements_covered_display": "100.00", "num_branches": 0, "num_partial_branches": 0, "covered_branches": 0, "missing_branches": 0, "percent_branches_covered": 100.0, "percent_branches_covered_display": "100.00"}, "missing_lines": [], "excluded_lines": [], "start_line": 60, "executed_branches": [], "missing_branches": []}, "WorkflowDebugger.get_debug_session": {"executed_lines": [94], "summary": {"covered_lines": 1, "num_statements": 1, "percent_covered": 100.0, "percent_covered_display": "100.00", "missing_lines": 0, "excluded_lines": 0, "percent_statements_covered": 100.0, "percent_statements_covered_display": "100.00", "num_branches": 0, "num_partial_branches": 0, "covered_branches": 0, "missing_branches": 0, "percent_branches_covered": 100.0, "percent_branches_covered_display": "100.00"}, "missing_lines": [], "excluded_lines": [], "start_line": 92, "executed_branches": [], "missing_branches": []}, "WorkflowDebugger.get_active_debug_sessions": {"executed_lines": [102], "summary": {"covered_lines": 1, "num_statements": 4, "percent_covered": 16.666666666666668, "percent_covered_display": "16.67", "missing_lines": 3, "excluded_lines": 0, "percent_statements_covered": 25.0, "percent_statements_covered_display": "25.00", "num_branches": 2, "num_partial_branches": 0, "covered_branches": 0, "missing_branches": 2, "percent_branches_covered": 0.0, "percent_branches_covered_display": "0.00"}, "missing_lines": [109, 110, 112], "excluded_lines": [], "start_line": 98, "executed_branches": [], "missing_branches": [[109, 110], [109, 112]]}, "WorkflowDebugger.pause_debug_session": {"executed_lines": [116, 117, 118, 119, 121, 122, 123, 125, 126], "summary": {"covered_lines": 9, "num_statements": 13, "percent_covered": 73.33333333333333, "percent_covered_display": "73.33", "missing_lines": 4, "excluded_lines": 0, "percent_statements_covered": 69.23076923076923, "percent_statements_covered_display": "69.23", "num_branches": 2, "num_partial_branches": 0, "covered_branches": 2, "missing_branches": 0, "percent_branches_covered": 100.0, "percent_branches_covered_display": "100.00"}, "missing_lines": [128, 129, 130, 131], "excluded_lines": [], "start_line": 114, "executed_branches": [[118, 119], [118, 121]], "missing_branches": []}, "WorkflowDebugger.resume_debug_session": {"executed_lines": [135, 136, 137, 140, 141, 142, 144, 145], "summary": {"covered_lines": 8, "num_statements": 13, "percent_covered": 60.0, "percent_covered_display": "60.00", "missing_lines": 5, "excluded_lines": 0, "percent_statements_covered": 61.53846153846154, "percent_statements_covered_display": "61.54", "num_branches": 2, "num_partial_branches": 1, "covered_branches": 1, "missing_branches": 1, "percent_branches_covered": 50.0, "percent_branches_covered_display": "50.00"}, "missing_lines": [138, 147, 148, 149, 150], "excluded_lines": [], "start_line": 133, "executed_branches": [[137, 140]], "missing_branches": [[137, 138]]}, "WorkflowDebugger.complete_debug_session": {"executed_lines": [154, 155, 156, 159, 160, 161, 162, 164, 165], "summary": {"covered_lines": 9, "num_statements": 14, "percent_covered": 62.5, "percent_covered_display": "62.50", "missing_lines": 5, "excluded_lines": 0, "percent_statements_covered": 64.28571428571429, "percent_statements_covered_display": "64.29", "num_branches": 2, "num_partial_branches": 1, "covered_branches": 1, "missing_branches": 1, "percent_branches_covered": 50.0, "percent_branches_covered_display": "50.00"}, "missing_lines": [157, 167, 168, 169, 170], "excluded_lines": [], "start_line": 152, "executed_branches": [[156, 159]], "missing_branches": [[156, 157]]}, "WorkflowDebugger.add_breakpoint": {"executed_lines": [187, 188, 210, 211, 212, 213], "summary": {"covered_lines": 6, "num_statements": 11, "percent_covered": 54.54545454545455, "percent_covered_display": "54.55", "missing_lines": 5, "excluded_lines": 0, "percent_statements_covered": 54.54545454545455, "percent_statements_covered_display": "54.55", "num_branches": 0, "num_partial_branches": 0, "covered_branches": 0, "missing_branches": 0, "percent_branches_covered": 100.0, "percent_branches_covered_display": "100.00"}, "missing_lines": [203, 204, 205, 207, 208], "excluded_lines": [], "start_line": 174, "executed_branches": [], "missing_branches": []}, "WorkflowDebugger.remove_breakpoint": {"executed_lines": [217, 218, 225, 226, 228, 229, 231, 232], "summary": {"covered_lines": 8, "num_statements": 12, "percent_covered": 71.42857142857143, "percent_covered_display": "71.43", "missing_lines": 4, "excluded_lines": 0, "percent_statements_covered": 66.66666666666667, "percent_statements_covered_display": "66.67", "num_branches": 2, "num_partial_branches": 0, "covered_branches": 2, "missing_branches": 0, "percent_branches_covered": 100.0, "percent_branches_covered_display": "100.00"}, "missing_lines": [234, 235, 236, 237], "excluded_lines": [], "start_line": 215, "executed_branches": [[225, 226], [225, 228]], "missing_branches": []}, "WorkflowDebugger.toggle_breakpoint": {"executed_lines": [241, 242, 249, 250, 252, 253, 254, 256, 257], "summary": {"covered_lines": 9, "num_statements": 13, "percent_covered": 73.33333333333333, "percent_covered_display": "73.33", "missing_lines": 4, "excluded_lines": 0, "percent_statements_covered": 69.23076923076923, "percent_statements_covered_display": "69.23", "num_branches": 2, "num_partial_branches": 0, "covered_branches": 2, "missing_branches": 0, "percent_branches_covered": 100.0, "percent_branches_covered_display": "100.00"}, "missing_lines": [259, 260, 261, 262], "excluded_lines": [], "start_line": 239, "executed_branches": [[249, 250], [249, 252]], "missing_branches": []}, "WorkflowDebugger.get_breakpoints": {"executed_lines": [268, 272, 275, 278], "summary": {"covered_lines": 4, "num_statements": 6, "percent_covered": 60.0, "percent_covered_display": "60.00", "missing_lines": 2, "excluded_lines": 0, "percent_statements_covered": 66.66666666666667, "percent_statements_covered_display": "66.67", "num_branches": 4, "num_partial_branches": 2, "covered_branches": 2, "missing_branches": 2, "percent_branches_covered": 50.0, "percent_branches_covered_display": "50.00"}, "missing_lines": [273, 276], "excluded_lines": [], "start_line": 264, "executed_branches": [[272, 275], [275, 278]], "missing_branches": [[272, 273], [275, 276]]}, "WorkflowDebugger.check_breakpoint_hit": {"executed_lines": [288, 290, 330, 331, 332], "summary": {"covered_lines": 5, "num_statements": 20, "percent_covered": 15.625, "percent_covered_display": "15.62", "missing_lines": 15, "excluded_lines": 0, "percent_statements_covered": 25.0, "percent_statements_covered_display": "25.00", "num_branches": 12, "num_partial_branches": 0, "covered_branches": 0, "missing_branches": 12, "percent_branches_covered": 0.0, "percent_branches_covered_display": "0.00"}, "missing_lines": [298, 299, 306, 308, 310, 311, 314, 315, 316, 319, 320, 323, 324, 326, 328], "excluded_lines": [], "start_line": 280, "executed_branches": [], "missing_branches": [[298, 299], [298, 306], [308, 310], [308, 328], [310, 311], [310, 314], [314, 315], [314, 319], [315, 316], [315, 319], [323, 324], [323, 326]]}, "WorkflowDebugger._evaluate_condition": {"executed_lines": [340, 341, 342, 343, 344], "summary": {"covered_lines": 5, "num_statements": 5, "percent_covered": 100.0, "percent_covered_display": "100.00", "missing_lines": 0, "excluded_lines": 0, "percent_statements_covered": 100.0, "percent_statements_covered_display": "100.00", "num_branches": 0, "num_partial_branches": 0, "covered_branches": 0, "missing_branches": 0, "percent_branches_covered": 100.0, "percent_branches_covered_display": "100.00"}, "missing_lines": [], "excluded_lines": [], "start_line": 334, "executed_branches": [], "missing_branches": []}, "WorkflowDebugger.step_over": {"executed_lines": [350, 351, 352, 355, 356, 357, 359], "summary": {"covered_lines": 7, "num_statements": 7, "percent_covered": 100.0, "percent_covered_display": "100.00", "missing_lines": 0, "excluded_lines": 0, "percent_statements_covered": 100.0, "percent_statements_covered_display": "100.00", "num_branches": 2, "num_partial_branches": 0, "covered_branches": 2, "missing_branches": 0, "percent_branches_covered": 100.0, "percent_branches_covered_display": "100.00"}, "missing_lines": [], "excluded_lines": [], "start_line": 348, "executed_branches": [[351, 352], [351, 355]], "missing_branches": []}, "WorkflowDebugger.step_into": {"executed_lines": [371, 372, 376, 377], "summary": {"covered_lines": 4, "num_statements": 14, "percent_covered": 27.77777777777778, "percent_covered_display": "27.78", "missing_lines": 10, "excluded_lines": 0, "percent_statements_covered": 28.571428571428573, "percent_statements_covered_display": "28.57", "num_branches": 4, "num_partial_branches": 1, "covered_branches": 1, "missing_branches": 3, "percent_branches_covered": 25.0, "percent_branches_covered_display": "25.00"}, "missing_lines": [373, 382, 383, 386, 387, 388, 389, 390, 392, 394], "excluded_lines": [], "start_line": 365, "executed_branches": [[372, 376]], "missing_branches": [[372, 373], [387, 388], [387, 389]]}, "WorkflowDebugger.step_out": {"executed_lines": [408, 409, 412, 414, 415, 416, 419, 420, 421, 422, 423, 424, 426, 428], "summary": {"covered_lines": 14, "num_statements": 15, "percent_covered": 89.47368421052632, "percent_covered_display": "89.47", "missing_lines": 1, "excluded_lines": 0, "percent_statements_covered": 93.33333333333333, "percent_statements_covered_display": "93.33", "num_branches": 4, "num_partial_branches": 1, "covered_branches": 3, "missing_branches": 1, "percent_branches_covered": 75.0, "percent_branches_covered_display": "75.00"}, "missing_lines": [410], "excluded_lines": [], "start_line": 402, "executed_branches": [[409, 412], [414, 415], [414, 419]], "missing_branches": [[409, 410]]}, "WorkflowDebugger.continue_execution": {"executed_lines": [439, 440, 443, 444, 445, 447], "summary": {"covered_lines": 6, "num_statements": 7, "percent_covered": 77.77777777777777, "percent_covered_display": "77.78", "missing_lines": 1, "excluded_lines": 0, "percent_statements_covered": 85.71428571428571, "percent_statements_covered_display": "85.71", "num_branches": 2, "num_partial_branches": 1, "covered_branches": 1, "missing_branches": 1, "percent_branches_covered": 50.0, "percent_branches_covered_display": "50.00"}, "missing_lines": [441], "excluded_lines": [], "start_line": 437, "executed_branches": [[440, 443]], "missing_branches": [[440, 441]]}, "WorkflowDebugger.pause_execution": {"executed_lines": [455, 456, 459, 460, 461, 463], "summary": {"covered_lines": 6, "num_statements": 7, "percent_covered": 77.77777777777777, "percent_covered_display": "77.78", "missing_lines": 1, "excluded_lines": 0, "percent_statements_covered": 85.71428571428571, "percent_statements_covered_display": "85.71", "num_branches": 2, "num_partial_branches": 1, "covered_branches": 1, "missing_branches": 1, "percent_branches_covered": 50.0, "percent_branches_covered_display": "50.00"}, "missing_lines": [457], "excluded_lines": [], "start_line": 453, "executed_branches": [[456, 459]], "missing_branches": [[456, 457]]}, "WorkflowDebugger.create_trace": {"executed_lines": [485, 486, 502, 508, 509, 510, 511], "summary": {"covered_lines": 7, "num_statements": 10, "percent_covered": 70.0, "percent_covered_display": "70.00", "missing_lines": 3, "excluded_lines": 0, "percent_statements_covered": 70.0, "percent_statements_covered_display": "70.00", "num_branches": 0, "num_partial_branches": 0, "covered_branches": 0, "missing_branches": 0, "percent_branches_covered": 100.0, "percent_branches_covered_display": "100.00"}, "missing_lines": [503, 504, 506], "excluded_lines": [], "start_line": 471, "executed_branches": [], "missing_branches": []}, "WorkflowDebugger.complete_trace": {"executed_lines": [521, 522, 526, 527, 529, 530, 531, 532, 533, 536, 537, 538, 541, 542, 545, 547, 549], "summary": {"covered_lines": 17, "num_statements": 21, "percent_covered": 81.48148148148148, "percent_covered_display": "81.48", "missing_lines": 4, "excluded_lines": 0, "percent_statements_covered": 80.95238095238095, "percent_statements_covered_display": "80.95", "num_branches": 6, "num_partial_branches": 1, "covered_branches": 5, "missing_branches": 1, "percent_branches_covered": 83.33333333333333, "percent_branches_covered_display": "83.33"}, "missing_lines": [551, 552, 553, 554], "excluded_lines": [], "start_line": 513, "executed_branches": [[526, 527], [526, 529], [536, 537], [541, 542], [541, 547]], "missing_branches": [[536, 541]]}, "WorkflowDebugger.get_execution_traces": {"executed_lines": [563], "summary": {"covered_lines": 1, "num_statements": 4, "percent_covered": 16.666666666666668, "percent_covered_display": "16.67", "missing_lines": 3, "excluded_lines": 0, "percent_statements_covered": 25.0, "percent_statements_covered_display": "25.00", "num_branches": 2, "num_partial_branches": 0, "covered_branches": 0, "missing_branches": 2, "percent_branches_covered": 0.0, "percent_branches_covered_display": "0.00"}, "missing_lines": [567, 568, 570], "excluded_lines": [], "start_line": 556, "executed_branches": [], "missing_branches": [[567, 568], [567, 570]]}, "WorkflowDebugger._calculate_variable_changes": {"executed_lines": [576, 578, 579, 581, 582, 588, 589, 596, 597, 598, 605], "summary": {"covered_lines": 11, "num_statements": 11, "percent_covered": 95.23809523809524, "percent_covered_display": "95.24", "missing_lines": 0, "excluded_lines": 0, "percent_statements_covered": 100.0, "percent_statements_covered_display": "100.00", "num_branches": 10, "num_partial_branches": 1, "covered_branches": 9, "missing_branches": 1, "percent_branches_covered": 90.0, "percent_branches_covered_display": "90.00"}, "missing_lines": [], "excluded_lines": [], "start_line": 572, "executed_branches": [[578, 579], [578, 596], [581, 582], [581, 588], [588, 589], [596, 597], [596, 605], [597, 596], [597, 598]], "missing_branches": [[588, 578]]}, "WorkflowDebugger.create_variable_snapshot": {"executed_lines": [621, 623, 625, 643, 644, 645, 646], "summary": {"covered_lines": 7, "num_statements": 11, "percent_covered": 63.63636363636363, "percent_covered_display": "63.64", "missing_lines": 4, "excluded_lines": 0, "percent_statements_covered": 63.63636363636363, "percent_statements_covered_display": "63.64", "num_branches": 0, "num_partial_branches": 0, "covered_branches": 0, "missing_branches": 0, "percent_branches_covered": 100.0, "percent_branches_covered_display": "100.00"}, "missing_lines": [637, 638, 639, 641], "excluded_lines": [], "start_line": 609, "executed_branches": [], "missing_branches": []}, "WorkflowDebugger.get_variables_for_trace": {"executed_lines": [650], "summary": {"covered_lines": 1, "num_statements": 1, "percent_covered": 100.0, "percent_covered_display": "100.00", "missing_lines": 0, "excluded_lines": 0, "percent_statements_covered": 100.0, "percent_statements_covered_display": "100.00", "num_branches": 0, "num_partial_branches": 0, "covered_branches": 0, "missing_branches": 0, "percent_branches_covered": 100.0, "percent_branches_covered_display": "100.00"}, "missing_lines": [], "excluded_lines": [], "start_line": 648, "executed_branches": [], "missing_branches": []}, "WorkflowDebugger.get_watch_variables": {"executed_lines": [656], "summary": {"covered_lines": 1, "num_statements": 1, "percent_covered": 100.0, "percent_covered_display": "100.00", "missing_lines": 0, "excluded_lines": 0, "percent_statements_covered": 100.0, "percent_statements_covered_display": "100.00", "num_branches": 0, "num_partial_branches": 0, "covered_branches": 0, "missing_branches": 0, "percent_branches_covered": 100.0, "percent_branches_covered_display": "100.00"}, "missing_lines": [], "excluded_lines": [], "start_line": 654, "executed_branches": [], "missing_branches": []}, "WorkflowDebugger._generate_value_preview": {"executed_lines": [665, 666, 668, 670, 671, 673, 674, 676, 677], "summary": {"covered_lines": 9, "num_statements": 12, "percent_covered": 72.72727272727273, "percent_covered_display": "72.73", "missing_lines": 3, "excluded_lines": 0, "percent_statements_covered": 75.0, "percent_statements_covered_display": "75.00", "num_branches": 10, "num_partial_branches": 1, "covered_branches": 7, "missing_branches": 3, "percent_branches_covered": 70.0, "percent_branches_covered_display": "70.00"}, "missing_lines": [679, 680, 682], "excluded_lines": [], "start_line": 663, "executed_branches": [[665, 666], [665, 668], [670, 671], [670, 673], [673, 674], [673, 676], [676, 677]], "missing_branches": [[676, 679], [679, 680], [679, 682]]}, "WorkflowDebugger.modify_variable": {"executed_lines": [699, 700, 701, 702, 705, 706, 709, 723, 735, 736, 737, 738], "summary": {"covered_lines": 12, "num_statements": 19, "percent_covered": 66.66666666666667, "percent_covered_display": "66.67", "missing_lines": 7, "excluded_lines": 0, "percent_statements_covered": 63.1578947368421, "percent_statements_covered_display": "63.16", "num_branches": 2, "num_partial_branches": 0, "covered_branches": 2, "missing_branches": 0, "percent_branches_covered": 100.0, "percent_branches_covered_display": "100.00"}, "missing_lines": [726, 727, 728, 729, 730, 732, 733], "excluded_lines": [], "start_line": 686, "executed_branches": [[701, 702], [701, 705]], "missing_branches": []}, "WorkflowDebugger.bulk_modify_variables": {"executed_lines": [757, 758, 759, 760, 761, 762, 763, 764, 765], "summary": {"covered_lines": 9, "num_statements": 9, "percent_covered": 86.66666666666667, "percent_covered_display": "86.67", "missing_lines": 0, "excluded_lines": 0, "percent_statements_covered": 100.0, "percent_statements_covered_display": "100.00", "num_branches": 6, "num_partial_branches": 2, "covered_branches": 4, "missing_branches": 2, "percent_branches_covered": 66.66666666666667, "percent_branches_covered_display": "66.67"}, "missing_lines": [], "excluded_lines": [], "start_line": 740, "executed_branches": [[758, 759], [758, 765], [761, 762], [763, 764]], "missing_branches": [[761, 758], [763, 758]]}, "WorkflowDebugger.export_session": {"executed_lines": [775, 776, 777, 778, 781, 782, 784, 836, 837], "summary": {"covered_lines": 9, "num_statements": 12, "percent_covered": 78.57142857142857, "percent_covered_display": "78.57", "missing_lines": 3, "excluded_lines": 0, "percent_statements_covered": 75.0, "percent_statements_covered_display": "75.00", "num_branches": 2, "num_partial_branches": 0, "covered_branches": 2, "missing_branches": 0, "percent_branches_covered": 100.0, "percent_branches_covered_display": "100.00"}, "missing_lines": [839, 840, 841], "excluded_lines": [], "start_line": 769, "executed_branches": [[777, 778], [777, 781]], "missing_branches": []}, "WorkflowDebugger.import_session": {"executed_lines": [860, 861, 862, 863, 866, 876, 877, 878, 879, 882, 883, 896, 897], "summary": {"covered_lines": 13, "num_statements": 18, "percent_covered": 66.66666666666667, "percent_covered_display": "66.67", "missing_lines": 5, "excluded_lines": 0, "percent_statements_covered": 72.22222222222223, "percent_statements_covered_display": "72.22", "num_branches": 6, "num_partial_branches": 3, "covered_branches": 3, "missing_branches": 3, "percent_branches_covered": 50.0, "percent_branches_covered_display": "50.00"}, "missing_lines": [884, 899, 900, 901, 902], "excluded_lines": [], "start_line": 843, "executed_branches": [[876, 877], [882, 883], [883, 896]], "missing_branches": [[876, 882], [882, 896], [883, 884]]}, "WorkflowDebugger.start_performance_profiling": {"executed_lines": [912, 913, 914, 915, 918, 925, 926, 928, 929], "summary": {"covered_lines": 9, "num_statements": 13, "percent_covered": 73.33333333333333, "percent_covered_display": "73.33", "missing_lines": 4, "excluded_lines": 0, "percent_statements_covered": 69.23076923076923, "percent_statements_covered_display": "69.23", "num_branches": 2, "num_partial_branches": 0, "covered_branches": 2, "missing_branches": 0, "percent_branches_covered": 100.0, "percent_branches_covered_display": "100.00"}, "missing_lines": [931, 932, 933, 934], "excluded_lines": [], "start_line": 906, "executed_branches": [[914, 915], [914, 918]], "missing_branches": []}, "WorkflowDebugger.record_step_timing": {"executed_lines": [948, 949, 950, 953, 954, 962, 963, 971, 972, 973, 974, 975, 976, 979, 981, 982, 984], "summary": {"covered_lines": 17, "num_statements": 21, "percent_covered": 76.0, "percent_covered_display": "76.00", "missing_lines": 4, "excluded_lines": 0, "percent_statements_covered": 80.95238095238095, "percent_statements_covered_display": "80.95", "num_branches": 4, "num_partial_branches": 2, "covered_branches": 2, "missing_branches": 2, "percent_branches_covered": 50.0, "percent_branches_covered_display": "50.00"}, "missing_lines": [951, 986, 987, 988], "excluded_lines": [], "start_line": 936, "executed_branches": [[950, 953], [962, 963]], "missing_branches": [[950, 951], [962, 971]]}, "WorkflowDebugger.get_performance_report": {"executed_lines": [996, 997, 998, 1001, 1004, 1011, 1020, 1031], "summary": {"covered_lines": 8, "num_statements": 12, "percent_covered": 64.28571428571429, "percent_covered_display": "64.29", "missing_lines": 4, "excluded_lines": 0, "percent_statements_covered": 66.66666666666667, "percent_statements_covered_display": "66.67", "num_branches": 2, "num_partial_branches": 1, "covered_branches": 1, "missing_branches": 1, "percent_branches_covered": 50.0, "percent_branches_covered_display": "50.00"}, "missing_lines": [999, 1033, 1034, 1035], "excluded_lines": [], "start_line": 990, "executed_branches": [[998, 1001]], "missing_branches": [[998, 999]]}, "WorkflowDebugger.add_collaborator": {"executed_lines": [1053, 1054, 1055, 1058, 1060, 1065, 1066, 1067, 1069, 1070], "summary": {"covered_lines": 10, "num_statements": 15, "percent_covered": 64.70588235294117, "percent_covered_display": "64.71", "missing_lines": 5, "excluded_lines": 0, "percent_statements_covered": 66.66666666666667, "percent_statements_covered_display": "66.67", "num_branches": 2, "num_partial_branches": 1, "covered_branches": 1, "missing_branches": 1, "percent_branches_covered": 50.0, "percent_branches_covered_display": "50.00"}, "missing_lines": [1056, 1072, 1073, 1074, 1075], "excluded_lines": [], "start_line": 1039, "executed_branches": [[1055, 1058]], "missing_branches": [[1055, 1056]]}, "WorkflowDebugger.remove_collaborator": {"executed_lines": [1079, 1080, 1081, 1084, 1086, 1087, 1088, 1089, 1090, 1092, 1093], "summary": {"covered_lines": 11, "num_statements": 17, "percent_covered": 61.904761904761905, "percent_covered_display": "61.90", "missing_lines": 6, "excluded_lines": 0, "percent_statements_covered": 64.70588235294117, "percent_statements_covered_display": "64.71", "num_branches": 4, "num_partial_branches": 2, "covered_branches": 2, "missing_branches": 2, "percent_branches_covered": 50.0, "percent_branches_covered_display": "50.00"}, "missing_lines": [1082, 1095, 1097, 1098, 1099, 1100], "excluded_lines": [], "start_line": 1077, "executed_branches": [[1081, 1084], [1086, 1087]], "missing_branches": [[1081, 1082], [1086, 1095]]}, "WorkflowDebugger.check_collaborator_permission": {"executed_lines": [1113, 1114, 1115, 1119, 1120, 1122, 1123, 1125, 1128, 1129, 1130, 1132], "summary": {"covered_lines": 12, "num_statements": 17, "percent_covered": 69.56521739130434, "percent_covered_display": "69.57", "missing_lines": 5, "excluded_lines": 0, "percent_statements_covered": 70.58823529411765, "percent_statements_covered_display": "70.59", "num_branches": 6, "num_partial_branches": 2, "covered_branches": 4, "missing_branches": 2, "percent_branches_covered": 66.66666666666667, "percent_branches_covered_display": "66.67"}, "missing_lines": [1116, 1126, 1134, 1135, 1136], "excluded_lines": [], "start_line": 1102, "executed_branches": [[1115, 1119], [1119, 1120], [1119, 1122], [1125, 1128]], "missing_branches": [[1115, 1116], [1125, 1126]]}, "WorkflowDebugger.get_session_collaborators": {"executed_lines": [1140, 1141, 1142, 1145, 1147], "summary": {"covered_lines": 5, "num_statements": 9, "percent_covered": 54.54545454545455, "percent_covered_display": "54.55", "missing_lines": 4, "excluded_lines": 0, "percent_statements_covered": 55.55555555555556, "percent_statements_covered_display": "55.56", "num_branches": 2, "num_partial_branches": 1, "covered_branches": 1, "missing_branches": 1, "percent_branches_covered": 50.0, "percent_branches_covered_display": "50.00"}, "missing_lines": [1143, 1156, 1157, 1158], "excluded_lines": [], "start_line": 1138, "executed_branches": [[1142, 1145]], "missing_branches": [[1142, 1143]]}, "WorkflowDebugger.create_trace_stream": {"executed_lines": [1172, 1174, 1175], "summary": {"covered_lines": 3, "num_statements": 3, "percent_covered": 100.0, "percent_covered_display": "100.00", "missing_lines": 0, "excluded_lines": 0, "percent_statements_covered": 100.0, "percent_statements_covered_display": "100.00", "num_branches": 0, "num_partial_branches": 0, "covered_branches": 0, "missing_branches": 0, "percent_branches_covered": 100.0, "percent_branches_covered_display": "100.00"}, "missing_lines": [], "excluded_lines": [], "start_line": 1162, "executed_branches": [], "missing_branches": []}, "WorkflowDebugger.stream_trace_update": {"executed_lines": [1194, 1195, 1197, 1202, 1203, 1206, 1207], "summary": {"covered_lines": 7, "num_statements": 10, "percent_covered": 75.0, "percent_covered_display": "75.00", "missing_lines": 3, "excluded_lines": 0, "percent_statements_covered": 70.0, "percent_statements_covered_display": "70.00", "num_branches": 2, "num_partial_branches": 0, "covered_branches": 2, "missing_branches": 0, "percent_branches_covered": 100.0, "percent_branches_covered_display": "100.00"}, "missing_lines": [1209, 1210, 1211], "excluded_lines": [], "start_line": 1177, "executed_branches": [[1195, 1197], [1195, 1206]], "missing_branches": []}, "WorkflowDebugger.close_trace_stream": {"executed_lines": [1215, 1216, 1218, 1224, 1225], "summary": {"covered_lines": 5, "num_statements": 8, "percent_covered": 60.0, "percent_covered_display": "60.00", "missing_lines": 3, "excluded_lines": 0, "percent_statements_covered": 62.5, "percent_statements_covered_display": "62.50", "num_branches": 2, "num_partial_branches": 1, "covered_branches": 1, "missing_branches": 1, "percent_branches_covered": 50.0, "percent_branches_covered_display": "50.00"}, "missing_lines": [1227, 1228, 1229], "excluded_lines": [], "start_line": 1213, "executed_branches": [[1216, 1218]], "missing_branches": [[1216, 1224]]}, "WorkflowDebugger._run_async_websocket": {"executed_lines": [1243, 1245, 1246, 1254, 1256], "summary": {"covered_lines": 5, "num_statements": 12, "percent_covered": 35.714285714285715, "percent_covered_display": "35.71", "missing_lines": 7, "excluded_lines": 0, "percent_statements_covered": 41.666666666666664, "percent_statements_covered_display": "41.67", "num_branches": 2, "num_partial_branches": 0, "covered_branches": 0, "missing_branches": 2, "percent_branches_covered": 0.0, "percent_branches_covered_display": "0.00"}, "missing_lines": [1247, 1249, 1250, 1253, 1257, 1258, 1259], "excluded_lines": [], "start_line": 1233, "executed_branches": [], "missing_branches": [[1247, 1249], [1247, 1253]]}, "WorkflowDebugger.stream_trace_with_manager": {"executed_lines": [1278, 1282], "summary": {"covered_lines": 2, "num_statements": 2, "percent_covered": 100.0, "percent_covered_display": "100.00", "missing_lines": 0, "excluded_lines": 0, "percent_statements_covered": 100.0, "percent_statements_covered_display": "100.00", "num_branches": 0, "num_partial_branches": 0, "covered_branches": 0, "missing_branches": 0, "percent_branches_covered": 100.0, "percent_branches_covered_display": "100.00"}, "missing_lines": [], "excluded_lines": [], "start_line": 1261, "executed_branches": [], "missing_branches": []}, "WorkflowDebugger.stream_trace_with_manager._stream": {"executed_lines": [1279, 1280], "summary": {"covered_lines": 2, "num_statements": 2, "percent_covered": 100.0, "percent_covered_display": "100.00", "missing_lines": 0, "excluded_lines": 0, "percent_statements_covered": 100.0, "percent_statements_covered_display": "100.00", "num_branches": 0, "num_partial_branches": 0, "covered_branches": 0, "missing_branches": 0, "percent_branches_covered": 100.0, "percent_branches_covered_display": "100.00"}, "missing_lines": [], "excluded_lines": [], "start_line": 1278, "executed_branches": [], "missing_branches": []}, "WorkflowDebugger.notify_variable_changed": {"executed_lines": [1300, 1306], "summary": {"covered_lines": 2, "num_statements": 2, "percent_covered": 100.0, "percent_covered_display": "100.00", "missing_lines": 0, "excluded_lines": 0, "percent_statements_covered": 100.0, "percent_statements_covered_display": "100.00", "num_branches": 0, "num_partial_branches": 0, "covered_branches": 0, "missing_branches": 0, "percent_branches_covered": 100.0, "percent_branches_covered_display": "100.00"}, "missing_lines": [], "excluded_lines": [], "start_line": 1284, "executed_branches": [], "missing_branches": []}, "WorkflowDebugger.notify_variable_changed._notify": {"executed_lines": [1301, 1302], "summary": {"covered_lines": 2, "num_statements": 2, "percent_covered": 100.0, "percent_covered_display": "100.00", "missing_lines": 0, "excluded_lines": 0, "percent_statements_covered": 100.0, "percent_statements_covered_display": "100.00", "num_branches": 0, "num_partial_branches": 0, "covered_branches": 0, "missing_branches": 0, "percent_branches_covered": 100.0, "percent_branches_covered_display": "100.00"}, "missing_lines": [], "excluded_lines": [], "start_line": 1300, "executed_branches": [], "missing_branches": []}, "WorkflowDebugger.notify_breakpoint_hit": {"executed_lines": [1324, 1330], "summary": {"covered_lines": 2, "num_statements": 2, "percent_covered": 100.0, "percent_covered_display": "100.00", "missing_lines": 0, "excluded_lines": 0, "percent_statements_covered": 100.0, "percent_statements_covered_display": "100.00", "num_branches": 0, "num_partial_branches": 0, "covered_branches": 0, "missing_branches": 0, "percent_branches_covered": 100.0, "percent_branches_covered_display": "100.00"}, "missing_lines": [], "excluded_lines": [], "start_line": 1308, "executed_branches": [], "missing_branches": []}, "WorkflowDebugger.notify_breakpoint_hit._notify": {"executed_lines": [1325, 1326], "summary": {"covered_lines": 2, "num_statements": 2, "percent_covered": 100.0, "percent_covered_display": "100.00", "missing_lines": 0, "excluded_lines": 0, "percent_statements_covered": 100.0, "percent_statements_covered_display": "100.00", "num_branches": 0, "num_partial_branches": 0, "covered_branches": 0, "missing_branches": 0, "percent_branches_covered": 100.0, "percent_branches_covered_display": "100.00"}, "missing_lines": [], "excluded_lines": [], "start_line": 1324, "executed_branches": [], "missing_branches": []}, "WorkflowDebugger.notify_session_paused": {"executed_lines": [1346, 1350], "summary": {"covered_lines": 2, "num_statements": 2, "percent_covered": 100.0, "percent_covered_display": "100.00", "missing_lines": 0, "excluded_lines": 0, "percent_statements_covered": 100.0, "percent_statements_covered_display": "100.00", "num_branches": 0, "num_partial_branches": 0, "covered_branches": 0, "missing_branches": 0, "percent_branches_covered": 100.0, "percent_branches_covered_display": "100.00"}, "missing_lines": [], "excluded_lines": [], "start_line": 1332, "executed_branches": [], "missing_branches": []}, "WorkflowDebugger.notify_session_paused._notify": {"executed_lines": [1347, 1348], "summary": {"covered_lines": 2, "num_statements": 2, "percent_covered": 100.0, "percent_covered_display": "100.00", "missing_lines": 0, "excluded_lines": 0, "percent_statements_covered": 100.0, "percent_statements_covered_display": "100.00", "num_branches": 0, "num_partial_branches": 0, "covered_branches": 0, "missing_branches": 0, "percent_branches_covered": 100.0, "percent_branches_covered_display": "100.00"}, "missing_lines": [], "excluded_lines": [], "start_line": 1346, "executed_branches": [], "missing_branches": []}, "WorkflowDebugger.notify_session_resumed": {"executed_lines": [1359, 1363], "summary": {"covered_lines": 2, "num_statements": 2, "percent_covered": 100.0, "percent_covered_display": "100.00", "missing_lines": 0, "excluded_lines": 0, "percent_statements_covered": 100.0, "percent_statements_covered_display": "100.00", "num_branches": 0, "num_partial_branches": 0, "covered_branches": 0, "missing_branches": 0, "percent_branches_covered": 100.0, "percent_branches_covered_display": "100.00"}, "missing_lines": [], "excluded_lines": [], "start_line": 1352, "executed_branches": [], "missing_branches": []}, "WorkflowDebugger.notify_session_resumed._notify": {"executed_lines": [1360, 1361], "summary": {"covered_lines": 2, "num_statements": 2, "percent_covered": 100.0, "percent_covered_display": "100.00", "missing_lines": 0, "excluded_lines": 0, "percent_statements_covered": 100.0, "percent_statements_covered_display": "100.00", "num_branches": 0, "num_partial_branches": 0, "covered_branches": 0, "missing_branches": 0, "percent_branches_covered": 100.0, "percent_branches_covered_display": "100.00"}, "missing_lines": [], "excluded_lines": [], "start_line": 1359, "executed_branches": [], "missing_branches": []}, "WorkflowDebugger.notify_step_completed": {"executed_lines": [1381, 1387], "summary": {"covered_lines": 2, "num_statements": 2, "percent_covered": 100.0, "percent_covered_display": "100.00", "missing_lines": 0, "excluded_lines": 0, "percent_statements_covered": 100.0, "percent_statements_covered_display": "100.00", "num_branches": 0, "num_partial_branches": 0, "covered_branches": 0, "missing_branches": 0, "percent_branches_covered": 100.0, "percent_branches_covered_display": "100.00"}, "missing_lines": [], "excluded_lines": [], "start_line": 1365, "executed_branches": [], "missing_branches": []}, "WorkflowDebugger.notify_step_completed._notify": {"executed_lines": [1382, 1383], "summary": {"covered_lines": 2, "num_statements": 2, "percent_covered": 100.0, "percent_covered_display": "100.00", "missing_lines": 0, "excluded_lines": 0, "percent_statements_covered": 100.0, "percent_statements_covered_display": "100.00", "num_branches": 0, "num_partial_branches": 0, "covered_branches": 0, "missing_branches": 0, "percent_branches_covered": 100.0, "percent_branches_covered_display": "100.00"}, "missing_lines": [], "excluded_lines": [], "start_line": 1381, "executed_branches": [], "missing_branches": []}, "": {"executed_lines": [17, 18, 19, 20, 21, 22, 23, 24, 25, 26, 28, 29, 36, 38, 41, 54, 60, 92, 98, 114, 133, 152, 174, 215, 239, 264, 280, 334, 348, 365, 402, 437, 453, 471, 513, 556, 572, 609, 648, 654, 663, 686, 740, 769, 843, 906, 936, 990, 1039, 1077, 1102, 1138, 1162, 1177, 1213, 1233, 1261, 1284, 1308, 1332, 1352, 1365], "summary": {"covered_lines": 62, "num_statements": 62, "percent_covered": 100.0, "percent_covered_display": "100.00", "missing_lines": 0, "excluded_lines": 0, "percent_statements_covered": 100.0, "percent_statements_covered_display": "100.00", "num_branches": 0, "num_partial_branches": 0, "covered_branches": 0, "missing_branches": 0, "percent_branches_covered": 100.0, "percent_branches_covered_display": "100.00"}, "missing_lines": [], "excluded_lines": [], "start_line": 1, "executed_branches": [], "missing_branches": []}}, "classes": {"WorkflowDebugger": {"executed_lines": [55, 56, 71, 72, 80, 81, 82, 84, 85, 87, 88, 89, 90, 94, 102, 116, 117, 118, 119, 121, 122, 123, 125, 126, 135, 136, 137, 140, 141, 142, 144, 145, 154, 155, 156, 159, 160, 161, 162, 164, 165, 187, 188, 210, 211, 212, 213, 217, 218, 225, 226, 228, 229, 231, 232, 241, 242, 249, 250, 252, 253, 254, 256, 257, 268, 272, 275, 278, 288, 290, 330, 331, 332, 340, 341, 342, 343, 344, 350, 351, 352, 355, 356, 357, 359, 371, 372, 376, 377, 408, 409, 412, 414, 415, 416, 419, 420, 421, 422, 423, 424, 426, 428, 439, 440, 443, 444, 445, 447, 455, 456, 459, 460, 461, 463, 485, 486, 502, 508, 509, 510, 511, 521, 522, 526, 527, 529, 530, 531, 532, 533, 536, 537, 538, 541, 542, 545, 547, 549, 563, 576, 578, 579, 581, 582, 588, 589, 596, 597, 598, 605, 621, 623, 625, 643, 644, 645, 646, 650, 656, 665, 666, 668, 670, 671, 673, 674, 676, 677, 699, 700, 701, 702, 705, 706, 709, 723, 735, 736, 737, 738, 757, 758, 759, 760, 761, 762, 763, 764, 765, 775, 776, 777, 778, 781, 782, 784, 836, 837, 860, 861, 862, 863, 866, 876, 877, 878, 879, 882, 883, 896, 897, 912, 913, 914, 915, 918, 925, 926, 928, 929, 948, 949, 950, 953, 954, 962, 963, 971, 972, 973, 974, 975, 976, 979, 981, 982, 984, 996, 997, 998, 1001, 1004, 1011, 1020, 1031, 1053, 1054, 1055, 1058, 1060, 1065, 1066, 1067, 1069, 1070, 1079, 1080, 1081, 1084, 1086, 1087, 1088, 1089, 1090, 1092, 1093, 1113, 1114, 1115, 1119, 1120, 1122, 1123, 1125, 1128, 1129, 1130, 1132, 1140, 1141, 1142, 1145, 1147, 1172, 1174, 1175, 1194, 1195, 1197, 1202, 1203, 1206, 1207, 1215, 1216, 1218, 1224, 1225, 1243, 1245, 1246, 1254, 1256, 1278, 1279, 1280, 1282, 1300, 1301, 1302, 1306, 1324, 1325, 1326, 1330, 1346, 1347, 1348, 1350, 1359, 1360, 1361, 1363, 1381, 1382, 1383, 1387], "summary": {"covered_lines": 328, "num_statements": 465, "percent_covered": 68.04835924006909, "percent_covered_display": "68.05", "missing_lines": 137, "excluded_lines": 0, "percent_statements_covered": 70.53763440860214, "percent_statements_covered_display": "70.54", "num_branches": 114, "num_partial_branches": 26, "covered_branches": 66, "missing_branches": 48, "percent_branches_covered": 57.89473684210526, "percent_branches_covered_display": "57.89"}, "missing_lines": [109, 110, 112, 128, 129, 130, 131, 138, 147, 148, 149, 150, 157, 167, 168, 169, 170, 203, 204, 205, 207, 208, 234, 235, 236, 237, 259, 260, 261, 262, 273, 276, 298, 299, 306, 308, 310, 311, 314, 315, 316, 319, 320, 323, 324, 326, 328, 373, 382, 383, 386, 387, 388, 389, 390, 392, 394, 410, 441, 457, 503, 504, 506, 551, 552, 553, 554, 567, 568, 570, 637, 638, 639, 641, 679, 680, 682, 726, 727, 728, 729, 730, 732, 733, 839, 840, 841, 884, 899, 900, 901, 902, 931, 932, 933, 934, 951, 986, 987, 988, 999, 1033, 1034, 1035, 1056, 1072, 1073, 1074, 1075, 1082, 1095, 1097, 1098, 1099, 1100, 1116, 1126, 1134, 1135, 1136, 1143, 1156, 1157, 1158, 1209, 1210, 1211, 1227, 1228, 1229, 1247, 1249, 1250, 1253, 1257, 1258, 1259], "excluded_lines": [], "start_line": 41, "executed_branches": [[118, 119], [118, 121], [137, 140], [156, 159], [225, 226], [225, 228], [249, 250], [249, 252], [272, 275], [275, 278], [351, 352], [351, 355], [372, 376], [409, 412], [414, 415], [414, 419], [440, 443], [456, 459], [526, 527], [526, 529], [536, 537], [541, 542], [541, 547], [578, 579], [578, 596], [581, 582], [581, 588], [588, 589], [596, 597], [596, 605], [597, 596], [597, 598], [665, 666], [665, 668], [670, 671], [670, 673], [673, 674], [673, 676], [676, 677], [701, 702], [701, 705], [758, 759], [758, 765], [761, 762], [763, 764], [777, 778], [777, 781], [876, 877], [882, 883], [883, 896], [914, 915], [914, 918], [950, 953], [962, 963], [998, 1001], [1055, 1058], [1081, 1084], [1086, 1087], [1115, 1119], [1119, 1120], [1119, 1122], [1125, 1128], [1142, 1145], [1195, 1197], [1195, 1206], [1216, 1218]], "missing_branches": [[109, 110], [109, 112], [137, 138], [156, 157], [272, 273], [275, 276], [298, 299], [298, 306], [308, 310], [308, 328], [310, 311], [310, 314], [314, 315], [314, 319], [315, 316], [315, 319], [323, 324], [323, 326], [372, 373], [387, 388], [387, 389], [409, 410], [440, 441], [456, 457], [536, 541], [567, 568], [567, 570], [588, 578], [676, 679], [679, 680], [679, 682], [761, 758], [763, 758], [876, 882], [882, 896], [883, 884], [950, 951], [962, 971], [998, 999], [1055, 1056], [1081, 1082], [1086, 1095], [1115, 1116], [1125, 1126], [1142, 1143], [1216, 1224], [1247, 1249], [1247, 1253]]}, "": {"executed_lines": [17, 18, 19, 20, 21, 22, 23, 24, 25, 26, 28, 29, 36, 38, 41, 54, 60, 92, 98, 114, 133, 152, 174, 215, 239, 264, 280, 334, 348, 365, 402, 437, 453, 471, 513, 556, 572, 609, 648, 654, 663, 686, 740, 769, 843, 906, 936, 990, 1039, 1077, 1102, 1138, 1162, 1177, 1213, 1233, 1261, 1284, 1308, 1332, 1352, 1365], "summary": {"covered_lines": 62, "num_statements": 62, "percent_covered": 100.0, "percent_covered_display": "100.00", "missing_lines": 0, "excluded_lines": 0, "percent_statements_covered": 100.0, "percent_statements_covered_display": "100.00", "num_branches": 0, "num_partial_branches": 0, "covered_branches": 0, "missing_branches": 0, "percent_branches_covered": 100.0, "percent_branches_covered_display": "100.00"}, "missing_lines": [], "excluded_lines": [], "start_line": 1, "executed_branches": [], "missing_branches": []}}}}, "totals": {"covered_lines": 851, "num_statements": 1094, "percent_covered": 74.69135802469135, "percent_covered_display": "74.69", "missing_lines": 243, "excluded_lines": 0, "percent_statements_covered": 77.78793418647166, "percent_statements_covered_display": "77.79", "num_branches": 202, "num_partial_branches": 51, "covered_branches": 117, "missing_branches": 85, "percent_branches_covered": 57.92079207920792, "percent_branches_covered_display": "57.92"}}