{"meta": {"format": 3, "version": "7.13.4", "timestamp": "2026-03-17T22:34:48.304332", "branch_coverage": true, "show_contexts": false}, "files": {"core/llm/cognitive_tier_system.py": {"executed_lines": [15, 16, 17, 20, 36, 37, 38, 39, 40, 44, 73, 87, 126, 135, 138, 143, 163, 164, 167, 168, 169, 171, 176, 187, 190, 191, 192, 193, 194, 195, 196, 197, 198, 201, 202, 203, 206, 210, 211, 212, 215, 217, 229, 231, 287], "summary": {"covered_lines": 45, "num_statements": 50, "percent_covered": 90.0, "percent_covered_display": "90.00", "missing_lines": 5, "excluded_lines": 0, "percent_statements_covered": 90.0, "percent_statements_covered_display": "90.00", "num_branches": 20, "num_partial_branches": 2, "covered_branches": 18, "missing_branches": 2, "percent_branches_covered": 90.0, "percent_branches_covered_display": "90.00"}, "missing_lines": [174, 207, 251, 285, 297], "excluded_lines": [], "executed_branches": [[167, 168], [169, 167], [169, 171], [191, 192], [191, 193], [193, 194], [193, 195], [195, 196], [195, 197], [197, 198], [197, 201], [201, 202], [201, 206], [202, 201], [202, 203], [206, 210], [210, 211], [210, 215]], "missing_branches": [[167, 174], [206, 207]], "functions": {"CognitiveClassifier.__init__": {"executed_lines": [138], "summary": {"covered_lines": 1, "num_statements": 1, "percent_covered": 100.0, "percent_covered_display": "100.00", "missing_lines": 0, "excluded_lines": 0, "percent_statements_covered": 100.0, "percent_statements_covered_display": "100.00", "num_branches": 0, "num_partial_branches": 0, "covered_branches": 0, "missing_branches": 0, "percent_branches_covered": 100.0, "percent_branches_covered_display": "100.00"}, "missing_lines": [], "excluded_lines": [], "start_line": 135, "executed_branches": [], "missing_branches": []}, "CognitiveClassifier.classify": {"executed_lines": [163, 164, 167, 168, 169, 171], "summary": {"covered_lines": 6, "num_statements": 7, "percent_covered": 81.81818181818181, "percent_covered_display": "81.82", "missing_lines": 1, "excluded_lines": 0, "percent_statements_covered": 85.71428571428571, "percent_statements_covered_display": "85.71", "num_branches": 4, "num_partial_branches": 1, "covered_branches": 3, "missing_branches": 1, "percent_branches_covered": 75.0, "percent_branches_covered_display": "75.00"}, "missing_lines": [174], "excluded_lines": [], "start_line": 143, "executed_branches": [[167, 168], [169, 167], [169, 171]], "missing_branches": [[167, 174]]}, "CognitiveClassifier._calculate_complexity_score": {"executed_lines": [187, 190, 191, 192, 193, 194, 195, 196, 197, 198, 201, 202, 203, 206, 210, 211, 212, 215], "summary": {"covered_lines": 18, "num_statements": 19, "percent_covered": 94.28571428571429, "percent_covered_display": "94.29", "missing_lines": 1, "excluded_lines": 0, "percent_statements_covered": 94.73684210526316, "percent_statements_covered_display": "94.74", "num_branches": 16, "num_partial_branches": 1, "covered_branches": 15, "missing_branches": 1, "percent_branches_covered": 93.75, "percent_branches_covered_display": "93.75"}, "missing_lines": [207], "excluded_lines": [], "start_line": 176, "executed_branches": [[191, 192], [191, 193], [193, 194], [193, 195], [195, 196], [195, 197], [197, 198], [197, 201], [201, 202], [201, 206], [202, 201], [202, 203], [206, 210], [210, 211], [210, 215]], "missing_branches": [[206, 207]]}, "CognitiveClassifier._estimate_tokens": {"executed_lines": [229], "summary": {"covered_lines": 1, "num_statements": 1, "percent_covered": 100.0, "percent_covered_display": "100.00", "missing_lines": 0, "excluded_lines": 0, "percent_statements_covered": 100.0, "percent_statements_covered_display": "100.00", "num_branches": 0, "num_partial_branches": 0, "covered_branches": 0, "missing_branches": 0, "percent_branches_covered": 100.0, "percent_branches_covered_display": "100.00"}, "missing_lines": [], "excluded_lines": [], "start_line": 217, "executed_branches": [], "missing_branches": []}, "CognitiveClassifier.get_tier_models": {"executed_lines": [], "summary": {"covered_lines": 0, "num_statements": 2, "percent_covered": 0.0, "percent_covered_display": "0.00", "missing_lines": 2, "excluded_lines": 0, "percent_statements_covered": 0.0, "percent_statements_covered_display": "0.00", "num_branches": 0, "num_partial_branches": 0, "covered_branches": 0, "missing_branches": 0, "percent_branches_covered": 100.0, "percent_branches_covered_display": "100.00"}, "missing_lines": [251, 285], "excluded_lines": [], "start_line": 231, "executed_branches": [], "missing_branches": []}, "CognitiveClassifier.get_tier_description": {"executed_lines": [], "summary": {"covered_lines": 0, "num_statements": 1, "percent_covered": 0.0, "percent_covered_display": "0.00", "missing_lines": 1, "excluded_lines": 0, "percent_statements_covered": 0.0, "percent_statements_covered_display": "0.00", "num_branches": 0, "num_partial_branches": 0, "covered_branches": 0, "missing_branches": 0, "percent_branches_covered": 100.0, "percent_branches_covered_display": "100.00"}, "missing_lines": [297], "excluded_lines": [], "start_line": 287, "executed_branches": [], "missing_branches": []}, "": {"executed_lines": [15, 16, 17, 20, 36, 37, 38, 39, 40, 44, 73, 87, 126, 135, 143, 176, 217, 231, 287], "summary": {"covered_lines": 19, "num_statements": 19, "percent_covered": 100.0, "percent_covered_display": "100.00", "missing_lines": 0, "excluded_lines": 0, "percent_statements_covered": 100.0, "percent_statements_covered_display": "100.00", "num_branches": 0, "num_partial_branches": 0, "covered_branches": 0, "missing_branches": 0, "percent_branches_covered": 100.0, "percent_branches_covered_display": "100.00"}, "missing_lines": [], "excluded_lines": [], "start_line": 1, "executed_branches": [], "missing_branches": []}}, "classes": {"CognitiveTier": {"executed_lines": [], "summary": {"covered_lines": 0, "num_statements": 0, "percent_covered": 100.0, "percent_covered_display": "100.00", "missing_lines": 0, "excluded_lines": 0, "percent_statements_covered": 100.0, "percent_statements_covered_display": "100.00", "num_branches": 0, "num_partial_branches": 0, "covered_branches": 0, "missing_branches": 0, "percent_branches_covered": 100.0, "percent_branches_covered_display": "100.00"}, "missing_lines": [], "excluded_lines": [], "start_line": 20, "executed_branches": [], "missing_branches": []}, "CognitiveClassifier": {"executed_lines": [138, 163, 164, 167, 168, 169, 171, 187, 190, 191, 192, 193, 194, 195, 196, 197, 198, 201, 202, 203, 206, 210, 211, 212, 215, 229], "summary": {"covered_lines": 26, "num_statements": 31, "percent_covered": 86.27450980392157, "percent_covered_display": "86.27", "missing_lines": 5, "excluded_lines": 0, "percent_statements_covered": 83.87096774193549, "percent_statements_covered_display": "83.87", "num_branches": 20, "num_partial_branches": 2, "covered_branches": 18, "missing_branches": 2, "percent_branches_covered": 90.0, "percent_branches_covered_display": "90.00"}, "missing_lines": [174, 207, 251, 285, 297], "excluded_lines": [], "start_line": 73, "executed_branches": [[167, 168], [169, 167], [169, 171], [191, 192], [191, 193], [193, 194], [193, 195], [195, 196], [195, 197], [197, 198], [197, 201], [201, 202], [201, 206], [202, 201], [202, 203], [206, 210], [210, 211], [210, 215]], "missing_branches": [[167, 174], [206, 207]]}, "": {"executed_lines": [15, 16, 17, 20, 36, 37, 38, 39, 40, 44, 73, 87, 126, 135, 143, 176, 217, 231, 287], "summary": {"covered_lines": 19, "num_statements": 19, "percent_covered": 100.0, "percent_covered_display": "100.00", "missing_lines": 0, "excluded_lines": 0, "percent_statements_covered": 100.0, "percent_statements_covered_display": "100.00", "num_branches": 0, "num_partial_branches": 0, "covered_branches": 0, "missing_branches": 0, "percent_branches_covered": 100.0, "percent_branches_covered_display": "100.00"}, "missing_lines": [], "excluded_lines": [], "start_line": 1, "executed_branches": [], "missing_branches": []}}}, "core/workflow_template_system.py": {"executed_lines": [6, 7, 8, 9, 10, 11, 12, 13, 15, 17, 18, 19, 20, 21, 22, 23, 24, 25, 26, 28, 29, 30, 31, 32, 34, 37, 38, 39, 40, 41, 42, 43, 44, 45, 47, 48, 49, 50, 52, 54, 56, 57, 58, 59, 60, 61, 62, 63, 64, 65, 67, 69, 70, 71, 74, 76, 78, 83, 86, 87, 88, 89, 92, 93, 94, 97, 98, 99, 102, 103, 104, 105, 108, 109, 110, 112, 113, 114, 116, 118, 119, 120, 121, 123, 125, 127, 132, 134, 136, 137, 139, 141, 142, 144, 145, 146, 148, 150, 151, 152, 153, 155, 157, 160, 161, 162, 164, 165, 166, 169, 170, 172, 174, 176, 178, 181, 184, 185, 188, 191, 193, 194, 200, 202, 204, 244, 252, 255, 256, 258, 259, 261, 262, 264, 265, 267, 268, 271, 273, 275, 277, 278, 280, 282, 283, 284, 287, 288, 290, 292, 298, 299, 300, 302, 304, 307, 312, 313, 315, 317, 325, 326, 327, 329, 331, 332, 334, 337, 338, 339, 342, 343, 346, 348, 349, 351, 353, 354, 356, 359, 360, 361, 364, 367, 368, 369, 370, 372, 373, 375, 377, 378, 380, 381, 383, 384, 385, 387, 388, 390, 392, 393, 394, 396, 398, 400, 402, 403, 406, 410, 412, 414, 415, 416, 418, 419, 420, 421, 427, 436, 438, 440, 441, 442, 445, 446, 449, 452, 453, 456, 457, 458, 459, 460, 461, 462, 464, 465, 466, 467, 468, 469, 470, 471, 472, 474, 476, 478, 484, 543, 545, 547, 549, 550, 552, 558, 560, 561, 562, 563, 565, 567, 569, 570, 572, 574, 576, 579, 593, 596, 614, 615, 616, 617, 618, 619, 620, 624, 626, 706, 708, 764, 766, 830, 832, 897, 899, 988, 990, 1034, 1036, 1073, 1075, 1119, 1121, 1192, 1194, 1267, 1269, 1289, 1291, 1317, 1319, 1340, 1342], "summary": {"covered_lines": 305, "num_statements": 350, "percent_covered": 83.4061135371179, "percent_covered_display": "83.41", "missing_lines": 45, "excluded_lines": 0, "percent_statements_covered": 87.14285714285714, "percent_statements_covered_display": "87.14", "num_branches": 108, "num_partial_branches": 13, "covered_branches": 77, "missing_branches": 31, "percent_branches_covered": 71.29629629629629, "percent_branches_covered_display": "71.30"}, "missing_lines": [196, 197, 198, 206, 207, 208, 211, 212, 214, 216, 217, 218, 220, 221, 224, 225, 227, 229, 230, 232, 234, 237, 238, 239, 240, 242, 407, 408, 447, 553, 554, 555, 577, 580, 581, 582, 584, 585, 586, 587, 588, 590, 591, 621, 622], "excluded_lines": [], "executed_branches": [[118, 119], [118, 123], [119, 118], [119, 120], [120, 119], [120, 121], [141, 142], [141, 144], [255, 256], [255, 258], [258, 259], [258, 261], [261, 262], [261, 264], [264, 265], [264, 267], [267, 268], [267, 271], [280, 282], [280, 287], [283, 280], [283, 284], [299, 300], [299, 302], [331, 332], [331, 334], [337, 338], [337, 342], [338, 339], [353, 354], [353, 356], [360, 361], [368, 369], [377, 378], [377, 380], [380, 381], [380, 383], [393, 394], [393, 396], [402, 403], [402, 406], [406, 410], [419, 420], [419, 427], [440, 441], [440, 476], [445, 446], [445, 452], [446, 449], [452, 453], [452, 456], [456, 457], [458, 459], [458, 460], [460, 461], [460, 465], [461, 462], [461, 464], [465, 466], [465, 468], [466, 467], [468, 469], [468, 474], [469, 470], [547, 549], [547, 558], [549, 550], [552, -545], [560, -545], [560, 561], [561, 562], [561, 563], [576, 579], [579, -574], [614, -593], [614, 615], [617, 618]], "missing_branches": [[207, 208], [207, 211], [211, 212], [211, 234], [212, 211], [212, 214], [214, 216], [214, 232], [217, 218], [217, 230], [218, 220], [218, 229], [220, 221], [220, 224], [338, 337], [360, 364], [368, 372], [406, 407], [446, 447], [456, 474], [466, 474], [469, 474], [549, 552], [552, 553], [553, 552], [553, 554], [554, 552], [554, 555], [576, 577], [579, 580], [617, 614]], "functions": {"TemplateParameter.set_defaults": {"executed_lines": [50], "summary": {"covered_lines": 1, "num_statements": 1, "percent_covered": 100.0, "percent_covered_display": "100.00", "missing_lines": 0, "excluded_lines": 0, "percent_statements_covered": 100.0, "percent_statements_covered_display": "100.00", "num_branches": 0, "num_partial_branches": 0, "covered_branches": 0, "missing_branches": 0, "percent_branches_covered": 100.0, "percent_branches_covered_display": "100.00"}, "missing_lines": [], "excluded_lines": [], "start_line": 49, "executed_branches": [], "missing_branches": []}, "TemplateStep.validate_dependencies": {"executed_lines": [74], "summary": {"covered_lines": 1, "num_statements": 1, "percent_covered": 100.0, "percent_covered_display": "100.00", "missing_lines": 0, "excluded_lines": 0, "percent_statements_covered": 100.0, "percent_statements_covered_display": "100.00", "num_branches": 0, "num_partial_branches": 0, "covered_branches": 0, "missing_branches": 0, "percent_branches_covered": 100.0, "percent_branches_covered_display": "100.00"}, "missing_lines": [], "excluded_lines": [], "start_line": 71, "executed_branches": [], "missing_branches": []}, "WorkflowTemplate.validate_step_connections": {"executed_lines": [116, 118, 119, 120, 121, 123], "summary": {"covered_lines": 6, "num_statements": 6, "percent_covered": 100.0, "percent_covered_display": "100.00", "missing_lines": 0, "excluded_lines": 0, "percent_statements_covered": 100.0, "percent_statements_covered_display": "100.00", "num_branches": 6, "num_partial_branches": 0, "covered_branches": 6, "missing_branches": 0, "percent_branches_covered": 100.0, "percent_branches_covered_display": "100.00"}, "missing_lines": [], "excluded_lines": [], "start_line": 114, "executed_branches": [[118, 119], [118, 123], [119, 118], [119, 120], [120, 119], [120, 121]], "missing_branches": []}, "WorkflowTemplate.calculate_estimated_duration": {"executed_lines": [127, 132], "summary": {"covered_lines": 2, "num_statements": 2, "percent_covered": 100.0, "percent_covered_display": "100.00", "missing_lines": 0, "excluded_lines": 0, "percent_statements_covered": 100.0, "percent_statements_covered_display": "100.00", "num_branches": 0, "num_partial_branches": 0, "covered_branches": 0, "missing_branches": 0, "percent_branches_covered": 100.0, "percent_branches_covered_display": "100.00"}, "missing_lines": [], "excluded_lines": [], "start_line": 125, "executed_branches": [], "missing_branches": []}, "WorkflowTemplate.add_usage": {"executed_lines": [136, 137], "summary": {"covered_lines": 2, "num_statements": 2, "percent_covered": 100.0, "percent_covered_display": "100.00", "missing_lines": 0, "excluded_lines": 0, "percent_statements_covered": 100.0, "percent_statements_covered_display": "100.00", "num_branches": 0, "num_partial_branches": 0, "covered_branches": 0, "missing_branches": 0, "percent_branches_covered": 100.0, "percent_branches_covered_display": "100.00"}, "missing_lines": [], "excluded_lines": [], "start_line": 134, "executed_branches": [], "missing_branches": []}, "WorkflowTemplate.update_rating": {"executed_lines": [141, 142, 144, 145, 146], "summary": {"covered_lines": 5, "num_statements": 5, "percent_covered": 100.0, "percent_covered_display": "100.00", "missing_lines": 0, "excluded_lines": 0, "percent_statements_covered": 100.0, "percent_statements_covered_display": "100.00", "num_branches": 2, "num_partial_branches": 0, "covered_branches": 2, "missing_branches": 0, "percent_branches_covered": 100.0, "percent_branches_covered_display": "100.00"}, "missing_lines": [], "excluded_lines": [], "start_line": 139, "executed_branches": [[141, 142], [141, 144]], "missing_branches": []}, "WorkflowTemplateManager.__init__": {"executed_lines": [161, 162, 164, 165, 166, 169, 170, 172], "summary": {"covered_lines": 8, "num_statements": 8, "percent_covered": 100.0, "percent_covered_display": "100.00", "missing_lines": 0, "excluded_lines": 0, "percent_statements_covered": 100.0, "percent_statements_covered_display": "100.00", "num_branches": 0, "num_partial_branches": 0, "covered_branches": 0, "missing_branches": 0, "percent_branches_covered": 100.0, "percent_branches_covered_display": "100.00"}, "missing_lines": [], "excluded_lines": [], "start_line": 160, "executed_branches": [], "missing_branches": []}, "WorkflowTemplateManager.create_template": {"executed_lines": [176, 178, 181, 184, 185, 188, 191, 193, 194], "summary": {"covered_lines": 9, "num_statements": 12, "percent_covered": 75.0, "percent_covered_display": "75.00", "missing_lines": 3, "excluded_lines": 0, "percent_statements_covered": 75.0, "percent_statements_covered_display": "75.00", "num_branches": 0, "num_partial_branches": 0, "covered_branches": 0, "missing_branches": 0, "percent_branches_covered": 100.0, "percent_branches_covered_display": "100.00"}, "missing_lines": [196, 197, 198], "excluded_lines": [], "start_line": 174, "executed_branches": [], "missing_branches": []}, "WorkflowTemplateManager.get_template": {"executed_lines": [202], "summary": {"covered_lines": 1, "num_statements": 1, "percent_covered": 100.0, "percent_covered_display": "100.00", "missing_lines": 0, "excluded_lines": 0, "percent_statements_covered": 100.0, "percent_statements_covered_display": "100.00", "num_branches": 0, "num_partial_branches": 0, "covered_branches": 0, "missing_branches": 0, "percent_branches_covered": 100.0, "percent_branches_covered_display": "100.00"}, "missing_lines": [], "excluded_lines": [], "start_line": 200, "executed_branches": [], "missing_branches": []}, "WorkflowTemplateManager.update_template": {"executed_lines": [331, 332, 334, 337, 338, 339, 342, 343, 346, 348, 349], "summary": {"covered_lines": 11, "num_statements": 11, "percent_covered": 94.11764705882354, "percent_covered_display": "94.12", "missing_lines": 0, "excluded_lines": 0, "percent_statements_covered": 100.0, "percent_statements_covered_display": "100.00", "num_branches": 6, "num_partial_branches": 1, "covered_branches": 5, "missing_branches": 1, "percent_branches_covered": 83.33333333333333, "percent_branches_covered_display": "83.33"}, "missing_lines": [], "excluded_lines": [], "start_line": 329, "executed_branches": [[331, 332], [331, 334], [337, 338], [337, 342], [338, 339]], "missing_branches": [[338, 337]]}, "WorkflowTemplateManager.list_templates": {"executed_lines": [252, 255, 256, 258, 259, 261, 262, 264, 265, 267, 268, 271, 273], "summary": {"covered_lines": 13, "num_statements": 13, "percent_covered": 100.0, "percent_covered_display": "100.00", "missing_lines": 0, "excluded_lines": 0, "percent_statements_covered": 100.0, "percent_statements_covered_display": "100.00", "num_branches": 10, "num_partial_branches": 0, "covered_branches": 10, "missing_branches": 0, "percent_branches_covered": 100.0, "percent_branches_covered_display": "100.00"}, "missing_lines": [], "excluded_lines": [], "start_line": 244, "executed_branches": [[255, 256], [255, 258], [258, 259], [258, 261], [261, 262], [261, 264], [264, 265], [264, 267], [267, 268], [267, 271]], "missing_branches": []}, "WorkflowTemplateManager.search_templates": {"executed_lines": [277, 278, 280, 282, 283, 284, 287, 288, 290], "summary": {"covered_lines": 9, "num_statements": 9, "percent_covered": 100.0, "percent_covered_display": "100.00", "missing_lines": 0, "excluded_lines": 0, "percent_statements_covered": 100.0, "percent_statements_covered_display": "100.00", "num_branches": 4, "num_partial_branches": 0, "covered_branches": 4, "missing_branches": 0, "percent_branches_covered": 100.0, "percent_branches_covered_display": "100.00"}, "missing_lines": [], "excluded_lines": [], "start_line": 275, "executed_branches": [[280, 282], [280, 287], [283, 280], [283, 284]], "missing_branches": []}, "WorkflowTemplateManager.create_workflow_from_template": {"executed_lines": [298, 299, 300, 302, 304, 307, 312, 313, 315, 317, 325, 326, 327], "summary": {"covered_lines": 13, "num_statements": 13, "percent_covered": 100.0, "percent_covered_display": "100.00", "missing_lines": 0, "excluded_lines": 0, "percent_statements_covered": 100.0, "percent_statements_covered_display": "100.00", "num_branches": 2, "num_partial_branches": 0, "covered_branches": 2, "missing_branches": 0, "percent_branches_covered": 100.0, "percent_branches_covered_display": "100.00"}, "missing_lines": [], "excluded_lines": [], "start_line": 292, "executed_branches": [[299, 300], [299, 302]], "missing_branches": []}, "WorkflowTemplateManager.delete_template": {"executed_lines": [353, 354, 356, 359, 360, 361, 364, 367, 368, 369, 370, 372, 373], "summary": {"covered_lines": 13, "num_statements": 13, "percent_covered": 89.47368421052632, "percent_covered_display": "89.47", "missing_lines": 0, "excluded_lines": 0, "percent_statements_covered": 100.0, "percent_statements_covered_display": "100.00", "num_branches": 6, "num_partial_branches": 2, "covered_branches": 4, "missing_branches": 2, "percent_branches_covered": 66.66666666666667, "percent_branches_covered_display": "66.67"}, "missing_lines": [], "excluded_lines": [], "start_line": 351, "executed_branches": [[353, 354], [353, 356], [360, 361], [368, 369]], "missing_branches": [[360, 364], [368, 372]]}, "WorkflowTemplateManager.rate_template": {"executed_lines": [377, 378, 380, 381, 383, 384, 385, 387, 388], "summary": {"covered_lines": 9, "num_statements": 9, "percent_covered": 100.0, "percent_covered_display": "100.00", "missing_lines": 0, "excluded_lines": 0, "percent_statements_covered": 100.0, "percent_statements_covered_display": "100.00", "num_branches": 4, "num_partial_branches": 0, "covered_branches": 4, "missing_branches": 0, "percent_branches_covered": 100.0, "percent_branches_covered_display": "100.00"}, "missing_lines": [], "excluded_lines": [], "start_line": 375, "executed_branches": [[377, 378], [377, 380], [380, 381], [380, 383]], "missing_branches": []}, "WorkflowTemplateManager.export_template": {"executed_lines": [392, 393, 394, 396], "summary": {"covered_lines": 4, "num_statements": 4, "percent_covered": 100.0, "percent_covered_display": "100.00", "missing_lines": 0, "excluded_lines": 0, "percent_statements_covered": 100.0, "percent_statements_covered_display": "100.00", "num_branches": 2, "num_partial_branches": 0, "covered_branches": 2, "missing_branches": 0, "percent_branches_covered": 100.0, "percent_branches_covered_display": "100.00"}, "missing_lines": [], "excluded_lines": [], "start_line": 390, "executed_branches": [[393, 394], [393, 396]], "missing_branches": []}, "WorkflowTemplateManager.import_template": {"executed_lines": [400, 402, 403, 406, 410], "summary": {"covered_lines": 5, "num_statements": 7, "percent_covered": 72.72727272727273, "percent_covered_display": "72.73", "missing_lines": 2, "excluded_lines": 0, "percent_statements_covered": 71.42857142857143, "percent_statements_covered_display": "71.43", "num_branches": 4, "num_partial_branches": 1, "covered_branches": 3, "missing_branches": 1, "percent_branches_covered": 75.0, "percent_branches_covered_display": "75.00"}, "missing_lines": [407, 408], "excluded_lines": [], "start_line": 398, "executed_branches": [[402, 403], [402, 406], [406, 410]], "missing_branches": [[406, 407]]}, "WorkflowTemplateManager.get_template_statistics": {"executed_lines": [414, 415, 416, 418, 419, 420, 421, 427], "summary": {"covered_lines": 8, "num_statements": 8, "percent_covered": 100.0, "percent_covered_display": "100.00", "missing_lines": 0, "excluded_lines": 0, "percent_statements_covered": 100.0, "percent_statements_covered_display": "100.00", "num_branches": 2, "num_partial_branches": 0, "covered_branches": 2, "missing_branches": 0, "percent_branches_covered": 100.0, "percent_branches_covered_display": "100.00"}, "missing_lines": [], "excluded_lines": [], "start_line": 412, "executed_branches": [[419, 420], [419, 427]], "missing_branches": []}, "WorkflowTemplateManager._validate_template_parameters": {"executed_lines": [438, 440, 441, 442, 445, 446, 449, 452, 453, 456, 457, 458, 459, 460, 461, 462, 464, 465, 466, 467, 468, 469, 470, 471, 472, 474, 476], "summary": {"covered_lines": 27, "num_statements": 28, "percent_covered": 90.38461538461539, "percent_covered_display": "90.38", "missing_lines": 1, "excluded_lines": 0, "percent_statements_covered": 96.42857142857143, "percent_statements_covered_display": "96.43", "num_branches": 24, "num_partial_branches": 4, "covered_branches": 20, "missing_branches": 4, "percent_branches_covered": 83.33333333333333, "percent_branches_covered_display": "83.33"}, "missing_lines": [447], "excluded_lines": [], "start_line": 436, "executed_branches": [[440, 441], [440, 476], [445, 446], [445, 452], [446, 449], [452, 453], [452, 456], [456, 457], [458, 459], [458, 460], [460, 461], [460, 465], [461, 462], [461, 464], [465, 466], [465, 468], [466, 467], [468, 469], [468, 474], [469, 470]], "missing_branches": [[446, 447], [456, 474], [466, 474], [469, 474]]}, "WorkflowTemplateManager._generate_workflow_definition": {"executed_lines": [484, 543], "summary": {"covered_lines": 2, "num_statements": 2, "percent_covered": 100.0, "percent_covered_display": "100.00", "missing_lines": 0, "excluded_lines": 0, "percent_statements_covered": 100.0, "percent_statements_covered_display": "100.00", "num_branches": 0, "num_partial_branches": 0, "covered_branches": 0, "missing_branches": 0, "percent_branches_covered": 100.0, "percent_branches_covered_display": "100.00"}, "missing_lines": [], "excluded_lines": [], "start_line": 478, "executed_branches": [], "missing_branches": []}, "WorkflowTemplateManager._update_indexes": {"executed_lines": [547, 549, 550, 552, 558, 560, 561, 562, 563], "summary": {"covered_lines": 9, "num_statements": 12, "percent_covered": 65.38461538461539, "percent_covered_display": "65.38", "missing_lines": 3, "excluded_lines": 0, "percent_statements_covered": 75.0, "percent_statements_covered_display": "75.00", "num_branches": 14, "num_partial_branches": 2, "covered_branches": 8, "missing_branches": 6, "percent_branches_covered": 57.142857142857146, "percent_branches_covered_display": "57.14"}, "missing_lines": [553, 554, 555], "excluded_lines": [], "start_line": 545, "executed_branches": [[547, 549], [547, 558], [549, 550], [552, -545], [560, -545], [560, 561], [561, 562], [561, 563]], "missing_branches": [[549, 552], [552, 553], [553, 552], [553, 554], [554, 552], [554, 555]]}, "WorkflowTemplateManager._save_template": {"executed_lines": [567, 569, 570, 572], "summary": {"covered_lines": 4, "num_statements": 4, "percent_covered": 100.0, "percent_covered_display": "100.00", "missing_lines": 0, "excluded_lines": 0, "percent_statements_covered": 100.0, "percent_statements_covered_display": "100.00", "num_branches": 0, "num_partial_branches": 0, "covered_branches": 0, "missing_branches": 0, "percent_branches_covered": 100.0, "percent_branches_covered_display": "100.00"}, "missing_lines": [], "excluded_lines": [], "start_line": 565, "executed_branches": [], "missing_branches": []}, "WorkflowTemplateManager.load_templates": {"executed_lines": [576, 579], "summary": {"covered_lines": 2, "num_statements": 13, "percent_covered": 23.529411764705884, "percent_covered_display": "23.53", "missing_lines": 11, "excluded_lines": 0, "percent_statements_covered": 15.384615384615385, "percent_statements_covered_display": "15.38", "num_branches": 4, "num_partial_branches": 2, "covered_branches": 2, "missing_branches": 2, "percent_branches_covered": 50.0, "percent_branches_covered_display": "50.00"}, "missing_lines": [577, 580, 581, 582, 584, 585, 586, 587, 588, 590, 591], "excluded_lines": [], "start_line": 574, "executed_branches": [[576, 579], [579, -574]], "missing_branches": [[576, 577], [579, 580]]}, "WorkflowTemplateManager.load_built_in_templates": {"executed_lines": [596, 614, 615, 616, 617, 618, 619, 620], "summary": {"covered_lines": 8, "num_statements": 10, "percent_covered": 78.57142857142857, "percent_covered_display": "78.57", "missing_lines": 2, "excluded_lines": 0, "percent_statements_covered": 80.0, "percent_statements_covered_display": "80.00", "num_branches": 4, "num_partial_branches": 1, "covered_branches": 3, "missing_branches": 1, "percent_branches_covered": 75.0, "percent_branches_covered_display": "75.00"}, "missing_lines": [621, 622], "excluded_lines": [], "start_line": 593, "executed_branches": [[614, -593], [614, 615], [617, 618]], "missing_branches": [[617, 614]]}, "WorkflowTemplateManager._create_data_processing_template": {"executed_lines": [626], "summary": {"covered_lines": 1, "num_statements": 1, "percent_covered": 100.0, "percent_covered_display": "100.00", "missing_lines": 0, "excluded_lines": 0, "percent_statements_covered": 100.0, "percent_statements_covered_display": "100.00", "num_branches": 0, "num_partial_branches": 0, "covered_branches": 0, "missing_branches": 0, "percent_branches_covered": 100.0, "percent_branches_covered_display": "100.00"}, "missing_lines": [], "excluded_lines": [], "start_line": 624, "executed_branches": [], "missing_branches": []}, "WorkflowTemplateManager._create_automation_template": {"executed_lines": [708], "summary": {"covered_lines": 1, "num_statements": 1, "percent_covered": 100.0, "percent_covered_display": "100.00", "missing_lines": 0, "excluded_lines": 0, "percent_statements_covered": 100.0, "percent_statements_covered_display": "100.00", "num_branches": 0, "num_partial_branches": 0, "covered_branches": 0, "missing_branches": 0, "percent_branches_covered": 100.0, "percent_branches_covered_display": "100.00"}, "missing_lines": [], "excluded_lines": [], "start_line": 706, "executed_branches": [], "missing_branches": []}, "WorkflowTemplateManager._create_monitoring_template": {"executed_lines": [766], "summary": {"covered_lines": 1, "num_statements": 1, "percent_covered": 100.0, "percent_covered_display": "100.00", "missing_lines": 0, "excluded_lines": 0, "percent_statements_covered": 100.0, "percent_statements_covered_display": "100.00", "num_branches": 0, "num_partial_branches": 0, "covered_branches": 0, "missing_branches": 0, "percent_branches_covered": 100.0, "percent_branches_covered_display": "100.00"}, "missing_lines": [], "excluded_lines": [], "start_line": 764, "executed_branches": [], "missing_branches": []}, "WorkflowTemplateManager._create_integration_template": {"executed_lines": [832], "summary": {"covered_lines": 1, "num_statements": 1, "percent_covered": 100.0, "percent_covered_display": "100.00", "missing_lines": 0, "excluded_lines": 0, "percent_statements_covered": 100.0, "percent_statements_covered_display": "100.00", "num_branches": 0, "num_partial_branches": 0, "covered_branches": 0, "missing_branches": 0, "percent_branches_covered": 100.0, "percent_branches_covered_display": "100.00"}, "missing_lines": [], "excluded_lines": [], "start_line": 830, "executed_branches": [], "missing_branches": []}, "WorkflowTemplateManager._create_content_management_template": {"executed_lines": [899], "summary": {"covered_lines": 1, "num_statements": 1, "percent_covered": 100.0, "percent_covered_display": "100.00", "missing_lines": 0, "excluded_lines": 0, "percent_statements_covered": 100.0, "percent_statements_covered_display": "100.00", "num_branches": 0, "num_partial_branches": 0, "covered_branches": 0, "missing_branches": 0, "percent_branches_covered": 100.0, "percent_branches_covered_display": "100.00"}, "missing_lines": [], "excluded_lines": [], "start_line": 897, "executed_branches": [], "missing_branches": []}, "WorkflowTemplateManager._create_burnout_protection_template": {"executed_lines": [990], "summary": {"covered_lines": 1, "num_statements": 1, "percent_covered": 100.0, "percent_covered_display": "100.00", "missing_lines": 0, "excluded_lines": 0, "percent_statements_covered": 100.0, "percent_statements_covered_display": "100.00", "num_branches": 0, "num_partial_branches": 0, "covered_branches": 0, "missing_branches": 0, "percent_branches_covered": 100.0, "percent_branches_covered_display": "100.00"}, "missing_lines": [], "excluded_lines": [], "start_line": 988, "executed_branches": [], "missing_branches": []}, "WorkflowTemplateManager._create_deadline_mitigation_template": {"executed_lines": [1036], "summary": {"covered_lines": 1, "num_statements": 1, "percent_covered": 100.0, "percent_covered_display": "100.00", "missing_lines": 0, "excluded_lines": 0, "percent_statements_covered": 100.0, "percent_statements_covered_display": "100.00", "num_branches": 0, "num_partial_branches": 0, "covered_branches": 0, "missing_branches": 0, "percent_branches_covered": 100.0, "percent_branches_covered_display": "100.00"}, "missing_lines": [], "excluded_lines": [], "start_line": 1034, "executed_branches": [], "missing_branches": []}, "WorkflowTemplateManager._create_email_followup_template": {"executed_lines": [1075], "summary": {"covered_lines": 1, "num_statements": 1, "percent_covered": 100.0, "percent_covered_display": "100.00", "missing_lines": 0, "excluded_lines": 0, "percent_statements_covered": 100.0, "percent_statements_covered_display": "100.00", "num_branches": 0, "num_partial_branches": 0, "covered_branches": 0, "missing_branches": 0, "percent_branches_covered": 100.0, "percent_branches_covered_display": "100.00"}, "missing_lines": [], "excluded_lines": [], "start_line": 1073, "executed_branches": [], "missing_branches": []}, "WorkflowTemplateManager._create_goal_driven_automation_template": {"executed_lines": [1121], "summary": {"covered_lines": 1, "num_statements": 1, "percent_covered": 100.0, "percent_covered_display": "100.00", "missing_lines": 0, "excluded_lines": 0, "percent_statements_covered": 100.0, "percent_statements_covered_display": "100.00", "num_branches": 0, "num_partial_branches": 0, "covered_branches": 0, "missing_branches": 0, "percent_branches_covered": 100.0, "percent_branches_covered_display": "100.00"}, "missing_lines": [], "excluded_lines": [], "start_line": 1119, "executed_branches": [], "missing_branches": []}, "WorkflowTemplateManager._create_agent_pipeline_template": {"executed_lines": [1194], "summary": {"covered_lines": 1, "num_statements": 1, "percent_covered": 100.0, "percent_covered_display": "100.00", "missing_lines": 0, "excluded_lines": 0, "percent_statements_covered": 100.0, "percent_statements_covered_display": "100.00", "num_branches": 0, "num_partial_branches": 0, "covered_branches": 0, "missing_branches": 0, "percent_branches_covered": 100.0, "percent_branches_covered_display": "100.00"}, "missing_lines": [], "excluded_lines": [], "start_line": 1192, "executed_branches": [], "missing_branches": []}, "WorkflowTemplateManager._create_cost_optimization_template": {"executed_lines": [1269], "summary": {"covered_lines": 1, "num_statements": 1, "percent_covered": 100.0, "percent_covered_display": "100.00", "missing_lines": 0, "excluded_lines": 0, "percent_statements_covered": 100.0, "percent_statements_covered_display": "100.00", "num_branches": 0, "num_partial_branches": 0, "covered_branches": 0, "missing_branches": 0, "percent_branches_covered": 100.0, "percent_branches_covered_display": "100.00"}, "missing_lines": [], "excluded_lines": [], "start_line": 1267, "executed_branches": [], "missing_branches": []}, "WorkflowTemplateManager._create_budget_approval_template": {"executed_lines": [1291], "summary": {"covered_lines": 1, "num_statements": 1, "percent_covered": 100.0, "percent_covered_display": "100.00", "missing_lines": 0, "excluded_lines": 0, "percent_statements_covered": 100.0, "percent_statements_covered_display": "100.00", "num_branches": 0, "num_partial_branches": 0, "covered_branches": 0, "missing_branches": 0, "percent_branches_covered": 100.0, "percent_branches_covered_display": "100.00"}, "missing_lines": [], "excluded_lines": [], "start_line": 1289, "executed_branches": [], "missing_branches": []}, "WorkflowTemplateManager._create_invoice_reconciliation_template": {"executed_lines": [1319], "summary": {"covered_lines": 1, "num_statements": 1, "percent_covered": 100.0, "percent_covered_display": "100.00", "missing_lines": 0, "excluded_lines": 0, "percent_statements_covered": 100.0, "percent_statements_covered_display": "100.00", "num_branches": 0, "num_partial_branches": 0, "covered_branches": 0, "missing_branches": 0, "percent_branches_covered": 100.0, "percent_branches_covered_display": "100.00"}, "missing_lines": [], "excluded_lines": [], "start_line": 1317, "executed_branches": [], "missing_branches": []}, "WorkflowTemplateManager._create_periodic_portal_check_template": {"executed_lines": [1342], "summary": {"covered_lines": 1, "num_statements": 1, "percent_covered": 100.0, "percent_covered_display": "100.00", "missing_lines": 0, "excluded_lines": 0, "percent_statements_covered": 100.0, "percent_statements_covered_display": "100.00", "num_branches": 0, "num_partial_branches": 0, "covered_branches": 0, "missing_branches": 0, "percent_branches_covered": 100.0, "percent_branches_covered_display": "100.00"}, "missing_lines": [], "excluded_lines": [], "start_line": 1340, "executed_branches": [], "missing_branches": []}, "": {"executed_lines": [6, 7, 8, 9, 10, 11, 12, 13, 15, 17, 18, 19, 20, 21, 22, 23, 24, 25, 26, 28, 29, 30, 31, 32, 34, 37, 38, 39, 40, 41, 42, 43, 44, 45, 47, 48, 49, 52, 54, 56, 57, 58, 59, 60, 61, 62, 63, 64, 65, 67, 69, 70, 71, 76, 78, 83, 86, 87, 88, 89, 92, 93, 94, 97, 98, 99, 102, 103, 104, 105, 108, 109, 110, 112, 113, 114, 125, 134, 139, 148, 150, 151, 152, 153, 155, 157, 160, 174, 200, 204, 244, 275, 292, 329, 351, 375, 390, 398, 412, 436, 478, 545, 565, 574, 593, 624, 706, 764, 830, 897, 988, 1034, 1073, 1119, 1192, 1267, 1289, 1317, 1340], "summary": {"covered_lines": 119, "num_statements": 119, "percent_covered": 100.0, "percent_covered_display": "100.00", "missing_lines": 0, "excluded_lines": 0, "percent_statements_covered": 100.0, "percent_statements_covered_display": "100.00", "num_branches": 0, "num_partial_branches": 0, "covered_branches": 0, "missing_branches": 0, "percent_branches_covered": 100.0, "percent_branches_covered_display": "100.00"}, "missing_lines": [], "excluded_lines": [], "start_line": 1, "executed_branches": [], "missing_branches": []}}, "classes": {"TemplateCategory": {"executed_lines": [], "summary": {"covered_lines": 0, "num_statements": 0, "percent_covered": 100.0, "percent_covered_display": "100.00", "missing_lines": 0, "excluded_lines": 0, "percent_statements_covered": 100.0, "percent_statements_covered_display": "100.00", "num_branches": 0, "num_partial_branches": 0, "covered_branches": 0, "missing_branches": 0, "percent_branches_covered": 100.0, "percent_branches_covered_display": "100.00"}, "missing_lines": [], "excluded_lines": [], "start_line": 17, "executed_branches": [], "missing_branches": []}, "TemplateComplexity": {"executed_lines": [], "summary": {"covered_lines": 0, "num_statements": 0, "percent_covered": 100.0, "percent_covered_display": "100.00", "missing_lines": 0, "excluded_lines": 0, "percent_statements_covered": 100.0, "percent_statements_covered_display": "100.00", "num_branches": 0, "num_partial_branches": 0, "covered_branches": 0, "missing_branches": 0, "percent_branches_covered": 100.0, "percent_branches_covered_display": "100.00"}, "missing_lines": [], "excluded_lines": [], "start_line": 28, "executed_branches": [], "missing_branches": []}, "TemplateParameter": {"executed_lines": [50], "summary": {"covered_lines": 1, "num_statements": 1, "percent_covered": 100.0, "percent_covered_display": "100.00", "missing_lines": 0, "excluded_lines": 0, "percent_statements_covered": 100.0, "percent_statements_covered_display": "100.00", "num_branches": 0, "num_partial_branches": 0, "covered_branches": 0, "missing_branches": 0, "percent_branches_covered": 100.0, "percent_branches_covered_display": "100.00"}, "missing_lines": [], "excluded_lines": [], "start_line": 34, "executed_branches": [], "missing_branches": []}, "TemplateStep": {"executed_lines": [74], "summary": {"covered_lines": 1, "num_statements": 1, "percent_covered": 100.0, "percent_covered_display": "100.00", "missing_lines": 0, "excluded_lines": 0, "percent_statements_covered": 100.0, "percent_statements_covered_display": "100.00", "num_branches": 0, "num_partial_branches": 0, "covered_branches": 0, "missing_branches": 0, "percent_branches_covered": 100.0, "percent_branches_covered_display": "100.00"}, "missing_lines": [], "excluded_lines": [], "start_line": 52, "executed_branches": [], "missing_branches": []}, "WorkflowTemplate": {"executed_lines": [116, 118, 119, 120, 121, 123, 127, 132, 136, 137, 141, 142, 144, 145, 146], "summary": {"covered_lines": 15, "num_statements": 15, "percent_covered": 100.0, "percent_covered_display": "100.00", "missing_lines": 0, "excluded_lines": 0, "percent_statements_covered": 100.0, "percent_statements_covered_display": "100.00", "num_branches": 8, "num_partial_branches": 0, "covered_branches": 8, "missing_branches": 0, "percent_branches_covered": 100.0, "percent_branches_covered_display": "100.00"}, "missing_lines": [], "excluded_lines": [], "start_line": 76, "executed_branches": [[118, 119], [118, 123], [119, 118], [119, 120], [120, 119], [120, 121], [141, 142], [141, 144]], "missing_branches": []}, "TemplateMarketplace": {"executed_lines": [], "summary": {"covered_lines": 0, "num_statements": 0, "percent_covered": 100.0, "percent_covered_display": "100.00", "missing_lines": 0, "excluded_lines": 0, "percent_statements_covered": 100.0, "percent_statements_covered_display": "100.00", "num_branches": 0, "num_partial_branches": 0, "covered_branches": 0, "missing_branches": 0, "percent_branches_covered": 100.0, "percent_branches_covered_display": "100.00"}, "missing_lines": [], "excluded_lines": [], "start_line": 148, "executed_branches": [], "missing_branches": []}, "WorkflowTemplateManager": {"executed_lines": [161, 162, 164, 165, 166, 169, 170, 172, 176, 178, 181, 184, 185, 188, 191, 193, 194, 202, 252, 255, 256, 258, 259, 261, 262, 264, 265, 267, 268, 271, 273, 277, 278, 280, 282, 283, 284, 287, 288, 290, 298, 299, 300, 302, 304, 307, 312, 313, 315, 317, 325, 326, 327, 331, 332, 334, 337, 338, 339, 342, 343, 346, 348, 349, 353, 354, 356, 359, 360, 361, 364, 367, 368, 369, 370, 372, 373, 377, 378, 380, 381, 383, 384, 385, 387, 388, 392, 393, 394, 396, 400, 402, 403, 406, 410, 414, 415, 416, 418, 419, 420, 421, 427, 438, 440, 441, 442, 445, 446, 449, 452, 453, 456, 457, 458, 459, 460, 461, 462, 464, 465, 466, 467, 468, 469, 470, 471, 472, 474, 476, 484, 543, 547, 549, 550, 552, 558, 560, 561, 562, 563, 567, 569, 570, 572, 576, 579, 596, 614, 615, 616, 617, 618, 619, 620, 626, 708, 766, 832, 899, 990, 1036, 1075, 1121, 1194, 1269, 1291, 1319, 1342], "summary": {"covered_lines": 169, "num_statements": 214, "percent_covered": 75.79617834394904, "percent_covered_display": "75.80", "missing_lines": 45, "excluded_lines": 0, "percent_statements_covered": 78.97196261682242, "percent_statements_covered_display": "78.97", "num_branches": 100, "num_partial_branches": 13, "covered_branches": 69, "missing_branches": 31, "percent_branches_covered": 69.0, "percent_branches_covered_display": "69.00"}, "missing_lines": [196, 197, 198, 206, 207, 208, 211, 212, 214, 216, 217, 218, 220, 221, 224, 225, 227, 229, 230, 232, 234, 237, 238, 239, 240, 242, 407, 408, 447, 553, 554, 555, 577, 580, 581, 582, 584, 585, 586, 587, 588, 590, 591, 621, 622], "excluded_lines": [], "start_line": 157, "executed_branches": [[255, 256], [255, 258], [258, 259], [258, 261], [261, 262], [261, 264], [264, 265], [264, 267], [267, 268], [267, 271], [280, 282], [280, 287], [283, 280], [283, 284], [299, 300], [299, 302], [331, 332], [331, 334], [337, 338], [337, 342], [338, 339], [353, 354], [353, 356], [360, 361], [368, 369], [377, 378], [377, 380], [380, 381], [380, 383], [393, 394], [393, 396], [402, 403], [402, 406], [406, 410], [419, 420], [419, 427], [440, 441], [440, 476], [445, 446], [445, 452], [446, 449], [452, 453], [452, 456], [456, 457], [458, 459], [458, 460], [460, 461], [460, 465], [461, 462], [461, 464], [465, 466], [465, 468], [466, 467], [468, 469], [468, 474], [469, 470], [547, 549], [547, 558], [549, 550], [552, -545], [560, -545], [560, 561], [561, 562], [561, 563], [576, 579], [579, -574], [614, -593], [614, 615], [617, 618]], "missing_branches": [[207, 208], [207, 211], [211, 212], [211, 234], [212, 211], [212, 214], [214, 216], [214, 232], [217, 218], [217, 230], [218, 220], [218, 229], [220, 221], [220, 224], [338, 337], [360, 364], [368, 372], [406, 407], [446, 447], [456, 474], [466, 474], [469, 474], [549, 552], [552, 553], [553, 552], [553, 554], [554, 552], [554, 555], [576, 577], [579, 580], [617, 614]]}, "": {"executed_lines": [6, 7, 8, 9, 10, 11, 12, 13, 15, 17, 18, 19, 20, 21, 22, 23, 24, 25, 26, 28, 29, 30, 31, 32, 34, 37, 38, 39, 40, 41, 42, 43, 44, 45, 47, 48, 49, 52, 54, 56, 57, 58, 59, 60, 61, 62, 63, 64, 65, 67, 69, 70, 71, 76, 78, 83, 86, 87, 88, 89, 92, 93, 94, 97, 98, 99, 102, 103, 104, 105, 108, 109, 110, 112, 113, 114, 125, 134, 139, 148, 150, 151, 152, 153, 155, 157, 160, 174, 200, 204, 244, 275, 292, 329, 351, 375, 390, 398, 412, 436, 478, 545, 565, 574, 593, 624, 706, 764, 830, 897, 988, 1034, 1073, 1119, 1192, 1267, 1289, 1317, 1340], "summary": {"covered_lines": 119, "num_statements": 119, "percent_covered": 100.0, "percent_covered_display": "100.00", "missing_lines": 0, "excluded_lines": 0, "percent_statements_covered": 100.0, "percent_statements_covered_display": "100.00", "num_branches": 0, "num_partial_branches": 0, "covered_branches": 0, "missing_branches": 0, "percent_branches_covered": 100.0, "percent_branches_covered_display": "100.00"}, "missing_lines": [], "excluded_lines": [], "start_line": 1, "executed_branches": [], "missing_branches": []}}}}, "totals": {"covered_lines": 350, "num_statements": 400, "percent_covered": 84.28030303030303, "percent_covered_display": "84.28", "missing_lines": 50, "excluded_lines": 0, "percent_statements_covered": 87.5, "percent_statements_covered_display": "87.50", "num_branches": 128, "num_partial_branches": 15, "covered_branches": 95, "missing_branches": 33, "percent_branches_covered": 74.21875, "percent_branches_covered_display": "74.22"}}