{"meta": {"format": 3, "version": "7.13.4", "timestamp": "2026-03-17T22:52:35.261641", "branch_coverage": true, "show_contexts": false}, "files": {"core/agent_context_resolver.py": {"executed_lines": [13, 14, 15, 16, 18, 19, 21, 24, 29, 30, 31, 33, 54, 63, 66, 67, 68, 69, 70, 71, 73, 74, 77, 78, 79, 80, 81, 82, 84, 87, 88, 89, 90, 91, 93, 94, 96, 98, 100, 101, 104, 105, 106, 108, 114, 115, 119, 120, 121, 124, 125, 127, 128, 129, 130, 132, 133, 134, 135, 139, 145, 147, 152, 153, 156, 157, 170, 171, 172, 174, 175, 176, 177, 178, 180, 190, 191, 195, 196, 197, 200, 204, 205, 206, 209, 210, 211, 213, 214, 215, 216, 217, 218, 222, 233], "summary": {"covered_lines": 95, "num_statements": 95, "percent_covered": 99.14529914529915, "percent_covered_display": "99.15", "missing_lines": 0, "excluded_lines": 0, "percent_statements_covered": 100.0, "percent_statements_covered_display": "100.00", "num_branches": 22, "num_partial_branches": 1, "covered_branches": 21, "missing_branches": 1, "percent_branches_covered": 95.45454545454545, "percent_branches_covered_display": "95.45"}, "missing_lines": [], "excluded_lines": [], "executed_branches": [[66, 67], [66, 77], [68, 69], [68, 73], [77, 78], [77, 87], [79, 80], [79, 84], [88, 89], [88, 93], [119, 120], [119, 124], [127, 128], [127, 132], [129, 130], [152, 153], [152, 156], [195, 196], [195, 200], [204, 205], [204, 209]], "missing_branches": [[129, 132]], "functions": {"AgentContextResolver.__init__": {"executed_lines": [30, 31], "summary": {"covered_lines": 2, "num_statements": 2, "percent_covered": 100.0, "percent_covered_display": "100.00", "missing_lines": 0, "excluded_lines": 0, "percent_statements_covered": 100.0, "percent_statements_covered_display": "100.00", "num_branches": 0, "num_partial_branches": 0, "covered_branches": 0, "missing_branches": 0, "percent_branches_covered": 100.0, "percent_branches_covered_display": "100.00"}, "missing_lines": [], "excluded_lines": [], "start_line": 29, "executed_branches": [], "missing_branches": []}, "AgentContextResolver.resolve_agent_for_request": {"executed_lines": [54, 63, 66, 67, 68, 69, 70, 71, 73, 74, 77, 78, 79, 80, 81, 82, 84, 87, 88, 89, 90, 91, 93, 94, 96], "summary": {"covered_lines": 25, "num_statements": 25, "percent_covered": 100.0, "percent_covered_display": "100.00", "missing_lines": 0, "excluded_lines": 0, "percent_statements_covered": 100.0, "percent_statements_covered_display": "100.00", "num_branches": 10, "num_partial_branches": 0, "covered_branches": 10, "missing_branches": 0, "percent_branches_covered": 100.0, "percent_branches_covered_display": "100.00"}, "missing_lines": [], "excluded_lines": [], "start_line": 33, "executed_branches": [[66, 67], [66, 77], [68, 69], [68, 73], [77, 78], [77, 87], [79, 80], [79, 84], [88, 89], [88, 93]], "missing_branches": []}, "AgentContextResolver._get_agent": {"executed_lines": [100, 101, 104, 105, 106], "summary": {"covered_lines": 5, "num_statements": 5, "percent_covered": 100.0, "percent_covered_display": "100.00", "missing_lines": 0, "excluded_lines": 0, "percent_statements_covered": 100.0, "percent_statements_covered_display": "100.00", "num_branches": 0, "num_partial_branches": 0, "covered_branches": 0, "missing_branches": 0, "percent_branches_covered": 100.0, "percent_branches_covered_display": "100.00"}, "missing_lines": [], "excluded_lines": [], "start_line": 98, "executed_branches": [], "missing_branches": []}, "AgentContextResolver._get_session_agent": {"executed_lines": [114, 115, 119, 120, 121, 124, 125, 127, 128, 129, 130, 132, 133, 134, 135], "summary": {"covered_lines": 15, "num_statements": 15, "percent_covered": 95.23809523809524, "percent_covered_display": "95.24", "missing_lines": 0, "excluded_lines": 0, "percent_statements_covered": 100.0, "percent_statements_covered_display": "100.00", "num_branches": 6, "num_partial_branches": 1, "covered_branches": 5, "missing_branches": 1, "percent_branches_covered": 83.33333333333333, "percent_branches_covered_display": "83.33"}, "missing_lines": [], "excluded_lines": [], "start_line": 108, "executed_branches": [[119, 120], [119, 124], [127, 128], [127, 132], [129, 130]], "missing_branches": [[129, 132]]}, "AgentContextResolver._get_or_create_system_default": {"executed_lines": [145, 147, 152, 153, 156, 157, 170, 171, 172, 174, 175, 176, 177, 178], "summary": {"covered_lines": 14, "num_statements": 14, "percent_covered": 100.0, "percent_covered_display": "100.00", "missing_lines": 0, "excluded_lines": 0, "percent_statements_covered": 100.0, "percent_statements_covered_display": "100.00", "num_branches": 2, "num_partial_branches": 0, "covered_branches": 2, "missing_branches": 0, "percent_branches_covered": 100.0, "percent_branches_covered_display": "100.00"}, "missing_lines": [], "excluded_lines": [], "start_line": 139, "executed_branches": [[152, 153], [152, 156]], "missing_branches": []}, "AgentContextResolver.set_session_agent": {"executed_lines": [190, 191, 195, 196, 197, 200, 204, 205, 206, 209, 210, 211, 213, 214, 215, 216, 217, 218], "summary": {"covered_lines": 18, "num_statements": 18, "percent_covered": 100.0, "percent_covered_display": "100.00", "missing_lines": 0, "excluded_lines": 0, "percent_statements_covered": 100.0, "percent_statements_covered_display": "100.00", "num_branches": 4, "num_partial_branches": 0, "covered_branches": 4, "missing_branches": 0, "percent_branches_covered": 100.0, "percent_branches_covered_display": "100.00"}, "missing_lines": [], "excluded_lines": [], "start_line": 180, "executed_branches": [[195, 196], [195, 200], [204, 205], [204, 209]], "missing_branches": []}, "AgentContextResolver.validate_agent_for_action": {"executed_lines": [233], "summary": {"covered_lines": 1, "num_statements": 1, "percent_covered": 100.0, "percent_covered_display": "100.00", "missing_lines": 0, "excluded_lines": 0, "percent_statements_covered": 100.0, "percent_statements_covered_display": "100.00", "num_branches": 0, "num_partial_branches": 0, "covered_branches": 0, "missing_branches": 0, "percent_branches_covered": 100.0, "percent_branches_covered_display": "100.00"}, "missing_lines": [], "excluded_lines": [], "start_line": 222, "executed_branches": [], "missing_branches": []}, "": {"executed_lines": [13, 14, 15, 16, 18, 19, 21, 24, 29, 33, 98, 108, 139, 180, 222], "summary": {"covered_lines": 15, "num_statements": 15, "percent_covered": 100.0, "percent_covered_display": "100.00", "missing_lines": 0, "excluded_lines": 0, "percent_statements_covered": 100.0, "percent_statements_covered_display": "100.00", "num_branches": 0, "num_partial_branches": 0, "covered_branches": 0, "missing_branches": 0, "percent_branches_covered": 100.0, "percent_branches_covered_display": "100.00"}, "missing_lines": [], "excluded_lines": [], "start_line": 1, "executed_branches": [], "missing_branches": []}}, "classes": {"AgentContextResolver": {"executed_lines": [30, 31, 54, 63, 66, 67, 68, 69, 70, 71, 73, 74, 77, 78, 79, 80, 81, 82, 84, 87, 88, 89, 90, 91, 93, 94, 96, 100, 101, 104, 105, 106, 114, 115, 119, 120, 121, 124, 125, 127, 128, 129, 130, 132, 133, 134, 135, 145, 147, 152, 153, 156, 157, 170, 171, 172, 174, 175, 176, 177, 178, 190, 191, 195, 196, 197, 200, 204, 205, 206, 209, 210, 211, 213, 214, 215, 216, 217, 218, 233], "summary": {"covered_lines": 80, "num_statements": 80, "percent_covered": 99.01960784313725, "percent_covered_display": "99.02", "missing_lines": 0, "excluded_lines": 0, "percent_statements_covered": 100.0, "percent_statements_covered_display": "100.00", "num_branches": 22, "num_partial_branches": 1, "covered_branches": 21, "missing_branches": 1, "percent_branches_covered": 95.45454545454545, "percent_branches_covered_display": "95.45"}, "missing_lines": [], "excluded_lines": [], "start_line": 24, "executed_branches": [[66, 67], [66, 77], [68, 69], [68, 73], [77, 78], [77, 87], [79, 80], [79, 84], [88, 89], [88, 93], [119, 120], [119, 124], [127, 128], [127, 132], [129, 130], [152, 153], [152, 156], [195, 196], [195, 200], [204, 205], [204, 209]], "missing_branches": [[129, 132]]}, "": {"executed_lines": [13, 14, 15, 16, 18, 19, 21, 24, 29, 33, 98, 108, 139, 180, 222], "summary": {"covered_lines": 15, "num_statements": 15, "percent_covered": 100.0, "percent_covered_display": "100.00", "missing_lines": 0, "excluded_lines": 0, "percent_statements_covered": 100.0, "percent_statements_covered_display": "100.00", "num_branches": 0, "num_partial_branches": 0, "covered_branches": 0, "missing_branches": 0, "percent_branches_covered": 100.0, "percent_branches_covered_display": "100.00"}, "missing_lines": [], "excluded_lines": [], "start_line": 1, "executed_branches": [], "missing_branches": []}}}, "core/agent_governance_service.py": {"executed_lines": [1, 2, 3, 4, 5, 6, 8, 9, 10, 20, 22, 24, 25, 26, 28, 37, 42, 44, 52, 53, 56, 57, 58, 60, 61, 62, 64, 96, 161, 169, 174, 175, 176, 179, 182, 183, 185, 186, 188, 190, 194, 196, 197, 198, 199, 200, 201, 203, 205, 206, 208, 209, 211, 212, 214, 220, 221, 223, 224, 228, 229, 232, 233, 235, 236, 237, 239, 241, 242, 243, 244, 249, 302, 309, 331, 332, 333, 334, 336, 338, 340, 341, 342, 343, 351, 352, 353, 354, 355, 356, 357, 359, 362, 363, 367, 370, 371, 372, 373, 374, 375, 378, 381, 388, 389, 391, 392, 394, 395, 397, 399, 401, 412, 413, 415, 417, 455, 461, 462, 463, 465, 472, 473, 475, 480, 493, 505, 507, 509, 518, 530, 539, 547, 558, 559, 560, 561, 563, 565, 566, 567, 569, 576, 584, 585, 587, 588, 591, 592, 595, 596, 597, 599, 605, 618, 619, 622, 630, 631, 632, 635, 638, 639, 642, 645, 650, 651, 652, 653, 655, 656, 660, 671, 672, 676, 677, 678, 681, 684, 685, 687, 688, 691, 692, 694, 699, 706, 717, 718, 722, 723, 724, 727, 728, 730, 731, 734, 735, 737, 742, 749, 759, 760, 764, 765, 766, 769, 770, 774, 777, 778, 780, 782, 783, 787, 788, 790, 791, 794, 795, 797, 802], "summary": {"covered_lines": 222, "num_statements": 286, "percent_covered": 78.45744680851064, "percent_covered_display": "78.46", "missing_lines": 64, "excluded_lines": 0, "percent_statements_covered": 77.62237762237763, "percent_statements_covered_display": "77.62", "num_branches": 90, "num_partial_branches": 7, "covered_branches": 73, "missing_branches": 17, "percent_branches_covered": 81.11111111111111, "percent_branches_covered_display": "81.11"}, "missing_lines": [76, 77, 78, 80, 88, 89, 92, 94, 100, 101, 108, 113, 114, 117, 118, 120, 122, 123, 124, 125, 128, 131, 132, 136, 150, 154, 155, 156, 157, 159, 165, 166, 167, 225, 337, 422, 424, 425, 428, 435, 436, 439, 440, 442, 443, 444, 446, 453, 520, 701, 702, 703, 704, 744, 745, 746, 747, 779, 781, 785, 804, 805, 806, 807], "excluded_lines": [], "executed_branches": [[42, 44], [42, 56], [175, 176], [175, 179], [185, 186], [185, 188], [196, 197], [196, 198], [198, 199], [198, 200], [200, 201], [200, 203], [205, 206], [205, 211], [220, 221], [220, 223], [224, 228], [242, 243], [242, 244], [333, 334], [333, 340], [336, 338], [342, 343], [342, 351], [352, 353], [352, 354], [354, 355], [354, 356], [356, 357], [356, 359], [362, 363], [362, 370], [372, 373], [372, 378], [373, 372], [373, 374], [394, 395], [394, 397], [462, 463], [462, 465], [507, 509], [507, 518], [518, 530], [566, 567], [566, 569], [587, 588], [587, 591], [591, 592], [591, 595], [595, 596], [596, 597], [596, 599], [630, 631], [630, 638], [631, 630], [631, 632], [638, 639], [638, 645], [650, 651], [650, 655], [651, 650], [651, 652], [676, 677], [676, 681], [722, 723], [722, 727], [764, 765], [764, 769], [769, 770], [769, 777], [778, 780], [780, 782], [782, 783]], "missing_branches": [[77, 78], [77, 80], [114, 117], [114, 120], [117, 118], [117, 120], [122, 123], [122, 154], [224, 225], [336, 337], [424, 425], [424, 453], [518, 520], [595, 599], [778, 779], [780, 781], [782, 785]], "functions": {"AgentGovernanceService.__init__": {"executed_lines": [26], "summary": {"covered_lines": 1, "num_statements": 1, "percent_covered": 100.0, "percent_covered_display": "100.00", "missing_lines": 0, "excluded_lines": 0, "percent_statements_covered": 100.0, "percent_statements_covered_display": "100.00", "num_branches": 0, "num_partial_branches": 0, "covered_branches": 0, "missing_branches": 0, "percent_branches_covered": 100.0, "percent_branches_covered_display": "100.00"}, "missing_lines": [], "excluded_lines": [], "start_line": 25, "executed_branches": [], "missing_branches": []}, "AgentGovernanceService.register_or_update_agent": {"executed_lines": [37, 42, 44, 52, 53, 56, 57, 58, 60, 61, 62], "summary": {"covered_lines": 11, "num_statements": 11, "percent_covered": 100.0, "percent_covered_display": "100.00", "missing_lines": 0, "excluded_lines": 0, "percent_statements_covered": 100.0, "percent_statements_covered_display": "100.00", "num_branches": 2, "num_partial_branches": 0, "covered_branches": 2, "missing_branches": 0, "percent_branches_covered": 100.0, "percent_branches_covered_display": "100.00"}, "missing_lines": [], "excluded_lines": [], "start_line": 28, "executed_branches": [[42, 44], [42, 56]], "missing_branches": []}, "AgentGovernanceService.submit_feedback": {"executed_lines": [], "summary": {"covered_lines": 0, "num_statements": 8, "percent_covered": 0.0, "percent_covered_display": "0.00", "missing_lines": 8, "excluded_lines": 0, "percent_statements_covered": 0.0, "percent_statements_covered_display": "0.00", "num_branches": 2, "num_partial_branches": 0, "covered_branches": 0, "missing_branches": 2, "percent_branches_covered": 0.0, "percent_branches_covered_display": "0.00"}, "missing_lines": [76, 77, 78, 80, 88, 89, 92, 94], "excluded_lines": [], "start_line": 64, "executed_branches": [], "missing_branches": [[77, 78], [77, 80]]}, "AgentGovernanceService._adjudicate_feedback": {"executed_lines": [], "summary": {"covered_lines": 0, "num_statements": 22, "percent_covered": 0.0, "percent_covered_display": "0.00", "missing_lines": 22, "excluded_lines": 0, "percent_statements_covered": 0.0, "percent_statements_covered_display": "0.00", "num_branches": 6, "num_partial_branches": 0, "covered_branches": 0, "missing_branches": 6, "percent_branches_covered": 0.0, "percent_branches_covered_display": "0.00"}, "missing_lines": [100, 101, 108, 113, 114, 117, 118, 120, 122, 123, 124, 125, 128, 131, 132, 136, 150, 154, 155, 156, 157, 159], "excluded_lines": [], "start_line": 96, "executed_branches": [], "missing_branches": [[114, 117], [114, 120], [117, 118], [117, 120], [122, 123], [122, 154]]}, "AgentGovernanceService.record_outcome": {"executed_lines": [], "summary": {"covered_lines": 0, "num_statements": 3, "percent_covered": 0.0, "percent_covered_display": "0.00", "missing_lines": 3, "excluded_lines": 0, "percent_statements_covered": 0.0, "percent_statements_covered_display": "0.00", "num_branches": 0, "num_partial_branches": 0, "covered_branches": 0, "missing_branches": 0, "percent_branches_covered": 100.0, "percent_branches_covered_display": "100.00"}, "missing_lines": [165, 166, 167], "excluded_lines": [], "start_line": 161, "executed_branches": [], "missing_branches": []}, "AgentGovernanceService._update_confidence_score": {"executed_lines": [174, 175, 176, 179, 182, 183, 185, 186, 188, 190, 194, 196, 197, 198, 199, 200, 201, 203, 205, 206, 208, 209, 211, 212], "summary": {"covered_lines": 24, "num_statements": 24, "percent_covered": 100.0, "percent_covered_display": "100.00", "missing_lines": 0, "excluded_lines": 0, "percent_statements_covered": 100.0, "percent_statements_covered_display": "100.00", "num_branches": 12, "num_partial_branches": 0, "covered_branches": 12, "missing_branches": 0, "percent_branches_covered": 100.0, "percent_branches_covered_display": "100.00"}, "missing_lines": [], "excluded_lines": [], "start_line": 169, "executed_branches": [[175, 176], [175, 179], [185, 186], [185, 188], [196, 197], [196, 198], [198, 199], [198, 200], [200, 201], [200, 203], [205, 206], [205, 211]], "missing_branches": []}, "AgentGovernanceService.promote_to_autonomous": {"executed_lines": [220, 221, 223, 224, 228, 229, 232, 233, 235, 236, 237], "summary": {"covered_lines": 11, "num_statements": 12, "percent_covered": 87.5, "percent_covered_display": "87.50", "missing_lines": 1, "excluded_lines": 0, "percent_statements_covered": 91.66666666666667, "percent_statements_covered_display": "91.67", "num_branches": 4, "num_partial_branches": 1, "covered_branches": 3, "missing_branches": 1, "percent_branches_covered": 75.0, "percent_branches_covered_display": "75.00"}, "missing_lines": [225], "excluded_lines": [], "start_line": 214, "executed_branches": [[220, 221], [220, 223], [224, 228]], "missing_branches": [[224, 225]]}, "AgentGovernanceService.list_agents": {"executed_lines": [241, 242, 243, 244], "summary": {"covered_lines": 4, "num_statements": 4, "percent_covered": 100.0, "percent_covered_display": "100.00", "missing_lines": 0, "excluded_lines": 0, "percent_statements_covered": 100.0, "percent_statements_covered_display": "100.00", "num_branches": 2, "num_partial_branches": 0, "covered_branches": 2, "missing_branches": 0, "percent_branches_covered": 100.0, "percent_branches_covered_display": "100.00"}, "missing_lines": [], "excluded_lines": [], "start_line": 239, "executed_branches": [[242, 243], [242, 244]], "missing_branches": []}, "AgentGovernanceService.can_perform_action": {"executed_lines": [331, 332, 333, 334, 336, 338, 340, 341, 342, 343, 351, 352, 353, 354, 355, 356, 357, 359, 362, 363, 367, 370, 371, 372, 373, 374, 375, 378, 381, 388, 389, 391, 392, 394, 395, 397, 399, 401, 412, 413, 415], "summary": {"covered_lines": 41, "num_statements": 42, "percent_covered": 96.7741935483871, "percent_covered_display": "96.77", "missing_lines": 1, "excluded_lines": 0, "percent_statements_covered": 97.61904761904762, "percent_statements_covered_display": "97.62", "num_branches": 20, "num_partial_branches": 1, "covered_branches": 19, "missing_branches": 1, "percent_branches_covered": 95.0, "percent_branches_covered_display": "95.00"}, "missing_lines": [337], "excluded_lines": [], "start_line": 309, "executed_branches": [[333, 334], [333, 340], [336, 338], [342, 343], [342, 351], [352, 353], [352, 354], [354, 355], [354, 356], [356, 357], [356, 359], [362, 363], [362, 370], [372, 373], [372, 378], [373, 372], [373, 374], [394, 395], [394, 397]], "missing_branches": [[336, 337]]}, "AgentGovernanceService.enforce_action": {"executed_lines": [505, 507, 509, 518, 530], "summary": {"covered_lines": 5, "num_statements": 6, "percent_covered": 80.0, "percent_covered_display": "80.00", "missing_lines": 1, "excluded_lines": 0, "percent_statements_covered": 83.33333333333333, "percent_statements_covered_display": "83.33", "num_branches": 4, "num_partial_branches": 1, "covered_branches": 3, "missing_branches": 1, "percent_branches_covered": 75.0, "percent_branches_covered_display": "75.00"}, "missing_lines": [520], "excluded_lines": [], "start_line": 493, "executed_branches": [[507, 509], [507, 518], [518, 530]], "missing_branches": [[518, 520]]}, "AgentGovernanceService.get_agent_capabilities": {"executed_lines": [461, 462, 463, 465, 472, 473, 475, 480], "summary": {"covered_lines": 8, "num_statements": 8, "percent_covered": 100.0, "percent_covered_display": "100.00", "missing_lines": 0, "excluded_lines": 0, "percent_statements_covered": 100.0, "percent_statements_covered_display": "100.00", "num_branches": 2, "num_partial_branches": 0, "covered_branches": 2, "missing_branches": 0, "percent_branches_covered": 100.0, "percent_branches_covered_display": "100.00"}, "missing_lines": [], "excluded_lines": [], "start_line": 455, "executed_branches": [[462, 463], [462, 465]], "missing_branches": []}, "AgentGovernanceService.request_approval": {"executed_lines": [547, 558, 559, 560, 561], "summary": {"covered_lines": 5, "num_statements": 5, "percent_covered": 100.0, "percent_covered_display": "100.00", "missing_lines": 0, "excluded_lines": 0, "percent_statements_covered": 100.0, "percent_statements_covered_display": "100.00", "num_branches": 0, "num_partial_branches": 0, "covered_branches": 0, "missing_branches": 0, "percent_branches_covered": 100.0, "percent_branches_covered_display": "100.00"}, "missing_lines": [], "excluded_lines": [], "start_line": 539, "executed_branches": [], "missing_branches": []}, "AgentGovernanceService.get_approval_status": {"executed_lines": [565, 566, 567, 569], "summary": {"covered_lines": 4, "num_statements": 4, "percent_covered": 100.0, "percent_covered_display": "100.00", "missing_lines": 0, "excluded_lines": 0, "percent_statements_covered": 100.0, "percent_statements_covered_display": "100.00", "num_branches": 2, "num_partial_branches": 0, "covered_branches": 2, "missing_branches": 0, "percent_branches_covered": 100.0, "percent_branches_covered_display": "100.00"}, "missing_lines": [], "excluded_lines": [], "start_line": 563, "executed_branches": [[566, 567], [566, 569]], "missing_branches": []}, "AgentGovernanceService.can_access_agent_data": {"executed_lines": [584, 585, 587, 588, 591, 592, 595, 596, 597, 599], "summary": {"covered_lines": 10, "num_statements": 10, "percent_covered": 94.44444444444444, "percent_covered_display": "94.44", "missing_lines": 0, "excluded_lines": 0, "percent_statements_covered": 100.0, "percent_statements_covered_display": "100.00", "num_branches": 8, "num_partial_branches": 1, "covered_branches": 7, "missing_branches": 1, "percent_branches_covered": 87.5, "percent_branches_covered_display": "87.50"}, "missing_lines": [], "excluded_lines": [], "start_line": 576, "executed_branches": [[587, 588], [587, 591], [591, 592], [591, 595], [595, 596], [596, 597], [596, 599]], "missing_branches": [[595, 599]]}, "AgentGovernanceService.validate_evolution_directive": {"executed_lines": [618, 619, 622, 630, 631, 632, 635, 638, 639, 642, 645, 650, 651, 652, 653, 655, 656], "summary": {"covered_lines": 17, "num_statements": 17, "percent_covered": 100.0, "percent_covered_display": "100.00", "missing_lines": 0, "excluded_lines": 0, "percent_statements_covered": 100.0, "percent_statements_covered_display": "100.00", "num_branches": 10, "num_partial_branches": 0, "covered_branches": 10, "missing_branches": 0, "percent_branches_covered": 100.0, "percent_branches_covered_display": "100.00"}, "missing_lines": [], "excluded_lines": [], "start_line": 605, "executed_branches": [[630, 631], [630, 638], [631, 630], [631, 632], [638, 639], [638, 645], [650, 651], [650, 655], [651, 650], [651, 652]], "missing_branches": []}, "AgentGovernanceService.suspend_agent": {"executed_lines": [671, 672, 676, 677, 678, 681, 684, 685, 687, 688, 691, 692, 694, 699], "summary": {"covered_lines": 14, "num_statements": 18, "percent_covered": 80.0, "percent_covered_display": "80.00", "missing_lines": 4, "excluded_lines": 0, "percent_statements_covered": 77.77777777777777, "percent_statements_covered_display": "77.78", "num_branches": 2, "num_partial_branches": 0, "covered_branches": 2, "missing_branches": 0, "percent_branches_covered": 100.0, "percent_branches_covered_display": "100.00"}, "missing_lines": [701, 702, 703, 704], "excluded_lines": [], "start_line": 660, "executed_branches": [[676, 677], [676, 681]], "missing_branches": []}, "AgentGovernanceService.terminate_agent": {"executed_lines": [717, 718, 722, 723, 724, 727, 728, 730, 731, 734, 735, 737, 742], "summary": {"covered_lines": 13, "num_statements": 17, "percent_covered": 78.94736842105263, "percent_covered_display": "78.95", "missing_lines": 4, "excluded_lines": 0, "percent_statements_covered": 76.47058823529412, "percent_statements_covered_display": "76.47", "num_branches": 2, "num_partial_branches": 0, "covered_branches": 2, "missing_branches": 0, "percent_branches_covered": 100.0, "percent_branches_covered_display": "100.00"}, "missing_lines": [744, 745, 746, 747], "excluded_lines": [], "start_line": 706, "executed_branches": [[722, 723], [722, 727]], "missing_branches": []}, "AgentGovernanceService.reactivate_agent": {"executed_lines": [759, 760, 764, 765, 766, 769, 770, 774, 777, 778, 780, 782, 783, 787, 788, 790, 791, 794, 795, 797, 802], "summary": {"covered_lines": 21, "num_statements": 28, "percent_covered": 73.6842105263158, "percent_covered_display": "73.68", "missing_lines": 7, "excluded_lines": 0, "percent_statements_covered": 75.0, "percent_statements_covered_display": "75.00", "num_branches": 10, "num_partial_branches": 3, "covered_branches": 7, "missing_branches": 3, "percent_branches_covered": 70.0, "percent_branches_covered_display": "70.00"}, "missing_lines": [779, 781, 785, 804, 805, 806, 807], "excluded_lines": [], "start_line": 749, "executed_branches": [[764, 765], [764, 769], [769, 770], [769, 777], [778, 780], [780, 782], [782, 783]], "missing_branches": [[778, 779], [780, 781], [782, 785]]}, "": {"executed_lines": [1, 2, 3, 4, 5, 6, 8, 9, 10, 20, 22, 24, 25, 28, 64, 96, 161, 169, 214, 239, 249, 302, 309, 417, 455, 493, 539, 563, 576, 605, 660, 706, 749], "summary": {"covered_lines": 33, "num_statements": 33, "percent_covered": 100.0, "percent_covered_display": "100.00", "missing_lines": 0, "excluded_lines": 0, "percent_statements_covered": 100.0, "percent_statements_covered_display": "100.00", "num_branches": 0, "num_partial_branches": 0, "covered_branches": 0, "missing_branches": 0, "percent_branches_covered": 100.0, "percent_branches_covered_display": "100.00"}, "missing_lines": [], "excluded_lines": [], "start_line": 1, "executed_branches": [], "missing_branches": []}}, "classes": {"AgentGovernanceService": {"executed_lines": [26, 37, 42, 44, 52, 53, 56, 57, 58, 60, 61, 62, 174, 175, 176, 179, 182, 183, 185, 186, 188, 190, 194, 196, 197, 198, 199, 200, 201, 203, 205, 206, 208, 209, 211, 212, 220, 221, 223, 224, 228, 229, 232, 233, 235, 236, 237, 241, 242, 243, 244, 331, 332, 333, 334, 336, 338, 340, 341, 342, 343, 351, 352, 353, 354, 355, 356, 357, 359, 362, 363, 367, 370, 371, 372, 373, 374, 375, 378, 381, 388, 389, 391, 392, 394, 395, 397, 399, 401, 412, 413, 415, 461, 462, 463, 465, 472, 473, 475, 480, 505, 507, 509, 518, 530, 547, 558, 559, 560, 561, 565, 566, 567, 569, 584, 585, 587, 588, 591, 592, 595, 596, 597, 599, 618, 619, 622, 630, 631, 632, 635, 638, 639, 642, 645, 650, 651, 652, 653, 655, 656, 671, 672, 676, 677, 678, 681, 684, 685, 687, 688, 691, 692, 694, 699, 717, 718, 722, 723, 724, 727, 728, 730, 731, 734, 735, 737, 742, 759, 760, 764, 765, 766, 769, 770, 774, 777, 778, 780, 782, 783, 787, 788, 790, 791, 794, 795, 797, 802], "summary": {"covered_lines": 189, "num_statements": 253, "percent_covered": 76.38483965014578, "percent_covered_display": "76.38", "missing_lines": 64, "excluded_lines": 0, "percent_statements_covered": 74.70355731225297, "percent_statements_covered_display": "74.70", "num_branches": 90, "num_partial_branches": 7, "covered_branches": 73, "missing_branches": 17, "percent_branches_covered": 81.11111111111111, "percent_branches_covered_display": "81.11"}, "missing_lines": [76, 77, 78, 80, 88, 89, 92, 94, 100, 101, 108, 113, 114, 117, 118, 120, 122, 123, 124, 125, 128, 131, 132, 136, 150, 154, 155, 156, 157, 159, 165, 166, 167, 225, 337, 422, 424, 425, 428, 435, 436, 439, 440, 442, 443, 444, 446, 453, 520, 701, 702, 703, 704, 744, 745, 746, 747, 779, 781, 785, 804, 805, 806, 807], "excluded_lines": [], "start_line": 24, "executed_branches": [[42, 44], [42, 56], [175, 176], [175, 179], [185, 186], [185, 188], [196, 197], [196, 198], [198, 199], [198, 200], [200, 201], [200, 203], [205, 206], [205, 211], [220, 221], [220, 223], [224, 228], [242, 243], [242, 244], [333, 334], [333, 340], [336, 338], [342, 343], [342, 351], [352, 353], [352, 354], [354, 355], [354, 356], [356, 357], [356, 359], [362, 363], [362, 370], [372, 373], [372, 378], [373, 372], [373, 374], [394, 395], [394, 397], [462, 463], [462, 465], [507, 509], [507, 518], [518, 530], [566, 567], [566, 569], [587, 588], [587, 591], [591, 592], [591, 595], [595, 596], [596, 597], [596, 599], [630, 631], [630, 638], [631, 630], [631, 632], [638, 639], [638, 645], [650, 651], [650, 655], [651, 650], [651, 652], [676, 677], [676, 681], [722, 723], [722, 727], [764, 765], [764, 769], [769, 770], [769, 777], [778, 780], [780, 782], [782, 783]], "missing_branches": [[77, 78], [77, 80], [114, 117], [114, 120], [117, 118], [117, 120], [122, 123], [122, 154], [224, 225], [336, 337], [424, 425], [424, 453], [518, 520], [595, 599], [778, 779], [780, 781], [782, 785]]}, "": {"executed_lines": [1, 2, 3, 4, 5, 6, 8, 9, 10, 20, 22, 24, 25, 28, 64, 96, 161, 169, 214, 239, 249, 302, 309, 417, 455, 493, 539, 563, 576, 605, 660, 706, 749], "summary": {"covered_lines": 33, "num_statements": 33, "percent_covered": 100.0, "percent_covered_display": "100.00", "missing_lines": 0, "excluded_lines": 0, "percent_statements_covered": 100.0, "percent_statements_covered_display": "100.00", "num_branches": 0, "num_partial_branches": 0, "covered_branches": 0, "missing_branches": 0, "percent_branches_covered": 100.0, "percent_branches_covered_display": "100.00"}, "missing_lines": [], "excluded_lines": [], "start_line": 1, "executed_branches": [], "missing_branches": []}}}, "core/agent_graduation_service.py": {"executed_lines": [8, 9, 10, 11, 13, 14, 23, 26, 34, 35, 37, 62, 66, 67, 146, 150, 168, 169, 170, 172, 194, 195, 196, 198, 201, 205, 206, 260, 271, 275, 278, 279, 281, 283, 285, 286, 288, 289, 290, 291, 293, 295, 316, 318, 320, 345, 346, 348, 355, 374, 376, 380, 381, 384, 389, 390, 415, 432, 436, 437, 438, 441, 442, 443, 444, 445, 447, 450, 451, 452, 453, 455, 456, 458, 460, 480, 484, 485, 533, 554, 559, 560, 572, 573, 575, 578, 581, 582, 585, 588, 595, 599, 600, 606, 608, 619, 628, 629, 632, 639, 640, 643, 644, 646, 649, 650, 653, 654, 656, 657, 660, 661, 664, 666, 667, 668, 669, 673, 775, 790, 793, 794, 799, 800, 801, 806, 807, 809, 815, 837, 838, 841, 844, 850, 853, 854, 855, 858, 863, 866, 869, 871, 880, 931], "summary": {"covered_lines": 144, "num_statements": 240, "percent_covered": 56.25, "percent_covered_display": "56.25", "missing_lines": 96, "excluded_lines": 0, "percent_statements_covered": 60.0, "percent_statements_covered_display": "60.00", "num_branches": 64, "num_partial_branches": 9, "covered_branches": 27, "missing_branches": 37, "percent_branches_covered": 42.1875, "percent_branches_covered_display": "42.19"}, "missing_lines": [76, 77, 84, 85, 86, 95, 96, 100, 101, 102, 105, 108, 116, 119, 122, 123, 124, 126, 127, 130, 133, 134, 136, 208, 211, 217, 220, 221, 223, 224, 227, 228, 229, 230, 231, 234, 235, 240, 241, 247, 321, 325, 326, 327, 330, 331, 336, 399, 402, 404, 406, 488, 493, 494, 496, 500, 503, 504, 505, 506, 507, 508, 516, 647, 671, 702, 708, 714, 720, 723, 724, 725, 730, 731, 732, 737, 738, 743, 744, 745, 750, 752, 755, 760, 803, 904, 910, 914, 917, 920, 922, 954, 957, 962, 963, 969], "excluded_lines": [], "executed_branches": [[66, 67], [195, 196], [195, 198], [205, 206], [285, 286], [285, 288], [288, 289], [288, 290], [290, 291], [290, 293], [320, 345], [380, 381], [380, 384], [389, 390], [436, 437], [436, 441], [450, 451], [484, 485], [559, 560], [559, 572], [628, 629], [628, 632], [646, 649], [666, 667], [666, 668], [668, 669], [799, 800]], "missing_branches": [[66, 76], [85, 86], [85, 95], [123, 124], [123, 126], [126, 127], [126, 130], [205, 208], [228, 229], [228, 230], [230, 231], [230, 234], [234, 235], [234, 240], [320, 321], [325, 326], [325, 330], [389, 399], [450, 452], [484, 488], [504, 505], [504, 516], [506, 507], [506, 508], [646, 647], [668, 671], [724, 725], [724, 730], [731, 732], [731, 737], [737, 738], [737, 743], [744, 745], [744, 750], [799, 803], [962, 963], [962, 969]], "functions": {"SandboxExecutor.__init__": {"executed_lines": [35], "summary": {"covered_lines": 1, "num_statements": 1, "percent_covered": 100.0, "percent_covered_display": "100.00", "missing_lines": 0, "excluded_lines": 0, "percent_statements_covered": 100.0, "percent_statements_covered_display": "100.00", "num_branches": 0, "num_partial_branches": 0, "covered_branches": 0, "missing_branches": 0, "percent_branches_covered": 100.0, "percent_branches_covered_display": "100.00"}, "missing_lines": [], "excluded_lines": [], "start_line": 34, "executed_branches": [], "missing_branches": []}, "SandboxExecutor.execute_exam": {"executed_lines": [62, 66, 67], "summary": {"covered_lines": 3, "num_statements": 26, "percent_covered": 11.764705882352942, "percent_covered_display": "11.76", "missing_lines": 23, "excluded_lines": 0, "percent_statements_covered": 11.538461538461538, "percent_statements_covered_display": "11.54", "num_branches": 8, "num_partial_branches": 1, "covered_branches": 1, "missing_branches": 7, "percent_branches_covered": 12.5, "percent_branches_covered_display": "12.50"}, "missing_lines": [76, 77, 84, 85, 86, 95, 96, 100, 101, 102, 105, 108, 116, 119, 122, 123, 124, 126, 127, 130, 133, 134, 136], "excluded_lines": [], "start_line": 37, "executed_branches": [[66, 67]], "missing_branches": [[66, 76], [85, 86], [85, 95], [123, 124], [123, 126], [126, 127], [126, 130]]}, "AgentGraduationService.__init__": {"executed_lines": [169, 170], "summary": {"covered_lines": 2, "num_statements": 2, "percent_covered": 100.0, "percent_covered_display": "100.00", "missing_lines": 0, "excluded_lines": 0, "percent_statements_covered": 100.0, "percent_statements_covered_display": "100.00", "num_branches": 0, "num_partial_branches": 0, "covered_branches": 0, "missing_branches": 0, "percent_branches_covered": 100.0, "percent_branches_covered_display": "100.00"}, "missing_lines": [], "excluded_lines": [], "start_line": 168, "executed_branches": [], "missing_branches": []}, "AgentGraduationService.calculate_readiness_score": {"executed_lines": [194, 195, 196, 198, 201, 205, 206], "summary": {"covered_lines": 7, "num_statements": 24, "percent_covered": 29.41176470588235, "percent_covered_display": "29.41", "missing_lines": 17, "excluded_lines": 0, "percent_statements_covered": 29.166666666666668, "percent_statements_covered_display": "29.17", "num_branches": 10, "num_partial_branches": 1, "covered_branches": 3, "missing_branches": 7, "percent_branches_covered": 30.0, "percent_branches_covered_display": "30.00"}, "missing_lines": [208, 211, 217, 220, 221, 223, 224, 227, 228, 229, 230, 231, 234, 235, 240, 241, 247], "excluded_lines": [], "start_line": 172, "executed_branches": [[195, 196], [195, 198], [205, 206]], "missing_branches": [[205, 208], [228, 229], [228, 230], [230, 231], [230, 234], [234, 235], [234, 240]]}, "AgentGraduationService._calculate_score": {"executed_lines": [271, 275, 278, 279, 281], "summary": {"covered_lines": 5, "num_statements": 5, "percent_covered": 100.0, "percent_covered_display": "100.00", "missing_lines": 0, "excluded_lines": 0, "percent_statements_covered": 100.0, "percent_statements_covered_display": "100.00", "num_branches": 0, "num_partial_branches": 0, "covered_branches": 0, "missing_branches": 0, "percent_branches_covered": 100.0, "percent_branches_covered_display": "100.00"}, "missing_lines": [], "excluded_lines": [], "start_line": 260, "executed_branches": [], "missing_branches": []}, "AgentGraduationService._generate_recommendation": {"executed_lines": [285, 286, 288, 289, 290, 291, 293], "summary": {"covered_lines": 7, "num_statements": 7, "percent_covered": 100.0, "percent_covered_display": "100.00", "missing_lines": 0, "excluded_lines": 0, "percent_statements_covered": 100.0, "percent_statements_covered_display": "100.00", "num_branches": 6, "num_partial_branches": 0, "covered_branches": 6, "missing_branches": 0, "percent_branches_covered": 100.0, "percent_branches_covered_display": "100.00"}, "missing_lines": [], "excluded_lines": [], "start_line": 283, "executed_branches": [[285, 286], [285, 288], [288, 289], [288, 290], [290, 291], [290, 293]], "missing_branches": []}, "AgentGraduationService.run_graduation_exam": {"executed_lines": [316, 318, 320, 345, 346, 348], "summary": {"covered_lines": 6, "num_statements": 13, "percent_covered": 41.1764705882353, "percent_covered_display": "41.18", "missing_lines": 7, "excluded_lines": 0, "percent_statements_covered": 46.15384615384615, "percent_statements_covered_display": "46.15", "num_branches": 4, "num_partial_branches": 1, "covered_branches": 1, "missing_branches": 3, "percent_branches_covered": 25.0, "percent_branches_covered_display": "25.00"}, "missing_lines": [321, 325, 326, 327, 330, 331, 336], "excluded_lines": [], "start_line": 295, "executed_branches": [[320, 345]], "missing_branches": [[320, 321], [325, 326], [325, 330]]}, "AgentGraduationService.validate_constitutional_compliance": {"executed_lines": [374, 376, 380, 381, 384, 389, 390], "summary": {"covered_lines": 7, "num_statements": 11, "percent_covered": 66.66666666666667, "percent_covered_display": "66.67", "missing_lines": 4, "excluded_lines": 0, "percent_statements_covered": 63.63636363636363, "percent_statements_covered_display": "63.64", "num_branches": 4, "num_partial_branches": 1, "covered_branches": 3, "missing_branches": 1, "percent_branches_covered": 75.0, "percent_branches_covered_display": "75.00"}, "missing_lines": [399, 402, 404, 406], "excluded_lines": [], "start_line": 355, "executed_branches": [[380, 381], [380, 384], [389, 390]], "missing_branches": [[389, 399]]}, "AgentGraduationService.promote_agent": {"executed_lines": [432, 436, 437, 438, 441, 442, 443, 444, 445, 447, 450, 451, 452, 453, 455, 456, 458], "summary": {"covered_lines": 17, "num_statements": 17, "percent_covered": 95.23809523809524, "percent_covered_display": "95.24", "missing_lines": 0, "excluded_lines": 0, "percent_statements_covered": 100.0, "percent_statements_covered_display": "100.00", "num_branches": 4, "num_partial_branches": 1, "covered_branches": 3, "missing_branches": 1, "percent_branches_covered": 75.0, "percent_branches_covered_display": "75.00"}, "missing_lines": [], "excluded_lines": [], "start_line": 415, "executed_branches": [[436, 437], [436, 441], [450, 451]], "missing_branches": [[450, 452]]}, "AgentGraduationService.get_graduation_audit_trail": {"executed_lines": [480, 484, 485], "summary": {"covered_lines": 3, "num_statements": 15, "percent_covered": 19.047619047619047, "percent_covered_display": "19.05", "missing_lines": 12, "excluded_lines": 0, "percent_statements_covered": 20.0, "percent_statements_covered_display": "20.00", "num_branches": 6, "num_partial_branches": 1, "covered_branches": 1, "missing_branches": 5, "percent_branches_covered": 16.666666666666668, "percent_branches_covered_display": "16.67"}, "missing_lines": [488, 493, 494, 496, 500, 503, 504, 505, 506, 507, 508, 516], "excluded_lines": [], "start_line": 460, "executed_branches": [[484, 485]], "missing_branches": [[484, 488], [504, 505], [504, 516], [506, 507], [506, 508]]}, "AgentGraduationService.calculate_supervision_metrics": {"executed_lines": [554, 559, 560, 572, 573, 575, 578, 581, 582, 585, 588, 595, 599, 600, 606, 608], "summary": {"covered_lines": 16, "num_statements": 16, "percent_covered": 100.0, "percent_covered_display": "100.00", "missing_lines": 0, "excluded_lines": 0, "percent_statements_covered": 100.0, "percent_statements_covered_display": "100.00", "num_branches": 2, "num_partial_branches": 0, "covered_branches": 2, "missing_branches": 0, "percent_branches_covered": 100.0, "percent_branches_covered_display": "100.00"}, "missing_lines": [], "excluded_lines": [], "start_line": 533, "executed_branches": [[559, 560], [559, 572]], "missing_branches": []}, "AgentGraduationService._calculate_performance_trend": {"executed_lines": [628, 629, 632, 639, 640, 643, 644, 646, 649, 650, 653, 654, 656, 657, 660, 661, 664, 666, 667, 668, 669], "summary": {"covered_lines": 21, "num_statements": 23, "percent_covered": 87.09677419354838, "percent_covered_display": "87.10", "missing_lines": 2, "excluded_lines": 0, "percent_statements_covered": 91.30434782608695, "percent_statements_covered_display": "91.30", "num_branches": 8, "num_partial_branches": 2, "covered_branches": 6, "missing_branches": 2, "percent_branches_covered": 75.0, "percent_branches_covered_display": "75.00"}, "missing_lines": [647, 671], "excluded_lines": [], "start_line": 619, "executed_branches": [[628, 629], [628, 632], [646, 649], [666, 667], [666, 668], [668, 669]], "missing_branches": [[646, 647], [668, 671]]}, "AgentGraduationService.validate_graduation_with_supervision": {"executed_lines": [], "summary": {"covered_lines": 0, "num_statements": 19, "percent_covered": 0.0, "percent_covered_display": "0.00", "missing_lines": 19, "excluded_lines": 0, "percent_statements_covered": 0.0, "percent_statements_covered_display": "0.00", "num_branches": 8, "num_partial_branches": 0, "covered_branches": 0, "missing_branches": 8, "percent_branches_covered": 0.0, "percent_branches_covered_display": "0.00"}, "missing_lines": [702, 708, 714, 720, 723, 724, 725, 730, 731, 732, 737, 738, 743, 744, 745, 750, 752, 755, 760], "excluded_lines": [], "start_line": 673, "executed_branches": [], "missing_branches": [[724, 725], [724, 730], [731, 732], [731, 737], [737, 738], [737, 743], [744, 745], [744, 750]]}, "AgentGraduationService._supervision_score": {"executed_lines": [790, 793, 794, 799, 800, 801, 806, 807, 809], "summary": {"covered_lines": 9, "num_statements": 10, "percent_covered": 83.33333333333333, "percent_covered_display": "83.33", "missing_lines": 1, "excluded_lines": 0, "percent_statements_covered": 90.0, "percent_statements_covered_display": "90.00", "num_branches": 2, "num_partial_branches": 1, "covered_branches": 1, "missing_branches": 1, "percent_branches_covered": 50.0, "percent_branches_covered_display": "50.00"}, "missing_lines": [803], "excluded_lines": [], "start_line": 775, "executed_branches": [[799, 800]], "missing_branches": [[799, 803]]}, "AgentGraduationService.calculate_skill_usage_metrics": {"executed_lines": [837, 838, 841, 844, 850, 853, 854, 855, 858, 863, 866, 869, 871], "summary": {"covered_lines": 13, "num_statements": 13, "percent_covered": 100.0, "percent_covered_display": "100.00", "missing_lines": 0, "excluded_lines": 0, "percent_statements_covered": 100.0, "percent_statements_covered_display": "100.00", "num_branches": 0, "num_partial_branches": 0, "covered_branches": 0, "missing_branches": 0, "percent_branches_covered": 100.0, "percent_branches_covered_display": "100.00"}, "missing_lines": [], "excluded_lines": [], "start_line": 815, "executed_branches": [], "missing_branches": []}, "AgentGraduationService.calculate_readiness_score_with_skills": {"executed_lines": [], "summary": {"covered_lines": 0, "num_statements": 6, "percent_covered": 0.0, "percent_covered_display": "0.00", "missing_lines": 6, "excluded_lines": 0, "percent_statements_covered": 0.0, "percent_statements_covered_display": "0.00", "num_branches": 0, "num_partial_branches": 0, "covered_branches": 0, "missing_branches": 0, "percent_branches_covered": 100.0, "percent_branches_covered_display": "100.00"}, "missing_lines": [904, 910, 914, 917, 920, 922], "excluded_lines": [], "start_line": 880, "executed_branches": [], "missing_branches": []}, "AgentGraduationService.execute_graduation_exam": {"executed_lines": [], "summary": {"covered_lines": 0, "num_statements": 5, "percent_covered": 0.0, "percent_covered_display": "0.00", "missing_lines": 5, "excluded_lines": 0, "percent_statements_covered": 0.0, "percent_statements_covered_display": "0.00", "num_branches": 2, "num_partial_branches": 0, "covered_branches": 0, "missing_branches": 2, "percent_branches_covered": 0.0, "percent_branches_covered_display": "0.00"}, "missing_lines": [954, 957, 962, 963, 969], "excluded_lines": [], "start_line": 931, "executed_branches": [], "missing_branches": [[962, 963], [962, 969]]}, "": {"executed_lines": [8, 9, 10, 11, 13, 14, 23, 26, 34, 37, 146, 150, 168, 172, 260, 283, 295, 355, 415, 460, 533, 619, 673, 775, 815, 880, 931], "summary": {"covered_lines": 27, "num_statements": 27, "percent_covered": 100.0, "percent_covered_display": "100.00", "missing_lines": 0, "excluded_lines": 0, "percent_statements_covered": 100.0, "percent_statements_covered_display": "100.00", "num_branches": 0, "num_partial_branches": 0, "covered_branches": 0, "missing_branches": 0, "percent_branches_covered": 100.0, "percent_branches_covered_display": "100.00"}, "missing_lines": [], "excluded_lines": [], "start_line": 1, "executed_branches": [], "missing_branches": []}}, "classes": {"SandboxExecutor": {"executed_lines": [35, 62, 66, 67], "summary": {"covered_lines": 4, "num_statements": 27, "percent_covered": 14.285714285714286, "percent_covered_display": "14.29", "missing_lines": 23, "excluded_lines": 0, "percent_statements_covered": 14.814814814814815, "percent_statements_covered_display": "14.81", "num_branches": 8, "num_partial_branches": 1, "covered_branches": 1, "missing_branches": 7, "percent_branches_covered": 12.5, "percent_branches_covered_display": "12.50"}, "missing_lines": [76, 77, 84, 85, 86, 95, 96, 100, 101, 102, 105, 108, 116, 119, 122, 123, 124, 126, 127, 130, 133, 134, 136], "excluded_lines": [], "start_line": 26, "executed_branches": [[66, 67]], "missing_branches": [[66, 76], [85, 86], [85, 95], [123, 124], [123, 126], [126, 127], [126, 130]]}, "AgentGraduationService": {"executed_lines": [169, 170, 194, 195, 196, 198, 201, 205, 206, 271, 275, 278, 279, 281, 285, 286, 288, 289, 290, 291, 293, 316, 318, 320, 345, 346, 348, 374, 376, 380, 381, 384, 389, 390, 432, 436, 437, 438, 441, 442, 443, 444, 445, 447, 450, 451, 452, 453, 455, 456, 458, 480, 484, 485, 554, 559, 560, 572, 573, 575, 578, 581, 582, 585, 588, 595, 599, 600, 606, 608, 628, 629, 632, 639, 640, 643, 644, 646, 649, 650, 653, 654, 656, 657, 660, 661, 664, 666, 667, 668, 669, 790, 793, 794, 799, 800, 801, 806, 807, 809, 837, 838, 841, 844, 850, 853, 854, 855, 858, 863, 866, 869, 871], "summary": {"covered_lines": 113, "num_statements": 186, "percent_covered": 57.43801652892562, "percent_covered_display": "57.44", "missing_lines": 73, "excluded_lines": 0, "percent_statements_covered": 60.75268817204301, "percent_statements_covered_display": "60.75", "num_branches": 56, "num_partial_branches": 8, "covered_branches": 26, "missing_branches": 30, "percent_branches_covered": 46.42857142857143, "percent_branches_covered_display": "46.43"}, "missing_lines": [208, 211, 217, 220, 221, 223, 224, 227, 228, 229, 230, 231, 234, 235, 240, 241, 247, 321, 325, 326, 327, 330, 331, 336, 399, 402, 404, 406, 488, 493, 494, 496, 500, 503, 504, 505, 506, 507, 508, 516, 647, 671, 702, 708, 714, 720, 723, 724, 725, 730, 731, 732, 737, 738, 743, 744, 745, 750, 752, 755, 760, 803, 904, 910, 914, 917, 920, 922, 954, 957, 962, 963, 969], "excluded_lines": [], "start_line": 146, "executed_branches": [[195, 196], [195, 198], [205, 206], [285, 286], [285, 288], [288, 289], [288, 290], [290, 291], [290, 293], [320, 345], [380, 381], [380, 384], [389, 390], [436, 437], [436, 441], [450, 451], [484, 485], [559, 560], [559, 572], [628, 629], [628, 632], [646, 649], [666, 667], [666, 668], [668, 669], [799, 800]], "missing_branches": [[205, 208], [228, 229], [228, 230], [230, 231], [230, 234], [234, 235], [234, 240], [320, 321], [325, 326], [325, 330], [389, 399], [450, 452], [484, 488], [504, 505], [504, 516], [506, 507], [506, 508], [646, 647], [668, 671], [724, 725], [724, 730], [731, 732], [731, 737], [737, 738], [737, 743], [744, 745], [744, 750], [799, 803], [962, 963], [962, 969]]}, "": {"executed_lines": [8, 9, 10, 11, 13, 14, 23, 26, 34, 37, 146, 150, 168, 172, 260, 283, 295, 355, 415, 460, 533, 619, 673, 775, 815, 880, 931], "summary": {"covered_lines": 27, "num_statements": 27, "percent_covered": 100.0, "percent_covered_display": "100.00", "missing_lines": 0, "excluded_lines": 0, "percent_statements_covered": 100.0, "percent_statements_covered_display": "100.00", "num_branches": 0, "num_partial_branches": 0, "covered_branches": 0, "missing_branches": 0, "percent_branches_covered": 100.0, "percent_branches_covered_display": "100.00"}, "missing_lines": [], "excluded_lines": [], "start_line": 1, "executed_branches": [], "missing_branches": []}}}, "core/episode_retrieval_service.py": {"executed_lines": [11, 12, 13, 14, 15, 16, 18, 19, 20, 31, 35, 36, 39, 41, 42, 43, 44, 47, 55, 58, 59, 60, 61, 63, 88, 93, 94, 95, 102, 103, 104, 107, 114, 122, 125, 126, 136, 137, 141, 148, 156, 161, 162, 169, 170, 178, 179, 181, 183, 184, 185, 186, 187, 188, 189, 190, 191, 193, 199, 200, 204, 211, 212, 213, 219, 242, 247, 248, 251, 255, 261, 262, 265, 266, 269, 271, 273, 352, 361, 362, 370, 371, 375, 382, 416, 419, 421, 423, 435, 445, 446, 448, 449, 453, 463, 464, 465, 467, 477, 478, 480, 481, 485, 494, 495, 496, 498, 530, 535, 543, 544, 545, 548, 549, 557, 558, 559, 560, 561, 562, 563, 564, 566, 572, 573, 597, 602, 619, 652, 676, 681, 688, 690, 696, 697, 701, 702, 704, 705, 706, 715, 717, 720, 739, 740, 741, 747, 827, 860, 865, 873, 874, 879, 913, 914, 920, 921, 923, 925, 941, 947, 952, 955, 960, 963, 964, 965, 966, 967, 970, 971, 975, 983, 985, 995, 997, 998, 1005, 1012, 1013, 1016, 1017, 1020, 1021, 1024, 1025, 1028, 1030], "summary": {"covered_lines": 188, "num_statements": 320, "percent_covered": 53.125, "percent_covered_display": "53.12", "missing_lines": 132, "excluded_lines": 0, "percent_statements_covered": 58.75, "percent_statements_covered_display": "58.75", "num_branches": 160, "num_partial_branches": 19, "covered_branches": 67, "missing_branches": 93, "percent_branches_covered": 41.875, "percent_branches_covered_display": "41.88"}, "missing_lines": [116, 128, 129, 130, 133, 295, 296, 299, 300, 303, 304, 305, 306, 307, 310, 311, 312, 313, 316, 317, 321, 322, 323, 324, 325, 329, 332, 333, 334, 335, 336, 339, 340, 341, 342, 344, 346, 372, 373, 417, 536, 574, 577, 581, 582, 583, 586, 587, 592, 594, 598, 611, 612, 613, 634, 636, 638, 640, 648, 682, 698, 707, 708, 709, 710, 711, 712, 721, 727, 728, 732, 771, 776, 777, 784, 785, 786, 789, 797, 801, 802, 804, 806, 809, 810, 814, 866, 881, 883, 887, 888, 893, 895, 896, 901, 905, 910, 926, 927, 928, 929, 931, 932, 933, 934, 936, 938, 942, 943, 944, 948, 949, 950, 956, 957, 1001, 1002, 1003, 1043, 1044, 1047, 1054, 1055, 1057, 1061, 1066, 1067, 1069, 1070, 1073, 1074, 1076], "excluded_lines": [], "executed_branches": [[93, 94], [93, 102], [114, 122], [126, 136], [136, 137], [136, 141], [161, 162], [161, 169], [181, 183], [184, 185], [184, 193], [186, 187], [186, 189], [190, 184], [190, 191], [199, 200], [199, 204], [247, 248], [247, 251], [261, 262], [261, 265], [265, 266], [265, 269], [416, 419], [445, 446], [445, 448], [477, 478], [477, 480], [535, 543], [544, 545], [544, 548], [558, 559], [558, 566], [560, 561], [563, 564], [573, 597], [597, 602], [681, 688], [696, 697], [696, 717], [697, 701], [702, 704], [702, 715], [704, 696], [704, 705], [705, 706], [865, 873], [873, 874], [923, 925], [923, 955], [925, 941], [941, 947], [947, 952], [955, 960], [964, 965], [964, 970], [970, 971], [970, 975], [997, 998], [1012, 1013], [1012, 1016], [1016, 1017], [1016, 1020], [1020, 1021], [1020, 1024], [1024, 1025], [1024, 1028]], "missing_branches": [[114, 116], [126, 128], [129, 130], [129, 136], [181, 199], [304, 305], [304, 306], [306, 307], [306, 310], [310, 311], [310, 329], [312, 313], [312, 316], [316, 317], [316, 321], [321, 310], [321, 322], [322, 323], [322, 324], [324, 310], [324, 325], [333, 334], [333, 346], [335, 336], [335, 339], [339, 340], [339, 341], [341, 342], [341, 344], [416, 417], [535, 536], [560, 562], [563, 558], [573, 574], [582, 583], [582, 594], [586, 587], [586, 592], [597, 598], [634, 636], [634, 638], [638, 640], [638, 648], [681, 682], [697, 698], [705, 707], [707, 708], [707, 709], [709, 710], [709, 711], [711, 704], [711, 712], [727, 728], [727, 732], [776, 777], [776, 784], [801, 802], [801, 804], [809, 810], [809, 814], [865, 866], [873, 881], [881, 883], [881, 895], [895, 896], [895, 905], [925, 926], [926, 927], [926, 931], [927, 928], [927, 929], [931, 932], [931, 936], [932, 933], [932, 934], [936, 938], [936, 941], [941, 942], [942, 943], [942, 944], [947, 948], [948, 949], [948, 950], [955, 956], [997, 1001], [1001, 1002], [1001, 1003], [1043, 1044], [1043, 1047], [1066, 1067], [1066, 1069], [1073, 1074], [1073, 1076]], "functions": {"EpisodeRetrievalService.__init__": {"executed_lines": [59, 60, 61], "summary": {"covered_lines": 3, "num_statements": 3, "percent_covered": 100.0, "percent_covered_display": "100.00", "missing_lines": 0, "excluded_lines": 0, "percent_statements_covered": 100.0, "percent_statements_covered_display": "100.00", "num_branches": 0, "num_partial_branches": 0, "covered_branches": 0, "missing_branches": 0, "percent_branches_covered": 100.0, "percent_branches_covered_display": "100.00"}, "missing_lines": [], "excluded_lines": [], "start_line": 58, "executed_branches": [], "missing_branches": []}, "EpisodeRetrievalService.retrieve_temporal": {"executed_lines": [88, 93, 94, 95, 102, 103, 104, 107, 114, 122, 125, 126, 136, 137, 141], "summary": {"covered_lines": 15, "num_statements": 20, "percent_covered": 70.0, "percent_covered_display": "70.00", "missing_lines": 5, "excluded_lines": 0, "percent_statements_covered": 75.0, "percent_statements_covered_display": "75.00", "num_branches": 10, "num_partial_branches": 2, "covered_branches": 6, "missing_branches": 4, "percent_branches_covered": 60.0, "percent_branches_covered_display": "60.00"}, "missing_lines": [116, 128, 129, 130, 133], "excluded_lines": [], "start_line": 63, "executed_branches": [[93, 94], [93, 102], [114, 122], [126, 136], [136, 137], [136, 141]], "missing_branches": [[114, 116], [126, 128], [129, 130], [129, 136]]}, "EpisodeRetrievalService.retrieve_semantic": {"executed_lines": [156, 161, 162, 169, 170, 178, 179, 181, 183, 184, 185, 186, 187, 188, 189, 190, 191, 193, 199, 200, 204, 211, 212, 213], "summary": {"covered_lines": 24, "num_statements": 24, "percent_covered": 97.22222222222223, "percent_covered_display": "97.22", "missing_lines": 0, "excluded_lines": 0, "percent_statements_covered": 100.0, "percent_statements_covered_display": "100.00", "num_branches": 12, "num_partial_branches": 1, "covered_branches": 11, "missing_branches": 1, "percent_branches_covered": 91.66666666666667, "percent_branches_covered_display": "91.67"}, "missing_lines": [], "excluded_lines": [], "start_line": 148, "executed_branches": [[161, 162], [161, 169], [181, 183], [184, 185], [184, 193], [186, 187], [186, 189], [190, 184], [190, 191], [199, 200], [199, 204]], "missing_branches": [[181, 199]]}, "EpisodeRetrievalService.retrieve_sequential": {"executed_lines": [242, 247, 248, 251, 255, 261, 262, 265, 266, 269, 271], "summary": {"covered_lines": 11, "num_statements": 11, "percent_covered": 100.0, "percent_covered_display": "100.00", "missing_lines": 0, "excluded_lines": 0, "percent_statements_covered": 100.0, "percent_statements_covered_display": "100.00", "num_branches": 6, "num_partial_branches": 0, "covered_branches": 6, "missing_branches": 0, "percent_branches_covered": 100.0, "percent_branches_covered_display": "100.00"}, "missing_lines": [], "excluded_lines": [], "start_line": 219, "executed_branches": [[247, 248], [247, 251], [261, 262], [261, 265], [265, 266], [265, 269]], "missing_branches": []}, "EpisodeRetrievalService.retrieve_contextual": {"executed_lines": [], "summary": {"covered_lines": 0, "num_statements": 32, "percent_covered": 0.0, "percent_covered_display": "0.00", "missing_lines": 32, "excluded_lines": 0, "percent_statements_covered": 0.0, "percent_statements_covered_display": "0.00", "num_branches": 24, "num_partial_branches": 0, "covered_branches": 0, "missing_branches": 24, "percent_branches_covered": 0.0, "percent_branches_covered_display": "0.00"}, "missing_lines": [295, 296, 299, 300, 303, 304, 305, 306, 307, 310, 311, 312, 313, 316, 317, 321, 322, 323, 324, 325, 329, 332, 333, 334, 335, 336, 339, 340, 341, 342, 344, 346], "excluded_lines": [], "start_line": 273, "executed_branches": [], "missing_branches": [[304, 305], [304, 306], [306, 307], [306, 310], [310, 311], [310, 329], [312, 313], [312, 316], [316, 317], [316, 321], [321, 310], [321, 322], [322, 323], [322, 324], [324, 310], [324, 325], [333, 334], [333, 346], [335, 336], [335, 339], [339, 340], [339, 341], [341, 342], [341, 344]]}, "EpisodeRetrievalService._log_access": {"executed_lines": [361, 362, 370, 371], "summary": {"covered_lines": 4, "num_statements": 6, "percent_covered": 66.66666666666667, "percent_covered_display": "66.67", "missing_lines": 2, "excluded_lines": 0, "percent_statements_covered": 66.66666666666667, "percent_statements_covered_display": "66.67", "num_branches": 0, "num_partial_branches": 0, "covered_branches": 0, "missing_branches": 0, "percent_branches_covered": 100.0, "percent_branches_covered_display": "100.00"}, "missing_lines": [372, 373], "excluded_lines": [], "start_line": 352, "executed_branches": [], "missing_branches": []}, "EpisodeRetrievalService._serialize_episode": {"executed_lines": [382, 416, 419], "summary": {"covered_lines": 3, "num_statements": 4, "percent_covered": 66.66666666666667, "percent_covered_display": "66.67", "missing_lines": 1, "excluded_lines": 0, "percent_statements_covered": 75.0, "percent_statements_covered_display": "75.00", "num_branches": 2, "num_partial_branches": 1, "covered_branches": 1, "missing_branches": 1, "percent_branches_covered": 50.0, "percent_branches_covered_display": "50.00"}, "missing_lines": [417], "excluded_lines": [], "start_line": 375, "executed_branches": [[416, 419]], "missing_branches": [[416, 417]]}, "EpisodeRetrievalService._serialize_segment": {"executed_lines": [423], "summary": {"covered_lines": 1, "num_statements": 1, "percent_covered": 100.0, "percent_covered_display": "100.00", "missing_lines": 0, "excluded_lines": 0, "percent_statements_covered": 100.0, "percent_statements_covered_display": "100.00", "num_branches": 0, "num_partial_branches": 0, "covered_branches": 0, "missing_branches": 0, "percent_branches_covered": 100.0, "percent_branches_covered_display": "100.00"}, "missing_lines": [], "excluded_lines": [], "start_line": 421, "executed_branches": [], "missing_branches": []}, "EpisodeRetrievalService._fetch_canvas_context": {"executed_lines": [445, 446, 448, 449, 453, 463, 464, 465], "summary": {"covered_lines": 8, "num_statements": 8, "percent_covered": 100.0, "percent_covered_display": "100.00", "missing_lines": 0, "excluded_lines": 0, "percent_statements_covered": 100.0, "percent_statements_covered_display": "100.00", "num_branches": 2, "num_partial_branches": 0, "covered_branches": 2, "missing_branches": 0, "percent_branches_covered": 100.0, "percent_branches_covered_display": "100.00"}, "missing_lines": [], "excluded_lines": [], "start_line": 435, "executed_branches": [[445, 446], [445, 448]], "missing_branches": []}, "EpisodeRetrievalService._fetch_feedback_context": {"executed_lines": [477, 478, 480, 481, 485, 494, 495, 496], "summary": {"covered_lines": 8, "num_statements": 8, "percent_covered": 100.0, "percent_covered_display": "100.00", "missing_lines": 0, "excluded_lines": 0, "percent_statements_covered": 100.0, "percent_statements_covered_display": "100.00", "num_branches": 2, "num_partial_branches": 0, "covered_branches": 2, "missing_branches": 0, "percent_branches_covered": 100.0, "percent_branches_covered_display": "100.00"}, "missing_lines": [], "excluded_lines": [], "start_line": 467, "executed_branches": [[477, 478], [477, 480]], "missing_branches": []}, "EpisodeRetrievalService.retrieve_canvas_aware": {"executed_lines": [530, 535, 543, 544, 545, 548, 549, 557, 558, 559, 560, 561, 562, 563, 564, 566, 572, 573, 597, 602], "summary": {"covered_lines": 20, "num_statements": 34, "percent_covered": 55.76923076923077, "percent_covered_display": "55.77", "missing_lines": 14, "excluded_lines": 0, "percent_statements_covered": 58.8235294117647, "percent_statements_covered_display": "58.82", "num_branches": 18, "num_partial_branches": 5, "covered_branches": 9, "missing_branches": 9, "percent_branches_covered": 50.0, "percent_branches_covered_display": "50.00"}, "missing_lines": [536, 574, 577, 581, 582, 583, 586, 587, 592, 594, 598, 611, 612, 613], "excluded_lines": [], "start_line": 498, "executed_branches": [[535, 543], [544, 545], [544, 548], [558, 559], [558, 566], [560, 561], [563, 564], [573, 597], [597, 602]], "missing_branches": [[535, 536], [560, 562], [563, 558], [573, 574], [582, 583], [582, 594], [586, 587], [586, 592], [597, 598]]}, "EpisodeRetrievalService._filter_canvas_context_detail": {"executed_lines": [], "summary": {"covered_lines": 0, "num_statements": 5, "percent_covered": 0.0, "percent_covered_display": "0.00", "missing_lines": 5, "excluded_lines": 0, "percent_statements_covered": 0.0, "percent_statements_covered_display": "0.00", "num_branches": 4, "num_partial_branches": 0, "covered_branches": 0, "missing_branches": 4, "percent_branches_covered": 0.0, "percent_branches_covered_display": "0.00"}, "missing_lines": [634, 636, 638, 640, 648], "excluded_lines": [], "start_line": 619, "executed_branches": [], "missing_branches": [[634, 636], [634, 638], [638, 640], [638, 648]]}, "EpisodeRetrievalService.retrieve_by_business_data": {"executed_lines": [676, 681, 688, 690, 696, 697, 701, 702, 704, 705, 706, 715, 717, 720, 739, 740, 741], "summary": {"covered_lines": 17, "num_statements": 29, "percent_covered": 53.06122448979592, "percent_covered_display": "53.06", "missing_lines": 12, "excluded_lines": 0, "percent_statements_covered": 58.62068965517241, "percent_statements_covered_display": "58.62", "num_branches": 20, "num_partial_branches": 3, "covered_branches": 9, "missing_branches": 11, "percent_branches_covered": 45.0, "percent_branches_covered_display": "45.00"}, "missing_lines": [682, 698, 707, 708, 709, 710, 711, 712, 721, 727, 728, 732], "excluded_lines": [], "start_line": 652, "executed_branches": [[681, 688], [696, 697], [696, 717], [697, 701], [702, 704], [702, 715], [704, 696], [704, 705], [705, 706]], "missing_branches": [[681, 682], [697, 698], [705, 707], [707, 708], [707, 709], [709, 710], [709, 711], [711, 704], [711, 712], [727, 728], [727, 732]]}, "EpisodeRetrievalService.retrieve_by_canvas_type": {"executed_lines": [], "summary": {"covered_lines": 0, "num_statements": 15, "percent_covered": 0.0, "percent_covered_display": "0.00", "missing_lines": 15, "excluded_lines": 0, "percent_statements_covered": 0.0, "percent_statements_covered_display": "0.00", "num_branches": 6, "num_partial_branches": 0, "covered_branches": 0, "missing_branches": 6, "percent_branches_covered": 0.0, "percent_branches_covered_display": "0.00"}, "missing_lines": [771, 776, 777, 784, 785, 786, 789, 797, 801, 802, 804, 806, 809, 810, 814], "excluded_lines": [], "start_line": 747, "executed_branches": [], "missing_branches": [[776, 777], [776, 784], [801, 802], [801, 804], [809, 810], [809, 814]]}, "EpisodeRetrievalService.retrieve_with_supervision_context": {"executed_lines": [860, 865, 873, 874, 879, 913, 914, 920, 921, 923, 925, 941, 947, 952, 955, 960, 963, 964, 965, 966, 967, 970, 971, 975], "summary": {"covered_lines": 24, "num_statements": 53, "percent_covered": 40.449438202247194, "percent_covered_display": "40.45", "missing_lines": 29, "excluded_lines": 0, "percent_statements_covered": 45.283018867924525, "percent_statements_covered_display": "45.28", "num_branches": 36, "num_partial_branches": 6, "covered_branches": 12, "missing_branches": 24, "percent_branches_covered": 33.333333333333336, "percent_branches_covered_display": "33.33"}, "missing_lines": [866, 881, 883, 887, 888, 893, 895, 896, 901, 905, 910, 926, 927, 928, 929, 931, 932, 933, 934, 936, 938, 942, 943, 944, 948, 949, 950, 956, 957], "excluded_lines": [], "start_line": 827, "executed_branches": [[865, 873], [873, 874], [923, 925], [923, 955], [925, 941], [941, 947], [947, 952], [955, 960], [964, 965], [964, 970], [970, 971], [970, 975]], "missing_branches": [[865, 866], [873, 881], [881, 883], [881, 895], [895, 896], [895, 905], [925, 926], [926, 927], [926, 931], [927, 928], [927, 929], [931, 932], [931, 936], [932, 933], [932, 934], [936, 938], [936, 941], [941, 942], [942, 943], [942, 944], [947, 948], [948, 949], [948, 950], [955, 956]]}, "EpisodeRetrievalService._create_supervision_context": {"executed_lines": [985], "summary": {"covered_lines": 1, "num_statements": 1, "percent_covered": 100.0, "percent_covered_display": "100.00", "missing_lines": 0, "excluded_lines": 0, "percent_statements_covered": 100.0, "percent_statements_covered_display": "100.00", "num_branches": 0, "num_partial_branches": 0, "covered_branches": 0, "missing_branches": 0, "percent_branches_covered": 100.0, "percent_branches_covered_display": "100.00"}, "missing_lines": [], "excluded_lines": [], "start_line": 983, "executed_branches": [], "missing_branches": []}, "EpisodeRetrievalService._summarize_feedback": {"executed_lines": [997, 998], "summary": {"covered_lines": 2, "num_statements": 5, "percent_covered": 33.333333333333336, "percent_covered_display": "33.33", "missing_lines": 3, "excluded_lines": 0, "percent_statements_covered": 40.0, "percent_statements_covered_display": "40.00", "num_branches": 4, "num_partial_branches": 1, "covered_branches": 1, "missing_branches": 3, "percent_branches_covered": 25.0, "percent_branches_covered_display": "25.00"}, "missing_lines": [1001, 1002, 1003], "excluded_lines": [], "start_line": 995, "executed_branches": [[997, 998]], "missing_branches": [[997, 1001], [1001, 1002], [1001, 1003]]}, "EpisodeRetrievalService._assess_outcome_quality": {"executed_lines": [1012, 1013, 1016, 1017, 1020, 1021, 1024, 1025, 1028], "summary": {"covered_lines": 9, "num_statements": 9, "percent_covered": 100.0, "percent_covered_display": "100.00", "missing_lines": 0, "excluded_lines": 0, "percent_statements_covered": 100.0, "percent_statements_covered_display": "100.00", "num_branches": 8, "num_partial_branches": 0, "covered_branches": 8, "missing_branches": 0, "percent_branches_covered": 100.0, "percent_branches_covered_display": "100.00"}, "missing_lines": [], "excluded_lines": [], "start_line": 1005, "executed_branches": [[1012, 1013], [1012, 1016], [1016, 1017], [1016, 1020], [1020, 1021], [1020, 1024], [1024, 1025], [1024, 1028]], "missing_branches": []}, "EpisodeRetrievalService._filter_improvement_trend": {"executed_lines": [], "summary": {"covered_lines": 0, "num_statements": 14, "percent_covered": 0.0, "percent_covered_display": "0.00", "missing_lines": 14, "excluded_lines": 0, "percent_statements_covered": 0.0, "percent_statements_covered_display": "0.00", "num_branches": 6, "num_partial_branches": 0, "covered_branches": 0, "missing_branches": 6, "percent_branches_covered": 0.0, "percent_branches_covered_display": "0.00"}, "missing_lines": [1043, 1044, 1047, 1054, 1055, 1057, 1061, 1066, 1067, 1069, 1070, 1073, 1074, 1076], "excluded_lines": [], "start_line": 1030, "executed_branches": [], "missing_branches": [[1043, 1044], [1043, 1047], [1066, 1067], [1066, 1069], [1073, 1074], [1073, 1076]]}, "": {"executed_lines": [11, 12, 13, 14, 15, 16, 18, 19, 20, 31, 35, 36, 39, 41, 42, 43, 44, 47, 55, 58, 63, 148, 219, 273, 352, 375, 421, 435, 467, 498, 619, 652, 747, 827, 983, 995, 1005, 1030], "summary": {"covered_lines": 38, "num_statements": 38, "percent_covered": 100.0, "percent_covered_display": "100.00", "missing_lines": 0, "excluded_lines": 0, "percent_statements_covered": 100.0, "percent_statements_covered_display": "100.00", "num_branches": 0, "num_partial_branches": 0, "covered_branches": 0, "missing_branches": 0, "percent_branches_covered": 100.0, "percent_branches_covered_display": "100.00"}, "missing_lines": [], "excluded_lines": [], "start_line": 1, "executed_branches": [], "missing_branches": []}}, "classes": {"RetrievalMode": {"executed_lines": [], "summary": {"covered_lines": 0, "num_statements": 0, "percent_covered": 100.0, "percent_covered_display": "100.00", "missing_lines": 0, "excluded_lines": 0, "percent_statements_covered": 100.0, "percent_statements_covered_display": "100.00", "num_branches": 0, "num_partial_branches": 0, "covered_branches": 0, "missing_branches": 0, "percent_branches_covered": 100.0, "percent_branches_covered_display": "100.00"}, "missing_lines": [], "excluded_lines": [], "start_line": 39, "executed_branches": [], "missing_branches": []}, "RetrievalResult": {"executed_lines": [], "summary": {"covered_lines": 0, "num_statements": 0, "percent_covered": 100.0, "percent_covered_display": "100.00", "missing_lines": 0, "excluded_lines": 0, "percent_statements_covered": 100.0, "percent_statements_covered_display": "100.00", "num_branches": 0, "num_partial_branches": 0, "covered_branches": 0, "missing_branches": 0, "percent_branches_covered": 100.0, "percent_branches_covered_display": "100.00"}, "missing_lines": [], "excluded_lines": [], "start_line": 47, "executed_branches": [], "missing_branches": []}, "EpisodeRetrievalService": {"executed_lines": [59, 60, 61, 88, 93, 94, 95, 102, 103, 104, 107, 114, 122, 125, 126, 136, 137, 141, 156, 161, 162, 169, 170, 178, 179, 181, 183, 184, 185, 186, 187, 188, 189, 190, 191, 193, 199, 200, 204, 211, 212, 213, 242, 247, 248, 251, 255, 261, 262, 265, 266, 269, 271, 361, 362, 370, 371, 382, 416, 419, 423, 445, 446, 448, 449, 453, 463, 464, 465, 477, 478, 480, 481, 485, 494, 495, 496, 530, 535, 543, 544, 545, 548, 549, 557, 558, 559, 560, 561, 562, 563, 564, 566, 572, 573, 597, 602, 676, 681, 688, 690, 696, 697, 701, 702, 704, 705, 706, 715, 717, 720, 739, 740, 741, 860, 865, 873, 874, 879, 913, 914, 920, 921, 923, 925, 941, 947, 952, 955, 960, 963, 964, 965, 966, 967, 970, 971, 975, 985, 997, 998, 1012, 1013, 1016, 1017, 1020, 1021, 1024, 1025, 1028], "summary": {"covered_lines": 150, "num_statements": 282, "percent_covered": 49.09502262443439, "percent_covered_display": "49.10", "missing_lines": 132, "excluded_lines": 0, "percent_statements_covered": 53.191489361702125, "percent_statements_covered_display": "53.19", "num_branches": 160, "num_partial_branches": 19, "covered_branches": 67, "missing_branches": 93, "percent_branches_covered": 41.875, "percent_branches_covered_display": "41.88"}, "missing_lines": [116, 128, 129, 130, 133, 295, 296, 299, 300, 303, 304, 305, 306, 307, 310, 311, 312, 313, 316, 317, 321, 322, 323, 324, 325, 329, 332, 333, 334, 335, 336, 339, 340, 341, 342, 344, 346, 372, 373, 417, 536, 574, 577, 581, 582, 583, 586, 587, 592, 594, 598, 611, 612, 613, 634, 636, 638, 640, 648, 682, 698, 707, 708, 709, 710, 711, 712, 721, 727, 728, 732, 771, 776, 777, 784, 785, 786, 789, 797, 801, 802, 804, 806, 809, 810, 814, 866, 881, 883, 887, 888, 893, 895, 896, 901, 905, 910, 926, 927, 928, 929, 931, 932, 933, 934, 936, 938, 942, 943, 944, 948, 949, 950, 956, 957, 1001, 1002, 1003, 1043, 1044, 1047, 1054, 1055, 1057, 1061, 1066, 1067, 1069, 1070, 1073, 1074, 1076], "excluded_lines": [], "start_line": 55, "executed_branches": [[93, 94], [93, 102], [114, 122], [126, 136], [136, 137], [136, 141], [161, 162], [161, 169], [181, 183], [184, 185], [184, 193], [186, 187], [186, 189], [190, 184], [190, 191], [199, 200], [199, 204], [247, 248], [247, 251], [261, 262], [261, 265], [265, 266], [265, 269], [416, 419], [445, 446], [445, 448], [477, 478], [477, 480], [535, 543], [544, 545], [544, 548], [558, 559], [558, 566], [560, 561], [563, 564], [573, 597], [597, 602], [681, 688], [696, 697], [696, 717], [697, 701], [702, 704], [702, 715], [704, 696], [704, 705], [705, 706], [865, 873], [873, 874], [923, 925], [923, 955], [925, 941], [941, 947], [947, 952], [955, 960], [964, 965], [964, 970], [970, 971], [970, 975], [997, 998], [1012, 1013], [1012, 1016], [1016, 1017], [1016, 1020], [1020, 1021], [1020, 1024], [1024, 1025], [1024, 1028]], "missing_branches": [[114, 116], [126, 128], [129, 130], [129, 136], [181, 199], [304, 305], [304, 306], [306, 307], [306, 310], [310, 311], [310, 329], [312, 313], [312, 316], [316, 317], [316, 321], [321, 310], [321, 322], [322, 323], [322, 324], [324, 310], [324, 325], [333, 334], [333, 346], [335, 336], [335, 339], [339, 340], [339, 341], [341, 342], [341, 344], [416, 417], [535, 536], [560, 562], [563, 558], [573, 574], [582, 583], [582, 594], [586, 587], [586, 592], [597, 598], [634, 636], [634, 638], [638, 640], [638, 648], [681, 682], [697, 698], [705, 707], [707, 708], [707, 709], [709, 710], [709, 711], [711, 704], [711, 712], [727, 728], [727, 732], [776, 777], [776, 784], [801, 802], [801, 804], [809, 810], [809, 814], [865, 866], [873, 881], [881, 883], [881, 895], [895, 896], [895, 905], [925, 926], [926, 927], [926, 931], [927, 928], [927, 929], [931, 932], [931, 936], [932, 933], [932, 934], [936, 938], [936, 941], [941, 942], [942, 943], [942, 944], [947, 948], [948, 949], [948, 950], [955, 956], [997, 1001], [1001, 1002], [1001, 1003], [1043, 1044], [1043, 1047], [1066, 1067], [1066, 1069], [1073, 1074], [1073, 1076]]}, "": {"executed_lines": [11, 12, 13, 14, 15, 16, 18, 19, 20, 31, 35, 36, 39, 41, 42, 43, 44, 47, 55, 58, 63, 148, 219, 273, 352, 375, 421, 435, 467, 498, 619, 652, 747, 827, 983, 995, 1005, 1030], "summary": {"covered_lines": 38, "num_statements": 38, "percent_covered": 100.0, "percent_covered_display": "100.00", "missing_lines": 0, "excluded_lines": 0, "percent_statements_covered": 100.0, "percent_statements_covered_display": "100.00", "num_branches": 0, "num_partial_branches": 0, "covered_branches": 0, "missing_branches": 0, "percent_branches_covered": 100.0, "percent_branches_covered_display": "100.00"}, "missing_lines": [], "excluded_lines": [], "start_line": 1, "executed_branches": [], "missing_branches": []}}}, "core/episode_segmentation_service.py": {"executed_lines": [12, 13, 14, 15, 16, 17, 18, 19, 21, 22, 23, 35, 36, 38, 42, 45, 53, 60, 61, 64, 67, 68, 70, 78, 79, 80, 81, 82, 84, 85, 87, 89, 96, 97, 99, 100, 102, 103, 105, 107, 110, 112, 113, 115, 117, 119, 120, 121, 122, 124, 126, 128, 130, 131, 132, 135, 136, 137, 138, 140, 162, 169, 171, 172, 175, 176, 179, 180, 183, 186, 188, 193, 195, 202, 205, 220, 331, 345, 351, 360, 381, 397, 456, 473, 486, 495, 503, 525, 579, 586, 596, 611, 660, 682, 773, 810, 851, 935, 948, 1028, 1082, 1232, 1258, 1275, 1292, 1322, 1342, 1373, 1430, 1450, 1509, 1523], "summary": {"covered_lines": 112, "num_statements": 591, "percent_covered": 15.375722543352602, "percent_covered_display": "15.38", "missing_lines": 479, "excluded_lines": 0, "percent_statements_covered": 18.95093062605753, "percent_statements_covered_display": "18.95", "num_branches": 274, "num_partial_branches": 1, "covered_branches": 21, "missing_branches": 253, "percent_branches_covered": 7.664233576642336, "percent_branches_covered_display": "7.66"}, "missing_lines": [141, 143, 144, 145, 147, 150, 151, 154, 155, 157, 158, 159, 160, 189, 197, 198, 199, 206, 207, 208, 211, 212, 213, 216, 240, 244, 245, 246, 249, 254, 260, 261, 265, 266, 267, 270, 271, 276, 278, 279, 280, 283, 284, 285, 286, 289, 290, 291, 294, 295, 313, 314, 317, 318, 320, 323, 326, 328, 329, 334, 335, 336, 338, 339, 340, 341, 343, 347, 348, 349, 354, 355, 356, 357, 358, 362, 364, 365, 366, 368, 369, 370, 371, 372, 374, 375, 377, 378, 379, 384, 386, 388, 389, 392, 393, 395, 399, 400, 403, 405, 406, 408, 411, 412, 415, 416, 419, 420, 423, 424, 425, 426, 428, 429, 432, 434, 438, 440, 442, 443, 444, 447, 448, 449, 450, 451, 454, 459, 462, 463, 464, 465, 468, 469, 471, 475, 479, 480, 481, 482, 484, 488, 489, 491, 492, 493, 497, 498, 499, 500, 501, 506, 507, 508, 511, 512, 513, 517, 518, 519, 520, 523, 534, 537, 538, 540, 541, 544, 545, 546, 557, 558, 559, 562, 563, 574, 575, 577, 581, 588, 589, 591, 592, 593, 594, 598, 601, 606, 607, 609, 613, 614, 615, 617, 619, 626, 641, 642, 643, 646, 655, 657, 658, 670, 671, 675, 676, 678, 679, 680, 692, 693, 696, 697, 698, 699, 701, 702, 705, 706, 709, 710, 711, 714, 715, 716, 717, 718, 720, 721, 722, 723, 724, 726, 727, 728, 729, 730, 733, 734, 743, 744, 745, 748, 749, 751, 752, 754, 757, 764, 765, 768, 769, 771, 793, 794, 795, 798, 803, 804, 806, 807, 808, 825, 826, 828, 829, 830, 831, 832, 833, 834, 835, 838, 840, 841, 843, 844, 845, 847, 848, 849, 877, 879, 882, 891, 892, 893, 899, 906, 912, 913, 917, 918, 919, 921, 930, 931, 933, 944, 945, 946, 968, 969, 971, 974, 977, 986, 989, 990, 993, 994, 997, 998, 1005, 1012, 1017, 1018, 1019, 1021, 1022, 1024, 1025, 1026, 1046, 1047, 1049, 1050, 1052, 1057, 1059, 1065, 1067, 1071, 1072, 1074, 1075, 1076, 1105, 1107, 1108, 1109, 1110, 1111, 1112, 1115, 1121, 1126, 1129, 1170, 1173, 1174, 1184, 1185, 1188, 1189, 1199, 1200, 1203, 1204, 1214, 1216, 1219, 1221, 1225, 1227, 1228, 1229, 1230, 1238, 1240, 1241, 1243, 1244, 1246, 1247, 1249, 1250, 1252, 1253, 1254, 1256, 1260, 1261, 1263, 1264, 1265, 1266, 1267, 1269, 1270, 1271, 1273, 1277, 1279, 1280, 1281, 1283, 1284, 1286, 1287, 1288, 1290, 1298, 1301, 1302, 1303, 1306, 1307, 1309, 1310, 1311, 1314, 1315, 1316, 1317, 1318, 1320, 1328, 1331, 1334, 1337, 1338, 1340, 1355, 1358, 1359, 1360, 1363, 1364, 1365, 1366, 1367, 1368, 1371, 1375, 1376, 1377, 1379, 1381, 1390, 1407, 1408, 1409, 1412, 1421, 1423, 1424, 1440, 1473, 1474, 1485, 1497, 1498, 1499, 1501, 1502, 1504, 1505, 1506, 1507, 1511, 1512, 1514, 1515, 1516, 1517, 1518, 1519, 1521, 1525, 1527, 1528, 1529, 1531, 1532, 1533, 1534, 1536], "excluded_lines": [], "executed_branches": [[79, 80], [79, 87], [84, 79], [84, 85], [96, 97], [96, 99], [100, 102], [100, 115], [105, 107], [105, 110], [112, 100], [112, 113], [120, 121], [120, 124], [121, 120], [121, 122], [137, 138], [137, 140], [175, 176], [175, 179], [188, 193]], "missing_branches": [[154, 155], [154, 157], [188, 189], [211, 212], [211, 213], [244, 245], [244, 249], [266, 267], [266, 270], [270, 271], [270, 276], [278, 279], [278, 283], [284, 285], [284, 289], [313, 314], [313, 317], [317, 318], [317, 320], [334, 335], [334, 343], [336, 338], [336, 343], [339, 340], [339, 341], [354, 355], [354, 358], [364, 365], [364, 368], [365, 364], [365, 366], [368, 369], [368, 374], [369, 370], [369, 371], [371, 368], [371, 372], [374, 375], [374, 377], [386, 388], [386, 395], [388, 389], [388, 392], [403, 405], [403, 432], [405, 406], [405, 408], [424, 403], [424, 425], [425, 403], [425, 426], [426, 425], [426, 428], [428, 425], [428, 429], [432, 434], [432, 454], [438, 440], [438, 447], [442, 443], [442, 447], [443, 442], [443, 444], [448, 432], [448, 449], [449, 432], [449, 450], [450, 449], [450, 451], [462, 463], [462, 464], [464, 465], [464, 468], [468, 469], [468, 471], [479, 480], [479, 484], [480, 481], [480, 482], [489, 491], [489, 493], [491, 489], [491, 492], [498, 499], [498, 501], [499, 498], [499, 500], [507, 508], [507, 511], [517, 518], [517, 523], [537, 538], [537, 562], [540, 541], [540, 562], [544, 540], [544, 545], [545, 540], [545, 546], [562, 563], [562, 577], [588, 589], [588, 591], [592, 593], [592, 594], [606, 607], [606, 609], [613, 614], [613, 617], [642, 643], [642, 646], [692, 693], [692, 696], [701, 702], [701, 748], [705, 706], [705, 733], [710, 711], [710, 714], [714, 715], [714, 720], [715, 716], [715, 717], [717, 718], [717, 733], [720, 721], [720, 726], [721, 722], [721, 723], [723, 724], [723, 733], [726, 727], [726, 733], [727, 728], [727, 729], [729, 730], [729, 733], [733, 701], [733, 734], [744, 701], [744, 745], [751, 752], [751, 754], [764, 765], [764, 768], [768, 769], [768, 771], [794, 795], [794, 798], [825, 826], [825, 828], [830, 831], [830, 840], [831, 832], [831, 833], [833, 834], [833, 835], [835, 830], [835, 838], [840, 841], [840, 843], [892, 893], [892, 899], [917, 918], [917, 921], [918, 917], [918, 919], [968, 969], [968, 971], [989, 990], [989, 993], [993, 994], [993, 997], [997, 998], [997, 1012], [1017, 1018], [1017, 1021], [1018, 1017], [1018, 1019], [1046, 1047], [1046, 1049], [1050, 1052], [1050, 1057], [1057, 1059], [1057, 1065], [1065, 1067], [1065, 1071], [1108, 1109], [1108, 1115], [1109, 1110], [1109, 1115], [1111, 1109], [1111, 1112], [1173, 1174], [1173, 1188], [1188, 1189], [1188, 1203], [1203, 1204], [1203, 1216], [1240, 1241], [1240, 1252], [1246, 1247], [1246, 1249], [1249, 1250], [1249, 1252], [1252, 1253], [1252, 1256], [1260, 1261], [1260, 1263], [1264, 1265], [1264, 127
[...]
s": [[547, 549], [547, 558], [549, 550], [552, -545], [560, -545], [560, 561], [561, 562], [561, 563]], "missing_branches": [[549, 552], [552, 553], [553, 552], [553, 554], [554, 552], [554, 555]]}, "WorkflowTemplateManager._save_template": {"executed_lines": [567, 569, 570, 572], "summary": {"covered_lines": 4, "num_statements": 4, "percent_covered": 100.0, "percent_covered_display": "100.00", "missing_lines": 0, "excluded_lines": 0, "percent_statements_covered": 100.0, "percent_statements_covered_display": "100.00", "num_branches": 0, "num_partial_branches": 0, "covered_branches": 0, "missing_branches": 0, "percent_branches_covered": 100.0, "percent_branches_covered_display": "100.00"}, "missing_lines": [], "excluded_lines": [], "start_line": 565, "executed_branches": [], "missing_branches": []}, "WorkflowTemplateManager.load_templates": {"executed_lines": [576, 579], "summary": {"covered_lines": 2, "num_statements": 13, "percent_covered": 23.529411764705884, "percent_covered_display": "23.53", "missing_lines": 11, "excluded_lines": 0, "percent_statements_covered": 15.384615384615385, "percent_statements_covered_display": "15.38", "num_branches": 4, "num_partial_branches": 2, "covered_branches": 2, "missing_branches": 2, "percent_branches_covered": 50.0, "percent_branches_covered_display": "50.00"}, "missing_lines": [577, 580, 581, 582, 584, 585, 586, 587, 588, 590, 591], "excluded_lines": [], "start_line": 574, "executed_branches": [[576, 579], [579, -574]], "missing_branches": [[576, 577], [579, 580]]}, "WorkflowTemplateManager.load_built_in_templates": {"executed_lines": [596, 614, 615, 616, 617, 618, 619, 620], "summary": {"covered_lines": 8, "num_statements": 10, "percent_covered": 78.57142857142857, "percent_covered_display": "78.57", "missing_lines": 2, "excluded_lines": 0, "percent_statements_covered": 80.0, "percent_statements_covered_display": "80.00", "num_branches": 4, "num_partial_branches": 1, "covered_branches": 3, "missing_branches": 1, "percent_branches_covered": 75.0, "percent_branches_covered_display": "75.00"}, "missing_lines": [621, 622], "excluded_lines": [], "start_line": 593, "executed_branches": [[614, -593], [614, 615], [617, 618]], "missing_branches": [[617, 614]]}, "WorkflowTemplateManager._create_data_processing_template": {"executed_lines": [626], "summary": {"covered_lines": 1, "num_statements": 1, "percent_covered": 100.0, "percent_covered_display": "100.00", "missing_lines": 0, "excluded_lines": 0, "percent_statements_covered": 100.0, "percent_statements_covered_display": "100.00", "num_branches": 0, "num_partial_branches": 0, "covered_branches": 0, "missing_branches": 0, "percent_branches_covered": 100.0, "percent_branches_covered_display": "100.00"}, "missing_lines": [], "excluded_lines": [], "start_line": 624, "executed_branches": [], "missing_branches": []}, "WorkflowTemplateManager._create_automation_template": {"executed_lines": [708], "summary": {"covered_lines": 1, "num_statements": 1, "percent_covered": 100.0, "percent_covered_display": "100.00", "missing_lines": 0, "excluded_lines": 0, "percent_statements_covered": 100.0, "percent_statements_covered_display": "100.00", "num_branches": 0, "num_partial_branches": 0, "covered_branches": 0, "missing_branches": 0, "percent_branches_covered": 100.0, "percent_branches_covered_display": "100.00"}, "missing_lines": [], "excluded_lines": [], "start_line": 706, "executed_branches": [], "missing_branches": []}, "WorkflowTemplateManager._create_monitoring_template": {"executed_lines": [766], "summary": {"covered_lines": 1, "num_statements": 1, "percent_covered": 100.0, "percent_covered_display": "100.00", "missing_lines": 0, "excluded_lines": 0, "percent_statements_covered": 100.0, "percent_statements_covered_display": "100.00", "num_branches": 0, "num_partial_branches": 0, "covered_branches": 0, "missing_branches": 0, "percent_branches_covered": 100.0, "percent_branches_covered_display": "100.00"}, "missing_lines": [], "excluded_lines": [], "start_line": 764, "executed_branches": [], "missing_branches": []}, "WorkflowTemplateManager._create_integration_template": {"executed_lines": [832], "summary": {"covered_lines": 1, "num_statements": 1, "percent_covered": 100.0, "percent_covered_display": "100.00", "missing_lines": 0, "excluded_lines": 0, "percent_statements_covered": 100.0, "percent_statements_covered_display": "100.00", "num_branches": 0, "num_partial_branches": 0, "covered_branches": 0, "missing_branches": 0, "percent_branches_covered": 100.0, "percent_branches_covered_display": "100.00"}, "missing_lines": [], "excluded_lines": [], "start_line": 830, "executed_branches": [], "missing_branches": []}, "WorkflowTemplateManager._create_content_management_template": {"executed_lines": [899], "summary": {"covered_lines": 1, "num_statements": 1, "percent_covered": 100.0, "percent_covered_display": "100.00", "missing_lines": 0, "excluded_lines": 0, "percent_statements_covered": 100.0, "percent_statements_covered_display": "100.00", "num_branches": 0, "num_partial_branches": 0, "covered_branches": 0, "missing_branches": 0, "percent_branches_covered": 100.0, "percent_branches_covered_display": "100.00"}, "missing_lines": [], "excluded_lines": [], "start_line": 897, "executed_branches": [], "missing_branches": []}, "WorkflowTemplateManager._create_burnout_protection_template": {"executed_lines": [990], "summary": {"covered_lines": 1, "num_statements": 1, "percent_covered": 100.0, "percent_covered_display": "100.00", "missing_lines": 0, "excluded_lines": 0, "percent_statements_covered": 100.0, "percent_statements_covered_display": "100.00", "num_branches": 0, "num_partial_branches": 0, "covered_branches": 0, "missing_branches": 0, "percent_branches_covered": 100.0, "percent_branches_covered_display": "100.00"}, "missing_lines": [], "excluded_lines": [], "start_line": 988, "executed_branches": [], "missing_branches": []}, "WorkflowTemplateManager._create_deadline_mitigation_template": {"executed_lines": [1036], "summary": {"covered_lines": 1, "num_statements": 1, "percent_covered": 100.0, "percent_covered_display": "100.00", "missing_lines": 0, "excluded_lines": 0, "percent_statements_covered": 100.0, "percent_statements_covered_display": "100.00", "num_branches": 0, "num_partial_branches": 0, "covered_branches": 0, "missing_branches": 0, "percent_branches_covered": 100.0, "percent_branches_covered_display": "100.00"}, "missing_lines": [], "excluded_lines": [], "start_line": 1034, "executed_branches": [], "missing_branches": []}, "WorkflowTemplateManager._create_email_followup_template": {"executed_lines": [1075], "summary": {"covered_lines": 1, "num_statements": 1, "percent_covered": 100.0, "percent_covered_display": "100.00", "missing_lines": 0, "excluded_lines": 0, "percent_statements_covered": 100.0, "percent_statements_covered_display": "100.00", "num_branches": 0, "num_partial_branches": 0, "covered_branches": 0, "missing_branches": 0, "percent_branches_covered": 100.0, "percent_branches_covered_display": "100.00"}, "missing_lines": [], "excluded_lines": [], "start_line": 1073, "executed_branches": [], "missing_branches": []}, "WorkflowTemplateManager._create_goal_driven_automation_template": {"executed_lines": [1121], "summary": {"covered_lines": 1, "num_statements": 1, "percent_covered": 100.0, "percent_covered_display": "100.00", "missing_lines": 0, "excluded_lines": 0, "percent_statements_covered": 100.0, "percent_statements_covered_display": "100.00", "num_branches": 0, "num_partial_branches": 0, "covered_branches": 0, "missing_branches": 0, "percent_branches_covered": 100.0, "percent_branches_covered_display": "100.00"}, "missing_lines": [], "excluded_lines": [], "start_line": 1119, "executed_branches": [], "missing_branches": []}, "WorkflowTemplateManager._create_agent_pipeline_template": {"executed_lines": [1194], "summary": {"covered_lines": 1, "num_statements": 1, "percent_covered": 100.0, "percent_covered_display": "100.00", "missing_lines": 0, "excluded_lines": 0, "percent_statements_covered": 100.0, "percent_statements_covered_display": "100.00", "num_branches": 0, "num_partial_branches": 0, "covered_branches": 0, "missing_branches": 0, "percent_branches_covered": 100.0, "percent_branches_covered_display": "100.00"}, "missing_lines": [], "excluded_lines": [], "start_line": 1192, "executed_branches": [], "missing_branches": []}, "WorkflowTemplateManager._create_cost_optimization_template": {"executed_lines": [1269], "summary": {"covered_lines": 1, "num_statements": 1, "percent_covered": 100.0, "percent_covered_display": "100.00", "missing_lines": 0, "excluded_lines": 0, "percent_statements_covered": 100.0, "percent_statements_covered_display": "100.00", "num_branches": 0, "num_partial_branches": 0, "covered_branches": 0, "missing_branches": 0, "percent_branches_covered": 100.0, "percent_branches_covered_display": "100.00"}, "missing_lines": [], "excluded_lines": [], "start_line": 1267, "executed_branches": [], "missing_branches": []}, "WorkflowTemplateManager._create_budget_approval_template": {"executed_lines": [1291], "summary": {"covered_lines": 1, "num_statements": 1, "percent_covered": 100.0, "percent_covered_display": "100.00", "missing_lines": 0, "excluded_lines": 0, "percent_statements_covered": 100.0, "percent_statements_covered_display": "100.00", "num_branches": 0, "num_partial_branches": 0, "covered_branches": 0, "missing_branches": 0, "percent_branches_covered": 100.0, "percent_branches_covered_display": "100.00"}, "missing_lines": [], "excluded_lines": [], "start_line": 1289, "executed_branches": [], "missing_branches": []}, "WorkflowTemplateManager._create_invoice_reconciliation_template": {"executed_lines": [1319], "summary": {"covered_lines": 1, "num_statements": 1, "percent_covered": 100.0, "percent_covered_display": "100.00", "missing_lines": 0, "excluded_lines": 0, "percent_statements_covered": 100.0, "percent_statements_covered_display": "100.00", "num_branches": 0, "num_partial_branches": 0, "covered_branches": 0, "missing_branches": 0, "percent_branches_covered": 100.0, "percent_branches_covered_display": "100.00"}, "missing_lines": [], "excluded_lines": [], "start_line": 1317, "executed_branches": [], "missing_branches": []}, "WorkflowTemplateManager._create_periodic_portal_check_template": {"executed_lines": [1342], "summary": {"covered_lines": 1, "num_statements": 1, "percent_covered": 100.0, "percent_covered_display": "100.00", "missing_lines": 0, "excluded_lines": 0, "percent_statements_covered": 100.0, "percent_statements_covered_display": "100.00", "num_branches": 0, "num_partial_branches": 0, "covered_branches": 0, "missing_branches": 0, "percent_branches_covered": 100.0, "percent_branches_covered_display": "100.00"}, "missing_lines": [], "excluded_lines": [], "start_line": 1340, "executed_branches": [], "missing_branches": []}, "": {"executed_lines": [6, 7, 8, 9, 10, 11, 12, 13, 15, 17, 18, 19, 20, 21, 22, 23, 24, 25, 26, 28, 29, 30, 31, 32, 34, 37, 38, 39, 40, 41, 42, 43, 44, 45, 47, 48, 49, 52, 54, 56, 57, 58, 59, 60, 61, 62, 63, 64, 65, 67, 69, 70, 71, 76, 78, 83, 86, 87, 88, 89, 92, 93, 94, 97, 98, 99, 102, 103, 104, 105, 108, 109, 110, 112, 113, 114, 125, 134, 139, 148, 150, 151, 152, 153, 155, 157, 160, 174, 200, 204, 244, 275, 292, 329, 351, 375, 390, 398, 412, 436, 478, 545, 565, 574, 593, 624, 706, 764, 830, 897, 988, 1034, 1073, 1119, 1192, 1267, 1289, 1317, 1340], "summary": {"covered_lines": 119, "num_statements": 119, "percent_covered": 100.0, "percent_covered_display": "100.00", "missing_lines": 0, "excluded_lines": 0, "percent_statements_covered": 100.0, "percent_statements_covered_display": "100.00", "num_branches": 0, "num_partial_branches": 0, "covered_branches": 0, "missing_branches": 0, "percent_branches_covered": 100.0, "percent_branches_covered_display": "100.00"}, "missing_lines": [], "excluded_lines": [], "start_line": 1, "executed_branches": [], "missing_branches": []}}, "classes": {"TemplateCategory": {"executed_lines": [], "summary": {"covered_lines": 0, "num_statements": 0, "percent_covered": 100.0, "percent_covered_display": "100.00", "missing_lines": 0, "excluded_lines": 0, "percent_statements_covered": 100.0, "percent_statements_covered_display": "100.00", "num_branches": 0, "num_partial_branches": 0, "covered_branches": 0, "missing_branches": 0, "percent_branches_covered": 100.0, "percent_branches_covered_display": "100.00"}, "missing_lines": [], "excluded_lines": [], "start_line": 17, "executed_branches": [], "missing_branches": []}, "TemplateComplexity": {"executed_lines": [], "summary": {"covered_lines": 0, "num_statements": 0, "percent_covered": 100.0, "percent_covered_display": "100.00", "missing_lines": 0, "excluded_lines": 0, "percent_statements_covered": 100.0, "percent_statements_covered_display": "100.00", "num_branches": 0, "num_partial_branches": 0, "covered_branches": 0, "missing_branches": 0, "percent_branches_covered": 100.0, "percent_branches_covered_display": "100.00"}, "missing_lines": [], "excluded_lines": [], "start_line": 28, "executed_branches": [], "missing_branches": []}, "TemplateParameter": {"executed_lines": [50], "summary": {"covered_lines": 1, "num_statements": 1, "percent_covered": 100.0, "percent_covered_display": "100.00", "missing_lines": 0, "excluded_lines": 0, "percent_statements_covered": 100.0, "percent_statements_covered_display": "100.00", "num_branches": 0, "num_partial_branches": 0, "covered_branches": 0, "missing_branches": 0, "percent_branches_covered": 100.0, "percent_branches_covered_display": "100.00"}, "missing_lines": [], "excluded_lines": [], "start_line": 34, "executed_branches": [], "missing_branches": []}, "TemplateStep": {"executed_lines": [74], "summary": {"covered_lines": 1, "num_statements": 1, "percent_covered": 100.0, "percent_covered_display": "100.00", "missing_lines": 0, "excluded_lines": 0, "percent_statements_covered": 100.0, "percent_statements_covered_display": "100.00", "num_branches": 0, "num_partial_branches": 0, "covered_branches": 0, "missing_branches": 0, "percent_branches_covered": 100.0, "percent_branches_covered_display": "100.00"}, "missing_lines": [], "excluded_lines": [], "start_line": 52, "executed_branches": [], "missing_branches": []}, "WorkflowTemplate": {"executed_lines": [116, 118, 119, 120, 121, 123, 127, 132, 136, 137, 141, 142, 144, 145, 146], "summary": {"covered_lines": 15, "num_statements": 15, "percent_covered": 100.0, "percent_covered_display": "100.00", "missing_lines": 0, "excluded_lines": 0, "percent_statements_covered": 100.0, "percent_statements_covered_display": "100.00", "num_branches": 8, "num_partial_branches": 0, "covered_branches": 8, "missing_branches": 0, "percent_branches_covered": 100.0, "percent_branches_covered_display": "100.00"}, "missing_lines": [], "excluded_lines": [], "start_line": 76, "executed_branches": [[118, 119], [118, 123], [119, 118], [119, 120], [120, 119], [120, 121], [141, 142], [141, 144]], "missing_branches": []}, "TemplateMarketplace": {"executed_lines": [], "summary": {"covered_lines": 0, "num_statements": 0, "percent_covered": 100.0, "percent_covered_display": "100.00", "missing_lines": 0, "excluded_lines": 0, "percent_statements_covered": 100.0, "percent_statements_covered_display": "100.00", "num_branches": 0, "num_partial_branches": 0, "covered_branches": 0, "missing_branches": 0, "percent_branches_covered": 100.0, "percent_branches_covered_display": "100.00"}, "missing_lines": [], "excluded_lines": [], "start_line": 148, "executed_branches": [], "missing_branches": []}, "WorkflowTemplateManager": {"executed_lines": [161, 162, 164, 165, 166, 169, 170, 172, 176, 178, 181, 184, 185, 188, 191, 193, 194, 202, 252, 255, 256, 258, 259, 261, 262, 264, 265, 267, 268, 271, 273, 277, 278, 280, 282, 283, 284, 287, 288, 290, 298, 299, 300, 302, 304, 307, 312, 313, 315, 317, 325, 326, 327, 331, 332, 334, 337, 338, 339, 342, 343, 346, 348, 349, 353, 354, 356, 359, 360, 361, 364, 367, 368, 369, 370, 372, 373, 377, 378, 380, 381, 383, 384, 385, 387, 388, 392, 393, 394, 396, 400, 402, 403, 406, 410, 414, 415, 416, 418, 419, 420, 421, 427, 438, 440, 441, 442, 445, 446, 449, 452, 453, 456, 457, 458, 459, 460, 461, 462, 464, 465, 466, 467, 468, 469, 470, 471, 472, 474, 476, 484, 543, 547, 549, 550, 552, 558, 560, 561, 562, 563, 567, 569, 570, 572, 576, 579, 596, 614, 615, 616, 617, 618, 619, 620, 626, 708, 766, 832, 899, 990, 1036, 1075, 1121, 1194, 1269, 1291, 1319, 1342], "summary": {"covered_lines": 169, "num_statements": 214, "percent_covered": 75.79617834394904, "percent_covered_display": "75.80", "missing_lines": 45, "excluded_lines": 0, "percent_statements_covered": 78.97196261682242, "percent_statements_covered_display": "78.97", "num_branches": 100, "num_partial_branches": 13, "covered_branches": 69, "missing_branches": 31, "percent_branches_covered": 69.0, "percent_branches_covered_display": "69.00"}, "missing_lines": [196, 197, 198, 206, 207, 208, 211, 212, 214, 216, 217, 218, 220, 221, 224, 225, 227, 229, 230, 232, 234, 237, 238, 239, 240, 242, 407, 408, 447, 553, 554, 555, 577, 580, 581, 582, 584, 585, 586, 587, 588, 590, 591, 621, 622], "excluded_lines": [], "start_line": 157, "executed_branches": [[255, 256], [255, 258], [258, 259], [258, 261], [261, 262], [261, 264], [264, 265], [264, 267], [267, 268], [267, 271], [280, 282], [280, 287], [283, 280], [283, 284], [299, 300], [299, 302], [331, 332], [331, 334], [337, 338], [337, 342], [338, 339], [353, 354], [353, 356], [360, 361], [368, 369], [377, 378], [377, 380], [380, 381], [380, 383], [393, 394], [393, 396], [402, 403], [402, 406], [406, 410], [419, 420], [419, 427], [440, 441], [440, 476], [445, 446], [445, 452], [446, 449], [452, 453], [452, 456], [456, 457], [458, 459], [458, 460], [460, 461], [460, 465], [461, 462], [461, 464], [465, 466], [465, 468], [466, 467], [468, 469], [468, 474], [469, 470], [547, 549], [547, 558], [549, 550], [552, -545], [560, -545], [560, 561], [561, 562], [561, 563], [576, 579], [579, -574], [614, -593], [614, 615], [617, 618]], "missing_branches": [[207, 208], [207, 211], [211, 212], [211, 234], [212, 211], [212, 214], [214, 216], [214, 232], [217, 218], [217, 230], [218, 220], [218, 229], [220, 221], [220, 224], [338, 337], [360, 364], [368, 372], [406, 407], [446, 447], [456, 474], [466, 474], [469, 474], [549, 552], [552, 553], [553, 552], [553, 554], [554, 552], [554, 555], [576, 577], [579, 580], [617, 614]]}, "": {"executed_lines": [6, 7, 8, 9, 10, 11, 12, 13, 15, 17, 18, 19, 20, 21, 22, 23, 24, 25, 26, 28, 29, 30, 31, 32, 34, 37, 38, 39, 40, 41, 42, 43, 44, 45, 47, 48, 49, 52, 54, 56, 57, 58, 59, 60, 61, 62, 63, 64, 65, 67, 69, 70, 71, 76, 78, 83, 86, 87, 88, 89, 92, 93, 94, 97, 98, 99, 102, 103, 104, 105, 108, 109, 110, 112, 113, 114, 125, 134, 139, 148, 150, 151, 152, 153, 155, 157, 160, 174, 200, 204, 244, 275, 292, 329, 351, 375, 390, 398, 412, 436, 478, 545, 565, 574, 593, 624, 706, 764, 830, 897, 988, 1034, 1073, 1119, 1192, 1267, 1289, 1317, 1340], "summary": {"covered_lines": 119, "num_statements": 119, "percent_covered": 100.0, "percent_covered_display": "100.00", "missing_lines": 0, "excluded_lines": 0, "percent_statements_covered": 100.0, "percent_statements_covered_display": "100.00", "num_branches": 0, "num_partial_branches": 0, "covered_branches": 0, "missing_branches": 0, "percent_branches_covered": 100.0, "percent_branches_covered_display": "100.00"}, "missing_lines": [], "excluded_lines": [], "start_line": 1, "executed_branches": [], "missing_branches": []}}}}, "totals": {"covered_lines": 1417, "num_statements": 3732, "percent_covered": 35.152582159624416, "percent_covered_display": "35.15", "missing_lines": 2315, "excluded_lines": 0, "percent_statements_covered": 37.968917470525184, "percent_statements_covered_display": "37.97", "num_branches": 1380, "num_partial_branches": 66, "covered_branches": 380, "missing_branches": 1000, "percent_branches_covered": 27.536231884057973, "percent_branches_covered_display": "27.54"}}