{"meta": {"format": 3, "version": "7.13.4", "timestamp": "2026-03-11T19:14:34.283103", "branch_coverage": false, "show_contexts": false}, "files": {"core/websocket_manager.py": {"executed_lines": [8, 9, 10, 11, 12, 13, 14, 16, 19, 30, 33, 35, 37, 39, 47, 50, 51, 52, 55, 56, 61, 64, 70, 77, 79, 80, 83, 84, 86, 87, 89, 91, 102, 103, 104, 105, 106, 107, 108, 110, 121, 122, 125, 126, 128, 129, 130, 131, 136, 138, 153, 159, 161, 178, 180, 187, 189, 199, 201, 208, 210, 220, 222, 233, 248, 249, 252, 263, 270, 272, 289, 291, 299, 301, 320, 322, 333, 335, 354, 356, 367, 369, 386, 388, 396, 398, 411, 413, 419, 421, 440, 442, 451, 455, 456, 459, 462, 463, 464, 467, 470, 471, 472], "summary": {"covered_lines": 103, "num_statements": 106, "percent_covered": 97.16981132075472, "percent_covered_display": "97", "missing_lines": 3, "excluded_lines": 0, "percent_statements_covered": 97.16981132075472, "percent_statements_covered_display": "97"}, "missing_lines": [132, 133, 134], "excluded_lines": [], "functions": {"WebSocketConnectionManager.__init__": {"executed_lines": [33, 35, 37], "summary": {"covered_lines": 3, "num_statements": 3, "percent_covered": 100.0, "percent_covered_display": "100", "missing_lines": 0, "excluded_lines": 0, "percent_statements_covered": 100.0, "percent_statements_covered_display": "100"}, "missing_lines": [], "excluded_lines": [], "start_line": 30}, "WebSocketConnectionManager.connect": {"executed_lines": [47, 50, 51, 52, 55, 56, 61, 64], "summary": {"covered_lines": 8, "num_statements": 8, "percent_covered": 100.0, "percent_covered_display": "100", "missing_lines": 0, "excluded_lines": 0, "percent_statements_covered": 100.0, "percent_statements_covered_display": "100"}, "missing_lines": [], "excluded_lines": [], "start_line": 39}, "WebSocketConnectionManager.disconnect": {"executed_lines": [77, 79, 80, 83, 84, 86, 87, 89], "summary": {"covered_lines": 8, "num_statements": 8, "percent_covered": 100.0, "percent_covered_display": "100", "missing_lines": 0, "excluded_lines": 0, "percent_statements_covered": 100.0, "percent_statements_covered_display": "100"}, "missing_lines": [], "excluded_lines": [], "start_line": 70}, "WebSocketConnectionManager.send_personal": {"executed_lines": [102, 103, 104, 105, 106, 107, 108], "summary": {"covered_lines": 7, "num_statements": 7, "percent_covered": 100.0, "percent_covered_display": "100", "missing_lines": 0, "excluded_lines": 0, "percent_statements_covered": 100.0, "percent_statements_covered_display": "100"}, "missing_lines": [], "excluded_lines": [], "start_line": 91}, "WebSocketConnectionManager.broadcast": {"executed_lines": [121, 122, 125, 126, 128, 129, 130, 131, 136], "summary": {"covered_lines": 9, "num_statements": 12, "percent_covered": 75.0, "percent_covered_display": "75", "missing_lines": 3, "excluded_lines": 0, "percent_statements_covered": 75.0, "percent_statements_covered_display": "75"}, "missing_lines": [132, 133, 134], "excluded_lines": [], "start_line": 110}, "WebSocketConnectionManager.broadcast_trace_update": {"executed_lines": [153, 159], "summary": {"covered_lines": 2, "num_statements": 2, "percent_covered": 100.0, "percent_covered_display": "100", "missing_lines": 0, "excluded_lines": 0, "percent_statements_covered": 100.0, "percent_statements_covered_display": "100"}, "missing_lines": [], "excluded_lines": [], "start_line": 138}, "WebSocketConnectionManager.broadcast_session_update": {"executed_lines": [178, 180, 187], "summary": {"covered_lines": 3, "num_statements": 3, "percent_covered": 100.0, "percent_covered_display": "100", "missing_lines": 0, "excluded_lines": 0, "percent_statements_covered": 100.0, "percent_statements_covered_display": "100"}, "missing_lines": [], "excluded_lines": [], "start_line": 161}, "WebSocketConnectionManager.get_connection_count": {"executed_lines": [199], "summary": {"covered_lines": 1, "num_statements": 1, "percent_covered": 100.0, "percent_covered_display": "100", "missing_lines": 0, "excluded_lines": 0, "percent_statements_covered": 100.0, "percent_statements_covered_display": "100"}, "missing_lines": [], "excluded_lines": [], "start_line": 189}, "WebSocketConnectionManager.get_all_streams": {"executed_lines": [208], "summary": {"covered_lines": 1, "num_statements": 1, "percent_covered": 100.0, "percent_covered_display": "100", "missing_lines": 0, "excluded_lines": 0, "percent_statements_covered": 100.0, "percent_statements_covered_display": "100"}, "missing_lines": [], "excluded_lines": [], "start_line": 201}, "WebSocketConnectionManager.get_stream_info": {"executed_lines": [220, 222], "summary": {"covered_lines": 2, "num_statements": 2, "percent_covered": 100.0, "percent_covered_display": "100", "missing_lines": 0, "excluded_lines": 0, "percent_statements_covered": 100.0, "percent_statements_covered_display": "100"}, "missing_lines": [], "excluded_lines": [], "start_line": 210}, "WebSocketConnectionManager.broadcast_to_workspace": {"executed_lines": [248, 249], "summary": {"covered_lines": 2, "num_statements": 2, "percent_covered": 100.0, "percent_covered_display": "100", "missing_lines": 0, "excluded_lines": 0, "percent_statements_covered": 100.0, "percent_statements_covered_display": "100"}, "missing_lines": [], "excluded_lines": [], "start_line": 233}, "DebuggingWebSocketManager.__init__": {"executed_lines": [270], "summary": {"covered_lines": 1, "num_statements": 1, "percent_covered": 100.0, "percent_covered_display": "100", "missing_lines": 0, "excluded_lines": 0, "percent_statements_covered": 100.0, "percent_statements_covered_display": "100"}, "missing_lines": [], "excluded_lines": [], "start_line": 263}, "DebuggingWebSocketManager.stream_trace": {"executed_lines": [289, 291, 299], "summary": {"covered_lines": 3, "num_statements": 3, "percent_covered": 100.0, "percent_covered_display": "100", "missing_lines": 0, "excluded_lines": 0, "percent_statements_covered": 100.0, "percent_statements_covered_display": "100"}, "missing_lines": [], "excluded_lines": [], "start_line": 272}, "DebuggingWebSocketManager.notify_variable_changed": {"executed_lines": [320, 322, 333], "summary": {"covered_lines": 3, "num_statements": 3, "percent_covered": 100.0, "percent_covered_display": "100", "missing_lines": 0, "excluded_lines": 0, "percent_statements_covered": 100.0, "percent_statements_covered_display": "100"}, "missing_lines": [], "excluded_lines": [], "start_line": 301}, "DebuggingWebSocketManager.notify_breakpoint_hit": {"executed_lines": [354, 356, 367], "summary": {"covered_lines": 3, "num_statements": 3, "percent_covered": 100.0, "percent_covered_display": "100", "missing_lines": 0, "excluded_lines": 0, "percent_statements_covered": 100.0, "percent_statements_covered_display": "100"}, "missing_lines": [], "excluded_lines": [], "start_line": 335}, "DebuggingWebSocketManager.notify_session_paused": {"executed_lines": [386, 388, 396], "summary": {"covered_lines": 3, "num_statements": 3, "percent_covered": 100.0, "percent_covered_display": "100", "missing_lines": 0, "excluded_lines": 0, "percent_statements_covered": 100.0, "percent_statements_covered_display": "100"}, "missing_lines": [], "excluded_lines": [], "start_line": 369}, "DebuggingWebSocketManager.notify_session_resumed": {"executed_lines": [411, 413, 419], "summary": {"covered_lines": 3, "num_statements": 3, "percent_covered": 100.0, "percent_covered_display": "100", "missing_lines": 0, "excluded_lines": 0, "percent_statements_covered": 100.0, "percent_statements_covered_display": "100"}, "missing_lines": [], "excluded_lines": [], "start_line": 398}, "DebuggingWebSocketManager.notify_step_completed": {"executed_lines": [440, 442, 451], "summary": {"covered_lines": 3, "num_statements": 3, "percent_covered": 100.0, "percent_covered_display": "100", "missing_lines": 0, "excluded_lines": 0, "percent_statements_covered": 100.0, "percent_statements_covered_display": "100"}, "missing_lines": [], "excluded_lines": [], "start_line": 421}, "get_websocket_manager": {"executed_lines": [462, 463, 464], "summary": {"covered_lines": 3, "num_statements": 3, "percent_covered": 100.0, "percent_covered_display": "100", "missing_lines": 0, "excluded_lines": 0, "percent_statements_covered": 100.0, "percent_statements_covered_display": "100"}, "missing_lines": [], "excluded_lines": [], "start_line": 459}, "get_debugging_websocket_manager": {"executed_lines": [470, 471, 472], "summary": {"covered_lines": 3, "num_statements": 3, "percent_covered": 100.0, "percent_covered_display": "100", "missing_lines": 0, "excluded_lines": 0, "percent_statements_covered": 100.0, "percent_statements_covered_display": "100"}, "missing_lines": [], "excluded_lines": [], "start_line": 467}, "": {"executed_lines": [8, 9, 10, 11, 12, 13, 14, 16, 19, 30, 39, 70, 91, 110, 138, 161, 189, 201, 210, 233, 252, 263, 272, 301, 335, 369, 398, 421, 455, 456, 459, 467], "summary": {"covered_lines": 32, "num_statements": 32, "percent_covered": 100.0, "percent_covered_display": "100", "missing_lines": 0, "excluded_lines": 0, "percent_statements_covered": 100.0, "percent_statements_covered_display": "100"}, "missing_lines": [], "excluded_lines": [], "start_line": 1}}, "classes": {"WebSocketConnectionManager": {"executed_lines": [33, 35, 37, 47, 50, 51, 52, 55, 56, 61, 64, 77, 79, 80, 83, 84, 86, 87, 89, 102, 103, 104, 105, 106, 107, 108, 121, 122, 125, 126, 128, 129, 130, 131, 136, 153, 159, 178, 180, 187, 199, 208, 220, 222, 248, 249], "summary": {"covered_lines": 46, "num_statements": 49, "percent_covered": 93.87755102040816, "percent_covered_display": "94", "missing_lines": 3, "excluded_lines": 0, "percent_statements_covered": 93.87755102040816, "percent_statements_covered_display": "94"}, "missing_lines": [132, 133, 134], "excluded_lines": [], "start_line": 19}, "DebuggingWebSocketManager": {"executed_lines": [270, 289, 291, 299, 320, 322, 333, 354, 356, 367, 386, 388, 396, 411, 413, 419, 440, 442, 451], "summary": {"covered_lines": 19, "num_statements": 19, "percent_covered": 100.0, "percent_covered_display": "100", "missing_lines": 0, "excluded_lines": 0, "percent_statements_covered": 100.0, "percent_statements_covered_display": "100"}, "missing_lines": [], "excluded_lines": [], "start_line": 252}, "": {"executed_lines": [8, 9, 10, 11, 12, 13, 14, 16, 19, 30, 39, 70, 91, 110, 138, 161, 189, 201, 210, 233, 252, 263, 272, 301, 335, 369, 398, 421, 455, 456, 459, 462, 463, 464, 467, 470, 471, 472], "summary": {"covered_lines": 38, "num_statements": 38, "percent_covered": 100.0, "percent_covered_display": "100", "missing_lines": 0, "excluded_lines": 0, "percent_statements_covered": 100.0, "percent_statements_covered_display": "100"}, "missing_lines": [], "excluded_lines": [], "start_line": 1}}}, "core/websockets.py": {"executed_lines": [2, 3, 4, 5, 6, 7, 8, 10, 11, 13, 15, 16, 18, 20, 23, 24, 25, 28, 29, 30, 31, 32, 35, 36, 37, 38, 39, 40, 41, 42, 43, 44, 46, 47, 50, 51, 53, 54, 56, 57, 58, 59, 60, 61, 63, 65, 66, 67, 69, 72, 73, 74, 77, 80, 81, 84, 85, 87, 88, 99, 101, 102, 103, 106, 107, 108, 110, 111, 112, 113, 114, 116, 117, 118, 119, 121, 122, 124, 125, 126, 127, 128, 135, 137, 142, 144, 145, 146, 147, 148, 149, 153, 154, 164, 166, 172, 174, 180, 182, 188, 190, 196, 198, 204, 206, 212, 214, 220, 222, 228, 230, 236, 238, 244, 246], "summary": {"covered_lines": 115, "num_statements": 128, "percent_covered": 89.84375, "percent_covered_display": "90", "missing_lines": 13, "excluded_lines": 0, "percent_statements_covered": 89.84375, "percent_statements_covered_display": "90"}, "missing_lines": [90, 91, 92, 93, 94, 96, 97, 129, 130, 132, 150, 151, 248], "excluded_lines": [], "functions": {"ConnectionManager.__init__": {"executed_lines": [18, 20, 23, 24, 25, 28, 29, 30, 31, 32, 35, 36, 37, 38, 39, 40, 41, 42, 43, 44], "summary": {"covered_lines": 20, "num_statements": 20, "percent_covered": 100.0, "percent_covered_display": "100", "missing_lines": 0, "excluded_lines": 0, "percent_statements_covered": 100.0, "percent_statements_covered_display": "100"}, "missing_lines": [], "excluded_lines": [], "start_line": 16}, "ConnectionManager.connect": {"executed_lines": [47, 50, 51, 53, 54, 56, 57, 58, 59, 60, 61, 63, 65, 66, 67, 69, 72, 73, 74, 77, 80, 81, 84, 85, 87, 88], "summary": {"covered_lines": 26, "num_statements": 33, "percent_covered": 78.78787878787878, "percent_covered_display": "79", "missing_lines": 7, "excluded_lines": 0, "percent_statements_covered": 78.78787878787878, "percent_statements_covered_display": "79"}, "missing_lines": [90, 91, 92, 93, 94, 96, 97], "excluded_lines": [], "start_line": 46}, "ConnectionManager.disconnect": {"executed_lines": [101, 102, 103, 106, 107, 108], "summary": {"covered_lines": 6, "num_statements": 6, "percent_covered": 100.0, "percent_covered_display": "100", "missing_lines": 0, "excluded_lines": 0, "percent_statements_covered": 100.0, "percent_statements_covered_display": "100"}, "missing_lines": [], "excluded_lines": [], "start_line": 99}, "ConnectionManager.subscribe": {"executed_lines": [111, 112, 113, 114], "summary": {"covered_lines": 4, "num_statements": 4, "percent_covered": 100.0, "percent_covered_display": "100", "missing_lines": 0, "excluded_lines": 0, "percent_statements_covered": 100.0, "percent_statements_covered_display": "100"}, "missing_lines": [], "excluded_lines": [], "start_line": 110}, "ConnectionManager.unsubscribe": {"executed_lines": [117, 118, 119], "summary": {"covered_lines": 3, "num_statements": 3, "percent_covered": 100.0, "percent_covered_display": "100", "missing_lines": 0, "excluded_lines": 0, "percent_statements_covered": 100.0, "percent_statements_covered_display": "100"}, "missing_lines": [], "excluded_lines": [], "start_line": 116}, "ConnectionManager.broadcast": {"executed_lines": [122, 124, 125, 126, 127, 128], "summary": {"covered_lines": 6, "num_statements": 9, "percent_covered": 66.66666666666667, "percent_covered_display": "67", "missing_lines": 3, "excluded_lines": 0, "percent_statements_covered": 66.66666666666667, "percent_statements_covered_display": "67"}, "missing_lines": [129, 130, 132], "excluded_lines": [], "start_line": 121}, "ConnectionManager.broadcast_event": {"executed_lines": [137, 142], "summary": {"covered_lines": 2, "num_statements": 2, "percent_covered": 100.0, "percent_covered_display": "100", "missing_lines": 0, "excluded_lines": 0, "percent_statements_covered": 100.0, "percent_statements_covered_display": "100"}, "missing_lines": [], "excluded_lines": [], "start_line": 135}, "ConnectionManager.send_personal_message": {"executed_lines": [145, 146, 147, 148, 149], "summary": {"covered_lines": 5, "num_statements": 7, "percent_covered": 71.42857142857143, "percent_covered_display": "71", "missing_lines": 2, "excluded_lines": 0, "percent_statements_covered": 71.42857142857143, "percent_statements_covered_display": "71"}, "missing_lines": [150, 151], "excluded_lines": [], "start_line": 144}, "ConnectionManager.get_stats": {"executed_lines": [154], "summary": {"covered_lines": 1, "num_statements": 1, "percent_covered": 100.0, "percent_covered_display": "100", "missing_lines": 0, "excluded_lines": 0, "percent_statements_covered": 100.0, "percent_statements_covered_display": "100"}, "missing_lines": [], "excluded_lines": [], "start_line": 153}, "ConnectionManager.broadcast_device_registered": {"executed_lines": [166], "summary": {"covered_lines": 1, "num_statements": 1, "percent_covered": 100.0, "percent_covered_display": "100", "missing_lines": 0, "excluded_lines": 0, "percent_statements_covered": 100.0, "percent_statements_covered_display": "100"}, "missing_lines": [], "excluded_lines": [], "start_line": 164}, "ConnectionManager.broadcast_device_command": {"executed_lines": [174], "summary": {"covered_lines": 1, "num_statements": 1, "percent_covered": 100.0, "percent_covered_display": "100", "missing_lines": 0, "excluded_lines": 0, "percent_statements_covered": 100.0, "percent_statements_covered_display": "100"}, "missing_lines": [], "excluded_lines": [], "start_line": 172}, "ConnectionManager.broadcast_device_camera_ready": {"executed_lines": [182], "summary": {"covered_lines": 1, "num_statements": 1, "percent_covered": 100.0, "percent_covered_display": "100", "missing_lines": 0, "excluded_lines": 0, "percent_statements_covered": 100.0, "percent_statements_covered_display": "100"}, "missing_lines": [], "excluded_lines": [], "start_line": 180}, "ConnectionManager.broadcast_device_recording_complete": {"executed_lines": [190], "summary": {"covered_lines": 1, "num_statements": 1, "percent_covered": 100.0, "percent_covered_display": "100", "missing_lines": 0, "excluded_lines": 0, "percent_statements_covered": 100.0, "percent_statements_covered_display": "100"}, "missing_lines": [], "excluded_lines": [], "start_line": 188}, "ConnectionManager.broadcast_device_location_update": {"executed_lines": [198], "summary": {"covered_lines": 1, "num_statements": 1, "percent_covered": 100.0, "percent_covered_display": "100", "missing_lines": 0, "excluded_lines": 0, "percent_statements_covered": 100.0, "percent_statements_covered_display": "100"}, "missing_lines": [], "excluded_lines": [], "start_line": 196}, "ConnectionManager.broadcast_device_notification_sent": {"executed_lines": [206], "summary": {"covered_lines": 1, "num_statements": 1, "percent_covered": 100.0, "percent_covered_display": "100", "missing_lines": 0, "excluded_lines": 0, "percent_statements_covered": 100.0, "percent_statements_covered_display": "100"}, "missing_lines": [], "excluded_lines": [], "start_line": 204}, "ConnectionManager.broadcast_device_command_output": {"executed_lines": [214], "summary": {"covered_lines": 1, "num_statements": 1, "percent_covered": 100.0, "percent_covered_display": "100", "missing_lines": 0, "excluded_lines": 0, "percent_statements_covered": 100.0, "percent_statements_covered_display": "100"}, "missing_lines": [], "excluded_lines": [], "start_line": 212}, "ConnectionManager.broadcast_device_session_created": {"executed_lines": [222], "summary": {"covered_lines": 1, "num_statements": 1, "percent_covered": 100.0, "percent_covered_display": "100", "missing_lines": 0, "excluded_lines": 0, "percent_statements_covered": 100.0, "percent_statements_covered_display": "100"}, "missing_lines": [], "excluded_lines": [], "start_line": 220}, "ConnectionManager.broadcast_device_session_closed": {"executed_lines": [230], "summary": {"covered_lines": 1, "num_statements": 1, "percent_covered": 100.0, "percent_covered_display": "100", "missing_lines": 0, "excluded_lines": 0, "percent_statements_covered": 100.0, "percent_statements_covered_display": "100"}, "missing_lines": [], "excluded_lines": [], "start_line": 228}, "ConnectionManager.broadcast_device_audit_log": {"executed_lines": [238], "summary": {"covered_lines": 1, "num_statements": 1, "percent_covered": 100.0, "percent_covered_display": "100", "missing_lines": 0, "excluded_lines": 0, "percent_statements_covered": 100.0, "percent_statements_covered_display": "100"}, "missing_lines": [], "excluded_lines": [], "start_line": 236}, "get_connection_manager": {"executed_lines": [], "summary": {"covered_lines": 0, "num_statements": 1, "percent_covered": 0.0, "percent_covered_display": "0", "missing_lines": 1, "excluded_lines": 0, "percent_statements_covered": 0.0, "percent_statements_covered_display": "0"}, "missing_lines": [248], "excluded_lines": [], "start_line": 246}, "": {"executed_lines": [2, 3, 4, 5, 6, 7, 8, 10, 11, 13, 15, 16, 46, 99, 110, 116, 121, 135, 144, 153, 164, 172, 180, 188, 196, 204, 212, 220, 228, 236, 244, 246], "summary": {"covered_lines": 32, "num_statements": 32, "percent_covered": 100.0, "percent_covered_display": "100", "missing_lines": 0, "excluded_lines": 0, "percent_statements_covered": 100.0, "percent_statements_covered_display": "100"}, "missing_lines": [], "excluded_lines": [], "start_line": 1}}, "classes": {"ConnectionManager": {"executed_lines": [18, 20, 23, 24, 25, 28, 29, 30, 31, 32, 35, 36, 37, 38, 39, 40, 41, 42, 43, 44, 47, 50, 51, 53, 54, 56, 57, 58, 59, 60, 61, 63, 65, 66, 67, 69, 72, 73, 74, 77, 80, 81, 84, 85, 87, 88, 101, 102, 103, 106, 107, 108, 111, 112, 113, 114, 117, 118, 119, 122, 124, 125, 126, 127, 128, 137, 142, 145, 146, 147, 148, 149, 154, 166, 174, 182, 190, 198, 206, 214, 222, 230, 238], "summary": {"covered_lines": 83, "num_statements": 95, "percent_covered": 87.36842105263158, "percent_covered_display": "87", "missing_lines": 12, "excluded_lines": 0, "percent_statements_covered": 87.36842105263158, "percent_statements_covered_display": "87"}, "missing_lines": [90, 91, 92, 93, 94, 96, 97, 129, 130, 132, 150, 151], "excluded_lines": [], "start_line": 15}, "ConnectionManager.connect.MockUser": {"executed_lines": [], "summary": {"covered_lines": 0, "num_statements": 0, "percent_covered": 100.0, "percent_covered_display": "100", "missing_lines": 0, "excluded_lines": 0, "percent_statements_covered": 100.0, "percent_statements_covered_display": "100"}, "missing_lines": [], "excluded_lines": [], "start_line": 56}, "": {"executed_lines": [2, 3, 4, 5, 6, 7, 8, 10, 11, 13, 15, 16, 46, 99, 110, 116, 121, 135, 144, 153, 164, 172, 180, 188, 196, 204, 212, 220, 228, 236, 244, 246], "summary": {"covered_lines": 32, "num_statements": 33, "percent_covered": 96.96969696969697, "percent_covered_display": "97", "missing_lines": 1, "excluded_lines": 0, "percent_statements_covered": 96.96969696969697, "percent_statements_covered_display": "97"}, "missing_lines": [248], "excluded_lines": [], "start_line": 1}}}}, "totals": {"covered_lines": 218, "num_statements": 234, "percent_covered": 93.16239316239316, "percent_covered_display": "93", "missing_lines": 16, "excluded_lines": 0, "percent_statements_covered": 93.16239316239316, "percent_statements_covered_display": "93"}}