{"meta": {"format": 3, "version": "7.13.4", "timestamp": "2026-08-08T08:54:03.922373", "branch_coverage": false, "show_contexts": false}, "files": {"core/mini_app_service.py": {"executed_lines": [19, 21, 22, 23, 24, 25, 26, 27, 28, 30, 32, 34, 38, 46, 49, 51, 55, 61, 71, 79, 183, 214, 263, 297, 309, 331, 361, 436, 465, 493, 593, 706, 715, 741, 755, 794, 826, 829, 853, 888, 932, 941, 959, 1004, 1058, 1322, 1394, 1402, 1404, 1405, 1406, 1407, 1411, 1413, 1414, 1415, 1416, 1418, 1420, 1422, 1423, 1424, 1425, 1426, 1427, 1428, 1429, 1430, 1431, 1432, 1433, 1434, 1435, 1436, 1437, 1438, 1439, 1440, 1441, 1442, 1443, 1444, 1445, 1446, 1447, 1448, 1449, 1450, 1451, 1452, 1453, 1455, 1456, 1459, 1527, 1544, 1583, 1600, 1624, 1650, 1710, 1788], "summary": {"covered_lines": 102, "num_statements": 803, "percent_covered": 12.70236612702366, "percent_covered_display": "13", "missing_lines": 701, "excluded_lines": 0, "percent_statements_covered": 12.70236612702366, "percent_statements_covered_display": "13"}, "missing_lines": [63, 64, 65, 66, 67, 68, 72, 76, 81, 82, 84, 85, 86, 87, 88, 89, 90, 91, 92, 96, 97, 98, 100, 101, 102, 106, 107, 108, 109, 110, 111, 112, 115, 116, 117, 120, 121, 122, 123, 124, 125, 126, 127, 128, 129, 130, 131, 132, 133, 134, 135, 136, 137, 140, 141, 142, 143, 144, 145, 146, 147, 155, 156, 160, 161, 162, 163, 164, 165, 166, 167, 168, 169, 170, 171, 172, 173, 175, 176, 177, 179, 180, 193, 194, 195, 196, 197, 198, 199, 200, 201, 202, 203, 204, 205, 206, 224, 225, 227, 228, 229, 230, 231, 232, 233, 235, 236, 237, 238, 239, 245, 246, 247, 253, 254, 255, 256, 257, 281, 283, 284, 285, 287, 289, 290, 291, 299, 301, 302, 303, 337, 370, 371, 373, 374, 375, 376, 378, 379, 380, 397, 398, 401, 402, 403, 404, 411, 412, 414, 430, 431, 432, 433, 443, 444, 446, 448, 449, 450, 451, 452, 453, 455, 457, 458, 459, 460, 461, 462, 467, 468, 470, 471, 472, 479, 481, 482, 483, 484, 485, 486, 487, 507, 508, 509, 510, 512, 514, 515, 516, 517, 520, 526, 527, 529, 531, 537, 539, 540, 552, 560, 561, 562, 569, 571, 572, 573, 574, 578, 579, 581, 582, 583, 584, 586, 600, 602, 603, 604, 606, 607, 609, 610, 616, 617, 618, 619, 621, 622, 639, 640, 643, 644, 645, 646, 654, 655, 665, 674, 684, 685, 687, 696, 697, 699, 700, 707, 709, 710, 711, 712, 729, 730, 731, 738, 743, 744, 745, 746, 747, 748, 749, 750, 751, 752, 756, 757, 758, 759, 760, 761, 762, 763, 764, 765, 766, 767, 768, 769, 770, 771, 776, 778, 779, 780, 781, 782, 783, 784, 785, 786, 787, 788, 789, 790, 791, 800, 802, 803, 804, 805, 806, 807, 808, 809, 810, 811, 812, 813, 814, 815, 816, 817, 840, 842, 843, 844, 845, 846, 847, 848, 849, 850, 865, 866, 867, 868, 869, 870, 872, 873, 874, 875, 880, 881, 882, 883, 884, 885, 906, 908, 909, 910, 911, 912, 913, 914, 915, 916, 917, 918, 922, 923, 924, 925, 926, 927, 928, 929, 933, 935, 936, 937, 938, 948, 950, 951, 954, 955, 956, 970, 971, 972, 974, 975, 984, 985, 986, 993, 994, 995, 997, 998, 999, 1000, 1001, 1020, 1021, 1022, 1023, 1024, 1025, 1026, 1029, 1031, 1034, 1035, 1036, 1037, 1039, 1040, 1041, 1042, 1043, 1044, 1045, 1046, 1047, 1048, 1049, 1051, 1052, 1053, 1055, 1082, 1083, 1084, 1085, 1087, 1088, 1089, 1090, 1091, 1092, 1093, 1094, 1096, 1097, 1098, 1100, 1101, 1102, 1104, 1106, 1107, 1109, 1110, 1111, 1114, 1118, 1120, 1121, 1122, 1123, 1124, 1125, 1126, 1127, 1129, 1130, 1131, 1132, 1138, 1140, 1141, 1142, 1143, 1145, 1146, 1149, 1157, 1158, 1159, 1167, 1168, 1169, 1170, 1175, 1180, 1192, 1193, 1198, 1199, 1200, 1201, 1205, 1208, 1209, 1210, 1211, 1217, 1218, 1219, 1220, 1221, 1222, 1223, 1229, 1240, 1241, 1242, 1246, 1247, 1248, 1249, 1250, 1251, 1256, 1257, 1258, 1259, 1260, 1261, 1262, 1266, 1273, 1274, 1276, 1277, 1278, 1279, 1280, 1288, 1289, 1290, 1292, 1293, 1294, 1295, 1297, 1311, 1315, 1316, 1317, 1318, 1319, 1335, 1337, 1338, 1339, 1340, 1341, 1342, 1346, 1347, 1357, 1358, 1359, 1360, 1361, 1362, 1363, 1364, 1365, 1369, 1371, 1377, 1378, 1379, 1380, 1384, 1385, 1386, 1387, 1388, 1389, 1390, 1391, 1454, 1467, 1472, 1473, 1474, 1475, 1476, 1477, 1478, 1479, 1484, 1485, 1486, 1487, 1488, 1489, 1490, 1491, 1496, 1497, 1498, 1499, 1500, 1501, 1502, 1503, 1504, 1505, 1506, 1509, 1510, 1511, 1512, 1513, 1514, 1515, 1516, 1517, 1518, 1519, 1520, 1521, 1522, 1523, 1524, 1529, 1530, 1532, 1540, 1541, 1545, 1546, 1548, 1557, 1558, 1585, 1587, 1589, 1597, 1609, 1611, 1612, 1620, 1621, 1626, 1628, 1637, 1638, 1639, 1640, 1641, 1647, 1661, 1662, 1664, 1673, 1674, 1675, 1676, 1677, 1678, 1679, 1681, 1682, 1687, 1698, 1725, 1726, 1727, 1728, 1729, 1730, 1739, 1740, 1741, 1742, 1744, 1745, 1750, 1752, 1753, 1754, 1759, 1761, 1762, 1763, 1771, 1772, 1773, 1774, 1782, 1790, 1792, 1793, 1794, 1795, 1797, 1798, 1799, 1801, 1802, 1803, 1804, 1805, 1807, 1808, 1809, 1810, 1811, 1812, 1813, 1815, 1816, 1817, 1818, 1820, 1821, 1822, 1823, 1824, 1825, 1826, 1828], "excluded_lines": [], "functions": {"_known_scope_names": {"executed_lines": [], "summary": {"covered_lines": 0, "num_statements": 6, "percent_covered": 0.0, "percent_covered_display": "0", "missing_lines": 6, "excluded_lines": 0, "percent_statements_covered": 0.0, "percent_statements_covered_display": "0"}, "missing_lines": [63, 64, 65, 66, 67, 68], "excluded_lines": [], "start_line": 61}, "_base_image_allowlist": {"executed_lines": [], "summary": {"covered_lines": 0, "num_statements": 2, "percent_covered": 0.0, "percent_covered_display": "0", "missing_lines": 2, "excluded_lines": 0, "percent_statements_covered": 0.0, "percent_statements_covered_display": "0"}, "missing_lines": [72, 76], "excluded_lines": [], "start_line": 71}, "validate_manifest": {"executed_lines": [], "summary": {"covered_lines": 0, "num_statements": 74, "percent_covered": 0.0, "percent_covered_display": "0", "missing_lines": 74, "excluded_lines": 0, "percent_statements_covered": 0.0, "percent_statements_covered_display": "0"}, "missing_lines": [81, 82, 84, 85, 86, 87, 88, 89, 90, 91, 92, 96, 97, 98, 100, 101, 102, 106, 107, 108, 109, 110, 111, 112, 115, 116, 117, 120, 121, 122, 123, 124, 125, 126, 127, 128, 129, 130, 131, 132, 133, 134, 135, 136, 137, 140, 141, 142, 143, 144, 145, 146, 147, 155, 156, 160, 161, 162, 163, 164, 165, 166, 167, 168, 169, 170, 171, 172, 173, 175, 176, 177, 179, 180], "excluded_lines": [], "start_line": 79}, "validate_tests": {"executed_lines": [], "summary": {"covered_lines": 0, "num_statements": 14, "percent_covered": 0.0, "percent_covered_display": "0", "missing_lines": 14, "excluded_lines": 0, "percent_statements_covered": 0.0, "percent_statements_covered_display": "0"}, "missing_lines": [193, 194, 195, 196, 197, 198, 199, 200, 201, 202, 203, 204, 205, 206], "excluded_lines": [], "start_line": 183}, "prepare_runtime": {"executed_lines": [], "summary": {"covered_lines": 0, "num_statements": 22, "percent_covered": 0.0, "percent_covered_display": "0", "missing_lines": 22, "excluded_lines": 0, "percent_statements_covered": 0.0, "percent_statements_covered_display": "0"}, "missing_lines": [224, 225, 227, 228, 229, 230, 231, 232, 233, 235, 236, 237, 238, 239, 245, 246, 247, 253, 254, 255, 256, 257], "excluded_lines": [], "start_line": 214}, "resolve_effective_scopes": {"executed_lines": [], "summary": {"covered_lines": 0, "num_statements": 8, "percent_covered": 0.0, "percent_covered_display": "0", "missing_lines": 8, "excluded_lines": 0, "percent_statements_covered": 0.0, "percent_statements_covered_display": "0"}, "missing_lines": [281, 283, 284, 285, 287, 289, 290, 291], "excluded_lines": [], "start_line": 263}, "syntax_check": {"executed_lines": [], "summary": {"covered_lines": 0, "num_statements": 4, "percent_covered": 0.0, "percent_covered_display": "0", "missing_lines": 4, "excluded_lines": 0, "percent_statements_covered": 0.0, "percent_statements_covered_display": "0"}, "missing_lines": [299, 301, 302, 303], "excluded_lines": [], "start_line": 297}, "_build_starter_manifest": {"executed_lines": [], "summary": {"covered_lines": 0, "num_statements": 1, "percent_covered": 0.0, "percent_covered_display": "0", "missing_lines": 1, "excluded_lines": 0, "percent_statements_covered": 0.0, "percent_statements_covered_display": "0"}, "missing_lines": [337], "excluded_lines": [], "start_line": 331}, "scaffold": {"executed_lines": [], "summary": {"covered_lines": 0, "num_statements": 22, "percent_covered": 0.0, "percent_covered_display": "0", "missing_lines": 22, "excluded_lines": 0, "percent_statements_covered": 0.0, "percent_statements_covered_display": "0"}, "missing_lines": [370, 371, 373, 374, 375, 376, 378, 379, 380, 397, 398, 401, 402, 403, 404, 411, 412, 414, 430, 431, 432, 433], "excluded_lines": [], "start_line": 361}, "_run_async": {"executed_lines": [], "summary": {"covered_lines": 0, "num_statements": 10, "percent_covered": 0.0, "percent_covered_display": "0", "missing_lines": 10, "excluded_lines": 0, "percent_statements_covered": 0.0, "percent_statements_covered_display": "0"}, "missing_lines": [443, 444, 446, 448, 457, 458, 459, 460, 461, 462], "excluded_lines": [], "start_line": 436}, "_run_async._worker": {"executed_lines": [], "summary": {"covered_lines": 0, "num_statements": 6, "percent_covered": 0.0, "percent_covered_display": "0", "missing_lines": 6, "excluded_lines": 0, "percent_statements_covered": 0.0, "percent_statements_covered_display": "0"}, "missing_lines": [449, 450, 451, 452, 453, 455], "excluded_lines": [], "start_line": 448}, "_llm_scaffold": {"executed_lines": [], "summary": {"covered_lines": 0, "num_statements": 10, "percent_covered": 0.0, "percent_covered_display": "0", "missing_lines": 10, "excluded_lines": 0, "percent_statements_covered": 0.0, "percent_statements_covered_display": "0"}, "missing_lines": [467, 468, 470, 481, 482, 483, 484, 485, 486, 487], "excluded_lines": [], "start_line": 465}, "_llm_scaffold._generate": {"executed_lines": [], "summary": {"covered_lines": 0, "num_statements": 3, "percent_covered": 0.0, "percent_covered_display": "0", "missing_lines": 3, "excluded_lines": 0, "percent_statements_covered": 0.0, "percent_statements_covered_display": "0"}, "missing_lines": [471, 472, 479], "excluded_lines": [], "start_line": 470}, "publish": {"executed_lines": [], "summary": {"covered_lines": 0, "num_statements": 33, "percent_covered": 0.0, "percent_covered_display": "0", "missing_lines": 33, "excluded_lines": 0, "percent_statements_covered": 0.0, "percent_statements_covered_display": "0"}, "missing_lines": [507, 508, 509, 510, 512, 514, 515, 516, 517, 520, 526, 527, 529, 531, 537, 539, 540, 552, 560, 561, 562, 569, 571, 572, 573, 574, 578, 579, 581, 582, 583, 584, 586], "excluded_lines": [], "start_line": 493}, "install": {"executed_lines": [], "summary": {"covered_lines": 0, "num_statements": 31, "percent_covered": 0.0, "percent_covered_display": "0", "missing_lines": 31, "excluded_lines": 0, "percent_statements_covered": 0.0, "percent_statements_covered_display": "0"}, "missing_lines": [600, 602, 603, 604, 606, 607, 609, 610, 616, 617, 618, 619, 621, 622, 639, 640, 643, 644, 645, 646, 654, 655, 665, 674, 684, 685, 687, 696, 697, 699, 700], "excluded_lines": [], "start_line": 593}, "_read_state": {"executed_lines": [], "summary": {"covered_lines": 0, "num_statements": 5, "percent_covered": 0.0, "percent_covered_display": "0", "missing_lines": 5, "excluded_lines": 0, "percent_statements_covered": 0.0, "percent_statements_covered_display": "0"}, "missing_lines": [707, 709, 710, 711, 712], "excluded_lines": [], "start_line": 706}, "_wrap_source": {"executed_lines": [], "summary": {"covered_lines": 0, "num_statements": 4, "percent_covered": 0.0, "percent_covered_display": "0", "missing_lines": 4, "excluded_lines": 0, "percent_statements_covered": 0.0, "percent_statements_covered_display": "0"}, "missing_lines": [729, 730, 731, 738], "excluded_lines": [], "start_line": 715}, "_parse_envelope": {"executed_lines": [], "summary": {"covered_lines": 0, "num_statements": 10, "percent_covered": 0.0, "percent_covered_display": "0", "missing_lines": 10, "excluded_lines": 0, "percent_statements_covered": 0.0, "percent_statements_covered_display": "0"}, "missing_lines": [743, 744, 745, 746, 747, 748, 749, 750, 751, 752], "excluded_lines": [], "start_line": 741}, "_validate_storage_op": {"executed_lines": [], "summary": {"covered_lines": 0, "num_statements": 31, "percent_covered": 0.0, "percent_covered_display": "0", "missing_lines": 31, "excluded_lines": 0, "percent_statements_covered": 0.0, "percent_statements_covered_display": "0"}, "missing_lines": [756, 757, 758, 759, 760, 761, 762, 763, 764, 765, 766, 767, 768, 769, 770, 771, 776, 778, 779, 780, 781, 782, 783, 784, 785, 786, 787, 788, 789, 790, 791], "excluded_lines": [], "start_line": 755}, "_inject_assets": {"executed_lines": [], "summary": {"covered_lines": 0, "num_statements": 17, "percent_covered": 0.0, "percent_covered_display": "0", "missing_lines": 17, "excluded_lines": 0, "percent_statements_covered": 0.0, "percent_statements_covered_display": "0"}, "missing_lines": [800, 802, 803, 804, 805, 806, 807, 808, 809, 810, 811, 812, 813, 814, 815, 816, 817], "excluded_lines": [], "start_line": 794}, "_inject_record_queries": {"executed_lines": [], "summary": {"covered_lines": 0, "num_statements": 10, "percent_covered": 0.0, "percent_covered_display": "0", "missing_lines": 10, "excluded_lines": 0, "percent_statements_covered": 0.0, "percent_statements_covered_display": "0"}, "missing_lines": [840, 842, 843, 844, 845, 846, 847, 848, 849, 850], "excluded_lines": [], "start_line": 829}, "_inject_data_sources": {"executed_lines": [], "summary": {"covered_lines": 0, "num_statements": 16, "percent_covered": 0.0, "percent_covered_display": "0", "missing_lines": 16, "excluded_lines": 0, "percent_statements_covered": 0.0, "percent_statements_covered_display": "0"}, "missing_lines": [865, 866, 867, 868, 869, 870, 872, 873, 874, 875, 880, 881, 882, 883, 884, 885], "excluded_lines": [], "start_line": 853}, "_inject_integration_sources": {"executed_lines": [], "summary": {"covered_lines": 0, "num_statements": 20, "percent_covered": 0.0, "percent_covered_display": "0", "missing_lines": 20, "excluded_lines": 0, "percent_statements_covered": 0.0, "percent_statements_covered_display": "0"}, "missing_lines": [906, 908, 909, 910, 911, 912, 913, 914, 915, 916, 917, 918, 922, 923, 924, 925, 926, 927, 928, 929], "excluded_lines": [], "start_line": 888}, "_json_bytes": {"executed_lines": [], "summary": {"covered_lines": 0, "num_statements": 5, "percent_covered": 0.0, "percent_covered_display": "0", "missing_lines": 5, "excluded_lines": 0, "percent_statements_covered": 0.0, "percent_statements_covered_display": "0"}, "missing_lines": [933, 935, 936, 937, 938], "excluded_lines": [], "start_line": 932}, "_safe_action_call": {"executed_lines": [], "summary": {"covered_lines": 0, "num_statements": 6, "percent_covered": 0.0, "percent_covered_display": "0", "missing_lines": 6, "excluded_lines": 0, "percent_statements_covered": 0.0, "percent_statements_covered_display": "0"}, "missing_lines": [948, 950, 951, 954, 955, 956], "excluded_lines": [], "start_line": 941}, "_resolve_integration_credentials": {"executed_lines": [], "summary": {"covered_lines": 0, "num_statements": 12, "percent_covered": 0.0, "percent_covered_display": "0", "missing_lines": 12, "excluded_lines": 0, "percent_statements_covered": 0.0, "percent_statements_covered_display": "0"}, "missing_lines": [970, 971, 972, 974, 993, 994, 995, 997, 998, 999, 1000, 1001], "excluded_lines": [], "start_line": 959}, "_resolve_integration_credentials._lookup": {"executed_lines": [], "summary": {"covered_lines": 0, "num_statements": 4, "percent_covered": 0.0, "percent_covered_display": "0", "missing_lines": 4, "excluded_lines": 0, "percent_statements_covered": 0.0, "percent_statements_covered_display": "0"}, "missing_lines": [975, 984, 985, 986], "excluded_lines": [], "start_line": 974}, "_make_callback_handler": {"executed_lines": [], "summary": {"covered_lines": 0, "num_statements": 2, "percent_covered": 0.0, "percent_covered_display": "0", "missing_lines": 2, "excluded_lines": 0, "percent_statements_covered": 0.0, "percent_statements_covered_display": "0"}, "missing_lines": [1020, 1055], "excluded_lines": [], "start_line": 1004}, "_make_callback_handler.handler": {"executed_lines": [], "summary": {"covered_lines": 0, "num_statements": 26, "percent_covered": 0.0, "percent_covered_display": "0", "missing_lines": 26, "excluded_lines": 0, "percent_statements_covered": 0.0, "percent_statements_covered_display": "0"}, "missing_lines": [1021, 1022, 1023, 1024, 1025, 1026, 1029, 1031, 1034, 1035, 1036, 1037, 1039, 1040, 1041, 1042, 1043, 1044, 1045, 1046, 1047, 1048, 1049, 1051, 1052, 1053], "excluded_lines": [], "start_line": 1020}, "run_stateful": {"executed_lines": [], "summary": {"covered_lines": 0, "num_statements": 112, "percent_covered": 0.0, "percent_covered_display": "0", "missing_lines": 112, "excluded_lines": 0, "percent_statements_covered": 0.0, "percent_statements_covered_display": "0"}, "missing_lines": [1082, 1083, 1084, 1085, 1087, 1088, 1089, 1090, 1091, 1092, 1093, 1094, 1096, 1097, 1098, 1100, 1101, 1102, 1104, 1106, 1107, 1109, 1110, 1111, 1114, 1118, 1120, 1121, 1122, 1123, 1124, 1125, 1126, 1127, 1129, 1130, 1131, 1132, 1138, 1140, 1141, 1142, 1143, 1145, 1146, 1149, 1157, 1158, 1159, 1167, 1168, 1169, 1170, 1175, 1180, 1192, 1193, 1198, 1199, 1200, 1201, 1205, 1208, 1209, 1210, 1211, 1217, 1218, 1219, 1220, 1221, 1222, 1223, 1229, 1240, 1241, 1242, 1246, 1247, 1248, 1249, 1250, 1251, 1256, 1257, 1258, 1259, 1260, 1261, 1262, 1266, 1273, 1274, 1276, 1277, 1278, 1279, 1280, 1288, 1289, 1290, 1292, 1293, 1294, 1295, 1297, 1311, 1315, 1316, 1317, 1318, 1319], "excluded_lines": [], "start_line": 1058}, "_execute_storage_op": {"executed_lines": [], "summary": {"covered_lines": 0, "num_statements": 32, "percent_covered": 0.0, "percent_covered_display": "0", "missing_lines": 32, "excluded_lines": 0, "percent_statements_covered": 0.0, "percent_statements_covered_display": "0"}, "missing_lines": [1335, 1337, 1338, 1339, 1340, 1341, 1342, 1346, 1347, 1357, 1358, 1359, 1360, 1361, 1362, 1363, 1364, 1365, 1369, 1371, 1377, 1378, 1379, 1380, 1384, 1385, 1386, 1387, 1388, 1389, 1390, 1391], "excluded_lines": [], "start_line": 1322}, "_validate_record_op": {"executed_lines": [1402, 1404, 1405, 1406, 1407, 1411, 1413, 1414, 1415, 1416, 1418, 1420, 1422, 1423, 1424, 1425, 1426, 1427, 1428, 1429, 1430, 1431, 1432, 1433, 1434, 1435, 1436, 1437, 1438, 1439, 1440, 1441, 1442, 1443, 1444, 1445, 1446, 1447, 1448, 1449, 1450, 1451, 1452, 1453, 1455, 1456], "summary": {"covered_lines": 46, "num_statements": 47, "percent_covered": 97.87234042553192, "percent_covered_display": "98", "missing_lines": 1, "excluded_lines": 0, "percent_statements_covered": 97.87234042553192, "percent_statements_covered_display": "98"}, "missing_lines": [1454], "excluded_lines": [], "start_line": 1394}, "_execute_record_op": {"executed_lines": [], "summary": {"covered_lines": 0, "num_statements": 44, "percent_covered": 0.0, "percent_covered_display": "0", "missing_lines": 44, "excluded_lines": 0, "percent_statements_covered": 0.0, "percent_statements_covered_display": "0"}, "missing_lines": [1467, 1472, 1473, 1474, 1475, 1476, 1477, 1478, 1479, 1484, 1485, 1486, 1487, 1488, 1489, 1490, 1491, 1496, 1497, 1498, 1499, 1500, 1501, 1502, 1503, 1504, 1505, 1506, 1509, 1510, 1511, 1512, 1513, 1514, 1515, 1516, 1517, 1518, 1519, 1520, 1521, 1522, 1523, 1524], "excluded_lines": [], "start_line": 1459}, "_broadcast_db": {"executed_lines": [], "summary": {"covered_lines": 0, "num_statements": 5, "percent_covered": 0.0, "percent_covered_display": "0", "missing_lines": 5, "excluded_lines": 0, "percent_statements_covered": 0.0, "percent_statements_covered_display": "0"}, "missing_lines": [1529, 1530, 1532, 1540, 1541], "excluded_lines": [], "start_line": 1527}, "_broadcast_state": {"executed_lines": [], "summary": {"covered_lines": 0, "num_statements": 5, "percent_covered": 0.0, "percent_covered_display": "0", "missing_lines": 5, "excluded_lines": 0, "percent_statements_covered": 0.0, "percent_statements_covered_display": "0"}, "missing_lines": [1545, 1546, 1548, 1557, 1558], "excluded_lines": [], "start_line": 1544}, "_logic_version_number": {"executed_lines": [], "summary": {"covered_lines": 0, "num_statements": 4, "percent_covered": 0.0, "percent_covered_display": "0", "missing_lines": 4, "excluded_lines": 0, "percent_statements_covered": 0.0, "percent_statements_covered_display": "0"}, "missing_lines": [1585, 1587, 1589, 1597], "excluded_lines": [], "start_line": 1583}, "record_logic_snapshot": {"executed_lines": [], "summary": {"covered_lines": 0, "num_statements": 5, "percent_covered": 0.0, "percent_covered_display": "0", "missing_lines": 5, "excluded_lines": 0, "percent_statements_covered": 0.0, "percent_statements_covered_display": "0"}, "missing_lines": [1609, 1611, 1612, 1620, 1621], "excluded_lines": [], "start_line": 1600}, "list_logic_history": {"executed_lines": [], "summary": {"covered_lines": 0, "num_statements": 8, "percent_covered": 0.0, "percent_covered_display": "0", "missing_lines": 8, "excluded_lines": 0, "percent_statements_covered": 0.0, "percent_statements_covered_display": "0"}, "missing_lines": [1626, 1628, 1637, 1638, 1639, 1640, 1641, 1647], "excluded_lines": [], "start_line": 1624}, "revert_logic": {"executed_lines": [], "summary": {"covered_lines": 0, "num_statements": 14, "percent_covered": 0.0, "percent_covered_display": "0", "missing_lines": 14, "excluded_lines": 0, "percent_statements_covered": 0.0, "percent_statements_covered_display": "0"}, "missing_lines": [1661, 1662, 1664, 1673, 1674, 1675, 1676, 1677, 1678, 1679, 1681, 1682, 1687, 1698], "excluded_lines": [], "start_line": 1650}, "run_tests": {"executed_lines": [], "summary": {"covered_lines": 0, "num_statements": 25, "percent_covered": 0.0, "percent_covered_display": "0", "missing_lines": 25, "excluded_lines": 0, "percent_statements_covered": 0.0, "percent_statements_covered_display": "0"}, "missing_lines": [1725, 1726, 1727, 1728, 1729, 1730, 1739, 1740, 1741, 1742, 1744, 1745, 1750, 1752, 1753, 1754, 1759, 1761, 1762, 1763, 1771, 1772, 1773, 1774, 1782], "excluded_lines": [], "start_line": 1710}, "status_probe": {"executed_lines": [], "summary": {"covered_lines": 0, "num_statements": 32, "percent_covered": 0.0, "percent_covered_display": "0", "missing_lines": 32, "excluded_lines": 0, "percent_statements_covered": 0.0, "percent_statements_covered_display": "0"}, "missing_lines": [1790, 1792, 1793, 1794, 1795, 1797, 1798, 1799, 1801, 1802, 1803, 1804, 1805, 1807, 1808, 1809, 1810, 1811, 1812, 1813, 1815, 1816, 1817, 1818, 1820, 1821, 1822, 1823, 1824, 1825, 1826, 1828], "excluded_lines": [], "start_line": 1788}, "": {"executed_lines": [19, 21, 22, 23, 24, 25, 26, 27, 28, 30, 32, 34, 38, 46, 49, 51, 55, 61, 71, 79, 183, 214, 263, 297, 309, 331, 361, 436, 465, 493, 593, 706, 715, 741, 755, 794, 826, 829, 853, 888, 932, 941, 959, 1004, 1058, 1322, 1394, 1459, 1527, 1544, 1583, 1600, 1624, 1650, 1710, 1788], "summary": {"covered_lines": 56, "num_statements": 56, "percent_covered": 100.0, "percent_covered_display": "100", "missing_lines": 0, "excluded_lines": 0, "percent_statements_covered": 100.0, "percent_statements_covered_display": "100"}, "missing_lines": [], "excluded_lines": [], "start_line": 1}}, "classes": {"": {"executed_lines": [19, 21, 22, 23, 24, 25, 26, 27, 28, 30, 32, 34, 38, 46, 49, 51, 55, 61, 71, 79, 183, 214, 263, 297, 309, 331, 361, 436, 465, 493, 593, 706, 715, 741, 755, 794, 826, 829, 853, 888, 932, 941, 959, 1004, 1058, 1322, 1394, 1402, 1404, 1405, 1406, 1407, 1411, 1413, 1414, 1415, 1416, 1418, 1420, 1422, 1423, 1424, 1425, 1426, 1427, 1428, 1429, 1430, 1431, 1432, 1433, 1434, 1435, 1436, 1437, 1438, 1439, 1440, 1441, 1442, 1443, 1444, 1445, 1446, 1447, 1448, 1449, 1450, 1451, 1452, 1453, 1455, 1456, 1459, 1527, 1544, 1583, 1600, 1624, 1650, 1710, 1788], "summary": {"covered_lines": 102, "num_statements": 803, "percent_covered": 12.70236612702366, "percent_covered_display": "13", "missing_lines": 701, "excluded_lines": 0, "percent_statements_covered": 12.70236612702366, "percent_statements_covered_display": "13"}, "missing_lines": [63, 64, 65, 66, 67, 68, 72, 76, 81, 82, 84, 85, 86, 87, 88, 89, 90, 91, 92, 96, 97, 98, 100, 101, 102, 106, 107, 108, 109, 110, 111, 112, 115, 116, 117, 120, 121, 122, 123, 124, 125, 126, 127, 128, 129, 130, 131, 132, 133, 134, 135, 136, 137, 140, 141, 142, 143, 144, 145, 146, 147, 155, 156, 160, 161, 162, 163, 164, 165, 166, 167, 168, 169, 170, 171, 172, 173, 175, 176, 177, 179, 180, 193, 194, 195, 196, 197, 198, 199, 200, 201, 202, 203, 204, 205, 206, 224, 225, 227, 228, 229, 230, 231, 232, 233, 235, 236, 237, 238, 239, 245, 246, 247, 253, 254, 255, 256, 257, 281, 283, 284, 285, 287, 289, 290, 291, 299, 301, 302, 303, 337, 370, 371, 373, 374, 375, 376, 378, 379, 380, 397, 398, 401, 402, 403, 404, 411, 412, 414, 430, 431, 432, 433, 443, 444, 446, 448, 449, 450, 451, 452, 453, 455, 457, 458, 459, 460, 461, 462, 467, 468, 470, 471, 472, 479, 481, 482, 483, 484, 485, 486, 487, 507, 508, 509, 510, 512, 514, 515, 516, 517, 520, 526, 527, 529, 531, 537, 539, 540, 552, 560, 561, 562, 569, 571, 572, 573, 574, 578, 579, 581, 582, 583, 584, 586, 600, 602, 603, 604, 606, 607, 609, 610, 616, 617, 618, 619, 621, 622, 639, 640, 643, 644, 645, 646, 654, 655, 665, 674, 684, 685, 687, 696, 697, 699, 700, 707, 709, 710, 711, 712, 729, 730, 731, 738, 743, 744, 745, 746, 747, 748, 749, 750, 751, 752, 756, 757, 758, 759, 760, 761, 762, 763, 764, 765, 766, 767, 768, 769, 770, 771, 776, 778, 779, 780, 781, 782, 783, 784, 785, 786, 787, 788, 789, 790, 791, 800, 802, 803, 804, 805, 806, 807, 808, 809, 810, 811, 812, 813, 814, 815, 816, 817, 840, 842, 843, 844, 845, 846, 847, 848, 849, 850, 865, 866, 867, 868, 869, 870, 872, 873, 874, 875, 880, 881, 882, 883, 884, 885, 906, 908, 909, 910, 911, 912, 913, 914, 915, 916, 917, 918, 922, 923, 924, 925, 926, 927, 928, 929, 933, 935, 936, 937, 938, 948, 950, 951, 954, 955, 956, 970, 971, 972, 974, 975, 984, 985, 986, 993, 994, 995, 997, 998, 999, 1000, 1001, 1020, 1021, 1022, 1023, 1024, 1025, 1026, 1029, 1031, 1034, 1035, 1036, 1037, 1039, 1040, 1041, 1042, 1043, 1044, 1045, 1046, 1047, 1048, 1049, 1051, 1052, 1053, 1055, 1082, 1083, 1084, 1085, 1087, 1088, 1089, 1090, 1091, 1092, 1093, 1094, 1096, 1097, 1098, 1100, 1101, 1102, 1104, 1106, 1107, 1109, 1110, 1111, 1114, 1118, 1120, 1121, 1122, 1123, 1124, 1125, 1126, 1127, 1129, 1130, 1131, 1132, 1138, 1140, 1141, 1142, 1143, 1145, 1146, 1149, 1157, 1158, 1159, 1167, 1168, 1169, 1170, 1175, 1180, 1192, 1193, 1198, 1199, 1200, 1201, 1205, 1208, 1209, 1210, 1211, 1217, 1218, 1219, 1220, 1221, 1222, 1223, 1229, 1240, 1241, 1242, 1246, 1247, 1248, 1249, 1250, 1251, 1256, 1257, 1258, 1259, 1260, 1261, 1262, 1266, 1273, 1274, 1276, 1277, 1278, 1279, 1280, 1288, 1289, 1290, 1292, 1293, 1294, 1295, 1297, 1311, 1315, 1316, 1317, 1318, 1319, 1335, 1337, 1338, 1339, 1340, 1341, 1342, 1346, 1347, 1357, 1358, 1359, 1360, 1361, 1362, 1363, 1364, 1365, 1369, 1371, 1377, 1378, 1379, 1380, 1384, 1385, 1386, 1387, 1388, 1389, 1390, 1391, 1454, 1467, 1472, 1473, 1474, 1475, 1476, 1477, 1478, 1479, 1484, 1485, 1486, 1487, 1488, 1489, 1490, 1491, 1496, 1497, 1498, 1499, 1500, 1501, 1502, 1503, 1504, 1505, 1506, 1509, 1510, 1511, 1512, 1513, 1514, 1515, 1516, 1517, 1518, 1519, 1520, 1521, 1522, 1523, 1524, 1529, 1530, 1532, 1540, 1541, 1545, 1546, 1548, 1557, 1558, 1585, 1587, 1589, 1597, 1609, 1611, 1612, 1620, 1621, 1626, 1628, 1637, 1638, 1639, 1640, 1641, 1647, 1661, 1662, 1664, 1673, 1674, 1675, 1676, 1677, 1678, 1679, 1681, 1682, 1687, 1698, 1725, 1726, 1727, 1728, 1729, 1730, 1739, 1740, 1741, 1742, 1744, 1745, 1750, 1752, 1753, 1754, 1759, 1761, 1762, 1763, 1771, 1772, 1773, 1774, 1782, 1790, 1792, 1793, 1794, 1795, 1797, 1798, 1799, 1801, 1802, 1803, 1804, 1805, 1807, 1808, 1809, 1810, 1811, 1812, 1813, 1815, 1816, 1817, 1818, 1820, 1821, 1822, 1823, 1824, 1825, 1826, 1828], "excluded_lines": [], "start_line": 1}}}}, "totals": {"covered_lines": 102, "num_statements": 803, "percent_covered": 12.70236612702366, "percent_covered_display": "13", "missing_lines": 701, "excluded_lines": 0, "percent_statements_covered": 12.70236612702366, "percent_statements_covered_display": "13"}}