{"meta": {"format": 3, "version": "7.13.4", "timestamp": "2026-03-17T15:09:19.764322", "branch_coverage": true, "show_contexts": false}, "files": {"core/auto_document_ingestion.py": {"executed_lines": [7, 8, 9, 10, 11, 12, 13, 14, 15, 20, 23, 25, 26, 27, 28, 29, 30, 31, 32, 33, 36, 38, 39, 40, 41, 42, 43, 44, 47, 48, 52, 53, 54, 55, 56, 57, 58, 59, 62, 63, 75, 78, 86, 88, 89, 91, 92, 93, 94, 98, 102, 104, 105, 107, 109, 110, 112, 113, 114, 120, 121, 122, 129, 130, 132, 133, 134, 136, 137, 139, 142, 145, 149, 150, 156, 157, 162, 180, 181, 182, 183, 184, 185, 186, 187, 188, 189, 190, 196, 197, 223, 224, 249, 250, 308, 319, 341, 350, 382, 538, 563, 587, 616, 659, 706, 749, 754, 758, 763, 767, 782, 811, 829, 832, 841], "summary": {"covered_lines": 115, "num_statements": 468, "percent_covered": 21.98697068403909, "percent_covered_display": "21.99", "missing_lines": 353, "excluded_lines": 0, "percent_statements_covered": 24.572649572649574, "percent_statements_covered_display": "24.57", "num_branches": 146, "num_partial_branches": 6, "covered_branches": 20, "missing_branches": 126, "percent_branches_covered": 13.698630136986301, "percent_branches_covered_display": "13.70"}, "missing_lines": [95, 96, 99, 100, 101, 124, 125, 126, 140, 143, 146, 152, 153, 154, 163, 164, 165, 167, 168, 169, 170, 171, 172, 173, 174, 176, 177, 178, 191, 192, 193, 199, 201, 202, 203, 204, 205, 206, 207, 209, 210, 211, 212, 213, 214, 215, 216, 217, 218, 219, 220, 221, 226, 227, 228, 229, 232, 233, 236, 237, 238, 239, 241, 242, 243, 244, 245, 246, 247, 255, 256, 257, 258, 260, 261, 262, 263, 264, 265, 266, 267, 269, 270, 271, 273, 274, 277, 278, 279, 280, 281, 282, 283, 284, 286, 287, 288, 289, 290, 291, 292, 293, 294, 295, 296, 297, 298, 299, 300, 301, 302, 303, 304, 305, 320, 321, 322, 323, 324, 327, 328, 329, 330, 331, 332, 335, 336, 337, 338, 339, 343, 344, 348, 362, 364, 365, 366, 367, 368, 369, 370, 371, 372, 373, 374, 375, 376, 377, 379, 380, 393, 395, 396, 399, 400, 401, 402, 404, 406, 416, 418, 419, 421, 424, 425, 426, 427, 429, 431, 432, 433, 434, 435, 436, 439, 440, 441, 442, 445, 446, 447, 448, 451, 452, 453, 455, 456, 457, 460, 461, 462, 463, 464, 467, 468, 485, 487, 500, 501, 503, 504, 506, 507, 508, 511, 512, 513, 514, 518, 527, 528, 531, 532, 533, 534, 536, 544, 546, 547, 548, 549, 550, 551, 552, 553, 554, 556, 558, 559, 561, 569, 570, 571, 572, 573, 574, 575, 576, 577, 579, 580, 582, 583, 584, 589, 590, 592, 594, 595, 596, 597, 599, 604, 605, 606, 607, 609, 610, 612, 613, 614, 618, 619, 620, 622, 623, 624, 625, 627, 628, 629, 632, 633, 635, 640, 641, 644, 646, 647, 652, 653, 655, 656, 657, 661, 662, 663, 665, 666, 667, 668, 671, 672, 678, 684, 685, 687, 688, 689, 690, 699, 700, 702, 703, 704, 708, 709, 710, 712, 713, 714, 715, 717, 718, 719, 722, 723, 729, 735, 736, 739, 740, 741, 742, 743, 745, 746, 747, 751, 752, 756, 760, 761, 765, 773, 775, 776, 777, 778, 780, 790, 791, 793, 794, 795, 796, 797, 802, 804, 813, 835, 836, 837], "excluded_lines": [], "executed_branches": [[91, 92], [91, 102], [94, 98], [112, 113], [112, 129], [120, 121], [129, 130], [129, 132], [132, 133], [132, 136], [136, 137], [136, 139], [139, 142], [142, 145], [145, 149], [162, 180], [185, 186], [185, 190], [186, 187], [186, 189]], "missing_branches": [[94, 95], [120, 124], [139, 140], [142, 143], [145, 146], [162, 163], [173, 174], [173, 176], [204, 205], [204, 206], [213, 214], [213, 215], [232, 233], [232, 236], [236, 237], [236, 241], [237, 236], [237, 238], [255, 256], [255, 273], [266, 267], [266, 269], [279, 280], [279, 283], [290, 291], [290, 299], [293, 290], [293, 294], [294, 295], [294, 297], [343, 344], [343, 348], [364, 365], [364, 366], [366, 367], [366, 368], [368, 369], [368, 370], [370, 371], [370, 372], [372, 373], [372, 374], [374, 375], [374, 376], [376, 377], [376, 379], [395, 396], [395, 399], [399, 400], [399, 404], [401, 402], [401, 404], [421, 424], [421, 506], [424, 425], [424, 429], [432, 433], [432, 439], [434, 435], [434, 439], [440, 441], [440, 445], [446, 447], [446, 451], [452, 453], [452, 455], [456, 457], [456, 460], [460, 461], [460, 467], [462, 463], [462, 467], [467, 421], [467, 468], [485, 421], [485, 487], [511, 512], [511, 536], [547, 548], [547, 549], [549, 550], [549, 551], [551, 552], [551, 553], [553, 554], [553, 556], [570, 571], [570, 572], [572, 573], [572, 574], [574, 575], [574, 576], [576, 577], [576, 579], [595, 596], [595, 599], [604, 605], [604, 609], [623, 624], [623, 627], [628, 629], [628, 632], [633, 635], [633, 644], [666, 667], [666, 671], [688, 689], [688, 699], [689, 688], [689, 690], [713, 714], [713, 717], [718, 719], [718, 722], [740, -706], [740, 741], [775, 776], [775, 777], [777, 778], [777, 780], [793, 794], [793, 802], [794, 793], [794, 795], [835, 836], [835, 837]], "functions": {"DocumentParser._get_docling_processor": {"executed_lines": [91, 92, 93, 94, 98, 102], "summary": {"covered_lines": 6, "num_statements": 11, "percent_covered": 60.0, "percent_covered_display": "60.00", "missing_lines": 5, "excluded_lines": 0, "percent_statements_covered": 54.54545454545455, "percent_statements_covered_display": "54.55", "num_branches": 4, "num_partial_branches": 1, "covered_branches": 3, "missing_branches": 1, "percent_branches_covered": 75.0, "percent_branches_covered_display": "75.00"}, "missing_lines": [95, 96, 99, 100, 101], "excluded_lines": [], "start_line": 89, "executed_branches": [[91, 92], [91, 102], [94, 98]], "missing_branches": [[94, 95]]}, "DocumentParser.parse_document": {"executed_lines": [107, 109, 110, 112, 113, 114, 120, 121, 122, 129, 130, 132, 133, 134, 136, 137, 139, 142, 145, 149, 150], "summary": {"covered_lines": 21, "num_statements": 30, "percent_covered": 71.73913043478261, "percent_covered_display": "71.74", "missing_lines": 9, "excluded_lines": 0, "percent_statements_covered": 70.0, "percent_statements_covered_display": "70.00", "num_branches": 16, "num_partial_branches": 4, "covered_branches": 12, "missing_branches": 4, "percent_branches_covered": 75.0, "percent_branches_covered_display": "75.00"}, "missing_lines": [124, 125, 126, 140, 143, 146, 152, 153, 154], "excluded_lines": [], "start_line": 105, "executed_branches": [[112, 113], [112, 129], [120, 121], [129, 130], [129, 132], [132, 133], [132, 136], [136, 137], [136, 139], [139, 142], [142, 145], [145, 149]], "missing_branches": [[120, 124], [139, 140], [142, 143], [145, 146]]}, "DocumentParser._parse_csv": {"executed_lines": [162, 180, 181, 182, 183, 184, 185, 186, 187, 188, 189, 190], "summary": {"covered_lines": 12, "num_statements": 29, "percent_covered": 45.945945945945944, "percent_covered_display": "45.95", "missing_lines": 17, "excluded_lines": 0, "percent_statements_covered": 41.37931034482759, "percent_statements_covered_display": "41.38", "num_branches": 8, "num_partial_branches": 1, "covered_branches": 5, "missing_branches": 3, "percent_branches_covered": 62.5, "percent_branches_covered_display": "62.50"}, "missing_lines": [163, 164, 165, 167, 168, 169, 170, 171, 172, 173, 174, 176, 177, 178, 191, 192, 193], "excluded_lines": [], "start_line": 157, "executed_branches": [[162, 180], [185, 186], [185, 190], [186, 187], [186, 189]], "missing_branches": [[162, 163], [173, 174], [173, 176]]}, "DocumentParser._parse_pdf": {"executed_lines": [], "summary": {"covered_lines": 0, "num_statements": 21, "percent_covered": 0.0, "percent_covered_display": "0.00", "missing_lines": 21, "excluded_lines": 0, "percent_statements_covered": 0.0, "percent_statements_covered_display": "0.00", "num_branches": 4, "num_partial_branches": 0, "covered_branches": 0, "missing_branches": 4, "percent_branches_covered": 0.0, "percent_branches_covered_display": "0.00"}, "missing_lines": [199, 201, 202, 203, 204, 205, 206, 207, 209, 210, 211, 212, 213, 214, 215, 216, 217, 218, 219, 220, 221], "excluded_lines": [], "start_line": 197, "executed_branches": [], "missing_branches": [[204, 205], [204, 206], [213, 214], [213, 215]]}, "DocumentParser._parse_docx": {"executed_lines": [], "summary": {"covered_lines": 0, "num_statements": 17, "percent_covered": 0.0, "percent_covered_display": "0.00", "missing_lines": 17, "excluded_lines": 0, "percent_statements_covered": 0.0, "percent_statements_covered_display": "0.00", "num_branches": 6, "num_partial_branches": 0, "covered_branches": 0, "missing_branches": 6, "percent_branches_covered": 0.0, "percent_branches_covered_display": "0.00"}, "missing_lines": [226, 227, 228, 229, 232, 233, 236, 237, 238, 239, 241, 242, 243, 244, 245, 246, 247], "excluded_lines": [], "start_line": 224, "executed_branches": [], "missing_branches": [[232, 233], [232, 236], [236, 237], [236, 241], [237, 236], [237, 238]]}, "DocumentParser._parse_excel": {"executed_lines": [], "summary": {"covered_lines": 0, "num_statements": 45, "percent_covered": 0.0, "percent_covered_display": "0.00", "missing_lines": 45, "excluded_lines": 0, "percent_statements_covered": 0.0, "percent_statements_covered_display": "0.00", "num_branches": 12, "num_partial_branches": 0, "covered_branches": 0, "missing_branches": 12, "percent_branches_covered": 0.0, "percent_branches_covered_display": "0.00"}, "missing_lines": [255, 256, 257, 258, 260, 261, 262, 263, 264, 265, 266, 267, 269, 270, 271, 273, 274, 277, 278, 279, 280, 281, 282, 283, 284, 286, 287, 288, 289, 290, 291, 292, 293, 294, 295, 296, 297, 298, 299, 300, 301, 302, 303, 304, 305], "excluded_lines": [], "start_line": 250, "executed_branches": [], "missing_branches": [[255, 256], [255, 273], [266, 267], [266, 269], [279, 280], [279, 283], [290, 291], [290, 299], [293, 290], [293, 294], [294, 295], [294, 297]]}, "AutoDocumentIngestionService.__init__": {"executed_lines": [], "summary": {"covered_lines": 0, "num_statements": 16, "percent_covered": 0.0, "percent_covered_display": "0.00", "missing_lines": 16, "excluded_lines": 0, "percent_statements_covered": 0.0, "percent_statements_covered_display": "0.00", "num_branches": 0, "num_partial_branches": 0, "covered_branches": 0, "missing_branches": 0, "percent_branches_covered": 100.0, "percent_branches_covered_display": "100.00"}, "missing_lines": [320, 321, 322, 323, 324, 327, 328, 329, 330, 331, 332, 335, 336, 337, 338, 339], "excluded_lines": [], "start_line": 319, "executed_branches": [], "missing_branches": []}, "AutoDocumentIngestionService.get_settings": {"executed_lines": [], "summary": {"covered_lines": 0, "num_statements": 3, "percent_covered": 0.0, "percent_covered_display": "0.00", "missing_lines": 3, "excluded_lines": 0, "percent_statements_covered": 0.0, "percent_statements_covered_display": "0.00", "num_branches": 2, "num_partial_branches": 0, "covered_branches": 0, "missing_branches": 2, "percent_branches_covered": 0.0, "percent_branches_covered_display": "0.00"}, "missing_lines": [343, 344, 348], "excluded_lines": [], "start_line": 341, "executed_branches": [], "missing_branches": [[343, 344], [343, 348]]}, "AutoDocumentIngestionService.update_settings": {"executed_lines": [], "summary": {"covered_lines": 0, "num_statements": 17, "percent_covered": 0.0, "percent_covered_display": "0.00", "missing_lines": 17, "excluded_lines": 0, "percent_statements_covered": 0.0, "percent_statements_covered_display": "0.00", "num_branches": 14, "num_partial_branches": 0, "covered_branches": 0, "missing_branches": 14, "percent_branches_covered": 0.0, "percent_branches_covered_display": "0.00"}, "missing_lines": [362, 364, 365, 366, 367, 368, 369, 370, 371, 372, 373, 374, 375, 376, 377, 379, 380], "excluded_lines": [], "start_line": 350, "executed_branches": [], "missing_branches": [[364, 365], [364, 366], [366, 367], [366, 368], [368, 369], [368, 370], [370, 371], [370, 372], [372, 373], [372, 374], [374, 375], [374, 376], [376, 377], [376, 379]]}, "AutoDocumentIngestionService.sync_integration": {"executed_lines": [], "summary": {"covered_lines": 0, "num_statements": 66, "percent_covered": 0.0, "percent_covered_display": "0.00", "missing_lines": 66, "excluded_lines": 0, "percent_statements_covered": 0.0, "percent_statements_covered_display": "0.00", "num_branches": 32, "num_partial_branches": 0, "covered_branches": 0, "missing_branches": 32, "percent_branches_covered": 0.0, "percent_branches_covered_display": "0.00"}, "missing_lines": [393, 395, 396, 399, 400, 401, 402, 404, 406, 416, 418, 419, 421, 424, 425, 426, 427, 429, 431, 432, 433, 434, 435, 436, 439, 440, 441, 442, 445, 446, 447, 448, 451, 452, 453, 455, 456, 457, 460, 461, 462, 463, 464, 467, 468, 485, 487, 500, 501, 503, 504, 506, 507, 508, 511, 512, 513, 514, 518, 527, 528, 531, 532, 533, 534, 536], "excluded_lines": [], "start_line": 382, "executed_branches": [], "missing_branches": [[395, 396], [395, 399], [399, 400], [399, 404], [401, 402], [401, 404], [421, 424], [421, 506], [424, 425], [424, 429], [432, 433], [432, 439], [434, 435], [434, 439], [440, 441], [440, 445], [446, 447], [446, 451], [452, 453], [452, 455], [456, 457], [456, 460], [460, 461], [460, 467], [462, 463], [462, 467], [467, 421], [467, 468], [485, 421], [485, 487], [511, 512], [511, 536]]}, "AutoDocumentIngestionService._list_files": {"executed_lines": [], "summary": {"covered_lines": 0, "num_statements": 14, "percent_covered": 0.0, "percent_covered_display": "0.00", "missing_lines": 14, "excluded_lines": 0, "percent_statements_covered": 0.0, "percent_statements_covered_display": "0.00", "num_branches": 8, "num_partial_branches": 0, "covered_branches": 0, "missing_branches": 8, "percent_branches_covered": 0.0, "percent_branches_covered_display": "0.00"}, "missing_lines": [544, 546, 547, 548, 549, 550, 551, 552, 553, 554, 556, 558, 559, 561], "excluded_lines": [], "start_line": 538, "executed_branches": [], "missing_branches": [[547, 548], [547, 549], [549, 550], [549, 551], [551, 552], [551, 553], [553, 554], [553, 556]]}, "AutoDocumentIngestionService._download_file": {"executed_lines": [], "summary": {"covered_lines": 0, "num_statements": 14, "percent_covered": 0.0, "percent_covered_display": "0.00", "missing_lines": 14, "excluded_lines": 0, "percent_statements_covered": 0.0, "percent_statements_covered_display": "0.00", "num_branches": 8, "num_partial_branches": 0, "covered_branches": 0, "missing_branches": 8, "percent_branches_covered": 0.0, "percent_branches_covered_display": "0.00"}, "missing_lines": [569, 570, 571, 572, 573, 574, 575, 576, 577, 579, 580, 582, 583, 584], "excluded_lines": [], "start_line": 563, "executed_branches": [], "missing_branches": [[570, 571], [570, 572], [572, 573], [572, 574], [574, 575], [574, 576], [576, 577], [576, 579]]}, "AutoDocumentIngestionService._list_google_drive_files": {"executed_lines": [], "summary": {"covered_lines": 0, "num_statements": 17, "percent_covered": 0.0, "percent_covered_display": "0.00", "missing_lines": 17, "excluded_lines": 0, "percent_statements_covered": 0.0, "percent_statements_covered_display": "0.00", "num_branches": 4, "num_partial_branches": 0, "covered_branches": 0, "missing_branches": 4, "percent_branches_covered": 0.0, "percent_branches_covered_display": "0.00"}, "missing_lines": [589, 590, 592, 594, 595, 596, 597, 599, 604, 605, 606, 607, 609, 610, 612, 613, 614], "excluded_lines": [], "start_line": 587, "executed_branches": [], "missing_branches": [[595, 596], [595, 599], [604, 605], [604, 609]]}, "AutoDocumentIngestionService._download_google_drive_file": {"executed_lines": [], "summary": {"covered_lines": 0, "num_statements": 23, "percent_covered": 0.0, "percent_covered_display": "0.00", "missing_lines": 23, "excluded_lines": 0, "percent_statements_covered": 0.0, "percent_statements_covered_display": "0.00", "num_branches": 6, "num_partial_branches": 0, "covered_branches": 0, "missing_branches": 6, "percent_branches_covered": 0.0, "percent_branches_covered_display": "0.00"}, "missing_lines": [618, 619, 620, 622, 623, 624, 625, 627, 628, 629, 632, 633, 635, 640, 641, 644, 646, 647, 652, 653, 655, 656, 657], "excluded_lines": [], "start_line": 616, "executed_branches": [], "missing_branches": [[623, 624], [623, 627], [628, 629], [628, 632], [633, 635], [633, 644]]}, "AutoDocumentIngestionService._list_dropbox_files": {"executed_lines": [], "summary": {"covered_lines": 0, "num_statements": 21, "percent_covered": 0.0, "percent_covered_display": "0.00", "missing_lines": 21, "excluded_lines": 0, "percent_statements_covered": 0.0, "percent_statements_covered_display": "0.00", "num_branches": 6, "num_partial_branches": 0, "covered_branches": 0, "missing_branches": 6, "percent_branches_covered": 0.0, "percent_branches_covered_display": "0.00"}, "missing_lines": [661, 662, 663, 665, 666, 667, 668, 671, 672, 678, 684, 685, 687, 688, 689, 690, 699, 700, 702, 703, 704], "excluded_lines": [], "start_line": 659, "executed_branches": [], "missing_branches": [[666, 667], [666, 671], [688, 689], [688, 699], [689, 688], [689, 690]]}, "AutoDocumentIngestionService._download_dropbox_file": {"executed_lines": [], "summary": {"covered_lines": 0, "num_statements": 23, "percent_covered": 0.0, "percent_covered_display": "0.00", "missing_lines": 23, "excluded_lines": 0, "percent_statements_covered": 0.0, "percent_statements_covered_display": "0.00", "num_branches": 6, "num_partial_branches": 0, "covered_branches": 0, "missing_branches": 6, "percent_branches_covered": 0.0, "percent_branches_covered_display": "0.00"}, "missing_lines": [708, 709, 710, 712, 713, 714, 715, 717, 718, 719, 722, 723, 729, 735, 736, 739, 740, 741, 742, 743, 745, 746, 747], "excluded_lines": [], "start_line": 706, "executed_branches": [], "missing_branches": [[713, 714], [713, 717], [718, 719], [718, 722], [740, -706], [740, 741]]}, "AutoDocumentIngestionService._list_onedrive_files": {"executed_lines": [], "summary": {"covered_lines": 0, "num_statements": 2, "percent_covered": 0.0, "percent_covered_display": "0.00", "missing_lines": 2, "excluded_lines": 0, "percent_statements_covered": 0.0, "percent_statements_covered_display": "0.00", "num_branches": 0, "num_partial_branches": 0, "covered_branches": 0, "missing_branches": 0, "percent_branches_covered": 100.0, "percent_branches_covered_display": "100.00"}, "missing_lines": [751, 752], "excluded_lines": [], "start_line": 749, "executed_branches": [], "missing_branches": []}, "AutoDocumentIngestionService._download_onedrive_file": {"executed_lines": [], "summary": {"covered_lines": 0, "num_statements": 1, "percent_covered": 0.0, "percent_covered_display": "0.00", "missing_lines": 1, "excluded_lines": 0, "percent_statements_covered": 0.0, "percent_statements_covered_display": "0.00", "num_branches": 0, "num_partial_branches": 0, "covered_branches": 0, "missing_branches": 0, "percent_branches_covered": 100.0, "percent_branches_covered_display": "100.00"}, "missing_lines": [756], "excluded_lines": [], "start_line": 754, "executed_branches": [], "missing_branches": []}, "AutoDocumentIngestionService._list_notion_pages": {"executed_lines": [], "summary": {"covered_lines": 0, "num_statements": 2, "percent_covered": 0.0, "percent_covered_display": "0.00", "missing_lines": 2, "excluded_lines": 0, "percent_statements_covered": 0.0, "percent_statements_covered_display": "0.00", "num_branches": 0, "num_partial_branches": 0, "covered_branches": 0, "missing_branches": 0, "percent_branches_covered": 100.0, "percent_branches_covered_display": "100.00"}, "missing_lines": [760, 761], "excluded_lines": [], "start_line": 758, "executed_branches": [], "missing_branches": []}, "AutoDocumentIngestionService._download_notion_content": {"executed_lines": [], "summary": {"covered_lines": 0, "num_statements": 1, "percent_covered": 0.0, "percent_covered_display": "0.00", "missing_lines": 1, "excluded_lines": 0, "percent_statements_covered": 0.0, "percent_statements_covered_display": "0.00", "num_branches": 0, "num_partial_branches": 0, "covered_branches": 0, "missing_branches": 0, "percent_branches_covered": 100.0, "percent_branches_covered_display": "100.00"}, "missing_lines": [765], "excluded_lines": [], "start_line": 763, "executed_branches": [], "missing_branches": []}, "AutoDocumentIngestionService.get_ingested_documents": {"executed_lines": [], "summary": {"covered_lines": 0, "num_statements": 6, "percent_covered": 0.0, "percent_covered_display": "0.00", "missing_lines": 6, "excluded_lines": 0, "percent_statements_covered": 0.0, "percent_statements_covered_display": "0.00", "num_branches": 4, "num_partial_branches": 0, "covered_branches": 0, "missing_branches": 4, "percent_branches_covered": 0.0, "percent_branches_covered_display": "0.00"}, "missing_lines": [773, 775, 776, 777, 778, 780], "excluded_lines": [], "start_line": 767, "executed_branches": [], "missing_branches": [[775, 776], [775, 777], [777, 778], [777, 780]]}, "AutoDocumentIngestionService.remove_integration_documents": {"executed_lines": [], "summary": {"covered_lines": 0, "num_statements": 9, "percent_covered": 0.0, "percent_covered_display": "0.00", "missing_lines": 9, "excluded_lines": 0, "percent_statements_covered": 0.0, "percent_statements_covered_display": "0.00", "num_branches": 4, "num_partial_branches": 0, "covered_branches": 0, "missing_branches": 4, "percent_branches_covered": 0.0, "percent_branches_covered_display": "0.00"}, "missing_lines": [790, 791, 793, 794, 795, 796, 797, 802, 804], "excluded_lines": [], "start_line": 782, "executed_branches": [], "missing_branches": [[793, 794], [793, 802], [794, 793], [794, 795]]}, "AutoDocumentIngestionService.get_all_settings": {"executed_lines": [], "summary": {"covered_lines": 0, "num_statements": 1, "percent_covered": 0.0, "percent_covered_display": "0.00", "missing_lines": 1, "excluded_lines": 0, "percent_statements_covered": 0.0, "percent_statements_covered_display": "0.00", "num_branches": 0, "num_partial_branches": 0, "covered_branches": 0, "missing_branches": 0, "percent_branches_covered": 100.0, "percent_branches_covered_display": "100.00"}, "missing_lines": [813], "excluded_lines": [], "start_line": 811, "executed_branches": [], "missing_branches": []}, "get_document_ingestion_service": {"executed_lines": [], "summary": {"covered_lines": 0, "num_statements": 3, "percent_covered": 0.0, "percent_covered_display": "0.00", "missing_lines": 3, "excluded_lines": 0, "percent_statements_covered": 0.0, "percent_statements_covered_display": "0.00", "num_branches": 2, "num_partial_branches": 0, "covered_branches": 0, "missing_branches": 2, "percent_branches_covered": 0.0, "percent_branches_covered_display": "0.00"}, "missing_lines": [835, 836, 837], "excluded_lines": [], "start_line": 832, "executed_branches": [], "missing_branches": [[835, 836], [835, 837]]}, "": {"executed_lines": [7, 8, 9, 10, 11, 12, 13, 14, 15, 20, 23, 25, 26, 27, 28, 29, 30, 31, 32, 33, 36, 38, 39, 40, 41, 42, 43, 44, 47, 48, 52, 53, 54, 55, 56, 57, 58, 59, 62, 63, 75, 78, 86, 88, 89, 104, 105, 156, 157, 196, 197, 223, 224, 249, 250, 308, 319, 341, 350, 382, 538, 563, 587, 616, 659, 706, 749, 754, 758, 763, 767, 782, 811, 829, 832, 841], "summary": {"covered_lines": 76, "num_statements": 76, "percent_covered": 100.0, "percent_covered_display": "100.00", "missing_lines": 0, "excluded_lines": 0, "percent_statements_covered": 100.0, "percent_statements_covered_display": "100.00", "num_branches": 0, "num_partial_branches": 0, "covered_branches": 0, "missing_branches": 0, "percent_branches_covered": 100.0, "percent_branches_covered_display": "100.00"}, "missing_lines": [], "excluded_lines": [], "start_line": 1, "executed_branches": [], "missing_branches": []}}, "classes": {"FileType": {"executed_lines": [], "summary": {"covered_lines": 0, "num_statements": 0, "percent_covered": 100.0, "percent_covered_display": "100.00", "missing_lines": 0, "excluded_lines": 0, "percent_statements_covered": 100.0, "percent_statements_covered_display": "100.00", "num_branches": 0, "num_partial_branches": 0, "covered_branches": 0, "missing_branches": 0, "percent_branches_covered": 100.0, "percent_branches_covered_display": "100.00"}, "missing_lines": [], "excluded_lines": [], "start_line": 23, "executed_branches": [], "missing_branches": []}, "IntegrationSource": {"executed_lines": [], "summary": {"covered_lines": 0, "num_statements": 0, "percent_covered": 100.0, "percent_covered_display": "100.00", "missing_lines": 0, "excluded_lines": 0, "percent_statements_covered": 100.0, "percent_statements_covered_display": "100.00", "num_branches": 0, "num_partial_branches": 0, "covered_branches": 0, "missing_branches": 0, "percent_branches_covered": 100.0, "percent_branches_covered_display": "100.00"}, "missing_lines": [], "excluded_lines": [], "start_line": 36, "executed_branches": [], "missing_branches": []}, "IngestionSettings": {"executed_lines": [], "summary": {"covered_lines": 0, "num_statements": 0, "percent_covered": 100.0, "percent_covered_display": "100.00", "missing_lines": 0, "excluded_lines": 0, "percent_statements_covered": 100.0, "percent_statements_covered_display": "100.00", "num_branches": 0, "num_partial_branches": 0, "covered_branches": 0, "missing_branches": 0, "percent_branches_covered": 100.0, "percent_branches_covered_display": "100.00"}, "missing_lines": [], "excluded_lines": [], "start_line": 48, "executed_branches": [], "missing_branches": []}, "IngestedDocument": {"executed_lines": [], "summary": {"covered_lines": 0, "num_statements": 0, "percent_covered": 100.0, "percent_covered_display": "100.00", "missing_lines": 0, "excluded_lines": 0, "percent_statements_covered": 100.0, "percent_statements_covered_display": "100.00", "num_branches": 0, "num_partial_branches": 0, "covered_branches": 0, "missing_branches": 0, "percent_branches_covered": 100.0, "percent_branches_covered_display": "100.00"}, "missing_lines": [], "excluded_lines": [], "start_line": 63, "executed_branches": [], "missing_branches": []}, "DocumentParser": {"executed_lines": [91, 92, 93, 94, 98, 102, 107, 109, 110, 112, 113, 114, 120, 121, 122, 129, 130, 132, 133, 134, 136, 137, 139, 142, 145, 149, 150, 162, 180, 181, 182, 183, 184, 185, 186, 187, 188, 189, 190], "summary": {"covered_lines": 39, "num_statements": 153, "percent_covered": 29.064039408866996, "percent_covered_display": "29.06", "missing_lines": 114, "excluded_lines": 0, "percent_statements_covered": 25.49019607843137, "percent_statements_covered_display": "25.49", "num_branches": 50, "num_partial_branches": 6, "covered_branches": 20, "missing_branches": 30, "percent_branches_covered": 40.0, "percent_branches_covered_display": "40.00"}, "missing_lines": [95, 96, 99, 100, 101, 124, 125, 126, 140, 143, 146, 152, 153, 154, 163, 164, 165, 167, 168, 169, 170, 171, 172, 173, 174, 176, 177, 178, 191, 192, 193, 199, 201, 202, 203, 204, 205, 206, 207, 209, 210, 211, 212, 213, 214, 215, 216, 217, 218, 219, 220, 221, 226, 227, 228, 229, 232, 233, 236, 237, 238, 239, 241, 242, 243, 244, 245, 246, 247, 255, 256, 257, 258, 260, 261, 262, 263, 264, 265, 266, 267, 269, 270, 271, 273, 274, 277, 278, 279, 280, 281, 282, 283, 284, 286, 287, 288, 289, 290, 291, 292, 293, 294, 295, 296, 297, 298, 299, 300, 301, 302, 303, 304, 305], "excluded_lines": [], "start_line": 78, "executed_branches": [[91, 92], [91, 102], [94, 98], [112, 113], [112, 129], [120, 121], [129, 130], [129, 132], [132, 133], [132, 136], [136, 137], [136, 139], [139, 142], [142, 145], [145, 149], [162, 180], [185, 186], [185, 190], [186, 187], [186, 189]], "missing_branches": [[94, 95], [120, 124], [139, 140], [142, 143], [145, 146], [162, 163], [173, 174], [173, 176], [204, 205], [204, 206], [213, 214], [213, 215], [232, 233], [232, 236], [236, 237], [236, 241], [237, 236], [237, 238], [255, 256], [255, 273], [266, 267], [266, 269], [279, 280], [279, 283], [290, 291], [290, 299], [293, 290], [293, 294], [294, 295], [294, 297]]}, "AutoDocumentIngestionService": {"executed_lines": [], "summary": {"covered_lines": 0, "num_statements": 236, "percent_covered": 0.0, "percent_covered_display": "0.00", "missing_lines": 236, "excluded_lines": 0, "percent_statements_covered": 0.0, "percent_statements_covered_display": "0.00", "num_branches": 94, "num_partial_branches": 0, "covered_branches": 0, "missing_branches": 94, "percent_branches_covered": 0.0, "percent_branches_covered_display": "0.00"}, "missing_lines": [320, 321, 322, 323, 324, 327, 328, 329, 330, 331, 332, 335, 336, 337, 338, 339, 343, 344, 348, 362, 364, 365, 366, 367, 368, 369, 370, 371, 372, 373, 374, 375, 376, 377, 379, 380, 393, 395, 396, 399, 400, 401, 402, 404, 406, 416, 418, 419, 421, 424, 425, 426, 427, 429, 431, 432, 433, 434, 435, 436, 439, 440, 441, 442, 445, 446, 447, 448, 451, 452, 453, 455, 456, 457, 460, 461, 462, 463, 464, 467, 468, 485, 487, 500, 501, 503, 504, 506, 507, 508, 511, 512, 513, 514, 518, 527, 528, 531, 532, 533, 534, 536, 544, 546, 547, 548, 549, 550, 551, 552, 553, 554, 556, 558, 559, 561, 569, 570, 571, 572, 573, 574, 575, 576, 577, 579, 580, 582, 583, 584, 589, 590, 592, 594, 595, 596, 597, 599, 604, 605, 606, 607, 609, 610, 612, 613, 614, 618, 619, 620, 622, 623, 624, 625, 627, 628, 629, 632, 633, 635, 640, 641, 644, 646, 647, 652, 653, 655, 656, 657, 661, 662, 663, 665, 666, 667, 668, 671, 672, 678, 684, 685, 687, 688, 689, 690, 699, 700, 702, 703, 704, 708, 709, 710, 712, 713, 714, 715, 717, 718, 719, 722, 723, 729, 735, 736, 739, 740, 741, 742, 743, 745, 746, 747, 751, 752, 756, 760, 761, 765, 773, 775, 776, 777, 778, 780, 790, 791, 793, 794, 795, 796, 797, 802, 804, 813], "excluded_lines": [], "start_line": 308, "executed_branches": [], "missing_branches": [[343, 344], [343, 348], [364, 365], [364, 366], [366, 367], [366, 368], [368, 369], [368, 370], [370, 371], [370, 372], [372, 373], [372, 374], [374, 375], [374, 376], [376, 377], [376, 379], [395, 396], [395, 399], [399, 400], [399, 404], [401, 402], [401, 404], [421, 424], [421, 506], [424, 425], [424, 429], [432, 433], [432, 439], [434, 435], [434, 439], [440, 441], [440, 445], [446, 447], [446, 451], [452, 453], [452, 455], [456, 457], [456, 460], [460, 461], [460, 467], [462, 463], [462, 467], [467, 421], [467, 468], [485, 421], [485, 487], [511, 512], [511, 536], [547, 548], [547, 549], [549, 550], [549, 551], [551, 552], [551, 553], [553, 554], [553, 556], [570, 571], [570, 572], [572, 573], [572, 574], [574, 575], [574, 576], [576, 577], [576, 579], [595, 596], [595, 599], [604, 605], [604, 609], [623, 624], [623, 627], [628, 629], [628, 632], [633, 635], [633, 644], [666, 667], [666, 671], [688, 689], [688, 699], [689, 688], [689, 690], [713, 714], [713, 717], [718, 719], [718, 722], [740, -706], [740, 741], [775, 776], [775, 777], [777, 778], [777, 780], [793, 794], [793, 802], [794, 793], [794, 795]]}, "": {"executed_lines": [7, 8, 9, 10, 11, 12, 13, 14, 15, 20, 23, 25, 26, 27, 28, 29, 30, 31, 32, 33, 36, 38, 39, 40, 41, 42, 43, 44, 47, 48, 52, 53, 54, 55, 56, 57, 58, 59, 62, 63, 75, 78, 86, 88, 89, 104, 105, 156, 157, 196, 197, 223, 224, 249, 250, 308, 319, 341, 350, 382, 538, 563, 587, 616, 659, 706, 749, 754, 758, 763, 767, 782, 811, 829, 832, 841], "summary": {"covered_lines": 76, "num_statements": 79, "percent_covered": 93.82716049382717, "percent_covered_display": "93.83", "missing_lines": 3, "excluded_lines": 0, "percent_statements_covered": 96.20253164556962, "percent_statements_covered_display": "96.20", "num_branches": 2, "num_partial_branches": 0, "covered_branches": 0, "missing_branches": 2, "percent_branches_covered": 0.0, "percent_branches_covered_display": "0.00"}, "missing_lines": [835, 836, 837], "excluded_lines": [], "start_line": 1, "executed_branches": [], "missing_branches": [[835, 836], [835, 837]]}}}}, "totals": {"covered_lines": 115, "num_statements": 468, "percent_covered": 21.98697068403909, "percent_covered_display": "21.99", "missing_lines": 353, "excluded_lines": 0, "percent_statements_covered": 24.572649572649574, "percent_statements_covered_display": "24.57", "num_branches": 146, "num_partial_branches": 6, "covered_branches": 20, "missing_branches": 126, "percent_branches_covered": 13.698630136986301, "percent_branches_covered_display": "13.70"}}