{"meta": {"format": 3, "version": "7.13.4", "timestamp": "2026-03-20T20:25:51.214284", "branch_coverage": true, "show_contexts": false}, "files": {"core/atom_agent_endpoints.py": {"executed_lines": [1, 2, 3, 4, 5, 6, 9, 10, 14, 15, 17, 18, 20, 21, 26, 27, 30, 31, 32, 33, 35, 36, 39, 40, 43, 46, 47, 50, 53, 54, 57, 58, 61, 70, 72, 74, 78, 81, 82, 83, 84, 85, 86, 88, 92, 105, 107, 110, 111, 113, 122, 123, 124, 126, 129, 131, 135, 144, 148, 178, 180, 181, 182, 183, 199, 222, 224, 225, 226, 227, 232, 277, 282, 283, 284, 287, 288, 295, 298, 299, 300, 309, 310, 311, 312, 322, 324, 338, 377, 382, 384, 385, 386, 389, 391, 393, 395, 396, 401, 402, 408, 411, 412, 417, 418, 419, 420, 425, 432, 433, 437, 438, 440, 473, 477, 478, 479, 481, 483, 485, 487, 491, 493, 497, 499, 503, 507, 512, 515, 519, 523, 526, 529, 532, 535, 538, 541, 544, 547, 550, 555, 564, 565, 566, 579, 590, 591, 592, 593, 594, 612, 613, 615, 621, 630, 631, 632, 633, 635, 636, 641, 644, 647, 650, 699, 701, 702, 704, 706, 709, 711, 712, 751, 753, 756, 758, 759, 760, 762, 763, 765, 767, 768, 770, 771, 772, 775, 776, 781, 782, 783, 784, 785, 786, 787, 788, 789, 792, 793, 794, 795, 796, 797, 800, 801, 802, 803, 804, 805, 808, 809, 810, 811, 814, 815, 816, 817, 818, 819, 822, 823, 826, 827, 828, 829, 832, 834, 835, 838, 840, 841, 844, 845, 848, 853, 855, 857, 859, 861, 862, 871, 872, 873, 875, 876, 877, 879, 903, 905, 906, 907, 909, 910, 918, 920, 921, 922, 924, 925, 927, 928, 930, 931, 932, 934, 935, 936, 937, 947, 1033, 1039, 1058, 1063, 1095, 1113, 1136, 1151, 1156, 1195, 1197, 1198, 1199, 1200, 1201, 1203, 1204, 1205, 1216, 1217, 1218, 1219, 1220, 1233, 1235, 1236, 1249, 1250, 1270, 1272, 1290, 1291, 1317, 1350, 1370, 1424, 1440, 1475, 1518, 1539, 1541, 1543, 1544, 1545, 1546, 1549, 1550, 1552, 1553, 1554, 1555, 1556, 1558, 1580, 1639, 1640, 1925, 1926, 1929, 1930, 1992, 1993], "summary": {"covered_lines": 331, "num_statements": 787, "percent_covered": 41.831916902738435, "percent_covered_display": "41.83", "missing_lines": 456, "excluded_lines": 0, "percent_statements_covered": 42.058449809402795, "percent_statements_covered_display": "42.06", "num_branches": 272, "num_partial_branches": 48, "covered_branches": 112, "missing_branches": 160, "percent_branches_covered": 41.1764705882353, "percent_branches_covered_display": "41.18"}, "missing_lines": [11, 12, 16, 22, 23, 28, 29, 106, 108, 127, 128, 130, 132, 145, 146, 195, 196, 197, 228, 229, 230, 289, 314, 315, 316, 317, 318, 319, 320, 331, 332, 333, 398, 421, 422, 442, 444, 445, 447, 449, 450, 451, 452, 453, 455, 456, 458, 459, 461, 464, 465, 466, 468, 469, 470, 471, 480, 482, 484, 486, 488, 492, 494, 498, 500, 504, 508, 513, 516, 520, 524, 527, 530, 533, 536, 539, 542, 545, 548, 551, 580, 581, 586, 587, 595, 596, 599, 600, 606, 607, 608, 609, 617, 618, 619, 637, 638, 639, 645, 648, 715, 716, 717, 718, 719, 720, 721, 722, 723, 724, 727, 730, 731, 733, 734, 735, 736, 737, 738, 739, 741, 743, 744, 746, 747, 748, 777, 778, 779, 833, 893, 894, 895, 944, 945, 949, 950, 952, 953, 962, 963, 965, 966, 975, 976, 978, 979, 988, 990, 991, 992, 997, 998, 1003, 1004, 1010, 1023, 1024, 1025, 1034, 1035, 1036, 1037, 1041, 1042, 1044, 1045, 1046, 1047, 1049, 1051, 1054, 1056, 1059, 1065, 1066, 1068, 1070, 1072, 1073, 1074, 1076, 1086, 1087, 1088, 1097, 1098, 1103, 1115, 1116, 1117, 1119, 1120, 1122, 1124, 1131, 1132, 1138, 1139, 1141, 1153, 1154, 1158, 1159, 1160, 1161, 1162, 1163, 1172, 1173, 1174, 1202, 1213, 1214, 1228, 1229, 1231, 1258, 1259, 1260, 1261, 1265, 1266, 1268, 1293, 1294, 1295, 1296, 1297, 1299, 1300, 1302, 1303, 1304, 1306, 1313, 1314, 1315, 1319, 1320, 1323, 1324, 1325, 1336, 1346, 1347, 1348, 1352, 1353, 1354, 1356, 1366, 1367, 1368, 1372, 1373, 1374, 1376, 1377, 1380, 1381, 1384, 1387, 1389, 1390, 1392, 1394, 1395, 1396, 1397, 1399, 1402, 1406, 1407, 1413, 1420, 1421, 1422, 1426, 1427, 1436, 1437, 1438, 1442, 1443, 1446, 1448, 1449, 1450, 1451, 1453, 1471, 1472, 1473, 1477, 1478, 1479, 1481, 1483, 1484, 1492, 1493, 1495, 1496, 1497, 1505, 1507, 1514, 1515, 1516, 1520, 1521, 1524, 1533, 1534, 1535, 1570, 1571, 1572, 1582, 1583, 1586, 1594, 1596, 1597, 1598, 1599, 1600, 1601, 1603, 1604, 1606, 1618, 1626, 1627, 1628, 1652, 1653, 1654, 1656, 1657, 1658, 1659, 1661, 1663, 1664, 1665, 1666, 1667, 1668, 1671, 1676, 1677, 1678, 1679, 1682, 1690, 1691, 1694, 1695, 1700, 1701, 1702, 1709, 1716, 1717, 1718, 1720, 1723, 1726, 1729, 1730, 1732, 1733, 1734, 1735, 1736, 1745, 1746, 1747, 1753, 1754, 1755, 1761, 1767, 1769, 1770, 1779, 1783, 1786, 1787, 1797, 1798, 1799, 1801, 1803, 1812, 1813, 1815, 1816, 1817, 1820, 1832, 1840, 1841, 1843, 1844, 1846, 1849, 1852, 1857, 1858, 1859, 1861, 1862, 1866, 1867, 1868, 1869, 1870, 1871, 1874, 1875, 1877, 1879, 1888, 1889, 1892, 1893, 1894, 1898, 1899, 1900, 1901, 1902, 1905, 1906, 1909, 1914, 1916, 1917, 1918, 1955, 1956, 1958, 1966, 1983, 1984, 1985, 2013, 2014, 2016, 2022, 2037, 2038, 2039], "excluded_lines": [], "executed_branches": [[105, 107], [107, 110], [123, 124], [126, 129], [129, 131], [131, 135], [288, 295], [299, 300], [299, 324], [309, 310], [311, 312], [389, 391], [389, 393], [396, 401], [440, 473], [477, 478], [477, 479], [479, 481], [481, 483], [483, 485], [485, 487], [487, 491], [491, 493], [493, 497], [497, 499], [499, 503], [503, 507], [507, 512], [512, 515], [515, 519], [519, 523], [523, 526], [526, 529], [529, 532], [532, 535], [535, 538], [538, 541], [541, 544], [544, 547], [547, 550], [550, 555], [564, 565], [579, 590], [594, 612], [612, 613], [636, 641], [644, 647], [647, 650], [711, 712], [756, 758], [756, 782], [765, 767], [782, 783], [782, 784], [784, 785], [784, 786], [786, 787], [786, 788], [788, 789], [788, 792], [792, 793], [792, 794], [794, 795], [794, 796], [796, 797], [796, 800], [800, 801], [800, 802], [802, 803], [802, 804], [804, 805], [804, 808], [808, 809], [808, 810], [810, 811], [810, 814], [814, 815], [814, 816], [816, 817], [816, 818], [818, 819], [818, 822], [822, 823], [822, 826], [826, 827], [826, 828], [828, 829], [828, 832], [832, 834], [834, 835], [834, 838], [838, 840], [838, 844], [844, 845], [844, 848], [861, 862], [861, 871], [906, 907], [906, 909], [921, 922], [921, 924], [927, 928], [927, 930], [931, 932], [931, 934], [1197, 1198], [1197, 1216], [1201, 1203], [1216, 1217], [1235, 1236], [1235, 1249], [1249, 1250]], "missing_branches": [[105, 106], [107, 108], [123, 135], [126, 127], [129, 130], [131, 132], [288, 289], [309, 322], [311, 314], [396, 398], [440, 442], [442, 444], [442, 464], [449, 450], [449, 473], [452, 453], [452, 473], [455, 456], [455, 473], [458, 459], [458, 473], [464, 465], [464, 473], [468, 469], [468, 473], [470, 471], [470, 473], [479, 480], [481, 482], [483, 484], [485, 486], [487, 488], [491, 492], [493, 494], [497, 498], [499, 500], [503, 504], [507, 508], [512, 513], [515, 516], [519, 520], [523, 524], [526, 527], [529, 530], [532, 533], [535, 536], [538, 539], [541, 542], [544, 545], [547, 548], [550, 551], [564, 590], [579, 580], [594, 595], [595, 596], [595, 599], [599, 600], [599, 612], [606, 599], [606, 607], [612, 615], [636, 637], [644, 645], [647, 648], [711, 715], [715, 716], [715, 717], [717, 718], [717, 719], [719, 720], [719, 721], [721, 722], [721, 723], [723, 724], [723, 727], [730, 731], [730, 733], [733, 734], [733, 741], [765, 781], [832, 833], [952, 953], [952, 962], [965, 966], [965, 975], [978, 979], [978, 988], [991, 992], [991, 997], [997, 998], [997, 1003], [1003, 1004], [1003, 1010], [1035, 1036], [1035, 1037], [1044, 1045], [1044, 1051], [1046, 1047], [1046, 1049], [1051, 1054], [1051, 1056], [1119, 1120], [1119, 1122], [1201, 1202], [1216, 1231], [1249, 1258], [1258, 1259], [1258, 1268], [1296, 1297], [1296, 1299], [1299, 1300], [1299, 1302], [1324, 1325], [1324, 1336], [1389, 1390], [1389, 1392], [1394, 1395], [1394, 1399], [1396, 1397], [1396, 1402], [1406, 1407], [1406, 1413], [1483, 1484], [1483, 1492], [1495, 1496], [1495, 1505], [1596, 1597], [1596, 1618], [1598, 1599], [1598, 1603], [1603, 1604], [1603, 1606], [1676, 1677], [1676, 1723], [1690, 1691], [1690, 1694], [1694, 1695], [1694, 1723], [1700, 1701], [1700, 1709], [1735, 1736], [1735, 1753], [1753, 1754], [1753, 1761], [1754, 1755], [1754, 1761], [1812, 1813], [1812, 1815], [1815, 1816], [1815, 1832], [1843, 1844], [1843, 1846], [1857, 1858], [1857, 1879], [1866, 1867], [1866, 1879], [1892, 1893], [1892, 1909], [1898, 1899], [1898, 1909]], "functions": {"save_chat_interaction": {"executed_lines": [105, 107, 110, 111, 113, 122, 123, 124, 126, 129, 131, 135, 144], "summary": {"covered_lines": 13, "num_statements": 21, "percent_covered": 57.57575757575758, "percent_covered_display": "57.58", "missing_lines": 8, "excluded_lines": 0, "percent_statements_covered": 61.904761904761905, "percent_statements_covered_display": "61.90", "num_branches": 12, "num_partial_branches": 6, "covered_branches": 6, "missing_branches": 6, "percent_branches_covered": 50.0, "percent_branches_covered_display": "50.00"}, "missing_lines": [106, 108, 127, 128, 130, 132, 145, 146], "excluded_lines": [], "start_line": 92, "executed_branches": [[105, 107], [107, 110], [123, 124], [126, 129], [129, 131], [131, 135]], "missing_branches": [[105, 106], [107, 108], [123, 135], [126, 127], [129, 130], [131, 132]]}, "list_sessions": {"executed_lines": [180, 181, 182, 183], "summary": {"covered_lines": 4, "num_statements": 7, "percent_covered": 57.142857142857146, "percent_covered_display": "57.14", "missing_lines": 3, "excluded_lines": 0, "percent_statements_covered": 57.142857142857146, "percent_statements_covered_display": "57.14", "num_branches": 0, "num_partial_branches": 0, "covered_branches": 0, "missing_branches": 0, "percent_branches_covered": 100.0, "percent_branches_covered_display": "100.00"}, "missing_lines": [195, 196, 197], "excluded_lines": [], "start_line": 178, "executed_branches": [], "missing_branches": []}, "create_new_session": {"executed_lines": [224, 225, 226, 227], "summary": {"covered_lines": 4, "num_statements": 7, "percent_covered": 57.142857142857146, "percent_covered_display": "57.14", "missing_lines": 3, "excluded_lines": 0, "percent_statements_covered": 57.142857142857146, "percent_statements_covered_display": "57.14", "num_branches": 0, "num_partial_branches": 0, "covered_branches": 0, "missing_branches": 0, "percent_branches_covered": 100.0, "percent_branches_covered_display": "100.00"}, "missing_lines": [228, 229, 230], "excluded_lines": [], "start_line": 222, "executed_branches": [], "missing_branches": []}, "get_session_history": {"executed_lines": [282, 283, 284, 287, 288, 295, 298, 299, 300, 309, 310, 311, 312, 322, 324], "summary": {"covered_lines": 15, "num_statements": 26, "percent_covered": 58.8235294117647, "percent_covered_display": "58.82", "missing_lines": 11, "excluded_lines": 0, "percent_statements_covered": 57.69230769230769, "percent_statements_covered_display": "57.69", "num_branches": 8, "num_partial_branches": 3, "covered_branches": 5, "missing_branches": 3, "percent_branches_covered": 62.5, "percent_branches_covered_display": "62.50"}, "missing_lines": [289, 314, 315, 316, 317, 318, 319, 320, 331, 332, 333], "excluded_lines": [], "start_line": 277, "executed_branches": [[288, 295], [299, 300], [299, 324], [309, 310], [311, 312]], "missing_branches": [[288, 289], [309, 322], [311, 314]]}, "chat_with_agent": {"executed_lines": [382, 384, 385, 386, 389, 391, 393, 395, 396, 401, 402, 408, 411, 412, 417, 418, 419, 420, 425, 432, 433, 437, 438, 440, 473, 477, 478, 479, 481, 483, 485, 487, 491, 493, 497, 499, 503, 507, 512, 515, 519, 523, 526, 529, 532, 535, 538, 541, 544, 547, 550, 555, 564, 565, 566, 579, 590, 591, 592, 593, 594, 612, 613, 615], "summary": {"covered_lines": 64, "num_statements": 127, "percent_covered": 46.009389671361504, "percent_covered_display": "46.01", "missing_lines": 63, "excluded_lines": 0, "percent_statements_covered": 50.39370078740158, "percent_statements_covered_display": "50.39", "num_branches": 86, "num_partial_branches": 30, "covered_branches": 34, "missing_branches": 52, "percent_branches_covered": 39.53488372093023, "percent_branches_covered_display": "39.53"}, "missing_lines": [398, 421, 422, 442, 444, 445, 447, 449, 450, 451, 452, 453, 455, 456, 458, 459, 461, 464, 465, 466, 468, 469, 470, 471, 480, 482, 484, 486, 488, 492, 494, 498, 500, 504, 508, 513, 516, 520, 524, 527, 530, 533, 536, 539, 542, 545, 548, 551, 580, 581, 586, 587, 595, 596, 599, 600, 606, 607, 608, 609, 617, 618, 619], "excluded_lines": [], "start_line": 377, "executed_branches": [[389, 391], [389, 393], [396, 401], [440, 473], [477, 478], [477, 479], [479, 481], [481, 483], [483, 485], [485, 487], [487, 491], [491, 493], [493, 497], [497, 499], [499, 503], [503, 507], [507, 512], [512, 515], [515, 519], [519, 523], [523, 526], [526, 529], [529, 532], [532, 535], [535, 538], [538, 541], [541, 544], [544, 547], [547, 550], [550, 555], [564, 565], [579, 590], [594, 612], [612, 613]], "missing_branches": [[396, 398], [440, 442], [442, 444], [442, 464], [449, 450], [449, 473], [452, 453], [452, 473], [455, 456], [455, 473], [458, 459], [458, 473], [464, 465], [464, 473], [468, 469], [468, 473], [470, 471], [470, 473], [479, 480], [481, 482], [483, 484], [485, 486], [487, 488], [491, 492], [493, 494], [497, 498], [499, 500], [503, 504], [507, 508], [512, 513], [515, 516], [519, 520], [523, 524], [526, 527], [529, 530], [532, 533], [535, 536], [538, 539], [541, 542], [544, 545], [547, 548], [550, 551], [564, 590], [579, 580], [594, 595], [595, 596], [595, 599], [599, 600], [599, 612], [606, 599], [606, 607], [612, 615]]}, "classify_intent_with_llm": {"executed_lines": [630, 631, 632, 633, 635, 636, 641, 644, 647, 650, 699, 701, 702, 704, 706, 709, 711, 712], "summary": {"covered_lines": 18, "num_statements": 49, "percent_covered": 30.985915492957748, "percent_covered_display": "30.99", "missing_lines": 31, "excluded_lines": 0, "percent_statements_covered": 36.734693877551024, "percent_statements_covered_display": "36.73", "num_branches": 22, "num_partial_branches": 4, "covered_branches": 4, "missing_branches": 18, "percent_branches_covered": 18.181818181818183, "percent_branches_covered_display": "18.18"}, "missing_lines": [637, 638, 639, 645, 648, 715, 716, 717, 718, 719, 720, 721, 722, 723, 724, 727, 730, 731, 733, 734, 735, 736, 737, 738, 739, 741, 743, 744, 746, 747, 748], "excluded_lines": [], "start_line": 621, "executed_branches": [[636, 641], [644, 647], [647, 650], [711, 712]], "missing_branches": [[636, 637], [644, 645], [647, 648], [711, 715], [715, 716], [715, 717], [717, 718], [717, 719], [719, 720], [719, 721], [721, 722], [721, 723], [723, 724], [723, 727], [730, 731], [730, 733], [733, 734], [733, 741]]}, "fallback_intent_classification": {"executed_lines": [753, 756, 758, 759, 760, 762, 763, 765, 767, 768, 770, 771, 772, 775, 776, 781, 782, 783, 784, 785, 786, 787, 788, 789, 792, 793, 794, 795, 796, 797, 800, 801, 802, 803, 804, 805, 808, 809, 810, 811, 814, 815, 816, 817, 818, 819, 822, 823, 826, 827, 828, 829, 832, 834, 835, 838, 840, 841, 844, 845, 848], "summary": {"covered_lines": 61, "num_statements": 65, "percent_covered": 94.69026548672566, "percent_covered_display": "94.69", "missing_lines": 4, "excluded_lines": 0, "percent_statements_covered": 93.84615384615384, "percent_statements_covered_display": "93.85", "num_branches": 48, "num_partial_branches": 2, "covered_branches": 46, "missing_branches": 2, "percent_branches_covered": 95.83333333333333, "percent_branches_covered_display": "95.83"}, "missing_lines": [777, 778, 779, 833], "excluded_lines": [], "start_line": 751, "executed_branches": [[756, 758], [756, 782], [765, 767], [782, 783], [782, 784], [784, 785], [784, 786], [786, 787], [786, 788], [788, 789], [788, 792], [792, 793], [792, 794], [794, 795], [794, 796], [796, 797], [796, 800], [800, 801], [800, 802], [802, 803], [802, 804], [804, 805], [804, 808], [808, 809], [808, 810], [810, 811], [810, 814], [814, 815], [814, 816], [816, 817], [816, 818], [818, 819], [818, 822], [822, 823], [822, 826], [826, 827], [826, 828], [828, 829], [828, 832], [832, 834], [834, 835], [834, 838], [838, 840], [838, 844], [844, 845], [844, 848]], "missing_branches": [[765, 781], [832, 833]]}, "handle_create_workflow": {"executed_lines": [855, 857, 859, 861, 862, 871, 872, 873, 875, 876, 877, 879], "summary": {"covered_lines": 12, "num_statements": 15, "percent_covered": 82.3529411764706, "percent_covered_display": "82.35", "missing_lines": 3, "excluded_lines": 0, "percent_statements_covered": 80.0, "percent_statements_covered_display": "80.00", "num_branches": 2, "num_partial_branches": 0, "covered_branches": 2, "missing_branches": 0, "percent_branches_covered": 100.0, "percent_branches_covered_display": "100.00"}, "missing_lines": [893, 894, 895], "excluded_lines": [], "start_line": 853, "executed_branches": [[861, 862], [861, 871]], "missing_branches": []}, "handle_list_workflows": {"executed_lines": [905, 906, 907, 909, 910], "summary": {"covered_lines": 5, "num_statements": 5, "percent_covered": 100.0, "percent_covered_display": "100.00", "missing_lines": 0, "excluded_lines": 0, "percent_statements_covered": 100.0, "percent_statements_covered_display": "100.00", "num_branches": 2, "num_partial_branches": 0, "covered_branches": 2, "missing_branches": 0, "percent_branches_covered": 100.0, "percent_branches_covered_display": "100.00"}, "missing_lines": [], "excluded_lines": [], "start_line": 903, "executed_branches": [[906, 907], [906, 909]], "missing_branches": []}, "handle_run_workflow": {"executed_lines": [920, 921, 922, 924, 925, 927, 928, 930, 931, 932, 934, 935, 936, 937], "summary": {"covered_lines": 14, "num_statements": 16, "percent_covered": 90.9090909090909, "percent_covered_display": "90.91", "missing_lines": 2, "excluded_lines": 0, "percent_statements_covered": 87.5, "percent_statements_covered_display": "87.50", "num_branches": 6, "num_partial_branches": 0, "covered_branches": 6, "missing_branches": 0, "percent_branches_covered": 100.0, "percent_branches_covered_display": "100.00"}, "missing_lines": [944, 945], "excluded_lines": [], "start_line": 918, "executed_branches": [[921, 922], [921, 924], [927, 928], [927, 930], [931, 932], [931, 934]], "missing_branches": []}, "handle_schedule_workflow": {"executed_lines": [], "summary": {"covered_lines": 0, "num_statements": 24, "percent_covered": 0.0, "percent_covered_display": "0.00", "missing_lines": 24, "excluded_lines": 0, "percent_statements_covered": 0.0, "percent_statements_covered_display": "0.00", "num_branches": 12, "num_partial_branches": 0, "covered_branches": 0, "missing_branches": 12, "percent_branches_covered": 0.0, "percent_branches_covered_display": "0.00"}, "missing_lines": [949, 950, 952, 953, 962, 963, 965, 966, 975, 976, 978, 979, 988, 990, 991, 992, 997, 998, 1003, 1004, 1010, 1023, 1024, 1025], "excluded_lines": [], "start_line": 947, "executed_branches": [], "missing_branches": [[952, 953], [952, 962], [965, 966], [965, 975], [978, 979], [978, 988], [991, 992], [991, 997], [997, 998], [997, 1003], [1003, 1004], [1003, 1010]]}, "handle_get_history": {"executed_lines": [], "summary": {"covered_lines": 0, "num_statements": 4, "percent_covered": 0.0, "percent_covered_display": "0.00", "missing_lines": 4, "excluded_lines": 0, "percent_statements_covered": 0.0, "percent_statements_covered_display": "0.00", "num_branches": 2, "num_partial_branches": 0, "covered_branches": 0, "missing_branches": 2, "percent_branches_covered": 0.0, "percent_branches_covered_display": "0.00"}, "missing_lines": [1034, 1035, 1036, 1037], "excluded_lines": [], "start_line": 1033, "executed_branches": [], "missing_branches": [[1035, 1036], [1035, 1037]]}, "handle_cancel_schedule": {"executed_lines": [], "summary": {"covered_lines": 0, "num_statements": 10, "percent_covered": 0.0, "percent_covered_display": "0.00", "missing_lines": 10, "excluded_lines": 0, "percent_statements_covered": 0.0, "percent_statements_covered_display": "0.00", "num_branches": 6, "num_partial_branches": 0, "covered_branches": 0, "missing_branches": 6, "percent_branches_covered": 0.0, "percent_branches_covered_display": "0.00"}, "missing_lines": [1041, 1042, 1044, 1045, 1046, 1047, 1049, 1051, 1054, 1056], "excluded_lines": [], "start_line": 1039, "executed_branches": [], "missing_branches": [[1044, 1045], [1044, 1051], [1046, 1047], [1046, 1049], [1051, 1054], [1051, 1056]]}, "handle_get_status": {"executed_lines": [], "summary": {"covered_lines": 0, "num_statements": 1, "percent_covered": 0.0, "percent_covered_display": "0.00", "missing_lines": 1, "excluded_lines": 0, "percent_statements_covered": 0.0, "percent_statements_covered_display": "0.00", "num_branches": 0, "num_partial_branches": 0, "covered_branches": 0, "missing_branches": 0, "percent_branches_covered": 100.0, "percent_branches_covered_display": "100.00"}, "missing_lines": [1059], "excluded_lines": [], "start_line": 1058, "executed_branches": [], "missing_branches": []}, "handle_crm_intent": {"executed_lines": [], "summary": {"covered_lines": 0, "num_statements": 11, "percent_covered": 0.0, "percent_covered_display": "0.00", "missing_lines": 11, "excluded_lines": 0, "percent_statements_covered": 0.0, "percent_statements_covered_display": "0.00", "num_branches": 0, "num_partial_branches": 0, "covered_branches": 0, "missing_branches": 0, "percent_branches_covered": 100.0, "percent_branches_covered_display": "100.00"}, "missing_lines": [1065, 1066, 1068, 1070, 1072, 1073, 1074, 1076, 1086, 1087, 1088], "excluded_lines": [], "start_line": 1063, "executed_branches": [], "missing_branches": []}, "handle_create_event": {"executed_lines": [], "summary": {"covered_lines": 0, "num_statements": 3, "percent_covered": 0.0, "percent_covered_display": "0.00", "missing_lines": 3, "excluded_lines": 0, "percent_statements_covered": 0.0, "percent_statements_covered_display": "0.00", "num_branches": 0, "num_partial_branches": 0, "covered_branches": 0, "missing_branches": 0, "percent_branches_covered": 100.0, "percent_branches_covered_display": "100.00"}, "missing_lines": [1097, 1098, 1103], "excluded_lines": [], "start_line": 1095, "executed_branches": [], "missing_branches": []}, "handle_list_events": {"executed_lines": [], "summary": {"covered_lines": 0, "num_statements": 9, "percent_covered": 0.0, "percent_covered_display": "0.00", "missing_lines": 9, "excluded_lines": 0, "percent_statements_covered": 0.0, "percent_statements_covered_display": "0.00", "num_branches": 2, "num_partial_branches": 0, "covered_branches": 0, "missing_branches": 2, "percent_branches_covered": 0.0, "percent_branches_covered_display": "0.00"}, "missing_lines": [1115, 1116, 1117, 1119, 1120, 1122, 1124, 1131, 1132], "excluded_lines": [], "start_line": 1113, "executed_branches": [], "missing_branches": [[1119, 1120], [1119, 1122]]}, "handle_send_email": {"executed_lines": [], "summary": {"covered_lines": 0, "num_statements": 3, "percent_covered": 0.0, "percent_covered_display": "0.00", "missing_lines": 3, "excluded_lines": 0, "percent_statements_covered": 0.0, "percent_statements_covered_display": "0.00", "num_branches": 0, "num_partial_branches": 0, "covered_branches": 0, "missing_branches": 0, "percent_branches_covered": 100.0, "percent_branches_covered_display": "100.00"}, "missing_lines": [1138, 1139, 1141], "excluded_lines": [], "start_line": 1136, "executed_branches": [], "missing_branches": []}, "handle_search_emails": {"executed_lines": [], "summary": {"covered_lines": 0, "num_statements": 2, "percent_covered": 0.0, "percent_covered_display": "0.00", "missing_lines": 2, "excluded_lines": 0, "percent_statements_covered": 0.0, "percent_statements_covered_display": "0.00", "num_branches": 0, "num_partial_branches": 0, "covered_branches": 0, "missing_branches": 0, "percent_branches_covered": 100.0, "percent_branches_covered_display": "100.00"}, "missing_lines": [1153, 1154], "excluded_lines": [], "start_line": 1151, "executed_branches": [], "missing_branches": []}, "handle_knowledge_query": {"executed_lines": [], "summary": {"covered_lines": 0, "num_statements": 9, "percent_covered": 0.0, "percent_covered_display": "0.00", "missing_lines": 9, "excluded_lines": 0, "percent_statements_covered": 0.0, "percent_statements_covered_display": "0.00", "num_branches": 0, "num_partial_branches": 0, "covered_branches": 0, "missing_branches": 0, "percent_branches_covered": 100.0, "percent_branches_covered_display": "100.00"}, "missing_lines": [1158, 1159, 1160, 1161, 1162, 1163, 1172, 1173, 1174], "excluded_lines": [], "start_line": 1156, "executed_branches": [], "missing_branches": []}, "handle_task_intent": {"executed_lines": [1197, 1198, 1199, 1200, 1201, 1203, 1204, 1205, 1216, 1217, 1218, 1219, 1220], "summary": {"covered_lines": 13, "num_statements": 19, "percent_covered": 68.0, "percent_covered_display": "68.00", "missing_lines": 6, "excluded_lines": 0, "percent_statements_covered": 68.42105263157895, "percent_statements_covered_display": "68.42", "num_branches": 6, "num_partial_branches": 2, "covered_branches": 4, "missing_branches": 2, "percent_branches_covered": 66.66666666666667, "percent_branches_covered_display": "66.67"}, "missing_lines": [1202, 1213, 1214, 1228, 1229, 1231], "excluded_lines": [], "start_line": 1195, "executed_branches": [[1197, 1198], [1197, 1216], [1201, 1203], [1216, 1217]], "missing_branches": [[1201, 1202], [1216, 1231]]}, "handle_finance_intent": {"executed_lines": [1235, 1236, 1249, 1250], "summary": {"covered_lines": 4, "num_statements": 11, "percent_covered": 41.1764705882353, "percent_covered_display": "41.18", "missing_lines": 7, "excluded_lines": 0, "percent_statements_covered": 36.36363636363637, "percent_statements_covered_display": "36.36", "num_branches": 6, "num_partial_branches": 1, "covered_branches": 3, "missing_branches": 3, "percent_branches_covered": 50.0, "percent_branches_covered_display": "50.00"}, "missing_lines": [1258, 1259, 1260, 1261, 1265, 1266, 1268], "excluded_lines": [], "start_line": 1233, "executed_branches": [[1235, 1236], [1235, 1249], [1249, 1250]], "missing_branches": [[1249, 1258], [1258, 1259], [1258, 1268]]}, "handle_help_request": {"executed_lines": [1272], "summary": {"covered_lines": 1, "num_statements": 1, "percent_covered": 100.0, "percent_covered_display": "100.00", "missing_lines": 0, "excluded_lines": 0, "percent_statements_covered": 100.0, "percent_statements_covered_display": "100.00", "num_branches": 0, "num_partial_branches": 0, "covered_branches": 0, "missing_branches": 0, "percent_branches_covered": 100.0, "percent_branches_covered_display": "100.00"}, "missing_lines": [], "excluded_lines": [], "start_line": 1270, "executed_branches": [], "missing_branches": []}, "execute_generated_workflow": {"executed_lines": [], "summary": {"covered_lines": 0, "num_statements": 14, "percent_covered": 0.0, "percent_covered_display": "0.00", "missing_lines": 14, "excluded_lines": 0, "percent_statements_covered": 0.0, "percent_statements_covered_display": "0.00", "num_branches": 4, "num_partial_branches": 0, "covered_branches": 0, "missing_branches": 4, "percent_branches_covered": 0.0, "percent_branches_covered_display": "0.00"}, "missing_lines": [1293, 1294, 1295, 1296, 1297, 1299, 1300, 1302, 1303, 1304, 1306, 1313, 1314, 1315], "excluded_lines": [], "start_line": 1291, "executed_branches": [], "missing_branches": [[1296, 1297], [1296, 1299], [1299, 1300], [1299, 1302]]}, "handle_follow_up_emails": {"executed_lines": [], "summary": {"covered_lines": 0, "num_statements": 9, "percent_covered": 0.0, "percent_covered_display": "0.00", "missing_lines": 9, "excluded_lines": 0, "percent_statements_covered": 0.0, "percent_statements_covered_display": "0.00", "num_branches": 2, "num_partial_branches": 0, "covered_branches": 0, "missing_branches": 2, "percent_branches_covered": 0.0, "percent_branches_covered_display": "0.00"}, "missing_lines": [1319, 1320, 1323, 1324, 1325, 1336, 1346, 1347, 1348], "excluded_lines": [], "start_line": 1317, "executed_branches": [], "missing_branches": [[1324, 1325], [1324, 1336]]}, "handle_wellness_check": {"executed_lines": [], "summary": {"covered_lines": 0, "num_statements": 7, "percent_covered": 0.0, "percent_covered_display": "0.00", "missing_lines": 7, "excluded_lines": 0, "percent_statements_covered": 0.0, "percent_statements_covered_display": "0.00", "num_branches": 0, "num_partial_branches": 0, "covered_branches": 0, "missing_branches": 0, "percent_branches_covered": 100.0, "percent_branches_covered_display": "100.00"}, "missing_lines": [1352, 1353, 1354, 1356, 1366, 1367, 1368], "excluded_lines": [], "start_line": 1350, "executed_branches": [], "missing_branches": []}, "handle_automation_insights": {"executed_lines": [], "summary": {"covered_lines": 0, "num_statements": 24, "percent_covered": 0.0, "percent_covered_display": "0.00", "missing_lines": 24, "excluded_lines": 0, "percent_statements_covered": 0.0, "percent_statements_covered_display": "0.00", "num_branches": 8, "num_partial_branches": 0, "covered_branches": 0, "missing_branches": 8, "percent_branches_covered": 0.0, "percent_branches_covered_display": "0.00"}, "missing_lines": [1372, 1373, 1374, 1376, 1377, 1380, 1381, 1384, 1387, 1389, 1390, 1392, 1394, 1395, 1396, 1397, 1399, 1402, 1406, 1407, 1413, 1420, 1421, 1422], "excluded_lines": [], "start_line": 1370, "executed_branches": [], "missing_branches": [[1389, 1390], [1389, 1392], [1394, 1395], [1394, 1399], [1396, 1397], [1396, 1402], [1406, 1407], [1406, 1413]]}, "handle_resolve_conflicts": {"executed_lines": [], "summary": {"covered_lines": 0, "num_statements": 5, "percent_covered": 0.0, "percent_covered_display": "0.00", "missing_lines": 5, "excluded_lines": 0, "percent_statements_covered": 0.0, "percent_statements_covered_display": "0.00", "num_branches": 0, "num_partial_branches": 0, "covered_branches": 0, "missing_branches": 0, "percent_branches_covered": 100.0, "percent_branches_covered_display": "100.00"}, "missing_lines": [1426, 1427, 1436, 1437, 1438], "excluded_lines": [], "start_line": 1424, "executed_branches": [], "missing_branches": []}, "handle_set_goal": {"executed_lines": [], "summary": {"covered_lines": 0, "num_statements": 11, "percent_covered": 0.0, "percent_covered_display": "0.00", "missing_lines": 11, "excluded_lines": 0, "percent_statements_covered": 0.0, "percent_statements_covered_display": "0.00", "num_branches": 0, "num_partial_branches": 0, "covered_branches": 0, "missing_branches": 0, "percent_branches_covered": 100.0, "percent_branches_covered_display": "100.00"}, "missing_lines": [1442, 1443, 1446, 1448, 1449, 1450, 1451, 1453, 1471, 1472, 1473], "excluded_lines": [], "start_line": 1440, "executed_branches": [], "missing_branches": []}, "handle_silent_stakeholders": {"executed_lines": [], "summary": {"covered_lines": 0, "num_statements": 16, "percent_covered": 0.0, "percent_covered_display": "0.00", "missing_lines": 16, "excluded_lines": 0, "percent_statements_covered": 0.0, "percent_statements_covered_display": "0.00", "num_branches": 4, "num_partial_branches": 0, "covered_branches": 0, "missing_branches": 4, "percent_branches_covered": 0.0, "percent_branches_covered_display": "0.00"}, "missing_lines": [1477, 1478, 1479, 1481, 1483, 1484, 1492, 1493, 1495, 1496, 1497, 1505, 1507, 1514, 1515, 1516], "excluded_lines": [], "start_line": 1475, "executed_branches": [], "missing_branches": [[1483, 1484], [1483, 1492], [1495, 1496], [1495, 1505]]}, "handle_goal_status": {"executed_lines": [], "summary": {"covered_lines": 0, "num_statements": 6, "percent_covered": 0.0, "percent_covered_display": "0.00", "missing_lines": 6, "excluded_lines": 0, "percent_statements_covered": 0.0, "percent_statements_covered_display": "0.00", "num_branches": 0, "num_partial_branches": 0, "covered_branches": 0, "missing_branches": 0, "percent_branches_covered": 100.0, "percent_branches_covered_display": "100.00"}, "missing_lines": [1520, 1521, 1524, 1533, 1534, 1535], "excluded_lines": [], "start_line": 1518, "executed_branches": [], "missing_branches": []}, "handle_system_status": {"executed_lines": [1541, 1543, 1544, 1545, 1546, 1549, 1550, 1552, 1553, 1554, 1555, 1556, 1558], "summary": {"covered_lines": 13, "num_statements": 16, "percent_covered": 81.25, "percent_covered_display": "81.25", "missing_lines": 3, "excluded_lines": 0, "percent_statements_covered": 81.25, "percent_statements_covered_display": "81.25", "num_branches": 0, "num_partial_branches": 0, "covered_branches": 0, "missing_branches": 0, "percent_branches_covered": 100.0, "percent_branches_covered_display": "100.00"}, "missing_lines": [1570, 1571, 1572], "excluded_lines": [], "start_line": 1539, "executed_branches": [], "missing_branches": []}, "handle_platform_search": {"executed_lines": [], "summary": {"covered_lines": 0, "num_statements": 17, "percent_covered": 0.0, "percent_covered_display": "0.00", "missing_lines": 17, "excluded_lines": 0, "percent_statements_covered": 0.0, "percent_statements_covered_display": "0.00", "num_branches": 6, "num_partial_branches": 0, "covered_branches": 0, "missing_branches": 6, "percent_branches_covered": 0.0, "percent_branches_covered_display": "0.00"}, "missing_lines": [1582, 1583, 1586, 1594, 1596, 1597, 1598, 1599, 1600, 1601, 1603, 1604, 1606, 1618, 1626, 1627, 1628], "excluded_lines": [], "start_line": 1580, "executed_branches": [], "missing_branches": [[1596, 1597], [1596, 1618], [1598, 1599], [1598, 1603], [1603, 1604], [1603, 1606]]}, "chat_stream_agent": {"executed_lines": [], "summary": {"covered_lines": 0, "num_statements": 106, "percent_covered": 0.0, "percent_covered_display": "0.00", "missing_lines": 106, "excluded_lines": 0, "percent_statements_covered": 0.0, "percent_statements_covered_display": "0.00", "num_branches": 28, "num_partial_branches": 0, "covered_branches": 0, "missing_branches": 28, "percent_branches_covered": 0.0, "percent_branches_covered_display": "0.00"}, "missing_lines": [1652, 1653, 1654, 1656, 1657, 1658, 1659, 1661, 1663, 1664, 1665, 1666, 1667, 1668, 1671, 1676, 1677, 1678, 1679, 1682, 1690, 1691, 1694, 1695, 1700, 1701, 1702, 1709, 1716, 1717, 1718, 1720, 1723, 1726, 1729, 1730, 1732, 1733, 1734, 1735, 1736, 1745, 1746, 1747, 1753, 1754, 1755, 1761, 1767, 1769, 1770, 1779, 1783, 1786, 1787, 1797, 1798, 1799, 1801, 1803, 1812, 1813, 1815, 1816, 1817, 1820, 1832, 1840, 1841, 1843, 1844, 1846, 1849, 1852, 1857, 1858, 1859, 1861, 1862, 1866, 1867, 1868, 1869, 1870, 1871, 1874, 1875, 1877, 1879, 1888, 1889, 1892, 1893, 1894, 1898, 1899, 1900, 1901, 1902, 1905, 1906, 1909, 1914, 1916, 1917, 1918], "excluded_lines": [], "start_line": 1640, "executed_branches": [], "missing_branches": [[1676, 1677], [1676, 1723], [1690, 1691], [1690, 1694], [1694, 1695], [1694, 1723], [1700, 1701], [1700, 1709], [1735, 1736], [1735, 1753], [1753, 1754], [1753, 1761], [1754, 1755], [1754, 1761], [1812, 1813], [1812, 1815], [1815, 1816], [1815, 1832], [1843, 1844], [1843, 1846], [1857, 1858], [1857, 1879], [1866, 1867], [1866, 1879], [1892, 1893], [1892, 1909], [1898, 1899], [1898, 1909]]}, "retrieve_hybrid": {"executed_lines": [], "summary": {"covered_lines": 0, "num_statements": 7, "percent_covered": 0.0, "percent_covered_display": "0.00", "missing_lines": 7, "excluded_lines": 0, "percent_statements_covered": 0.0, "percent_statements_covered_display": "0.00", "num_branches": 0, "num_partial_branches": 0, "covered_branches": 0, "missing_branches": 0, "percent_branches_covered": 100.0, "percent_branches_covered_display": "100.00"}, "missing_lines": [1955, 1956, 1958, 1966, 1983, 1984, 1985], "excluded_lines": [], "start_line": 1930, "executed_branches": [], "missing_branches": []}, "retrieve_baseline": {"executed_lines": [], "summary": {"covered_lines": 0, "num_statements": 7, "percent_covered": 0.0, "percent_covered_display": "0.00", "missing_lines": 7, "excluded_lines": 0, "percent_statements_covered": 0.0, "percent_statements_covered_display": "0.00", "num_branches": 0, "num_partial_branches": 0, "covered_branches": 0, "missing_branches": 0, "percent_branches_covered": 100.0, "percent_branches_covered_display": "100.00"}, "missing_lines": [2013, 2014, 2016, 2022, 2037, 2038, 2039], "excluded_lines": [], "start_line": 1993, "executed_branches": [], "missing_branches": []}, "": {"executed_lines": [1, 2, 3, 4, 5, 6, 9, 10, 14, 15, 17, 18, 20, 21, 26, 27, 30, 31, 32, 33, 35, 36, 39, 40, 43, 46, 47, 50, 53, 54, 57, 58, 61, 70, 72, 74, 78, 81, 82, 83, 84, 85, 86, 88, 92, 148, 178, 199, 222, 232, 277, 338, 377, 621, 751, 853, 903, 918, 947, 1033, 1039, 1058, 1063, 1095, 1113, 1136, 1151, 1156, 1195, 1233, 1270, 1290, 1291, 1317, 1350, 1370, 1424, 1440, 1475, 1518, 1539, 1580, 1639, 1640, 1925, 1926, 1929, 1930, 1992, 1993], "summary": {"covered_lines": 90, "num_statements": 97, "percent_covered": 92.78350515463917, "percent_covered_display": "92.78", "missing_lines": 7, "excluded_lines": 0, "percent_statements_covered": 92.78350515463917, "percent_statements_covered_display": "92.78", "num_branches": 0, "num_partial_branches": 0, "covered_branches": 0, "missing_branches": 0, "percent_branches_covered": 100.0, "percent_branches_covered_display": "100.00"}, "missing_lines": [11, 12, 16, 22, 23, 28, 29], "excluded_lines": [], "start_line": 1, "executed_branches": [], "missing_branches": []}}, "classes": {"ChatMessage": {"executed_lines": [], "summary": {"covered_lines": 0, "num_statements": 0, "percent_covered": 100.0, "percent_covered_display": "100.00", "missing_lines": 0, "excluded_lines": 0, "percent_statements_covered": 100.0, "percent_statements_covered_display": "100.00", "num_branches": 0, "num_partial_branches": 0, "covered_branches": 0, "missing_branches": 0, "percent_branches_covered": 100.0, "percent_branches_covered_display": "100.00"}, "missing_lines": [], "excluded_lines": [], "start_line": 74, "executed_branches": [], "missing_branches": []}, "ChatRequest": {"executed_lines": [], "summary": {"covered_lines": 0, "num_statements": 0, "percent_covered": 100.0, "percent_covered_display": "100.00", "missing_lines": 0, "excluded_lines": 0, "percent_statements_covered": 100.0, "percent_statements_covered_display": "100.00", "num_branches": 0, "num_partial_branches": 0, "covered_branches": 0, "missing_branches": 0, "percent_branches_covered": 100.0, "percent_branches_covered_display": "100.00"}, "missing_lines": [], "excluded_lines": [], "start_line": 78, "executed_branches": [], "missing_branches": []}, "ExecuteGeneratedRequest": {"executed_lines": [], "summary": {"covered_lines": 0, "num_statements": 0, "percent_covered": 100.0, "percent_covered_display": "100.00", "missing_lines": 0, "excluded_lines": 0, "percent_statements_covered": 100.0, "percent_statements_covered_display": "100.00", "num_branches": 0, "num_partial_branches": 0, "covered_branches": 0, "missing_branches": 0, "percent_branches_covered": 100.0, "percent_branches_covered_display": "100.00"}, "missing_lines": [], "excluded_lines": [], "start_line": 88, "executed_branches": [], "missing_branches": []}, "": {"executed_lines": [1, 2, 3, 4, 5, 6, 9, 10, 14, 15, 17, 18, 20, 21, 26, 27, 30, 31, 32, 33, 35, 36, 39, 40, 43, 46, 47, 50, 53, 54, 57, 58, 61, 70, 72, 74, 78, 81, 82, 83, 84, 85, 86, 88, 92, 105, 107, 110, 111, 113, 122, 123, 124, 126, 129, 131, 135, 144, 148, 178, 180, 181, 182, 183, 199, 222, 224, 225, 226, 227, 232, 277, 282, 283, 284, 287, 288, 295, 298, 299, 300, 309, 310, 311, 312, 322, 324, 338, 377, 382, 384, 385, 386, 389, 391, 393, 395, 396, 401, 402, 408, 411, 412, 417, 418, 419, 420, 425, 432, 433, 437, 438, 440, 473, 477, 478, 479, 481, 483, 485, 487, 491, 493, 497, 499, 503, 507, 512, 515, 519, 523, 526, 529, 532, 535, 538, 541, 544, 547, 550, 555, 564, 565, 566, 579, 590, 591, 592, 593, 594, 612, 613, 615, 621, 630, 631, 632, 633, 635, 636, 641, 644, 647, 650, 699, 701, 702, 704, 706, 709, 711, 712, 751, 753, 756, 758, 759, 760, 762, 763, 765, 767, 768, 770, 771, 772, 775, 776, 781, 782, 783, 784, 785, 786, 787, 788, 789, 792, 793, 794, 795, 796, 797, 800, 801, 802, 803, 804, 805, 808, 809, 810, 811, 814, 815, 816, 817, 818, 819, 822, 823, 826, 827, 828, 829, 832, 834, 835, 838, 840, 841, 844, 845, 848, 853, 855, 857, 859, 861, 862, 871, 872, 873, 875, 876, 877, 879, 903, 905, 906, 907, 909, 910, 918, 920, 921, 922, 924, 925, 927, 928, 930, 931, 932, 934, 935, 936, 937, 947, 1033, 1039, 1058, 1063, 1095, 1113, 1136, 1151, 1156, 1195, 1197, 1198, 1199, 1200, 1201, 1203, 1204, 1205, 1216, 1217, 1218, 1219, 1220, 1233, 1235, 1236, 1249, 1250, 1270, 1272, 1290, 1291, 1317, 1350, 1370, 1424, 1440, 1475, 1518, 1539, 1541, 1543, 1544, 1545, 1546, 1549, 1550, 1552, 1553, 1554, 1555, 1556, 1558, 1580, 1639, 1640, 1925, 1926, 1929, 1930, 1992, 1993], "summary": {"covered_lines": 331, "num_statements": 787, "percent_covered": 41.831916902738435, "percent_covered_display": "41.83", "missing_lines": 456, "excluded_lines": 0, "percent_statements_covered": 42.058449809402795, "percent_statements_covered_display": "42.06", "num_branches": 272, "num_partial_branches": 48, "covered_branches": 112, "missing_branches": 160, "percent_branches_covered": 41.1764705882353, "percent_branches_covered_display": "41.18"}, "missing_lines": [11, 12, 16, 22, 23, 28, 29, 106, 108, 127, 128, 130, 132, 145, 146, 195, 196, 197, 228, 229, 230, 289, 314, 315, 316, 317, 318, 319, 320, 331, 332, 333, 398, 421, 422, 442, 444, 445, 447, 449, 450, 451, 452, 453, 455, 456, 458, 459, 461, 464, 465, 466, 468, 469, 470, 471, 480, 482, 484, 486, 488, 492, 494, 498, 500, 504, 508, 513, 516, 520, 524, 527, 530, 533, 536, 539, 542, 545, 548, 551, 580, 581, 586, 587, 595, 596, 599, 600, 606, 607, 608, 609, 617, 618, 619, 637, 638, 639, 645, 648, 715, 716, 717, 718, 719, 720, 721, 722, 723, 724, 727, 730, 731, 733, 734, 735, 736, 737, 738, 739, 741, 743, 744, 746, 747, 748, 777, 778, 779, 833, 893, 894, 895, 944, 945, 949, 950, 952, 953, 962, 963, 965, 966, 975, 976, 978, 979, 988, 990, 991, 992, 997, 998, 1003, 1004, 1010, 1023, 1024, 1025, 1034, 1035, 1036, 1037, 1041, 1042, 1044, 1045, 1046, 1047, 1049, 1051, 1054, 1056, 1059, 1065, 1066, 1068, 1070, 1072, 1073, 1074, 1076, 1086, 1087, 1088, 1097, 1098, 1103, 1115, 1116, 1117, 1119, 1120, 1122, 1124, 1131, 1132, 1138, 1139, 1141, 1153, 1154, 1158, 1159, 1160, 1161, 1162, 1163, 1172, 1173, 1174, 1202, 1213, 1214, 1228, 1229, 1231, 1258, 1259, 1260, 1261, 1265, 1266, 1268, 1293, 1294, 1295, 1296, 1297, 1299, 1300, 1302, 1303, 1304, 1306, 1313, 1314, 1315, 1319, 1320, 1323, 1324, 1325, 1336, 1346, 1347, 1348, 1352, 1353, 1354, 1356, 1366, 1367, 1368, 1372, 1373, 1374, 1376, 1377, 1380, 1381, 1384, 1387, 1389, 1390, 1392, 1394, 1395, 1396, 1397, 1399, 1402, 1406, 1407, 1413, 1420, 1421, 1422, 1426, 1427, 1436, 1437, 1438, 1442, 1443, 1446, 1448, 1449, 1450, 1451, 1453, 1471, 1472, 1473, 1477, 1478, 1479, 1481, 1483, 1484, 1492, 1493, 1495, 1496, 1497, 1505, 1507, 1514, 1515, 1516, 1520, 1521, 1524, 1533, 1534, 1535, 1570, 1571, 1572, 1582, 1583, 1586, 1594, 1596, 1597, 1598, 1599, 1600, 1601, 1603, 1604, 1606, 1618, 1626, 1627, 1628, 1652, 1653, 1654, 1656, 1657, 1658, 1659, 1661, 1663, 1664, 1665, 1666, 1667, 1668, 1671, 1676, 1677, 1678, 1679, 1682, 1690, 1691, 1694, 1695, 1700, 1701, 1702, 1709, 1716, 1717, 1718, 1720, 1723, 1726, 1729, 1730, 1732, 1733, 1734, 1735, 1736, 1745, 1746, 1747, 1753, 1754, 1755, 1761, 1767, 1769, 1770, 1779, 1783, 1786, 1787, 1797, 1798, 1799, 1801, 1803, 1812, 1813, 1815, 1816, 1817, 1820, 1832, 1840, 1841, 1843, 1844, 1846, 1849, 1852, 1857, 1858, 1859, 1861, 1862, 1866, 1867, 1868, 1869, 1870, 1871, 1874, 1875, 1877, 1879, 1888, 1889, 1892, 1893, 1894, 1898, 1899, 1900, 1901, 1902, 1905, 1906, 1909, 1914, 1916, 1917, 1918, 1955, 1956, 1958, 1966, 1983, 1984, 1985, 2013, 2014, 2016, 2022, 2037, 2038, 2039], "excluded_lines": [], "start_line": 1, "executed_branches": [[105, 107], [107, 110], [123, 124], [126, 129], [129, 131], [131, 135], [288, 295], [299, 300], [299, 324], [309, 310], [311, 312], [389, 391], [389, 393], [396, 401], [440, 473], [477, 478], [477, 479], [479, 481], [481, 483], [483, 485], [485, 487], [487, 491], [491, 493], [493, 497], [497, 499], [499, 503], [503, 507], [507, 512], [512, 515], [515, 519], [519, 523], [523, 526], [526, 529], [529, 532], [532, 535], [535, 538], [538, 541], [541, 544], [544, 547], [547, 550], [550, 555], [564, 565], [579, 590], [594, 612], [612, 613], [636, 641], [644, 647], [647, 650], [711, 712], [756, 758], [756, 782], [765, 767], [782, 783], [782, 784], [784, 785], [784, 786], [786, 787], [786, 788], [788, 789], [788, 792], [792, 793], [792, 794], [794, 795], [794, 796], [796, 797], [796, 800], [800, 801], [800, 802], [802, 803], [802, 804], [804, 805], [804, 808], [808, 809], [808, 810], [810, 811], [810, 814], [814, 815], [814, 816], [816, 817], [816, 818], [818, 819], [818, 822], [822, 823], [822, 826], [826, 827], [826, 828], [828, 829], [828, 832], [832, 834], [834, 835], [834, 838], [838, 840], [838, 844], [844, 845], [844, 848], [861, 862], [861, 871], [906, 907], [906, 909], [921, 922], [921, 924], [927, 928], [927, 930], [931, 932], [931, 934], [1197, 1198], [1197, 1216], [1201, 1203], [1216, 1217], [1235, 1236], [1235, 1249], [1249, 1250]], "missing_branches": [[105, 106], [107, 108], [123, 135], [126, 127], [129, 130], [131, 132], [288, 289], [309, 322], [311, 314], [396, 398], [440, 442], [442, 444], [442, 464], [449, 450], [449, 473], [452, 453], [452, 473], [455, 456], [455, 473], [458, 459], [458, 473], [464, 465], [464, 473], [468, 469], [468, 473], [470, 471], [470, 473], [479, 480], [481, 482], [483, 484], [485, 486], [487, 488], [491, 492], [493, 494], [497, 498], [499, 500], [503, 504], [507, 508], [512, 513], [515, 516], [519, 520], [523, 524], [526, 527], [529, 530], [532, 533], [535, 536], [538, 539], [541, 542], [544, 545], [547, 548], [550, 551], [564, 590], [579, 580], [594, 595], [595, 596], [595, 599], [599, 600], [599, 612], [606, 599], [606, 607], [612, 615], [636, 637], [644, 645], [647, 648], [711, 715], [715, 716], [715, 717], [717, 718], [717, 719], [719, 720], [719, 721], [721, 722], [721, 723], [723, 724], [723, 727], [730, 731], [730, 733], [733, 734], [733, 741], [765, 781], [832, 833], [952, 953], [952, 962], [965, 966], [965, 975], [978, 979], [978, 988], [991, 992], [991, 997], [997, 998], [997, 1003], [1003, 1004], [1003, 1010], [1035, 1036], [1035, 1037], [1044, 1045], [1044, 1051], [1046, 1047], [1046, 1049], [1051, 1054], [1051, 1056], [1119, 1120], [1119, 1122], [1201, 1202], [1216, 1231], [1249, 1258], [1258, 1259], [1258, 1268], [1296, 1297], [1296, 1299], [1299, 1300], [1299, 1302], [1324, 1325], [1324, 1336], [1389, 1390], [1389, 1392], [1394, 1395], [1394, 1399], [1396, 1397], [1396, 1402], [1406, 1407], [1406, 1413], [1483, 1484], [1483, 1492], [1495, 1496], [1495, 1505], [1596, 1597], [1596, 1618], [1598, 1599], [1598, 1603], [1603, 1604], [1603, 1606], [1676, 1677], [1676, 1723], [1690, 1691], [1690, 1694], [1694, 1695], [1694, 1723], [1700, 1701], [1700, 1709], [1735, 1736], [1735, 1753], [1753, 1754], [1753, 1761], [1754, 1755], [1754, 1761], [1812, 1813], [1812, 1815], [1815, 1816], [1815, 1832], [1843, 1844], [1843, 1846], [1857, 1858], [1857, 1879], [1866, 1867], [1866, 1879], [1892, 1893], [1892, 1909], [1898, 1899], [1898, 1909]]}}}}, "totals": {"covered_lines": 331, "num_statements": 787, "percent_covered": 41.831916902738435, "percent_covered_display": "41.83", "missing_lines": 456, "excluded_lines": 0, "percent_statements_covered": 42.058449809402795, "percent_statements_covered_display": "42.06", "num_branches": 272, "num_partial_branches": 48, "covered_branches": 112, "missing_branches": 160, "percent_branches_covered": 41.1764705882353, "percent_branches_covered_display": "41.18"}}