{"detail":"Internal Server Error","error":"(sqlite3.OperationalError) no such table: users\n[SQL: SELECT users.id AS users_id, users.email AS users_email, users.password_hash AS users_password_hash, users.first_name AS users_first_name, users.last_name AS users_last_name, users.role AS users_role, users.status AS users_status, users.workspace_id AS users_workspace_id, users.created_at AS users_created_at, users.updated_at AS users_updated_at, users.last_login AS users_last_login \nFROM users \nWHERE users.email = ?\n LIMIT ? OFFSET ?]\n[parameters: ('admin@example.com', 1, 0)]\n(Background on this error at: https://sqlalche.me/e/20/e3q8)","traceback":"Traceback (most recent call last):\n  File \"C:\\Users\\Mannan Bajaj\\atom\\backend\\venv\\Lib\\site-packages\\sqlalchemy\\engine\\base.py\", line 1967, in _exec_single_context\n    self.dialect.do_execute(\n    ~~~~~~~~~~~~~~~~~~~~~~~^\n        cursor, str_statement, effective_parameters, context\n        ^^^^^^^^^^^^^^^^^^^^^^^^^^^^^^^^^^^^^^^^^^^^^^^^^^^^\n    )\n    ^\n  File \"C:\\Users\\Mannan Bajaj\\atom\\backend\\venv\\Lib\\site-packages\\sqlalchemy\\engine\\default.py\", line 952, in do_execute\n    cursor.execute(statement, parameters)\n    ~~~~~~~~~~~~~~^^^^^^^^^^^^^^^^^^^^^^^\nsqlite3.OperationalError: no such table: users\n\nThe above exception was the direct cause of the following exception:\n\nTraceback (most recent call last):\n  File \"C:\\Users\\Mannan Bajaj\\atom\\backend\\core\\auth_endpoints.py\", line 44, in login_for_access_token\n    user = db.query(User).filter(User.email == form_data.username).first()\n  File \"C:\\Users\\Mannan Bajaj\\atom\\backend\\venv\\Lib\\site-packages\\sqlalchemy\\orm\\query.py\", line 2759, in first\n    return self.limit(1)._iter().first()  # type: ignore\n           ~~~~~~~~~~~~~~~~~~~^^\n  File \"C:\\Users\\Mannan Bajaj\\atom\\backend\\venv\\Lib\\site-packages\\sqlalchemy\\orm\\query.py\", line 2857, in _iter\n    result: Union[ScalarResult[_T], Result[_T]] = self.session.execute(\n                                                  ~~~~~~~~~~~~~~~~~~~~^\n        statement,\n        ^^^^^^^^^^\n        params,\n        ^^^^^^^\n        execution_options={\"_sa_orm_load_options\": self.load_options},\n        ^^^^^^^^^^^^^^^^^^^^^^^^^^^^^^^^^^^^^^^^^^^^^^^^^^^^^^^^^^^^^^\n    )\n    ^\n  File \"C:\\Users\\Mannan Bajaj\\atom\\backend\\venv\\Lib\\site-packages\\sqlalchemy\\orm\\session.py\", line 2351, in execute\n    return self._execute_internal(\n           ~~~~~~~~~~~~~~~~~~~~~~^\n        statement,\n        ^^^^^^^^^^\n    ...<4 lines>...\n        _add_event=_add_event,\n        ^^^^^^^^^^^^^^^^^^^^^^\n    )\n    ^\n  File \"C:\\Users\\Mannan Bajaj\\atom\\backend\\venv\\Lib\\site-packages\\sqlalchemy\\orm\\session.py\", line 2249, in _execute_internal\n    result: Result[Any] = compile_state_cls.orm_execute_statement(\n                          ~~~~~~~~~~~~~~~~~~~~~~~~~~~~~~~~~~~~~~~^\n        self,\n        ^^^^^\n    ...<4 lines>...\n        conn,\n        ^^^^^\n    )\n    ^\n  File \"C:\\Users\\Mannan Bajaj\\atom\\backend\\venv\\Lib\\site-packages\\sqlalchemy\\orm\\context.py\", line 306, in orm_execute_statement\n    result = conn.execute(\n        statement, params or {}, execution_options=execution_options\n    )\n  File \"C:\\Users\\Mannan Bajaj\\atom\\backend\\venv\\Lib\\site-packages\\sqlalchemy\\engine\\base.py\", line 1419, in execute\n    return meth(\n        self,\n        distilled_parameters,\n        execution_options or NO_OPTIONS,\n    )\n  File \"C:\\Users\\Mannan Bajaj\\atom\\backend\\venv\\Lib\\site-packages\\sqlalchemy\\sql\\elements.py\", line 527, in _execute_on_connection\n    return connection._execute_clauseelement(\n           ~~~~~~~~~~~~~~~~~~~~~~~~~~~~~~~~~^\n        self, distilled_params, execution_options\n        ^^^^^^^^^^^^^^^^^^^^^^^^^^^^^^^^^^^^^^^^^\n    )\n    ^\n  File \"C:\\Users\\Mannan Bajaj\\atom\\backend\\venv\\Lib\\site-packages\\sqlalchemy\\engine\\base.py\", line 1641, in _execute_clauseelement\n    ret = self._execute_context(\n        dialect,\n    ...<8 lines>...\n        cache_hit=cache_hit,\n    )\n  File \"C:\\Users\\Mannan Bajaj\\atom\\backend\\venv\\Lib\\site-packages\\sqlalchemy\\engine\\base.py\", line 1846, in _execute_context\n    return self._exec_single_context(\n           ~~~~~~~~~~~~~~~~~~~~~~~~~^\n        dialect, context, statement, parameters\n        ^^^^^^^^^^^^^^^^^^^^^^^^^^^^^^^^^^^^^^^\n    )\n    ^\n  File \"C:\\Users\\Mannan Bajaj\\atom\\backend\\venv\\Lib\\site-packages\\sqlalchemy\\engine\\base.py\", line 1986, in _exec_single_context\n    self._handle_dbapi_exception(\n    ~~~~~~~~~~~~~~~~~~~~~~~~~~~~^\n        e, str_statement, effective_parameters, cursor, context\n        ^^^^^^^^^^^^^^^^^^^^^^^^^^^^^^^^^^^^^^^^^^^^^^^^^^^^^^^\n    )\n    ^\n  File \"C:\\Users\\Mannan Bajaj\\atom\\backend\\venv\\Lib\\site-packages\\sqlalchemy\\engine\\base.py\", line 2363, in _handle_dbapi_exception\n    raise sqlalchemy_exception.with_traceback(exc_info[2]) from e\n  File \"C:\\Users\\Mannan Bajaj\\atom\\backend\\venv\\Lib\\site-packages\\sqlalchemy\\engine\\base.py\", line 1967, in _exec_single_context\n    self.dialect.do_execute(\n    ~~~~~~~~~~~~~~~~~~~~~~~^\n        cursor, str_statement, effective_parameters, context\n        ^^^^^^^^^^^^^^^^^^^^^^^^^^^^^^^^^^^^^^^^^^^^^^^^^^^^\n    )\n    ^\n  File \"C:\\Users\\Mannan Bajaj\\atom\\backend\\venv\\Lib\\site-packages\\sqlalchemy\\engine\\default.py\", line 952, in do_execute\n    cursor.execute(statement, parameters)\n    ~~~~~~~~~~~~~~^^^^^^^^^^^^^^^^^^^^^^^\nsqlalchemy.exc.OperationalError: (sqlite3.OperationalError) no such table: users\n[SQL: SELECT users.id AS users_id, users.email AS users_email, users.password_hash AS users_password_hash, users.first_name AS users_first_name, users.last_name AS users_last_name, users.role AS users_role, users.status AS users_status, users.workspace_id AS users_workspace_id, users.created_at AS users_created_at, users.updated_at AS users_updated_at, users.last_login AS users_last_login \nFROM users \nWHERE users.email = ?\n LIMIT ? OFFSET ?]\n[parameters: ('admin@example.com', 1, 0)]\n(Background on this error at: https://sqlalche.me/e/20/e3q8)\n"}